[ 2017-11-01T19:07:49+08:00 ] 127.0.0.1 /admin.php?c=content&a=add
INFO: [ app_init ] --START--
INFO: Run Behavior\BuildLiteBehavior [ RunTime:0.000008s ]
INFO: [ app_init ] --END-- [ RunTime:0.000211s ]
INFO: [ app_begin ] --START--
INFO: Run Behavior\ReadHtmlCacheBehavior [ RunTime:0.000264s ]
INFO: [ app_begin ] --END-- [ RunTime:0.000295s ]
INFO: [ view_parse ] --START--
INFO: [ template_filter ] --START--
INFO: Run Behavior\ContentReplaceBehavior [ RunTime:0.000034s ]
INFO: [ template_filter ] --END-- [ RunTime:0.000068s ]
SQL: SHOW COLUMNS FROM `cms_menu` [ RunTime:0.0006s ]
SQL: SELECT * FROM `cms_menu` WHERE `status` <> -1 AND `type` = 1 ORDER BY listorder desc  [ RunTime:0.0003s ]
NOTIC: [8] Undefined variable: menu /Library/WebServer/News/Application/Runtime/Cache/Admin/e2744aea2724da3a85f9df759ede898a.php 第 83 行.
NOTIC: [8] Undefined variable: titleFontColor /Library/WebServer/News/Application/Runtime/Cache/Admin/e2744aea2724da3a85f9df759ede898a.php 第 144 行.
NOTIC: [8] Undefined variable: webSiteMenu /Library/WebServer/News/Application/Runtime/Cache/Admin/e2744aea2724da3a85f9df759ede898a.php 第 153 行.
NOTIC: [8] Undefined variable: copyfrom /Library/WebServer/News/Application/Runtime/Cache/Admin/e2744aea2724da3a85f9df759ede898a.php 第 162 行.
INFO: Run Behavior\ParseTemplateBehavior [ RunTime:0.015491s ]
INFO: [ view_parse ] --END-- [ RunTime:0.015522s ]
INFO: [ view_filter ] --START--
INFO: Run Behavior\WriteHtmlCacheBehavior [ RunTime:0.000144s ]
INFO: [ view_filter ] --END-- [ RunTime:0.000168s ]
INFO: [ app_end ] --START--
INFO: Run Behavior\ShowPageTraceBehavior [ RunTime:0.000386s ]
INFO: [ app_end ] --END-- [ RunTime:0.000418s ]

[ 2017-11-01T19:07:55+08:00 ] 127.0.0.1 /admin.php?c=content&a=index
INFO: [ app_init ] --START--
INFO: Run Behavior\BuildLiteBehavior [ RunTime:0.000048s ]
INFO: [ app_init ] --END-- [ RunTime:0.000708s ]
INFO: [ app_begin ] --START--
INFO: Run Behavior\ReadHtmlCacheBehavior [ RunTime:0.000311s ]
INFO: [ app_begin ] --END-- [ RunTime:0.000348s ]
SQL: SHOW COLUMNS FROM `cms_news` [ RunTime:0.0007s ]
SQL: SELECT COUNT(*) AS tp_count FROM `cms_news` LIMIT 1   [ RunTime:0.0012s ]
SQL: SELECT * FROM `cms_news` ORDER BY listorder DESC LIMIT 0,3   [ RunTime:0.0004s ]
INFO: [ view_parse ] --START--
INFO: [ template_filter ] --START--
INFO: Run Behavior\ContentReplaceBehavior [ RunTime:0.000037s ]
INFO: [ template_filter ] --END-- [ RunTime:0.000072s ]
SQL: SHOW COLUMNS FROM `cms_menu` [ RunTime:0.0007s ]
SQL: SELECT * FROM `cms_menu` WHERE `status` <> -1 AND `type` = 1 ORDER BY listorder desc  [ RunTime:0.0003s ]
NOTIC: [8] Undefined variable: menu /Library/WebServer/News/Application/Runtime/Cache/Admin/ccc9ced3ad798311a07cb47b740981c5.php 第 86 行.
NOTIC: [8] Undefined variable: webSiteMenu /Library/WebServer/News/Application/Runtime/Cache/Admin/ccc9ced3ad798311a07cb47b740981c5.php 第 126 行.
SQL: SELECT `name` FROM `cms_menu` WHERE `type` = 0 AND `menu_id` = 3 LIMIT 1   [ RunTime:0.0002s ]
NOTIC: [8] Undefined variable: webSiteMenu /Library/WebServer/News/Application/Runtime/Cache/Admin/ccc9ced3ad798311a07cb47b740981c5.php 第 169 行.
SQL: SELECT `name` FROM `cms_menu` WHERE `type` = 0 AND `menu_id` = null LIMIT 1   [ RunTime:0.0002s ]
SQL: SELECT `name` FROM `cms_menu` WHERE `type` = 0 AND `menu_id` = 3 LIMIT 1   [ RunTime:0.0002s ]
NOTIC: [8] Undefined variable: webSiteMenu /Library/WebServer/News/Application/Runtime/Cache/Admin/ccc9ced3ad798311a07cb47b740981c5.php 第 169 行.
SQL: SELECT `name` FROM `cms_menu` WHERE `type` = 0 AND `menu_id` = null LIMIT 1   [ RunTime:0.0002s ]
SQL: SELECT `name` FROM `cms_menu` WHERE `type` = 0 AND `menu_id` = 3 LIMIT 1   [ RunTime:0.0002s ]
NOTIC: [8] Undefined variable: webSiteMenu /Library/WebServer/News/Application/Runtime/Cache/Admin/ccc9ced3ad798311a07cb47b740981c5.php 第 169 行.
SQL: SELECT `name` FROM `cms_menu` WHERE `type` = 0 AND `menu_id` = null LIMIT 1   [ RunTime:0.0003s ]
NOTIC: [8] Undefined variable: positions /Library/WebServer/News/Application/Runtime/Cache/Admin/ccc9ced3ad798311a07cb47b740981c5.php 第 201 行.
INFO: Run Behavior\ParseTemplateBehavior [ RunTime:0.024383s ]
INFO: [ view_parse ] --END-- [ RunTime:0.024427s ]
INFO: [ view_filter ] --START--
INFO: Run Behavior\WriteHtmlCacheBehavior [ RunTime:0.000170s ]
INFO: [ view_filter ] --END-- [ RunTime:0.000196s ]
INFO: [ app_end ] --START--
INFO: Run Behavior\ShowPageTraceBehavior [ RunTime:0.000587s ]
INFO: [ app_end ] --END-- [ RunTime:0.000646s ]

[ 2017-11-01T19:08:57+08:00 ] 127.0.0.1 /admin.php?c=menu&a=index
INFO: [ app_init ] --START--
INFO: Run Behavior\BuildLiteBehavior [ RunTime:0.000011s ]
INFO: [ app_init ] --END-- [ RunTime:0.000384s ]
INFO: [ app_begin ] --START--
INFO: Run Behavior\ReadHtmlCacheBehavior [ RunTime:0.000511s ]
INFO: [ app_begin ] --END-- [ RunTime:0.000640s ]
NOTIC: [8] Undefined index: type /Library/WebServer/News/Application/Admin/Controller/MenuController.class.php 第 32 行.
SQL: SHOW COLUMNS FROM `cms_menu` [ RunTime:0.0006s ]
SQL: SELECT COUNT(*) AS tp_count FROM `cms_menu` WHERE `status` <> -1 AND `type` = 0 LIMIT 1   [ RunTime:0.0003s ]
SQL: SELECT * FROM `cms_menu` WHERE `status` <> -1 AND `type` = 0 ORDER BY listorder DESC LIMIT 0,3   [ RunTime:0.0003s ]
INFO: [ view_parse ] --START--
INFO: [ template_filter ] --START--
INFO: Run Behavior\ContentReplaceBehavior [ RunTime:0.000034s ]
INFO: [ template_filter ] --END-- [ RunTime:0.000072s ]
SQL: SELECT * FROM `cms_menu` WHERE `status` <> -1 AND `type` = 1 ORDER BY listorder desc  [ RunTime:0.0004s ]
NOTIC: [8] Undefined variable: menu /Library/WebServer/News/Application/Runtime/Cache/Admin/b956215329b6f9aca22277599a4efdfc.php 第 85 行.
NOTIC: [8] Undefined variable: nav /Library/WebServer/News/Application/Runtime/Cache/Admin/b956215329b6f9aca22277599a4efdfc.php 第 110 行.
NOTIC: [8] Undefined variable: type /Library/WebServer/News/Application/Runtime/Cache/Admin/b956215329b6f9aca22277599a4efdfc.php 第 124 行.
NOTIC: [8] Undefined variable: type /Library/WebServer/News/Application/Runtime/Cache/Admin/b956215329b6f9aca22277599a4efdfc.php 第 125 行.
INFO: Run Behavior\ParseTemplateBehavior [ RunTime:0.011547s ]
INFO: [ view_parse ] --END-- [ RunTime:0.011578s ]
INFO: [ view_filter ] --START--
INFO: Run Behavior\WriteHtmlCacheBehavior [ RunTime:0.000147s ]
INFO: [ view_filter ] --END-- [ RunTime:0.000172s ]
INFO: [ app_end ] --START--
INFO: Run Behavior\ShowPageTraceBehavior [ RunTime:0.000471s ]
INFO: [ app_end ] --END-- [ RunTime:0.000517s ]

[ 2017-11-01T19:09:12+08:00 ] 127.0.0.1 /admin.php?c=menu&a=index
INFO: [ app_init ] --START--
INFO: Run Behavior\BuildLiteBehavior [ RunTime:0.000010s ]
INFO: [ app_init ] --END-- [ RunTime:0.000235s ]
INFO: [ app_begin ] --START--
INFO: Run Behavior\ReadHtmlCacheBehavior [ RunTime:0.000313s ]
INFO: [ app_begin ] --END-- [ RunTime:0.000348s ]
NOTIC: [8] Undefined index: type /Library/WebServer/News/Application/Admin/Controller/MenuController.class.php 第 32 行.
SQL: SHOW COLUMNS FROM `cms_menu` [ RunTime:0.0005s ]
SQL: SELECT COUNT(*) AS tp_count FROM `cms_menu` WHERE `status` <> -1 AND `type` = 0 LIMIT 1   [ RunTime:0.0003s ]
SQL: SELECT * FROM `cms_menu` WHERE `status` <> -1 AND `type` = 0 ORDER BY listorder DESC LIMIT 0,3   [ RunTime:0.0005s ]
INFO: [ view_parse ] --START--
INFO: [ template_filter ] --START--
INFO: Run Behavior\ContentReplaceBehavior [ RunTime:0.000043s ]
INFO: [ template_filter ] --END-- [ RunTime:0.000089s ]
SQL: SELECT * FROM `cms_menu` WHERE `status` <> -1 AND `type` = 1 ORDER BY listorder desc  [ RunTime:0.0017s ]
NOTIC: [8] Undefined variable: menu /Library/WebServer/News/Application/Runtime/Cache/Admin/b956215329b6f9aca22277599a4efdfc.php 第 85 行.
NOTIC: [8] Undefined variable: nav /Library/WebServer/News/Application/Runtime/Cache/Admin/b956215329b6f9aca22277599a4efdfc.php 第 110 行.
NOTIC: [8] Undefined variable: type /Library/WebServer/News/Application/Runtime/Cache/Admin/b956215329b6f9aca22277599a4efdfc.php 第 124 行.
NOTIC: [8] Undefined variable: type /Library/WebServer/News/Application/Runtime/Cache/Admin/b956215329b6f9aca22277599a4efdfc.php 第 125 行.
INFO: Run Behavior\ParseTemplateBehavior [ RunTime:0.011004s ]
INFO: [ view_parse ] --END-- [ RunTime:0.011065s ]
INFO: [ view_filter ] --START--
INFO: Run Behavior\WriteHtmlCacheBehavior [ RunTime:0.000249s ]
INFO: [ view_filter ] --END-- [ RunTime:0.000307s ]
INFO: [ app_end ] --START--
INFO: Run Behavior\ShowPageTraceBehavior [ RunTime:0.000913s ]
INFO: [ app_end ] --END-- [ RunTime:0.001310s ]

[ 2017-11-01T19:09:13+08:00 ] 127.0.0.1 /admin.php?c=content&a=index
INFO: [ app_init ] --START--
INFO: Run Behavior\BuildLiteBehavior [ RunTime:0.000009s ]
INFO: [ app_init ] --END-- [ RunTime:0.000208s ]
INFO: [ app_begin ] --START--
INFO: Run Behavior\ReadHtmlCacheBehavior [ RunTime:0.000262s ]
INFO: [ app_begin ] --END-- [ RunTime:0.000291s ]
SQL: SHOW COLUMNS FROM `cms_news` [ RunTime:0.0005s ]
SQL: SELECT COUNT(*) AS tp_count FROM `cms_news` LIMIT 1   [ RunTime:0.0002s ]
SQL: SELECT * FROM `cms_news` ORDER BY listorder DESC LIMIT 0,3   [ RunTime:0.0004s ]
INFO: [ view_parse ] --START--
INFO: [ template_filter ] --START--
INFO: Run Behavior\ContentReplaceBehavior [ RunTime:0.000037s ]
INFO: [ template_filter ] --END-- [ RunTime:0.000074s ]
SQL: SHOW COLUMNS FROM `cms_menu` [ RunTime:0.0007s ]
SQL: SELECT * FROM `cms_menu` WHERE `status` <> -1 AND `type` = 1 ORDER BY listorder desc  [ RunTime:0.0004s ]
NOTIC: [8] Undefined variable: menu /Library/WebServer/News/Application/Runtime/Cache/Admin/ccc9ced3ad798311a07cb47b740981c5.php 第 86 行.
NOTIC: [8] Undefined variable: webSiteMenu /Library/WebServer/News/Application/Runtime/Cache/Admin/ccc9ced3ad798311a07cb47b740981c5.php 第 126 行.
SQL: SELECT `name` FROM `cms_menu` WHERE `type` = 0 AND `menu_id` = 3 LIMIT 1   [ RunTime:0.0003s ]
NOTIC: [8] Undefined variable: webSiteMenu /Library/WebServer/News/Application/Runtime/Cache/Admin/ccc9ced3ad798311a07cb47b740981c5.php 第 169 行.
SQL: SELECT `name` FROM `cms_menu` WHERE `type` = 0 AND `menu_id` = null LIMIT 1   [ RunTime:0.0002s ]
SQL: SELECT `name` FROM `cms_menu` WHERE `type` = 0 AND `menu_id` = 3 LIMIT 1   [ RunTime:0.0002s ]
NOTIC: [8] Undefined variable: webSiteMenu /Library/WebServer/News/Application/Runtime/Cache/Admin/ccc9ced3ad798311a07cb47b740981c5.php 第 169 行.
SQL: SELECT `name` FROM `cms_menu` WHERE `type` = 0 AND `menu_id` = null LIMIT 1   [ RunTime:0.0002s ]
SQL: SELECT `name` FROM `cms_menu` WHERE `type` = 0 AND `menu_id` = 3 LIMIT 1   [ RunTime:0.0002s ]
NOTIC: [8] Undefined variable: webSiteMenu /Library/WebServer/News/Application/Runtime/Cache/Admin/ccc9ced3ad798311a07cb47b740981c5.php 第 169 行.
SQL: SELECT `name` FROM `cms_menu` WHERE `type` = 0 AND `menu_id` = null LIMIT 1   [ RunTime:0.0002s ]
NOTIC: [8] Undefined variable: positions /Library/WebServer/News/Application/Runtime/Cache/Admin/ccc9ced3ad798311a07cb47b740981c5.php 第 201 行.
INFO: Run Behavior\ParseTemplateBehavior [ RunTime:0.012324s ]
INFO: [ view_parse ] --END-- [ RunTime:0.012353s ]
INFO: [ view_filter ] --START--
INFO: Run Behavior\WriteHtmlCacheBehavior [ RunTime:0.000151s ]
INFO: [ view_filter ] --END-- [ RunTime:0.000175s ]
INFO: [ app_end ] --START--
INFO: Run Behavior\ShowPageTraceBehavior [ RunTime:0.000447s ]
INFO: [ app_end ] --END-- [ RunTime:0.000493s ]

[ 2017-11-01T19:09:14+08:00 ] 127.0.0.1 /admin.php?c=content&a=index
INFO: [ app_init ] --START--
INFO: Run Behavior\BuildLiteBehavior [ RunTime:0.000009s ]
INFO: [ app_init ] --END-- [ RunTime:0.000208s ]
INFO: [ app_begin ] --START--
INFO: Run Behavior\ReadHtmlCacheBehavior [ RunTime:0.000323s ]
INFO: [ app_begin ] --END-- [ RunTime:0.000355s ]
SQL: SHOW COLUMNS FROM `cms_news` [ RunTime:0.0006s ]
SQL: SELECT COUNT(*) AS tp_count FROM `cms_news` LIMIT 1   [ RunTime:0.0002s ]
SQL: SELECT * FROM `cms_news` ORDER BY listorder DESC LIMIT 0,3   [ RunTime:0.0004s ]
INFO: [ view_parse ] --START--
INFO: [ template_filter ] --START--
INFO: Run Behavior\ContentReplaceBehavior [ RunTime:0.000056s ]
INFO: [ template_filter ] --END-- [ RunTime:0.000114s ]
SQL: SHOW COLUMNS FROM `cms_menu` [ RunTime:0.0005s ]
SQL: SELECT * FROM `cms_menu` WHERE `status` <> -1 AND `type` = 1 ORDER BY listorder desc  [ RunTime:0.0003s ]
NOTIC: [8] Undefined variable: menu /Library/WebServer/News/Application/Runtime/Cache/Admin/ccc9ced3ad798311a07cb47b740981c5.php 第 86 行.
NOTIC: [8] Undefined variable: webSiteMenu /Library/WebServer/News/Application/Runtime/Cache/Admin/ccc9ced3ad798311a07cb47b740981c5.php 第 126 行.
SQL: SELECT `name` FROM `cms_menu` WHERE `type` = 0 AND `menu_id` = 3 LIMIT 1   [ RunTime:0.0002s ]
NOTIC: [8] Undefined variable: webSiteMenu /Library/WebServer/News/Application/Runtime/Cache/Admin/ccc9ced3ad798311a07cb47b740981c5.php 第 169 行.
SQL: SELECT `name` FROM `cms_menu` WHERE `type` = 0 AND `menu_id` = null LIMIT 1   [ RunTime:0.0002s ]
SQL: SELECT `name` FROM `cms_menu` WHERE `type` = 0 AND `menu_id` = 3 LIMIT 1   [ RunTime:0.0002s ]
NOTIC: [8] Undefined variable: webSiteMenu /Library/WebServer/News/Application/Runtime/Cache/Admin/ccc9ced3ad798311a07cb47b740981c5.php 第 169 行.
SQL: SELECT `name` FROM `cms_menu` WHERE `type` = 0 AND `menu_id` = null LIMIT 1   [ RunTime:0.0002s ]
SQL: SELECT `name` FROM `cms_menu` WHERE `type` = 0 AND `menu_id` = 3 LIMIT 1   [ RunTime:0.0002s ]
NOTIC: [8] Undefined variable: webSiteMenu /Library/WebServer/News/Application/Runtime/Cache/Admin/ccc9ced3ad798311a07cb47b740981c5.php 第 169 行.
SQL: SELECT `name` FROM `cms_menu` WHERE `type` = 0 AND `menu_id` = null LIMIT 1   [ RunTime:0.0002s ]
NOTIC: [8] Undefined variable: positions /Library/WebServer/News/Application/Runtime/Cache/Admin/ccc9ced3ad798311a07cb47b740981c5.php 第 201 行.
INFO: Run Behavior\ParseTemplateBehavior [ RunTime:0.013061s ]
INFO: [ view_parse ] --END-- [ RunTime:0.013090s ]
INFO: [ view_filter ] --START--
INFO: Run Behavior\WriteHtmlCacheBehavior [ RunTime:0.000153s ]
INFO: [ view_filter ] --END-- [ RunTime:0.000177s ]
INFO: [ app_end ] --START--
INFO: Run Behavior\ShowPageTraceBehavior [ RunTime:0.000427s ]
INFO: [ app_end ] --END-- [ RunTime:0.000464s ]

[ 2017-11-01T19:09:15+08:00 ] 127.0.0.1 /admin.php?c=position&a=index
INFO: [ app_init ] --START--
INFO: Run Behavior\BuildLiteBehavior [ RunTime:0.000008s ]
INFO: [ app_init ] --END-- [ RunTime:0.000207s ]
INFO: [ app_begin ] --START--
INFO: Run Behavior\ReadHtmlCacheBehavior [ RunTime:0.000261s ]
INFO: [ app_begin ] --END-- [ RunTime:0.000291s ]
SQL: SHOW COLUMNS FROM `cms_position` [ RunTime:0.0009s ]
SQL: SELECT COUNT(*) AS tp_count FROM `cms_position` LIMIT 1   [ RunTime:0.0006s ]
SQL: SELECT * FROM `cms_position` LIMIT 0,3   [ RunTime:0.0003s ]
INFO: [ view_parse ] --START--
INFO: [ template_filter ] --START--
INFO: Run Behavior\ContentReplaceBehavior [ RunTime:0.000034s ]
INFO: [ template_filter ] --END-- [ RunTime:0.000070s ]
SQL: SHOW COLUMNS FROM `cms_menu` [ RunTime:0.0006s ]
SQL: SELECT * FROM `cms_menu` WHERE `status` <> -1 AND `type` = 1 ORDER BY listorder desc  [ RunTime:0.0003s ]
NOTIC: [8] Undefined variable: menu /Library/WebServer/News/Application/Runtime/Cache/Admin/3a437f75b5b60a521a3ad0fc93a5ab5f.php 第 83 行.
NOTIC: [8] Undefined variable: nav /Library/WebServer/News/Application/Runtime/Cache/Admin/3a437f75b5b60a521a3ad0fc93a5ab5f.php 第 105 行.
INFO: Run Behavior\ParseTemplateBehavior [ RunTime:0.009713s ]
INFO: [ view_parse ] --END-- [ RunTime:0.009743s ]
INFO: [ view_filter ] --START--
INFO: Run Behavior\WriteHtmlCacheBehavior [ RunTime:0.000141s ]
INFO: [ view_filter ] --END-- [ RunTime:0.000165s ]
INFO: [ app_end ] --START--
INFO: Run Behavior\ShowPageTraceBehavior [ RunTime:0.000415s ]
INFO: [ app_end ] --END-- [ RunTime:0.000451s ]

[ 2017-11-01T19:09:22+08:00 ] 127.0.0.1 /admin.php/Position/index/m/admin/p/2.html
INFO: [ app_init ] --START--
INFO: Run Behavior\BuildLiteBehavior [ RunTime:0.000010s ]
INFO: [ app_init ] --END-- [ RunTime:0.000273s ]
INFO: [ app_begin ] --START--
INFO: Run Behavior\ReadHtmlCacheBehavior [ RunTime:0.000344s ]
INFO: [ app_begin ] --END-- [ RunTime:0.000426s ]
SQL: SHOW COLUMNS FROM `cms_position` [ RunTime:0.0006s ]
SQL: SELECT COUNT(*) AS tp_count FROM `cms_position` LIMIT 1   [ RunTime:0.0002s ]
SQL: SELECT * FROM `cms_position` LIMIT 3,3   [ RunTime:0.0003s ]
INFO: [ view_parse ] --START--
INFO: [ template_filter ] --START--
INFO: Run Behavior\ContentReplaceBehavior [ RunTime:0.000033s ]
INFO: [ template_filter ] --END-- [ RunTime:0.000069s ]
SQL: SHOW COLUMNS FROM `cms_menu` [ RunTime:0.0007s ]
SQL: SELECT * FROM `cms_menu` WHERE `status` <> -1 AND `type` = 1 ORDER BY listorder desc  [ RunTime:0.0003s ]
NOTIC: [8] Undefined variable: menu /Library/WebServer/News/Application/Runtime/Cache/Admin/3a437f75b5b60a521a3ad0fc93a5ab5f.php 第 83 行.
NOTIC: [8] Undefined variable: nav /Library/WebServer/News/Application/Runtime/Cache/Admin/3a437f75b5b60a521a3ad0fc93a5ab5f.php 第 105 行.
INFO: Run Behavior\ParseTemplateBehavior [ RunTime:0.008769s ]
INFO: [ view_parse ] --END-- [ RunTime:0.008797s ]
INFO: [ view_filter ] --START--
INFO: Run Behavior\WriteHtmlCacheBehavior [ RunTime:0.000137s ]
INFO: [ view_filter ] --END-- [ RunTime:0.000160s ]
INFO: [ app_end ] --START--
INFO: Run Behavior\ShowPageTraceBehavior [ RunTime:0.000736s ]
INFO: [ app_end ] --END-- [ RunTime:0.000828s ]

[ 2017-11-01T19:09:24+08:00 ] 127.0.0.1 /admin.php?c=positioncontent&a=index
INFO: [ app_init ] --START--
INFO: Run Behavior\BuildLiteBehavior [ RunTime:0.000010s ]
INFO: [ app_init ] --END-- [ RunTime:0.000280s ]
INFO: [ app_begin ] --START--
INFO: Run Behavior\ReadHtmlCacheBehavior [ RunTime:0.000378s ]
INFO: [ app_begin ] --END-- [ RunTime:0.000410s ]
SQL: SHOW COLUMNS FROM `cms_position_content` [ RunTime:0.0005s ]
SQL: SELECT COUNT(*) AS tp_count FROM `cms_position_content` LIMIT 1   [ RunTime:0.0002s ]
SQL: SELECT * FROM `cms_position_content` ORDER BY listorder DESC LIMIT 0,5   [ RunTime:0.0003s ]
INFO: [ view_parse ] --START--
INFO: [ template_filter ] --START--
INFO: Run Behavior\ContentReplaceBehavior [ RunTime:0.000054s ]
INFO: [ template_filter ] --END-- [ RunTime:0.000136s ]
SQL: SHOW COLUMNS FROM `cms_menu` [ RunTime:0.0006s ]
SQL: SELECT * FROM `cms_menu` WHERE `status` <> -1 AND `type` = 1 ORDER BY listorder desc  [ RunTime:0.0003s ]
NOTIC: [8] Undefined variable: menu /Library/WebServer/News/Application/Runtime/Cache/Admin/b8a8b9d170e6c07d7b463ea02385894d.php 第 83 行.
NOTIC: [8] Undefined variable: positions /Library/WebServer/News/Application/Runtime/Cache/Admin/b8a8b9d170e6c07d7b463ea02385894d.php 第 124 行.
NOTIC: [8] Undefined variable: title /Library/WebServer/News/Application/Runtime/Cache/Admin/b8a8b9d170e6c07d7b463ea02385894d.php 第 134 行.
INFO: Run Behavior\ParseTemplateBehavior [ RunTime:0.013479s ]
INFO: [ view_parse ] --END-- [ RunTime:0.013509s ]
INFO: [ view_filter ] --START--
INFO: Run Behavior\WriteHtmlCacheBehavior [ RunTime:0.000158s ]
INFO: [ view_filter ] --END-- [ RunTime:0.000186s ]
INFO: [ app_end ] --START--
INFO: Run Behavior\ShowPageTraceBehavior [ RunTime:0.000458s ]
INFO: [ app_end ] --END-- [ RunTime:0.000506s ]

[ 2017-11-01T19:09:30+08:00 ] 127.0.0.1 /admin.php/Positioncontent/index/m/admin/p/2.html
INFO: [ app_init ] --START--
INFO: Run Behavior\BuildLiteBehavior [ RunTime:0.000010s ]
INFO: [ app_init ] --END-- [ RunTime:0.000212s ]
INFO: [ app_begin ] --START--
INFO: Run Behavior\ReadHtmlCacheBehavior [ RunTime:0.000270s ]
INFO: [ app_begin ] --END-- [ RunTime:0.000300s ]
SQL: SHOW COLUMNS FROM `cms_position_content` [ RunTime:0.0006s ]
SQL: SELECT COUNT(*) AS tp_count FROM `cms_position_content` LIMIT 1   [ RunTime:0.0002s ]
SQL: SELECT * FROM `cms_position_content` ORDER BY listorder DESC LIMIT 5,5   [ RunTime:0.0003s ]
INFO: [ view_parse ] --START--
INFO: [ template_filter ] --START--
INFO: Run Behavior\ContentReplaceBehavior [ RunTime:0.000036s ]
INFO: [ template_filter ] --END-- [ RunTime:0.000073s ]
SQL: SHOW COLUMNS FROM `cms_menu` [ RunTime:0.0007s ]
SQL: SELECT * FROM `cms_menu` WHERE `status` <> -1 AND `type` = 1 ORDER BY listorder desc  [ RunTime:0.0003s ]
NOTIC: [8] Undefined variable: menu /Library/WebServer/News/Application/Runtime/Cache/Admin/b8a8b9d170e6c07d7b463ea02385894d.php 第 83 行.
NOTIC: [8] Undefined variable: positions /Library/WebServer/News/Application/Runtime/Cache/Admin/b8a8b9d170e6c07d7b463ea02385894d.php 第 124 行.
NOTIC: [8] Undefined variable: title /Library/WebServer/News/Application/Runtime/Cache/Admin/b8a8b9d170e6c07d7b463ea02385894d.php 第 134 行.
INFO: Run Behavior\ParseTemplateBehavior [ RunTime:0.009944s ]
INFO: [ view_parse ] --END-- [ RunTime:0.009972s ]
INFO: [ view_filter ] --START--
INFO: Run Behavior\WriteHtmlCacheBehavior [ RunTime:0.000144s ]
INFO: [ view_filter ] --END-- [ RunTime:0.000167s ]
INFO: [ app_end ] --START--
INFO: Run Behavior\ShowPageTraceBehavior [ RunTime:0.000409s ]
INFO: [ app_end ] --END-- [ RunTime:0.000444s ]

[ 2017-11-01T19:09:31+08:00 ] 127.0.0.1 /admin.php?c=admin&a=index
INFO: [ app_init ] --START--
INFO: Run Behavior\BuildLiteBehavior [ RunTime:0.000009s ]
INFO: [ app_init ] --END-- [ RunTime:0.000239s ]
INFO: [ app_begin ] --START--
INFO: Run Behavior\ReadHtmlCacheBehavior [ RunTime:0.000462s ]
INFO: [ app_begin ] --END-- [ RunTime:0.000502s ]
SQL: SHOW COLUMNS FROM `cms_admin` [ RunTime:0.0006s ]
SQL: SELECT COUNT(*) AS tp_count FROM `cms_admin` LIMIT 1   [ RunTime:0.0002s ]
SQL: SELECT * FROM `cms_admin` LIMIT 0,3   [ RunTime:0.0003s ]
INFO: [ view_parse ] --START--
INFO: [ template_filter ] --START--
INFO: Run Behavior\ContentReplaceBehavior [ RunTime:0.000034s ]
INFO: [ template_filter ] --END-- [ RunTime:0.000072s ]
SQL: SHOW COLUMNS FROM `cms_menu` [ RunTime:0.0007s ]
SQL: SELECT * FROM `cms_menu` WHERE `status` <> -1 AND `type` = 1 ORDER BY listorder desc  [ RunTime:0.0003s ]
NOTIC: [8] Undefined variable: menu /Library/WebServer/News/Application/Runtime/Cache/Admin/b682812e058c4f7cab74d08ab9eabe11.php 第 85 行.
NOTIC: [8] Undefined variable: nav /Library/WebServer/News/Application/Runtime/Cache/Admin/b682812e058c4f7cab74d08ab9eabe11.php 第 110 行.
INFO: Run Behavior\ParseTemplateBehavior [ RunTime:0.011680s ]
INFO: [ view_parse ] --END-- [ RunTime:0.011709s ]
INFO: [ view_filter ] --START--
INFO: Run Behavior\WriteHtmlCacheBehavior [ RunTime:0.000164s ]
INFO: [ view_filter ] --END-- [ RunTime:0.000189s ]
INFO: [ app_end ] --START--
INFO: Run Behavior\ShowPageTraceBehavior [ RunTime:0.000515s ]
INFO: [ app_end ] --END-- [ RunTime:0.000566s ]

[ 2017-11-01T19:09:33+08:00 ] 127.0.0.1 /admin.php?c=basic&a=index
INFO: [ app_init ] --START--
INFO: Run Behavior\BuildLiteBehavior [ RunTime:0.000010s ]
INFO: [ app_init ] --END-- [ RunTime:0.000278s ]
INFO: [ app_begin ] --START--
INFO: Run Behavior\ReadHtmlCacheBehavior [ RunTime:0.000322s ]
INFO: [ app_begin ] --END-- [ RunTime:0.000353s ]
INFO: [ view_parse ] --START--
INFO: [ template_filter ] --START--
INFO: Run Behavior\ContentReplaceBehavior [ RunTime:0.000033s ]
INFO: [ template_filter ] --END-- [ RunTime:0.000076s ]
SQL: SHOW COLUMNS FROM `cms_menu` [ RunTime:0.0006s ]
SQL: SELECT * FROM `cms_menu` WHERE `status` <> -1 AND `type` = 1 ORDER BY listorder desc  [ RunTime:0.0004s ]
NOTIC: [8] Undefined variable: menu /Library/WebServer/News/Application/Runtime/Cache/Admin/bb97361d9e4731aec48331de29e1c4d1.php 第 83 行.
NOTIC: [8] Undefined variable: type /Library/WebServer/News/Application/Runtime/Cache/Admin/bb97361d9e4731aec48331de29e1c4d1.php 第 101 行.
NOTIC: [8] Undefined variable: type /Library/WebServer/News/Application/Runtime/Cache/Admin/bb97361d9e4731aec48331de29e1c4d1.php 第 102 行.
NOTIC: [8] Undefined variable: vo /Library/WebServer/News/Application/Runtime/Cache/Admin/bb97361d9e4731aec48331de29e1c4d1.php 第 114 行.
NOTIC: [8] Undefined variable: vo /Library/WebServer/News/Application/Runtime/Cache/Admin/bb97361d9e4731aec48331de29e1c4d1.php 第 121 行.
NOTIC: [8] Undefined variable: vo /Library/WebServer/News/Application/Runtime/Cache/Admin/bb97361d9e4731aec48331de29e1c4d1.php 第 127 行.
NOTIC: [8] Undefined variable: vo /Library/WebServer/News/Application/Runtime/Cache/Admin/bb97361d9e4731aec48331de29e1c4d1.php 第 134 行.
NOTIC: [8] Undefined variable: vo /Library/WebServer/News/Application/Runtime/Cache/Admin/bb97361d9e4731aec48331de29e1c4d1.php 第 135 行.
NOTIC: [8] Undefined variable: vo /Library/WebServer/News/Application/Runtime/Cache/Admin/bb97361d9e4731aec48331de29e1c4d1.php 第 142 行.
NOTIC: [8] Undefined variable: vo /Library/WebServer/News/Application/Runtime/Cache/Admin/bb97361d9e4731aec48331de29e1c4d1.php 第 143 行.
INFO: Run Behavior\ParseTemplateBehavior [ RunTime:0.019558s ]
INFO: [ view_parse ] --END-- [ RunTime:0.019597s ]
INFO: [ view_filter ] --START--
INFO: Run Behavior\WriteHtmlCacheBehavior [ RunTime:0.000154s ]
INFO: [ view_filter ] --END-- [ RunTime:0.000183s ]
INFO: [ app_end ] --START--
INFO: Run Behavior\ShowPageTraceBehavior [ RunTime:0.000345s ]
INFO: [ app_end ] --END-- [ RunTime:0.000379s ]

[ 2017-11-01T19:09:36+08:00 ] 127.0.0.1 /admin.php?c=menu&a=index
INFO: [ app_init ] --START--
INFO: Run Behavior\BuildLiteBehavior [ RunTime:0.000009s ]
INFO: [ app_init ] --END-- [ RunTime:0.000240s ]
INFO: [ app_begin ] --START--
INFO: Run Behavior\ReadHtmlCacheBehavior [ RunTime:0.000329s ]
INFO: [ app_begin ] --END-- [ RunTime:0.000365s ]
NOTIC: [8] Undefined index: type /Library/WebServer/News/Application/Admin/Controller/MenuController.class.php 第 32 行.
SQL: SHOW COLUMNS FROM `cms_menu` [ RunTime:0.0007s ]
SQL: SELECT COUNT(*) AS tp_count FROM `cms_menu` WHERE `status` <> -1 AND `type` = 0 LIMIT 1   [ RunTime:0.0004s ]
SQL: SELECT * FROM `cms_menu` WHERE `status` <> -1 AND `type` = 0 ORDER BY listorder DESC LIMIT 0,3   [ RunTime:0.0006s ]
INFO: [ view_parse ] --START--
INFO: [ template_filter ] --START--
INFO: Run Behavior\ContentReplaceBehavior [ RunTime:0.000035s ]
INFO: [ template_filter ] --END-- [ RunTime:0.000112s ]
SQL: SELECT * FROM `cms_menu` WHERE `status` <> -1 AND `type` = 1 ORDER BY listorder desc  [ RunTime:0.0005s ]
NOTIC: [8] Undefined variable: menu /Library/WebServer/News/Application/Runtime/Cache/Admin/b956215329b6f9aca22277599a4efdfc.php 第 85 行.
NOTIC: [8] Undefined variable: nav /Library/WebServer/News/Application/Runtime/Cache/Admin/b956215329b6f9aca22277599a4efdfc.php 第 110 行.
NOTIC: [8] Undefined variable: type /Library/WebServer/News/Application/Runtime/Cache/Admin/b956215329b6f9aca22277599a4efdfc.php 第 124 行.
NOTIC: [8] Undefined variable: type /Library/WebServer/News/Application/Runtime/Cache/Admin/b956215329b6f9aca22277599a4efdfc.php 第 125 行.
INFO: Run Behavior\ParseTemplateBehavior [ RunTime:0.010989s ]
INFO: [ view_parse ] --END-- [ RunTime:0.011019s ]
INFO: [ view_filter ] --START--
INFO: Run Behavior\WriteHtmlCacheBehavior [ RunTime:0.000159s ]
INFO: [ view_filter ] --END-- [ RunTime:0.000182s ]
INFO: [ app_end ] --START--
INFO: Run Behavior\ShowPageTraceBehavior [ RunTime:0.000492s ]
INFO: [ app_end ] --END-- [ RunTime:0.000538s ]

[ 2017-11-01T19:10:02+08:00 ] 127.0.0.1 /admin.php?c=content&a=index
INFO: [ app_init ] --START--
INFO: Run Behavior\BuildLiteBehavior [ RunTime:0.000009s ]
INFO: [ app_init ] --END-- [ RunTime:0.000209s ]
INFO: [ app_begin ] --START--
INFO: Run Behavior\ReadHtmlCacheBehavior [ RunTime:0.000264s ]
INFO: [ app_begin ] --END-- [ RunTime:0.000293s ]
SQL: SHOW COLUMNS FROM `cms_news` [ RunTime:0.0008s ]
SQL: SELECT COUNT(*) AS tp_count FROM `cms_news` LIMIT 1   [ RunTime:0.0004s ]
SQL: SELECT * FROM `cms_news` ORDER BY listorder DESC LIMIT 0,3   [ RunTime:0.0004s ]
INFO: [ view_parse ] --START--
INFO: [ template_filter ] --START--
INFO: Run Behavior\ContentReplaceBehavior [ RunTime:0.000037s ]
INFO: [ template_filter ] --END-- [ RunTime:0.000072s ]
SQL: SHOW COLUMNS FROM `cms_menu` [ RunTime:0.0006s ]
SQL: SELECT * FROM `cms_menu` WHERE `status` <> -1 AND `type` = 1 ORDER BY listorder desc  [ RunTime:0.0003s ]
NOTIC: [8] Undefined variable: menu /Library/WebServer/News/Application/Runtime/Cache/Admin/ccc9ced3ad798311a07cb47b740981c5.php 第 86 行.
NOTIC: [8] Undefined variable: webSiteMenu /Library/WebServer/News/Application/Runtime/Cache/Admin/ccc9ced3ad798311a07cb47b740981c5.php 第 126 行.
SQL: SELECT `name` FROM `cms_menu` WHERE `type` = 0 AND `menu_id` = 3 LIMIT 1   [ RunTime:0.0002s ]
NOTIC: [8] Undefined variable: webSiteMenu /Library/WebServer/News/Application/Runtime/Cache/Admin/ccc9ced3ad798311a07cb47b740981c5.php 第 169 行.
SQL: SELECT `name` FROM `cms_menu` WHERE `type` = 0 AND `menu_id` = null LIMIT 1   [ RunTime:0.0002s ]
SQL: SELECT `name` FROM `cms_menu` WHERE `type` = 0 AND `menu_id` = 3 LIMIT 1   [ RunTime:0.0002s ]
NOTIC: [8] Undefined variable: webSiteMenu /Library/WebServer/News/Application/Runtime/Cache/Admin/ccc9ced3ad798311a07cb47b740981c5.php 第 169 行.
SQL: SELECT `name` FROM `cms_menu` WHERE `type` = 0 AND `menu_id` = null LIMIT 1   [ RunTime:0.0002s ]
SQL: SELECT `name` FROM `cms_menu` WHERE `type` = 0 AND `menu_id` = 3 LIMIT 1   [ RunTime:0.0002s ]
NOTIC: [8] Undefined variable: webSiteMenu /Library/WebServer/News/Application/Runtime/Cache/Admin/ccc9ced3ad798311a07cb47b740981c5.php 第 169 行.
SQL: SELECT `name` FROM `cms_menu` WHERE `type` = 0 AND `menu_id` = null LIMIT 1   [ RunTime:0.0002s ]
NOTIC: [8] Undefined variable: positions /Library/WebServer/News/Application/Runtime/Cache/Admin/ccc9ced3ad798311a07cb47b740981c5.php 第 201 行.
INFO: Run Behavior\ParseTemplateBehavior [ RunTime:0.011797s ]
INFO: [ view_parse ] --END-- [ RunTime:0.011834s ]
INFO: [ view_filter ] --START--
INFO: Run Behavior\WriteHtmlCacheBehavior [ RunTime:0.000156s ]
INFO: [ view_filter ] --END-- [ RunTime:0.000180s ]
INFO: [ app_end ] --START--
INFO: Run Behavior\ShowPageTraceBehavior [ RunTime:0.000491s ]
INFO: [ app_end ] --END-- [ RunTime:0.000542s ]

[ 2017-11-01T19:10:03+08:00 ] 127.0.0.1 /admin.php?c=position&a=index
INFO: [ app_init ] --START--
INFO: Run Behavior\BuildLiteBehavior [ RunTime:0.000011s ]
INFO: [ app_init ] --END-- [ RunTime:0.000273s ]
INFO: [ app_begin ] --START--
INFO: Run Behavior\ReadHtmlCacheBehavior [ RunTime:0.000329s ]
INFO: [ app_begin ] --END-- [ RunTime:0.000363s ]
SQL: SHOW COLUMNS FROM `cms_position` [ RunTime:0.0006s ]
SQL: SELECT COUNT(*) AS tp_count FROM `cms_position` LIMIT 1   [ RunTime:0.0002s ]
SQL: SELECT * FROM `cms_position` LIMIT 0,3   [ RunTime:0.0003s ]
INFO: [ view_parse ] --START--
INFO: [ template_filter ] --START--
INFO: Run Behavior\ContentReplaceBehavior [ RunTime:0.000036s ]
INFO: [ template_filter ] --END-- [ RunTime:0.000080s ]
SQL: SHOW COLUMNS FROM `cms_menu` [ RunTime:0.0006s ]
SQL: SELECT * FROM `cms_menu` WHERE `status` <> -1 AND `type` = 1 ORDER BY listorder desc  [ RunTime:0.0004s ]
NOTIC: [8] Undefined variable: menu /Library/WebServer/News/Application/Runtime/Cache/Admin/3a437f75b5b60a521a3ad0fc93a5ab5f.php 第 83 行.
NOTIC: [8] Undefined variable: nav /Library/WebServer/News/Application/Runtime/Cache/Admin/3a437f75b5b60a521a3ad0fc93a5ab5f.php 第 105 行.
INFO: Run Behavior\ParseTemplateBehavior [ RunTime:0.010223s ]
INFO: [ view_parse ] --END-- [ RunTime:0.010258s ]
INFO: [ view_filter ] --START--
INFO: Run Behavior\WriteHtmlCacheBehavior [ RunTime:0.000171s ]
INFO: [ view_filter ] --END-- [ RunTime:0.000198s ]
INFO: [ app_end ] --START--
INFO: Run Behavior\ShowPageTraceBehavior [ RunTime:0.000540s ]
INFO: [ app_end ] --END-- [ RunTime:0.000590s ]

[ 2017-11-01T19:10:04+08:00 ] 127.0.0.1 /admin.php?c=position&a=index
INFO: [ app_init ] --START--
INFO: Run Behavior\BuildLiteBehavior [ RunTime:0.000009s ]
INFO: [ app_init ] --END-- [ RunTime:0.000283s ]
INFO: [ app_begin ] --START--
INFO: Run Behavior\ReadHtmlCacheBehavior [ RunTime:0.000390s ]
INFO: [ app_begin ] --END-- [ RunTime:0.000420s ]
SQL: SHOW COLUMNS FROM `cms_position` [ RunTime:0.0009s ]
SQL: SELECT COUNT(*) AS tp_count FROM `cms_position` LIMIT 1   [ RunTime:0.0003s ]
SQL: SELECT * FROM `cms_position` LIMIT 0,3   [ RunTime:0.0003s ]
INFO: [ view_parse ] --START--
INFO: [ template_filter ] --START--
INFO: Run Behavior\ContentReplaceBehavior [ RunTime:0.000034s ]
INFO: [ template_filter ] --END-- [ RunTime:0.000070s ]
SQL: SHOW COLUMNS FROM `cms_menu` [ RunTime:0.0006s ]
SQL: SELECT * FROM `cms_menu` WHERE `status` <> -1 AND `type` = 1 ORDER BY listorder desc  [ RunTime:0.0003s ]
NOTIC: [8] Undefined variable: menu /Library/WebServer/News/Application/Runtime/Cache/Admin/3a437f75b5b60a521a3ad0fc93a5ab5f.php 第 83 行.
NOTIC: [8] Undefined variable: nav /Library/WebServer/News/Application/Runtime/Cache/Admin/3a437f75b5b60a521a3ad0fc93a5ab5f.php 第 105 行.
INFO: Run Behavior\ParseTemplateBehavior [ RunTime:0.008236s ]
INFO: [ view_parse ] --END-- [ RunTime:0.008269s ]
INFO: [ view_filter ] --START--
INFO: Run Behavior\WriteHtmlCacheBehavior [ RunTime:0.000152s ]
INFO: [ view_filter ] --END-- [ RunTime:0.000178s ]
INFO: [ app_end ] --START--
INFO: Run Behavior\ShowPageTraceBehavior [ RunTime:0.000519s ]
INFO: [ app_end ] --END-- [ RunTime:0.000574s ]

[ 2017-11-01T19:10:05+08:00 ] 127.0.0.1 /admin.php?c=positioncontent&a=index
INFO: [ app_init ] --START--
INFO: Run Behavior\BuildLiteBehavior [ RunTime:0.000010s ]
INFO: [ app_init ] --END-- [ RunTime:0.000245s ]
INFO: [ app_begin ] --START--
INFO: Run Behavior\ReadHtmlCacheBehavior [ RunTime:0.000319s ]
INFO: [ app_begin ] --END-- [ RunTime:0.000353s ]
SQL: SHOW COLUMNS FROM `cms_position_content` [ RunTime:0.0005s ]
SQL: SELECT COUNT(*) AS tp_count FROM `cms_position_content` LIMIT 1   [ RunTime:0.0002s ]
SQL: SELECT * FROM `cms_position_content` ORDER BY listorder DESC LIMIT 0,5   [ RunTime:0.0004s ]
INFO: [ view_parse ] --START--
INFO: [ template_filter ] --START--
INFO: Run Behavior\ContentReplaceBehavior [ RunTime:0.000037s ]
INFO: [ template_filter ] --END-- [ RunTime:0.000074s ]
SQL: SHOW COLUMNS FROM `cms_menu` [ RunTime:0.0006s ]
SQL: SELECT * FROM `cms_menu` WHERE `status` <> -1 AND `type` = 1 ORDER BY listorder desc  [ RunTime:0.0003s ]
NOTIC: [8] Undefined variable: menu /Library/WebServer/News/Application/Runtime/Cache/Admin/b8a8b9d170e6c07d7b463ea02385894d.php 第 83 行.
NOTIC: [8] Undefined variable: positions /Library/WebServer/News/Application/Runtime/Cache/Admin/b8a8b9d170e6c07d7b463ea02385894d.php 第 124 行.
NOTIC: [8] Undefined variable: title /Library/WebServer/News/Application/Runtime/Cache/Admin/b8a8b9d170e6c07d7b463ea02385894d.php 第 134 行.
INFO: Run Behavior\ParseTemplateBehavior [ RunTime:0.010003s ]
INFO: [ view_parse ] --END-- [ RunTime:0.010034s ]
INFO: [ view_filter ] --START--
INFO: Run Behavior\WriteHtmlCacheBehavior [ RunTime:0.000177s ]
INFO: [ view_filter ] --END-- [ RunTime:0.000203s ]
INFO: [ app_end ] --START--
INFO: Run Behavior\ShowPageTraceBehavior [ RunTime:0.000487s ]
INFO: [ app_end ] --END-- [ RunTime:0.000534s ]

[ 2017-11-01T19:10:06+08:00 ] 127.0.0.1 /admin.php?c=basic&a=index
INFO: [ app_init ] --START--
INFO: Run Behavior\BuildLiteBehavior [ RunTime:0.000008s ]
INFO: [ app_init ] --END-- [ RunTime:0.000208s ]
INFO: [ app_begin ] --START--
INFO: Run Behavior\ReadHtmlCacheBehavior [ RunTime:0.000265s ]
INFO: [ app_begin ] --END-- [ RunTime:0.000293s ]
INFO: [ view_parse ] --START--
INFO: [ template_filter ] --START--
INFO: Run Behavior\ContentReplaceBehavior [ RunTime:0.000028s ]
INFO: [ template_filter ] --END-- [ RunTime:0.000061s ]
SQL: SHOW COLUMNS FROM `cms_menu` [ RunTime:0.0005s ]
SQL: SELECT * FROM `cms_menu` WHERE `status` <> -1 AND `type` = 1 ORDER BY listorder desc  [ RunTime:0.0003s ]
NOTIC: [8] Undefined variable: menu /Library/WebServer/News/Application/Runtime/Cache/Admin/bb97361d9e4731aec48331de29e1c4d1.php 第 83 行.
NOTIC: [8] Undefined variable: type /Library/WebServer/News/Application/Runtime/Cache/Admin/bb97361d9e4731aec48331de29e1c4d1.php 第 101 行.
NOTIC: [8] Undefined variable: type /Library/WebServer/News/Application/Runtime/Cache/Admin/bb97361d9e4731aec48331de29e1c4d1.php 第 102 行.
NOTIC: [8] Undefined variable: vo /Library/WebServer/News/Application/Runtime/Cache/Admin/bb97361d9e4731aec48331de29e1c4d1.php 第 114 行.
NOTIC: [8] Undefined variable: vo /Library/WebServer/News/Application/Runtime/Cache/Admin/bb97361d9e4731aec48331de29e1c4d1.php 第 121 行.
NOTIC: [8] Undefined variable: vo /Library/WebServer/News/Application/Runtime/Cache/Admin/bb97361d9e4731aec48331de29e1c4d1.php 第 127 行.
NOTIC: [8] Undefined variable: vo /Library/WebServer/News/Application/Runtime/Cache/Admin/bb97361d9e4731aec48331de29e1c4d1.php 第 134 行.
NOTIC: [8] Undefined variable: vo /Library/WebServer/News/Application/Runtime/Cache/Admin/bb97361d9e4731aec48331de29e1c4d1.php 第 135 行.
NOTIC: [8] Undefined variable: vo /Library/WebServer/News/Application/Runtime/Cache/Admin/bb97361d9e4731aec48331de29e1c4d1.php 第 142 行.
NOTIC: [8] Undefined variable: vo /Library/WebServer/News/Application/Runtime/Cache/Admin/bb97361d9e4731aec48331de29e1c4d1.php 第 143 行.
INFO: Run Behavior\ParseTemplateBehavior [ RunTime:0.015339s ]
INFO: [ view_parse ] --END-- [ RunTime:0.015367s ]
INFO: [ view_filter ] --START--
INFO: Run Behavior\WriteHtmlCacheBehavior [ RunTime:0.000147s ]
INFO: [ view_filter ] --END-- [ RunTime:0.000171s ]
INFO: [ app_end ] --START--
INFO: Run Behavior\ShowPageTraceBehavior [ RunTime:0.000320s ]
INFO: [ app_end ] --END-- [ RunTime:0.000347s ]

[ 2017-11-01T19:10:07+08:00 ] 127.0.0.1 /admin.php?c=admin&a=index
INFO: [ app_init ] --START--
INFO: Run Behavior\BuildLiteBehavior [ RunTime:0.000009s ]
INFO: [ app_init ] --END-- [ RunTime:0.000243s ]
INFO: [ app_begin ] --START--
INFO: Run Behavior\ReadHtmlCacheBehavior [ RunTime:0.000328s ]
INFO: [ app_begin ] --END-- [ RunTime:0.000373s ]
SQL: SHOW COLUMNS FROM `cms_admin` [ RunTime:0.0008s ]
SQL: SELECT COUNT(*) AS tp_count FROM `cms_admin` LIMIT 1   [ RunTime:0.0003s ]
SQL: SELECT * FROM `cms_admin` LIMIT 0,3   [ RunTime:0.0003s ]
INFO: [ view_parse ] --START--
INFO: [ template_filter ] --START--
INFO: Run Behavior\ContentReplaceBehavior [ RunTime:0.000034s ]
INFO: [ template_filter ] --END-- [ RunTime:0.000071s ]
SQL: SHOW COLUMNS FROM `cms_menu` [ RunTime:0.0006s ]
SQL: SELECT * FROM `cms_menu` WHERE `status` <> -1 AND `type` = 1 ORDER BY listorder desc  [ RunTime:0.0003s ]
NOTIC: [8] Undefined variable: menu /Library/WebServer/News/Application/Runtime/Cache/Admin/b682812e058c4f7cab74d08ab9eabe11.php 第 85 行.
NOTIC: [8] Undefined variable: nav /Library/WebServer/News/Application/Runtime/Cache/Admin/b682812e058c4f7cab74d08ab9eabe11.php 第 110 行.
INFO: Run Behavior\ParseTemplateBehavior [ RunTime:0.008262s ]
INFO: [ view_parse ] --END-- [ RunTime:0.008295s ]
INFO: [ view_filter ] --START--
INFO: Run Behavior\WriteHtmlCacheBehavior [ RunTime:0.000170s ]
INFO: [ view_filter ] --END-- [ RunTime:0.000199s ]
INFO: [ app_end ] --START--
INFO: Run Behavior\ShowPageTraceBehavior [ RunTime:0.000568s ]
INFO: [ app_end ] --END-- [ RunTime:0.000622s ]

[ 2017-11-01T19:10:09+08:00 ] 127.0.0.1 /admin.php?c=position&a=index
INFO: [ app_init ] --START--
INFO: Run Behavior\BuildLiteBehavior [ RunTime:0.000011s ]
INFO: [ app_init ] --END-- [ RunTime:0.000260s ]
INFO: [ app_begin ] --START--
INFO: Run Behavior\ReadHtmlCacheBehavior [ RunTime:0.000288s ]
INFO: [ app_begin ] --END-- [ RunTime:0.000323s ]
SQL: SHOW COLUMNS FROM `cms_position` [ RunTime:0.0005s ]
SQL: SELECT COUNT(*) AS tp_count FROM `cms_position` LIMIT 1   [ RunTime:0.0002s ]
SQL: SELECT * FROM `cms_position` LIMIT 0,3   [ RunTime:0.0002s ]
INFO: [ view_parse ] --START--
INFO: [ template_filter ] --START--
INFO: Run Behavior\ContentReplaceBehavior [ RunTime:0.000033s ]
INFO: [ template_filter ] --END-- [ RunTime:0.000068s ]
SQL: SHOW COLUMNS FROM `cms_menu` [ RunTime:0.0006s ]
SQL: SELECT * FROM `cms_menu` WHERE `status` <> -1 AND `type` = 1 ORDER BY listorder desc  [ RunTime:0.0004s ]
NOTIC: [8] Undefined variable: menu /Library/WebServer/News/Application/Runtime/Cache/Admin/3a437f75b5b60a521a3ad0fc93a5ab5f.php 第 83 行.
NOTIC: [8] Undefined variable: nav /Library/WebServer/News/Application/Runtime/Cache/Admin/3a437f75b5b60a521a3ad0fc93a5ab5f.php 第 105 行.
INFO: Run Behavior\ParseTemplateBehavior [ RunTime:0.008345s ]
INFO: [ view_parse ] --END-- [ RunTime:0.008376s ]
INFO: [ view_filter ] --START--
INFO: Run Behavior\WriteHtmlCacheBehavior [ RunTime:0.000144s ]
INFO: [ view_filter ] --END-- [ RunTime:0.000167s ]
INFO: [ app_end ] --START--
INFO: Run Behavior\ShowPageTraceBehavior [ RunTime:0.000418s ]
INFO: [ app_end ] --END-- [ RunTime:0.000452s ]

[ 2017-11-01T19:10:10+08:00 ] 127.0.0.1 /admin.php?c=content&a=index
INFO: [ app_init ] --START--
INFO: Run Behavior\BuildLiteBehavior [ RunTime:0.000013s ]
INFO: [ app_init ] --END-- [ RunTime:0.000235s ]
INFO: [ app_begin ] --START--
INFO: Run Behavior\ReadHtmlCacheBehavior [ RunTime:0.000446s ]
INFO: [ app_begin ] --END-- [ RunTime:0.000498s ]
SQL: SHOW COLUMNS FROM `cms_news` [ RunTime:0.0005s ]
SQL: SELECT COUNT(*) AS tp_count FROM `cms_news` LIMIT 1   [ RunTime:0.0002s ]
SQL: SELECT * FROM `cms_news` ORDER BY listorder DESC LIMIT 0,3   [ RunTime:0.0003s ]
INFO: [ view_parse ] --START--
INFO: [ template_filter ] --START--
INFO: Run Behavior\ContentReplaceBehavior [ RunTime:0.000046s ]
INFO: [ template_filter ] --END-- [ RunTime:0.000092s ]
SQL: SHOW COLUMNS FROM `cms_menu` [ RunTime:0.0006s ]
SQL: SELECT * FROM `cms_menu` WHERE `status` <> -1 AND `type` = 1 ORDER BY listorder desc  [ RunTime:0.0003s ]
NOTIC: [8] Undefined variable: menu /Library/WebServer/News/Application/Runtime/Cache/Admin/ccc9ced3ad798311a07cb47b740981c5.php 第 86 行.
NOTIC: [8] Undefined variable: webSiteMenu /Library/WebServer/News/Application/Runtime/Cache/Admin/ccc9ced3ad798311a07cb47b740981c5.php 第 126 行.
SQL: SELECT `name` FROM `cms_menu` WHERE `type` = 0 AND `menu_id` = 3 LIMIT 1   [ RunTime:0.0002s ]
NOTIC: [8] Undefined variable: webSiteMenu /Library/WebServer/News/Application/Runtime/Cache/Admin/ccc9ced3ad798311a07cb47b740981c5.php 第 169 行.
SQL: SELECT `name` FROM `cms_menu` WHERE `type` = 0 AND `menu_id` = null LIMIT 1   [ RunTime:0.0002s ]
SQL: SELECT `name` FROM `cms_menu` WHERE `type` = 0 AND `menu_id` = 3 LIMIT 1   [ RunTime:0.0003s ]
NOTIC: [8] Undefined variable: webSiteMenu /Library/WebServer/News/Application/Runtime/Cache/Admin/ccc9ced3ad798311a07cb47b740981c5.php 第 169 行.
SQL: SELECT `name` FROM `cms_menu` WHERE `type` = 0 AND `menu_id` = null LIMIT 1   [ RunTime:0.0002s ]
SQL: SELECT `name` FROM `cms_menu` WHERE `type` = 0 AND `menu_id` = 3 LIMIT 1   [ RunTime:0.0002s ]
NOTIC: [8] Undefined variable: webSiteMenu /Library/WebServer/News/Application/Runtime/Cache/Admin/ccc9ced3ad798311a07cb47b740981c5.php 第 169 行.
SQL: SELECT `name` FROM `cms_menu` WHERE `type` = 0 AND `menu_id` = null LIMIT 1   [ RunTime:0.0002s ]
NOTIC: [8] Undefined variable: positions /Library/WebServer/News/Application/Runtime/Cache/Admin/ccc9ced3ad798311a07cb47b740981c5.php 第 201 行.
INFO: Run Behavior\ParseTemplateBehavior [ RunTime:0.013318s ]
INFO: [ view_parse ] --END-- [ RunTime:0.013347s ]
INFO: [ view_filter ] --START--
INFO: Run Behavior\WriteHtmlCacheBehavior [ RunTime:0.000156s ]
INFO: [ view_filter ] --END-- [ RunTime:0.000181s ]
INFO: [ app_end ] --START--
INFO: Run Behavior\ShowPageTraceBehavior [ RunTime:0.000432s ]
INFO: [ app_end ] --END-- [ RunTime:0.000468s ]

[ 2017-11-01T19:10:51+08:00 ] 127.0.0.1 /admin.php/Content/index/m/admin/p/2.html
INFO: [ app_init ] --START--
INFO: Run Behavior\BuildLiteBehavior [ RunTime:0.000010s ]
INFO: [ app_init ] --END-- [ RunTime:0.000274s ]
INFO: [ app_begin ] --START--
INFO: Run Behavior\ReadHtmlCacheBehavior [ RunTime:0.000394s ]
INFO: [ app_begin ] --END-- [ RunTime:0.000427s ]
SQL: SHOW COLUMNS FROM `cms_news` [ RunTime:0.0005s ]
SQL: SELECT COUNT(*) AS tp_count FROM `cms_news` LIMIT 1   [ RunTime:0.0003s ]
SQL: SELECT * FROM `cms_news` ORDER BY listorder DESC LIMIT 3,3   [ RunTime:0.0005s ]
INFO: [ view_parse ] --START--
INFO: [ template_filter ] --START--
INFO: Run Behavior\ContentReplaceBehavior [ RunTime:0.000052s ]
INFO: [ template_filter ] --END-- [ RunTime:0.000100s ]
SQL: SHOW COLUMNS FROM `cms_menu` [ RunTime:0.0006s ]
SQL: SELECT * FROM `cms_menu` WHERE `status` <> -1 AND `type` = 1 ORDER BY listorder desc  [ RunTime:0.0004s ]
NOTIC: [8] Undefined variable: menu /Library/WebServer/News/Application/Runtime/Cache/Admin/ccc9ced3ad798311a07cb47b740981c5.php 第 86 行.
NOTIC: [8] Undefined variable: webSiteMenu /Library/WebServer/News/Application/Runtime/Cache/Admin/ccc9ced3ad798311a07cb47b740981c5.php 第 126 行.
SQL: SELECT `name` FROM `cms_menu` WHERE `type` = 0 AND `menu_id` = 3 LIMIT 1   [ RunTime:0.0003s ]
NOTIC: [8] Undefined variable: webSiteMenu /Library/WebServer/News/Application/Runtime/Cache/Admin/ccc9ced3ad798311a07cb47b740981c5.php 第 169 行.
SQL: SELECT `name` FROM `cms_menu` WHERE `type` = 0 AND `menu_id` = null LIMIT 1   [ RunTime:0.0002s ]
SQL: SELECT `name` FROM `cms_menu` WHERE `type` = 0 AND `menu_id` = 3 LIMIT 1   [ RunTime:0.0002s ]
NOTIC: [8] Undefined variable: webSiteMenu /Library/WebServer/News/Application/Runtime/Cache/Admin/ccc9ced3ad798311a07cb47b740981c5.php 第 169 行.
SQL: SELECT `name` FROM `cms_menu` WHERE `type` = 0 AND `menu_id` = null LIMIT 1   [ RunTime:0.0002s ]
SQL: SELECT `name` FROM `cms_menu` WHERE `type` = 0 AND `menu_id` = 8 LIMIT 1   [ RunTime:0.0002s ]
NOTIC: [8] Undefined variable: webSiteMenu /Library/WebServer/News/Application/Runtime/Cache/Admin/ccc9ced3ad798311a07cb47b740981c5.php 第 169 行.
SQL: SELECT `name` FROM `cms_menu` WHERE `type` = 0 AND `menu_id` = null LIMIT 1   [ RunTime:0.0003s ]
NOTIC: [8] Undefined variable: positions /Library/WebServer/News/Application/Runtime/Cache/Admin/ccc9ced3ad798311a07cb47b740981c5.php 第 201 行.
INFO: Run Behavior\ParseTemplateBehavior [ RunTime:0.016603s ]
INFO: [ view_parse ] --END-- [ RunTime:0.016638s ]
INFO: [ view_filter ] --START--
INFO: Run Behavior\WriteHtmlCacheBehavior [ RunTime:0.000186s ]
INFO: [ view_filter ] --END-- [ RunTime:0.000257s ]
INFO: [ app_end ] --START--
INFO: Run Behavior\ShowPageTraceBehavior [ RunTime:0.002145s ]
INFO: [ app_end ] --END-- [ RunTime:0.002216s ]

[ 2017-11-01T19:10:53+08:00 ] 127.0.0.1 /admin.php/Content/index/m/admin/p/3.html
INFO: [ app_init ] --START--
INFO: Run Behavior\BuildLiteBehavior [ RunTime:0.000009s ]
INFO: [ app_init ] --END-- [ RunTime:0.000237s ]
INFO: [ app_begin ] --START--
INFO: Run Behavior\ReadHtmlCacheBehavior [ RunTime:0.001173s ]
INFO: [ app_begin ] --END-- [ RunTime:0.001237s ]
SQL: SHOW COLUMNS FROM `cms_news` [ RunTime:0.0008s ]
SQL: SELECT COUNT(*) AS tp_count FROM `cms_news` LIMIT 1   [ RunTime:0.0002s ]
SQL: SELECT * FROM `cms_news` ORDER BY listorder DESC LIMIT 6,3   [ RunTime:0.0005s ]
INFO: [ view_parse ] --START--
INFO: [ template_filter ] --START--
INFO: Run Behavior\ContentReplaceBehavior [ RunTime:0.000060s ]
INFO: [ template_filter ] --END-- [ RunTime:0.000124s ]
SQL: SHOW COLUMNS FROM `cms_menu` [ RunTime:0.0007s ]
SQL: SELECT * FROM `cms_menu` WHERE `status` <> -1 AND `type` = 1 ORDER BY listorder desc  [ RunTime:0.0004s ]
NOTIC: [8] Undefined variable: menu /Library/WebServer/News/Application/Runtime/Cache/Admin/ccc9ced3ad798311a07cb47b740981c5.php 第 86 行.
NOTIC: [8] Undefined variable: webSiteMenu /Library/WebServer/News/Application/Runtime/Cache/Admin/ccc9ced3ad798311a07cb47b740981c5.php 第 126 行.
SQL: SELECT `name` FROM `cms_menu` WHERE `type` = 0 AND `menu_id` = 3 LIMIT 1   [ RunTime:0.0003s ]
NOTIC: [8] Undefined variable: webSiteMenu /Library/WebServer/News/Application/Runtime/Cache/Admin/ccc9ced3ad798311a07cb47b740981c5.php 第 169 行.
SQL: SELECT `name` FROM `cms_menu` WHERE `type` = 0 AND `menu_id` = null LIMIT 1   [ RunTime:0.0002s ]
SQL: SELECT `name` FROM `cms_menu` WHERE `type` = 0 AND `menu_id` = 12 LIMIT 1   [ RunTime:0.0002s ]
NOTIC: [8] Undefined variable: webSiteMenu /Library/WebServer/News/Application/Runtime/Cache/Admin/ccc9ced3ad798311a07cb47b740981c5.php 第 169 行.
SQL: SELECT `name` FROM `cms_menu` WHERE `type` = 0 AND `menu_id` = null LIMIT 1   [ RunTime:0.0003s ]
NOTIC: [8] Undefined variable: positions /Library/WebServer/News/Application/Runtime/Cache/Admin/ccc9ced3ad798311a07cb47b740981c5.php 第 201 行.
INFO: Run Behavior\ParseTemplateBehavior [ RunTime:0.016229s ]
INFO: [ view_parse ] --END-- [ RunTime:0.016267s ]
INFO: [ view_filter ] --START--
INFO: Run Behavior\WriteHtmlCacheBehavior [ RunTime:0.000212s ]
INFO: [ view_filter ] --END-- [ RunTime:0.000248s ]
INFO: [ app_end ] --START--
INFO: Run Behavior\ShowPageTraceBehavior [ RunTime:0.002036s ]
INFO: [ app_end ] --END-- [ RunTime:0.003231s ]

[ 2017-11-01T19:10:55+08:00 ] 127.0.0.1 /admin.php/Content/index/m/admin/p/2.html
INFO: [ app_init ] --START--
INFO: Run Behavior\BuildLiteBehavior [ RunTime:0.000010s ]
INFO: [ app_init ] --END-- [ RunTime:0.000231s ]
INFO: [ app_begin ] --START--
INFO: Run Behavior\ReadHtmlCacheBehavior [ RunTime:0.000292s ]
INFO: [ app_begin ] --END-- [ RunTime:0.000326s ]
SQL: SHOW COLUMNS FROM `cms_news` [ RunTime:0.0011s ]
SQL: SELECT COUNT(*) AS tp_count FROM `cms_news` LIMIT 1   [ RunTime:0.0007s ]
SQL: SELECT * FROM `cms_news` ORDER BY listorder DESC LIMIT 3,3   [ RunTime:0.0005s ]
INFO: [ view_parse ] --START--
INFO: [ template_filter ] --START--
INFO: Run Behavior\ContentReplaceBehavior [ RunTime:0.000040s ]
INFO: [ template_filter ] --END-- [ RunTime:0.000080s ]
SQL: SHOW COLUMNS FROM `cms_menu` [ RunTime:0.0006s ]
SQL: SELECT * FROM `cms_menu` WHERE `status` <> -1 AND `type` = 1 ORDER BY listorder desc  [ RunTime:0.0004s ]
NOTIC: [8] Undefined variable: menu /Library/WebServer/News/Application/Runtime/Cache/Admin/ccc9ced3ad798311a07cb47b740981c5.php 第 86 行.
NOTIC: [8] Undefined variable: webSiteMenu /Library/WebServer/News/Application/Runtime/Cache/Admin/ccc9ced3ad798311a07cb47b740981c5.php 第 126 行.
SQL: SELECT `name` FROM `cms_menu` WHERE `type` = 0 AND `menu_id` = 3 LIMIT 1   [ RunTime:0.0003s ]
NOTIC: [8] Undefined variable: webSiteMenu /Library/WebServer/News/Application/Runtime/Cache/Admin/ccc9ced3ad798311a07cb47b740981c5.php 第 169 行.
SQL: SELECT `name` FROM `cms_menu` WHERE `type` = 0 AND `menu_id` = null LIMIT 1   [ RunTime:0.0002s ]
SQL: SELECT `name` FROM `cms_menu` WHERE `type` = 0 AND `menu_id` = 3 LIMIT 1   [ RunTime:0.0002s ]
NOTIC: [8] Undefined variable: webSiteMenu /Library/WebServer/News/Application/Runtime/Cache/Admin/ccc9ced3ad798311a07cb47b740981c5.php 第 169 行.
SQL: SELECT `name` FROM `cms_menu` WHERE `type` = 0 AND `menu_id` = null LIMIT 1   [ RunTime:0.0002s ]
SQL: SELECT `name` FROM `cms_menu` WHERE `type` = 0 AND `menu_id` = 8 LIMIT 1   [ RunTime:0.0004s ]
NOTIC: [8] Undefined variable: webSiteMenu /Library/WebServer/News/Application/Runtime/Cache/Admin/ccc9ced3ad798311a07cb47b740981c5.php 第 169 行.
SQL: SELECT `name` FROM `cms_menu` WHERE `type` = 0 AND `menu_id` = null LIMIT 1   [ RunTime:0.0002s ]
NOTIC: [8] Undefined variable: positions /Library/WebServer/News/Application/Runtime/Cache/Admin/ccc9ced3ad798311a07cb47b740981c5.php 第 201 行.
INFO: Run Behavior\ParseTemplateBehavior [ RunTime:0.013057s ]
INFO: [ view_parse ] --END-- [ RunTime:0.013085s ]
INFO: [ view_filter ] --START--
INFO: Run Behavior\WriteHtmlCacheBehavior [ RunTime:0.000178s ]
INFO: [ view_filter ] --END-- [ RunTime:0.000202s ]
INFO: [ app_end ] --START--
INFO: Run Behavior\ShowPageTraceBehavior [ RunTime:0.000507s ]
INFO: [ app_end ] --END-- [ RunTime:0.000560s ]

