[ 2017-11-08T19:45:55+08:00 ] 127.0.0.1 /admin
INFO: [ app_init ] --START--
INFO: Run Behavior\BuildLiteBehavior [ RunTime:0.000012s ]
INFO: [ app_init ] --END-- [ RunTime:0.000549s ]
INFO: [ app_begin ] --START--
INFO: Run Behavior\ReadHtmlCacheBehavior [ RunTime:0.001488s ]
INFO: [ app_begin ] --END-- [ RunTime:0.001535s ]
INFO: [ view_parse ] --START--
INFO: [ template_filter ] --START--
INFO: Run Behavior\ContentReplaceBehavior [ RunTime:0.000068s ]
INFO: [ template_filter ] --END-- [ RunTime:0.000109s ]
SQL: SHOW COLUMNS FROM `cms_menu` [ RunTime:0.0025s ]
SQL: SELECT * FROM `cms_menu` WHERE `status` <> -1 AND `type` = 1 ORDER BY listorder desc  [ RunTime:0.0004s ]
NOTIC: [8] Undefined variable: menu /Library/WebServer/News/Application/Runtime/Cache/Admin/b595b808c2ebeeeb0478ffc30bb4e87a.php 第 84 行.
NOTIC: [8] Undefined variable: news /Library/WebServer/News/Application/Runtime/Cache/Admin/b595b808c2ebeeeb0478ffc30bb4e87a.php 第 173 行.
INFO: Run Behavior\ParseTemplateBehavior [ RunTime:0.030588s ]
INFO: [ view_parse ] --END-- [ RunTime:0.030631s ]
INFO: [ view_filter ] --START--
INFO: Run Behavior\WriteHtmlCacheBehavior [ RunTime:0.001324s ]
INFO: [ view_filter ] --END-- [ RunTime:0.001356s ]
INFO: [ app_end ] --START--
INFO: Run Behavior\ShowPageTraceBehavior [ RunTime:0.000646s ]
INFO: [ app_end ] --END-- [ RunTime:0.000693s ]

[ 2017-11-08T19:46:00+08:00 ] 127.0.0.1 /admin.php?c=menu&a=index
INFO: [ app_init ] --START--
INFO: Run Behavior\BuildLiteBehavior [ RunTime:0.000024s ]
INFO: [ app_init ] --END-- [ RunTime:0.000332s ]
INFO: [ app_begin ] --START--
INFO: Run Behavior\ReadHtmlCacheBehavior [ RunTime:0.000507s ]
INFO: [ app_begin ] --END-- [ RunTime:0.000555s ]
NOTIC: [8] Undefined index: type /Library/WebServer/News/Application/Admin/Controller/MenuController.class.php 第 32 行.
SQL: SHOW COLUMNS FROM `cms_menu` [ RunTime:0.0005s ]
SQL: SELECT COUNT(*) AS tp_count FROM `cms_menu` WHERE `status` <> -1 AND `type` = 0 LIMIT 1   [ RunTime:0.0003s ]
SQL: SELECT * FROM `cms_menu` WHERE `status` <> -1 AND `type` = 0 ORDER BY listorder DESC LIMIT 0,3   [ RunTime:0.0004s ]
INFO: [ view_parse ] --START--
INFO: [ template_filter ] --START--
INFO: Run Behavior\ContentReplaceBehavior [ RunTime:0.000050s ]
INFO: [ template_filter ] --END-- [ RunTime:0.000087s ]
SQL: SELECT * FROM `cms_menu` WHERE `status` <> -1 AND `type` = 1 ORDER BY listorder desc  [ RunTime:0.0005s ]
NOTIC: [8] Undefined variable: menu /Library/WebServer/News/Application/Runtime/Cache/Admin/b956215329b6f9aca22277599a4efdfc.php 第 85 行.
NOTIC: [8] Undefined variable: nav /Library/WebServer/News/Application/Runtime/Cache/Admin/b956215329b6f9aca22277599a4efdfc.php 第 110 行.
NOTIC: [8] Undefined variable: type /Library/WebServer/News/Application/Runtime/Cache/Admin/b956215329b6f9aca22277599a4efdfc.php 第 124 行.
NOTIC: [8] Undefined variable: type /Library/WebServer/News/Application/Runtime/Cache/Admin/b956215329b6f9aca22277599a4efdfc.php 第 125 行.
INFO: Run Behavior\ParseTemplateBehavior [ RunTime:0.013558s ]
INFO: [ view_parse ] --END-- [ RunTime:0.013604s ]
INFO: [ view_filter ] --START--
INFO: Run Behavior\WriteHtmlCacheBehavior [ RunTime:0.000226s ]
INFO: [ view_filter ] --END-- [ RunTime:0.000285s ]
INFO: [ app_end ] --START--
INFO: Run Behavior\ShowPageTraceBehavior [ RunTime:0.000622s ]
INFO: [ app_end ] --END-- [ RunTime:0.000667s ]

[ 2017-11-08T19:46:02+08:00 ] 127.0.0.1 /admin.php?c=content&a=index
INFO: [ app_init ] --START--
INFO: Run Behavior\BuildLiteBehavior [ RunTime:0.000013s ]
INFO: [ app_init ] --END-- [ RunTime:0.000229s ]
INFO: [ app_begin ] --START--
INFO: Run Behavior\ReadHtmlCacheBehavior [ RunTime:0.000274s ]
INFO: [ app_begin ] --END-- [ RunTime:0.000305s ]
SQL: SHOW COLUMNS FROM `cms_position` [ RunTime:0.0007s ]
SQL: SELECT * FROM `cms_position` WHERE `status` = 1  [ RunTime:0.0013s ]
SQL: SHOW COLUMNS FROM `cms_news` [ RunTime:0.0007s ]
SQL: SELECT COUNT(*) AS tp_count FROM `cms_news` LIMIT 1   [ RunTime:0.0002s ]
SQL: SELECT * FROM `cms_news` ORDER BY listorder DESC LIMIT 0,3   [ RunTime:0.0003s ]
INFO: [ view_parse ] --START--
INFO: [ template_filter ] --START--
INFO: Run Behavior\ContentReplaceBehavior [ RunTime:0.000041s ]
INFO: [ template_filter ] --END-- [ RunTime:0.000079s ]
SQL: SHOW COLUMNS FROM `cms_menu` [ RunTime:0.0006s ]
SQL: SELECT * FROM `cms_menu` WHERE `status` <> -1 AND `type` = 1 ORDER BY listorder desc  [ RunTime:0.0004s ]
NOTIC: [8] Undefined variable: menu /Library/WebServer/News/Application/Runtime/Cache/Admin/ccc9ced3ad798311a07cb47b740981c5.php 第 86 行.
NOTIC: [8] Undefined variable: webSiteMenu /Library/WebServer/News/Application/Runtime/Cache/Admin/ccc9ced3ad798311a07cb47b740981c5.php 第 126 行.
SQL: SELECT `name` FROM `cms_menu` WHERE `type` = 0 AND `menu_id` = 3 LIMIT 1   [ RunTime:0.0004s ]
NOTIC: [8] Undefined variable: webSiteMenu /Library/WebServer/News/Application/Runtime/Cache/Admin/ccc9ced3ad798311a07cb47b740981c5.php 第 169 行.
SQL: SELECT `name` FROM `cms_menu` WHERE `type` = 0 AND `menu_id` = null LIMIT 1   [ RunTime:0.0002s ]
SQL: SELECT `name` FROM `cms_menu` WHERE `type` = 0 AND `menu_id` = 3 LIMIT 1   [ RunTime:0.0002s ]
NOTIC: [8] Undefined variable: webSiteMenu /Library/WebServer/News/Application/Runtime/Cache/Admin/ccc9ced3ad798311a07cb47b740981c5.php 第 169 行.
SQL: SELECT `name` FROM `cms_menu` WHERE `type` = 0 AND `menu_id` = null LIMIT 1   [ RunTime:0.0002s ]
SQL: SELECT `name` FROM `cms_menu` WHERE `type` = 0 AND `menu_id` = 3 LIMIT 1   [ RunTime:0.0002s ]
NOTIC: [8] Undefined variable: webSiteMenu /Library/WebServer/News/Application/Runtime/Cache/Admin/ccc9ced3ad798311a07cb47b740981c5.php 第 169 行.
SQL: SELECT `name` FROM `cms_menu` WHERE `type` = 0 AND `menu_id` = null LIMIT 1   [ RunTime:0.0002s ]
INFO: Run Behavior\ParseTemplateBehavior [ RunTime:0.022834s ]
INFO: [ view_parse ] --END-- [ RunTime:0.022865s ]
INFO: [ view_filter ] --START--
INFO: Run Behavior\WriteHtmlCacheBehavior [ RunTime:0.000191s ]
INFO: [ view_filter ] --END-- [ RunTime:0.000217s ]
INFO: [ app_end ] --START--
INFO: Run Behavior\ShowPageTraceBehavior [ RunTime:0.001438s ]
INFO: [ app_end ] --END-- [ RunTime:0.001764s ]

