[ 2017-11-03T08:53:43+08:00 ] 127.0.0.1 /admin.php?c=position&a=index
INFO: [ app_init ] --START--
INFO: Run Behavior\BuildLiteBehavior [ RunTime:0.000027s ]
INFO: [ app_init ] --END-- [ RunTime:0.000473s ]
INFO: [ app_begin ] --START--
INFO: Run Behavior\ReadHtmlCacheBehavior [ RunTime:0.000889s ]
INFO: [ app_begin ] --END-- [ RunTime:0.001079s ]
SQL: SHOW COLUMNS FROM `cms_position` [ RunTime:0.0007s ]
SQL: SELECT COUNT(*) AS tp_count FROM `cms_position` LIMIT 1   [ RunTime:0.0019s ]
SQL: SELECT * FROM `cms_position` LIMIT 0,3   [ RunTime:0.0015s ]
INFO: [ view_parse ] --START--
INFO: [ template_filter ] --START--
INFO: Run Behavior\ContentReplaceBehavior [ RunTime:0.000074s ]
INFO: [ template_filter ] --END-- [ RunTime:0.000114s ]
SQL: SHOW COLUMNS FROM `cms_menu` [ RunTime:0.0006s ]
SQL: SELECT * FROM `cms_menu` WHERE `status` <> -1 AND `type` = 1 ORDER BY listorder desc  [ RunTime:0.0017s ]
NOTIC: [8] Undefined variable: menu /Library/WebServer/News/Application/Runtime/Cache/Admin/3a437f75b5b60a521a3ad0fc93a5ab5f.php 第 83 行.
NOTIC: [8] Undefined variable: nav /Library/WebServer/News/Application/Runtime/Cache/Admin/3a437f75b5b60a521a3ad0fc93a5ab5f.php 第 105 行.
INFO: Run Behavior\ParseTemplateBehavior [ RunTime:0.035779s ]
INFO: [ view_parse ] --END-- [ RunTime:0.035822s ]
INFO: [ view_filter ] --START--
INFO: Run Behavior\WriteHtmlCacheBehavior [ RunTime:0.000149s ]
INFO: [ view_filter ] --END-- [ RunTime:0.000183s ]
INFO: [ app_end ] --START--
INFO: Run Behavior\ShowPageTraceBehavior [ RunTime:0.000576s ]
INFO: [ app_end ] --END-- [ RunTime:0.000640s ]

[ 2017-11-03T08:53:47+08:00 ] 127.0.0.1 /admin.php?c=content&a=index
INFO: [ app_init ] --START--
INFO: Run Behavior\BuildLiteBehavior [ RunTime:0.000010s ]
INFO: [ app_init ] --END-- [ RunTime:0.000223s ]
INFO: [ app_begin ] --START--
INFO: Run Behavior\ReadHtmlCacheBehavior [ RunTime:0.000321s ]
INFO: [ app_begin ] --END-- [ RunTime:0.000356s ]
SQL: SHOW COLUMNS FROM `cms_news` [ RunTime:0.0006s ]
SQL: SELECT COUNT(*) AS tp_count FROM `cms_news` LIMIT 1   [ RunTime:0.0002s ]
SQL: SELECT * FROM `cms_news` ORDER BY listorder DESC LIMIT 0,3   [ RunTime:0.0004s ]
INFO: [ view_parse ] --START--
INFO: [ template_filter ] --START--
INFO: Run Behavior\ContentReplaceBehavior [ RunTime:0.000094s ]
INFO: [ template_filter ] --END-- [ RunTime:0.000134s ]
SQL: SHOW COLUMNS FROM `cms_menu` [ RunTime:0.0006s ]
SQL: SELECT * FROM `cms_menu` WHERE `status` <> -1 AND `type` = 1 ORDER BY listorder desc  [ RunTime:0.0003s ]
NOTIC: [8] Undefined variable: menu /Library/WebServer/News/Application/Runtime/Cache/Admin/ccc9ced3ad798311a07cb47b740981c5.php 第 86 行.
NOTIC: [8] Undefined variable: webSiteMenu /Library/WebServer/News/Application/Runtime/Cache/Admin/ccc9ced3ad798311a07cb47b740981c5.php 第 126 行.
SQL: SELECT `name` FROM `cms_menu` WHERE `type` = 0 AND `menu_id` = 3 LIMIT 1   [ RunTime:0.0004s ]
NOTIC: [8] Undefined variable: webSiteMenu /Library/WebServer/News/Application/Runtime/Cache/Admin/ccc9ced3ad798311a07cb47b740981c5.php 第 169 行.
SQL: SELECT `name` FROM `cms_menu` WHERE `type` = 0 AND `menu_id` = null LIMIT 1   [ RunTime:0.0006s ]
SQL: SELECT `name` FROM `cms_menu` WHERE `type` = 0 AND `menu_id` = 3 LIMIT 1   [ RunTime:0.0003s ]
NOTIC: [8] Undefined variable: webSiteMenu /Library/WebServer/News/Application/Runtime/Cache/Admin/ccc9ced3ad798311a07cb47b740981c5.php 第 169 行.
SQL: SELECT `name` FROM `cms_menu` WHERE `type` = 0 AND `menu_id` = null LIMIT 1   [ RunTime:0.0002s ]
SQL: SELECT `name` FROM `cms_menu` WHERE `type` = 0 AND `menu_id` = 3 LIMIT 1   [ RunTime:0.0002s ]
NOTIC: [8] Undefined variable: webSiteMenu /Library/WebServer/News/Application/Runtime/Cache/Admin/ccc9ced3ad798311a07cb47b740981c5.php 第 169 行.
SQL: SELECT `name` FROM `cms_menu` WHERE `type` = 0 AND `menu_id` = null LIMIT 1   [ RunTime:0.0002s ]
NOTIC: [8] Undefined variable: positions /Library/WebServer/News/Application/Runtime/Cache/Admin/ccc9ced3ad798311a07cb47b740981c5.php 第 201 行.
INFO: Run Behavior\ParseTemplateBehavior [ RunTime:0.017372s ]
INFO: [ view_parse ] --END-- [ RunTime:0.017401s ]
INFO: [ view_filter ] --START--
INFO: Run Behavior\WriteHtmlCacheBehavior [ RunTime:0.000206s ]
INFO: [ view_filter ] --END-- [ RunTime:0.000230s ]
INFO: [ app_end ] --START--
INFO: Run Behavior\ShowPageTraceBehavior [ RunTime:0.000595s ]
INFO: [ app_end ] --END-- [ RunTime:0.000634s ]

[ 2017-11-03T08:54:56+08:00 ] 127.0.0.1 /admin.php/Content/index/m/admin/p/3.html
INFO: [ app_init ] --START--
INFO: Run Behavior\BuildLiteBehavior [ RunTime:0.000054s ]
INFO: [ app_init ] --END-- [ RunTime:0.000479s ]
INFO: [ app_begin ] --START--
INFO: Run Behavior\ReadHtmlCacheBehavior [ RunTime:0.000648s ]
INFO: [ app_begin ] --END-- [ RunTime:0.000694s ]
SQL: SHOW COLUMNS FROM `cms_news` [ RunTime:0.0006s ]
SQL: SELECT COUNT(*) AS tp_count FROM `cms_news` LIMIT 1   [ RunTime:0.0002s ]
SQL: SELECT * FROM `cms_news` ORDER BY listorder DESC LIMIT 6,3   [ RunTime:0.0004s ]
INFO: [ view_parse ] --START--
INFO: [ template_filter ] --START--
INFO: Run Behavior\ContentReplaceBehavior [ RunTime:0.000146s ]
INFO: [ template_filter ] --END-- [ RunTime:0.000213s ]
SQL: SHOW COLUMNS FROM `cms_menu` [ RunTime:0.0006s ]
SQL: SELECT * FROM `cms_menu` WHERE `status` <> -1 AND `type` = 1 ORDER BY listorder desc  [ RunTime:0.0003s ]
NOTIC: [8] Undefined variable: menu /Library/WebServer/News/Application/Runtime/Cache/Admin/ccc9ced3ad798311a07cb47b740981c5.php 第 86 行.
NOTIC: [8] Undefined variable: webSiteMenu /Library/WebServer/News/Application/Runtime/Cache/Admin/ccc9ced3ad798311a07cb47b740981c5.php 第 126 行.
SQL: SELECT `name` FROM `cms_menu` WHERE `type` = 0 AND `menu_id` = 3 LIMIT 1   [ RunTime:0.0002s ]
NOTIC: [8] Undefined variable: webSiteMenu /Library/WebServer/News/Application/Runtime/Cache/Admin/ccc9ced3ad798311a07cb47b740981c5.php 第 169 行.
SQL: SELECT `name` FROM `cms_menu` WHERE `type` = 0 AND `menu_id` = null LIMIT 1   [ RunTime:0.0002s ]
SQL: SELECT `name` FROM `cms_menu` WHERE `type` = 0 AND `menu_id` = 12 LIMIT 1   [ RunTime:0.0002s ]
NOTIC: [8] Undefined variable: webSiteMenu /Library/WebServer/News/Application/Runtime/Cache/Admin/ccc9ced3ad798311a07cb47b740981c5.php 第 169 行.
SQL: SELECT `name` FROM `cms_menu` WHERE `type` = 0 AND `menu_id` = null LIMIT 1   [ RunTime:0.0002s ]
NOTIC: [8] Undefined variable: positions /Library/WebServer/News/Application/Runtime/Cache/Admin/ccc9ced3ad798311a07cb47b740981c5.php 第 201 行.
INFO: Run Behavior\ParseTemplateBehavior [ RunTime:0.017601s ]
INFO: [ view_parse ] --END-- [ RunTime:0.017637s ]
INFO: [ view_filter ] --START--
INFO: Run Behavior\WriteHtmlCacheBehavior [ RunTime:0.000169s ]
INFO: [ view_filter ] --END-- [ RunTime:0.000193s ]
INFO: [ app_end ] --START--
INFO: Run Behavior\ShowPageTraceBehavior [ RunTime:0.000562s ]
INFO: [ app_end ] --END-- [ RunTime:0.000611s ]

[ 2017-11-03T08:54:58+08:00 ] 127.0.0.1 /admin.php/Content/index/m/admin/p/2.html
INFO: [ app_init ] --START--
INFO: Run Behavior\BuildLiteBehavior [ RunTime:0.000009s ]
INFO: [ app_init ] --END-- [ RunTime:0.000214s ]
INFO: [ app_begin ] --START--
INFO: Run Behavior\ReadHtmlCacheBehavior [ RunTime:0.000274s ]
INFO: [ app_begin ] --END-- [ RunTime:0.000305s ]
SQL: SHOW COLUMNS FROM `cms_news` [ RunTime:0.0006s ]
SQL: SELECT COUNT(*) AS tp_count FROM `cms_news` LIMIT 1   [ RunTime:0.0002s ]
SQL: SELECT * FROM `cms_news` ORDER BY listorder DESC LIMIT 3,3   [ RunTime:0.0003s ]
INFO: [ view_parse ] --START--
INFO: [ template_filter ] --START--
INFO: Run Behavior\ContentReplaceBehavior [ RunTime:0.000040s ]
INFO: [ template_filter ] --END-- [ RunTime:0.000076s ]
SQL: SHOW COLUMNS FROM `cms_menu` [ RunTime:0.0005s ]
SQL: SELECT * FROM `cms_menu` WHERE `status` <> -1 AND `type` = 1 ORDER BY listorder desc  [ RunTime:0.0003s ]
NOTIC: [8] Undefined variable: menu /Library/WebServer/News/Application/Runtime/Cache/Admin/ccc9ced3ad798311a07cb47b740981c5.php 第 86 行.
NOTIC: [8] Undefined variable: webSiteMenu /Library/WebServer/News/Application/Runtime/Cache/Admin/ccc9ced3ad798311a07cb47b740981c5.php 第 126 行.
SQL: SELECT `name` FROM `cms_menu` WHERE `type` = 0 AND `menu_id` = 3 LIMIT 1   [ RunTime:0.0003s ]
NOTIC: [8] Undefined variable: webSiteMenu /Library/WebServer/News/Application/Runtime/Cache/Admin/ccc9ced3ad798311a07cb47b740981c5.php 第 169 行.
SQL: SELECT `name` FROM `cms_menu` WHERE `type` = 0 AND `menu_id` = null LIMIT 1   [ RunTime:0.0002s ]
SQL: SELECT `name` FROM `cms_menu` WHERE `type` = 0 AND `menu_id` = 3 LIMIT 1   [ RunTime:0.0002s ]
NOTIC: [8] Undefined variable: webSiteMenu /Library/WebServer/News/Application/Runtime/Cache/Admin/ccc9ced3ad798311a07cb47b740981c5.php 第 169 行.
SQL: SELECT `name` FROM `cms_menu` WHERE `type` = 0 AND `menu_id` = null LIMIT 1   [ RunTime:0.0002s ]
SQL: SELECT `name` FROM `cms_menu` WHERE `type` = 0 AND `menu_id` = 8 LIMIT 1   [ RunTime:0.0002s ]
NOTIC: [8] Undefined variable: webSiteMenu /Library/WebServer/News/Application/Runtime/Cache/Admin/ccc9ced3ad798311a07cb47b740981c5.php 第 169 行.
SQL: SELECT `name` FROM `cms_menu` WHERE `type` = 0 AND `menu_id` = null LIMIT 1   [ RunTime:0.0002s ]
NOTIC: [8] Undefined variable: positions /Library/WebServer/News/Application/Runtime/Cache/Admin/ccc9ced3ad798311a07cb47b740981c5.php 第 201 行.
INFO: Run Behavior\ParseTemplateBehavior [ RunTime:0.012387s ]
INFO: [ view_parse ] --END-- [ RunTime:0.012414s ]
INFO: [ view_filter ] --START--
INFO: Run Behavior\WriteHtmlCacheBehavior [ RunTime:0.000151s ]
INFO: [ view_filter ] --END-- [ RunTime:0.000173s ]
INFO: [ app_end ] --START--
INFO: Run Behavior\ShowPageTraceBehavior [ RunTime:0.000484s ]
INFO: [ app_end ] --END-- [ RunTime:0.000534s ]

[ 2017-11-03T08:55:03+08:00 ] 127.0.0.1 /admin.php/Content/index/m/admin/p/3.html
INFO: [ app_init ] --START--
INFO: Run Behavior\BuildLiteBehavior [ RunTime:0.000009s ]
INFO: [ app_init ] --END-- [ RunTime:0.000215s ]
INFO: [ app_begin ] --START--
INFO: Run Behavior\ReadHtmlCacheBehavior [ RunTime:0.000270s ]
INFO: [ app_begin ] --END-- [ RunTime:0.000300s ]
SQL: SHOW COLUMNS FROM `cms_news` [ RunTime:0.0005s ]
SQL: SELECT COUNT(*) AS tp_count FROM `cms_news` LIMIT 1   [ RunTime:0.0002s ]
SQL: SELECT * FROM `cms_news` ORDER BY listorder DESC LIMIT 6,3   [ RunTime:0.0003s ]
INFO: [ view_parse ] --START--
INFO: [ template_filter ] --START--
INFO: Run Behavior\ContentReplaceBehavior [ RunTime:0.000039s ]
INFO: [ template_filter ] --END-- [ RunTime:0.000079s ]
SQL: SHOW COLUMNS FROM `cms_menu` [ RunTime:0.0005s ]
SQL: SELECT * FROM `cms_menu` WHERE `status` <> -1 AND `type` = 1 ORDER BY listorder desc  [ RunTime:0.0003s ]
NOTIC: [8] Undefined variable: menu /Library/WebServer/News/Application/Runtime/Cache/Admin/ccc9ced3ad798311a07cb47b740981c5.php 第 86 行.
NOTIC: [8] Undefined variable: webSiteMenu /Library/WebServer/News/Application/Runtime/Cache/Admin/ccc9ced3ad798311a07cb47b740981c5.php 第 126 行.
SQL: SELECT `name` FROM `cms_menu` WHERE `type` = 0 AND `menu_id` = 3 LIMIT 1   [ RunTime:0.0002s ]
NOTIC: [8] Undefined variable: webSiteMenu /Library/WebServer/News/Application/Runtime/Cache/Admin/ccc9ced3ad798311a07cb47b740981c5.php 第 169 行.
SQL: SELECT `name` FROM `cms_menu` WHERE `type` = 0 AND `menu_id` = null LIMIT 1   [ RunTime:0.0002s ]
SQL: SELECT `name` FROM `cms_menu` WHERE `type` = 0 AND `menu_id` = 12 LIMIT 1   [ RunTime:0.0002s ]
NOTIC: [8] Undefined variable: webSiteMenu /Library/WebServer/News/Application/Runtime/Cache/Admin/ccc9ced3ad798311a07cb47b740981c5.php 第 169 行.
SQL: SELECT `name` FROM `cms_menu` WHERE `type` = 0 AND `menu_id` = null LIMIT 1   [ RunTime:0.0002s ]
NOTIC: [8] Undefined variable: positions /Library/WebServer/News/Application/Runtime/Cache/Admin/ccc9ced3ad798311a07cb47b740981c5.php 第 201 行.
INFO: Run Behavior\ParseTemplateBehavior [ RunTime:0.012740s ]
INFO: [ view_parse ] --END-- [ RunTime:0.012768s ]
INFO: [ view_filter ] --START--
INFO: Run Behavior\WriteHtmlCacheBehavior [ RunTime:0.000146s ]
INFO: [ view_filter ] --END-- [ RunTime:0.000170s ]
INFO: [ app_end ] --START--
INFO: Run Behavior\ShowPageTraceBehavior [ RunTime:0.000443s ]
INFO: [ app_end ] --END-- [ RunTime:0.000485s ]

[ 2017-11-03T08:55:05+08:00 ] 127.0.0.1 /admin.php/Content/index/m/admin/p/1.html
INFO: [ app_init ] --START--
INFO: Run Behavior\BuildLiteBehavior [ RunTime:0.000017s ]
INFO: [ app_init ] --END-- [ RunTime:0.000367s ]
INFO: [ app_begin ] --START--
INFO: Run Behavior\ReadHtmlCacheBehavior [ RunTime:0.000688s ]
INFO: [ app_begin ] --END-- [ RunTime:0.000761s ]
SQL: SHOW COLUMNS FROM `cms_news` [ RunTime:0.0005s ]
SQL: SELECT COUNT(*) AS tp_count FROM `cms_news` LIMIT 1   [ RunTime:0.0002s ]
SQL: SELECT * FROM `cms_news` ORDER BY listorder DESC LIMIT 0,3   [ RunTime:0.0003s ]
INFO: [ view_parse ] --START--
INFO: [ template_filter ] --START--
INFO: Run Behavior\ContentReplaceBehavior [ RunTime:0.000060s ]
INFO: [ template_filter ] --END-- [ RunTime:0.000121s ]
SQL: SHOW COLUMNS FROM `cms_menu` [ RunTime:0.0005s ]
SQL: SELECT * FROM `cms_menu` WHERE `status` <> -1 AND `type` = 1 ORDER BY listorder desc  [ RunTime:0.0003s ]
NOTIC: [8] Undefined variable: menu /Library/WebServer/News/Application/Runtime/Cache/Admin/ccc9ced3ad798311a07cb47b740981c5.php 第 86 行.
NOTIC: [8] Undefined variable: webSiteMenu /Library/WebServer/News/Application/Runtime/Cache/Admin/ccc9ced3ad798311a07cb47b740981c5.php 第 126 行.
SQL: SELECT `name` FROM `cms_menu` WHERE `type` = 0 AND `menu_id` = 3 LIMIT 1   [ RunTime:0.0002s ]
NOTIC: [8] Undefined variable: webSiteMenu /Library/WebServer/News/Application/Runtime/Cache/Admin/ccc9ced3ad798311a07cb47b740981c5.php 第 169 行.
SQL: SELECT `name` FROM `cms_menu` WHERE `type` = 0 AND `menu_id` = null LIMIT 1   [ RunTime:0.0002s ]
SQL: SELECT `name` FROM `cms_menu` WHERE `type` = 0 AND `menu_id` = 3 LIMIT 1   [ RunTime:0.0002s ]
NOTIC: [8] Undefined variable: webSiteMenu /Library/WebServer/News/Application/Runtime/Cache/Admin/ccc9ced3ad798311a07cb47b740981c5.php 第 169 行.
SQL: SELECT `name` FROM `cms_menu` WHERE `type` = 0 AND `menu_id` = null LIMIT 1   [ RunTime:0.0002s ]
SQL: SELECT `name` FROM `cms_menu` WHERE `type` = 0 AND `menu_id` = 3 LIMIT 1   [ RunTime:0.0002s ]
NOTIC: [8] Undefined variable: webSiteMenu /Library/WebServer/News/Application/Runtime/Cache/Admin/ccc9ced3ad798311a07cb47b740981c5.php 第 169 行.
SQL: SELECT `name` FROM `cms_menu` WHERE `type` = 0 AND `menu_id` = null LIMIT 1   [ RunTime:0.0001s ]
NOTIC: [8] Undefined variable: positions /Library/WebServer/News/Application/Runtime/Cache/Admin/ccc9ced3ad798311a07cb47b740981c5.php 第 201 行.
INFO: Run Behavior\ParseTemplateBehavior [ RunTime:0.013056s ]
INFO: [ view_parse ] --END-- [ RunTime:0.013083s ]
INFO: [ view_filter ] --START--
INFO: Run Behavior\WriteHtmlCacheBehavior [ RunTime:0.000147s ]
INFO: [ view_filter ] --END-- [ RunTime:0.000170s ]
INFO: [ app_end ] --START--
INFO: Run Behavior\ShowPageTraceBehavior [ RunTime:0.000488s ]
INFO: [ app_end ] --END-- [ RunTime:0.000529s ]

[ 2017-11-03T08:55:27+08:00 ] 127.0.0.1 /admin.php/Content/index/m/admin/p/2.html
INFO: [ app_init ] --START--
INFO: Run Behavior\BuildLiteBehavior [ RunTime:0.000025s ]
INFO: [ app_init ] --END-- [ RunTime:0.000351s ]
INFO: [ app_begin ] --START--
INFO: Run Behavior\ReadHtmlCacheBehavior [ RunTime:0.000458s ]
INFO: [ app_begin ] --END-- [ RunTime:0.000500s ]
SQL: SHOW COLUMNS FROM `cms_news` [ RunTime:0.0006s ]
SQL: SELECT COUNT(*) AS tp_count FROM `cms_news` LIMIT 1   [ RunTime:0.0002s ]
SQL: SELECT * FROM `cms_news` ORDER BY listorder DESC LIMIT 3,3   [ RunTime:0.0004s ]
INFO: [ view_parse ] --START--
INFO: [ template_filter ] --START--
INFO: Run Behavior\ContentReplaceBehavior [ RunTime:0.000104s ]
INFO: [ template_filter ] --END-- [ RunTime:0.000149s ]
SQL: SHOW COLUMNS FROM `cms_menu` [ RunTime:0.0009s ]
SQL: SELECT * FROM `cms_menu` WHERE `status` <> -1 AND `type` = 1 ORDER BY listorder desc  [ RunTime:0.0004s ]
NOTIC: [8] Undefined variable: menu /Library/WebServer/News/Application/Runtime/Cache/Admin/ccc9ced3ad798311a07cb47b740981c5.php 第 86 行.
NOTIC: [8] Undefined variable: webSiteMenu /Library/WebServer/News/Application/Runtime/Cache/Admin/ccc9ced3ad798311a07cb47b740981c5.php 第 126 行.
SQL: SELECT `name` FROM `cms_menu` WHERE `type` = 0 AND `menu_id` = 3 LIMIT 1   [ RunTime:0.0002s ]
NOTIC: [8] Undefined variable: webSiteMenu /Library/WebServer/News/Application/Runtime/Cache/Admin/ccc9ced3ad798311a07cb47b740981c5.php 第 169 行.
SQL: SELECT `name` FROM `cms_menu` WHERE `type` = 0 AND `menu_id` = null LIMIT 1   [ RunTime:0.0002s ]
SQL: SELECT `name` FROM `cms_menu` WHERE `type` = 0 AND `menu_id` = 3 LIMIT 1   [ RunTime:0.0002s ]
NOTIC: [8] Undefined variable: webSiteMenu /Library/WebServer/News/Application/Runtime/Cache/Admin/ccc9ced3ad798311a07cb47b740981c5.php 第 169 行.
SQL: SELECT `name` FROM `cms_menu` WHERE `type` = 0 AND `menu_id` = null LIMIT 1   [ RunTime:0.0002s ]
SQL: SELECT `name` FROM `cms_menu` WHERE `type` = 0 AND `menu_id` = 8 LIMIT 1   [ RunTime:0.0002s ]
NOTIC: [8] Undefined variable: webSiteMenu /Library/WebServer/News/Application/Runtime/Cache/Admin/ccc9ced3ad798311a07cb47b740981c5.php 第 169 行.
SQL: SELECT `name` FROM `cms_menu` WHERE `type` = 0 AND `menu_id` = null LIMIT 1   [ RunTime:0.0002s ]
NOTIC: [8] Undefined variable: positions /Library/WebServer/News/Application/Runtime/Cache/Admin/ccc9ced3ad798311a07cb47b740981c5.php 第 201 行.
INFO: Run Behavior\ParseTemplateBehavior [ RunTime:0.017765s ]
INFO: [ view_parse ] --END-- [ RunTime:0.017804s ]
INFO: [ view_filter ] --START--
INFO: Run Behavior\WriteHtmlCacheBehavior [ RunTime:0.000169s ]
INFO: [ view_filter ] --END-- [ RunTime:0.000193s ]
INFO: [ app_end ] --START--
INFO: Run Behavior\ShowPageTraceBehavior [ RunTime:0.000631s ]
INFO: [ app_end ] --END-- [ RunTime:0.000681s ]

[ 2017-11-03T08:55:29+08:00 ] 127.0.0.1 /admin.php/Content/index/m/admin/p/1.html
INFO: [ app_init ] --START--
INFO: Run Behavior\BuildLiteBehavior [ RunTime:0.000010s ]
INFO: [ app_init ] --END-- [ RunTime:0.000224s ]
INFO: [ app_begin ] --START--
INFO: Run Behavior\ReadHtmlCacheBehavior [ RunTime:0.000310s ]
INFO: [ app_begin ] --END-- [ RunTime:0.000342s ]
SQL: SHOW COLUMNS FROM `cms_news` [ RunTime:0.0005s ]
SQL: SELECT COUNT(*) AS tp_count FROM `cms_news` LIMIT 1   [ RunTime:0.0002s ]
SQL: SELECT * FROM `cms_news` ORDER BY listorder DESC LIMIT 0,3   [ RunTime:0.0004s ]
INFO: [ view_parse ] --START--
INFO: [ template_filter ] --START--
INFO: Run Behavior\ContentReplaceBehavior [ RunTime:0.000041s ]
INFO: [ template_filter ] --END-- [ RunTime:0.000105s ]
SQL: SHOW COLUMNS FROM `cms_menu` [ RunTime:0.0006s ]
SQL: SELECT * FROM `cms_menu` WHERE `status` <> -1 AND `type` = 1 ORDER BY listorder desc  [ RunTime:0.0003s ]
NOTIC: [8] Undefined variable: menu /Library/WebServer/News/Application/Runtime/Cache/Admin/ccc9ced3ad798311a07cb47b740981c5.php 第 86 行.
NOTIC: [8] Undefined variable: webSiteMenu /Library/WebServer/News/Application/Runtime/Cache/Admin/ccc9ced3ad798311a07cb47b740981c5.php 第 126 行.
SQL: SELECT `name` FROM `cms_menu` WHERE `type` = 0 AND `menu_id` = 3 LIMIT 1   [ RunTime:0.0002s ]
NOTIC: [8] Undefined variable: webSiteMenu /Library/WebServer/News/Application/Runtime/Cache/Admin/ccc9ced3ad798311a07cb47b740981c5.php 第 169 行.
SQL: SELECT `name` FROM `cms_menu` WHERE `type` = 0 AND `menu_id` = null LIMIT 1   [ RunTime:0.0002s ]
SQL: SELECT `name` FROM `cms_menu` WHERE `type` = 0 AND `menu_id` = 3 LIMIT 1   [ RunTime:0.0003s ]
NOTIC: [8] Undefined variable: webSiteMenu /Library/WebServer/News/Application/Runtime/Cache/Admin/ccc9ced3ad798311a07cb47b740981c5.php 第 169 行.
SQL: SELECT `name` FROM `cms_menu` WHERE `type` = 0 AND `menu_id` = null LIMIT 1   [ RunTime:0.0002s ]
SQL: SELECT `name` FROM `cms_menu` WHERE `type` = 0 AND `menu_id` = 3 LIMIT 1   [ RunTime:0.0002s ]
NOTIC: [8] Undefined variable: webSiteMenu /Library/WebServer/News/Application/Runtime/Cache/Admin/ccc9ced3ad798311a07cb47b740981c5.php 第 169 行.
SQL: SELECT `name` FROM `cms_menu` WHERE `type` = 0 AND `menu_id` = null LIMIT 1   [ RunTime:0.0004s ]
NOTIC: [8] Undefined variable: positions /Library/WebServer/News/Application/Runtime/Cache/Admin/ccc9ced3ad798311a07cb47b740981c5.php 第 201 行.
INFO: Run Behavior\ParseTemplateBehavior [ RunTime:0.015809s ]
INFO: [ view_parse ] --END-- [ RunTime:0.015846s ]
INFO: [ view_filter ] --START--
INFO: Run Behavior\WriteHtmlCacheBehavior [ RunTime:0.000307s ]
INFO: [ view_filter ] --END-- [ RunTime:0.000356s ]
INFO: [ app_end ] --START--
INFO: Run Behavior\ShowPageTraceBehavior [ RunTime:0.000572s ]
INFO: [ app_end ] --END-- [ RunTime:0.000639s ]

[ 2017-11-03T08:59:27+08:00 ] 127.0.0.1 /admin.php?c=content&a=edit&id=21
INFO: [ app_init ] --START--
INFO: Run Behavior\BuildLiteBehavior [ RunTime:0.000027s ]
INFO: [ app_init ] --END-- [ RunTime:0.000423s ]
INFO: [ app_begin ] --START--
INFO: Run Behavior\ReadHtmlCacheBehavior [ RunTime:0.000526s ]
INFO: [ app_begin ] --END-- [ RunTime:0.000571s ]
INFO: [ view_parse ] --START--
INFO: [ template_filter ] --START--
INFO: Run Behavior\ContentReplaceBehavior [ RunTime:0.000124s ]
INFO: [ template_filter ] --END-- [ RunTime:0.000164s ]
SQL: SHOW COLUMNS FROM `cms_menu` [ RunTime:0.0005s ]
SQL: SELECT * FROM `cms_menu` WHERE `status` <> -1 AND `type` = 1 ORDER BY listorder desc  [ RunTime:0.0004s ]
NOTIC: [8] Undefined variable: menu /Library/WebServer/News/Application/Runtime/Cache/Admin/c9346596b4ea11ecbab575e85e082471.php 第 83 行.
NOTIC: [8] Undefined variable: news /Library/WebServer/News/Application/Runtime/Cache/Admin/c9346596b4ea11ecbab575e85e082471.php 第 122 行.
NOTIC: [8] Undefined variable: news /Library/WebServer/News/Application/Runtime/Cache/Admin/c9346596b4ea11ecbab575e85e082471.php 第 128 行.
NOTIC: [8] Undefined variable: news /Library/WebServer/News/Application/Runtime/Cache/Admin/c9346596b4ea11ecbab575e85e082471.php 第 135 行.
NOTIC: [8] Undefined variable: news /Library/WebServer/News/Application/Runtime/Cache/Admin/c9346596b4ea11ecbab575e85e082471.php 第 136 行.
NOTIC: [8] Undefined variable: titleFontColor /Library/WebServer/News/Application/Runtime/Cache/Admin/c9346596b4ea11ecbab575e85e082471.php 第 144 行.
NOTIC: [8] Undefined variable: webSiteMenu /Library/WebServer/News/Application/Runtime/Cache/Admin/c9346596b4ea11ecbab575e85e082471.php 第 153 行.
NOTIC: [8] Undefined variable: copyfrom /Library/WebServer/News/Application/Runtime/Cache/Admin/c9346596b4ea11ecbab575e85e082471.php 第 162 行.
NOTIC: [8] Undefined variable: news /Library/WebServer/News/Application/Runtime/Cache/Admin/c9346596b4ea11ecbab575e85e082471.php 第 170 行.
NOTIC: [8] Undefined variable: news /Library/WebServer/News/Application/Runtime/Cache/Admin/c9346596b4ea11ecbab575e85e082471.php 第 176 行.
NOTIC: [8] Undefined variable: news /Library/WebServer/News/Application/Runtime/Cache/Admin/c9346596b4ea11ecbab575e85e082471.php 第 182 行.
NOTIC: [8] Undefined variable: news /Library/WebServer/News/Application/Runtime/Cache/Admin/c9346596b4ea11ecbab575e85e082471.php 第 185 行.
NOTIC: [8] Undefined variable: news /Library/WebServer/News/Application/Runtime/Cache/Admin/c9346596b4ea11ecbab575e85e082471.php 第 228 行.
INFO: Run Behavior\ParseTemplateBehavior [ RunTime:0.026807s ]
INFO: [ view_parse ] --END-- [ RunTime:0.026865s ]
INFO: [ view_filter ] --START--
INFO: Run Behavior\WriteHtmlCacheBehavior [ RunTime:0.000153s ]
INFO: [ view_filter ] --END-- [ RunTime:0.000184s ]
INFO: [ app_end ] --START--
INFO: Run Behavior\ShowPageTraceBehavior [ RunTime:0.001293s ]
INFO: [ app_end ] --END-- [ RunTime:0.001363s ]

[ 2017-11-03T08:59:32+08:00 ] 127.0.0.1 /admin.php?c=content&a=add
INFO: [ app_init ] --START--
INFO: Run Behavior\BuildLiteBehavior [ RunTime:0.000010s ]
INFO: [ app_init ] --END-- [ RunTime:0.000280s ]
INFO: [ app_begin ] --START--
INFO: Run Behavior\ReadHtmlCacheBehavior [ RunTime:0.000433s ]
INFO: [ app_begin ] --END-- [ RunTime:0.000476s ]
INFO: [ view_parse ] --START--
INFO: [ template_filter ] --START--
INFO: Run Behavior\ContentReplaceBehavior [ RunTime:0.000037s ]
INFO: [ template_filter ] --END-- [ RunTime:0.000079s ]
SQL: SHOW COLUMNS FROM `cms_menu` [ RunTime:0.0005s ]
SQL: SELECT * FROM `cms_menu` WHERE `status` <> -1 AND `type` = 1 ORDER BY listorder desc  [ RunTime:0.0004s ]
NOTIC: [8] Undefined variable: menu /Library/WebServer/News/Application/Runtime/Cache/Admin/e2744aea2724da3a85f9df759ede898a.php 第 83 行.
NOTIC: [8] Undefined variable: titleFontColor /Library/WebServer/News/Application/Runtime/Cache/Admin/e2744aea2724da3a85f9df759ede898a.php 第 144 行.
NOTIC: [8] Undefined variable: webSiteMenu /Library/WebServer/News/Application/Runtime/Cache/Admin/e2744aea2724da3a85f9df759ede898a.php 第 153 行.
NOTIC: [8] Undefined variable: copyfrom /Library/WebServer/News/Application/Runtime/Cache/Admin/e2744aea2724da3a85f9df759ede898a.php 第 162 行.
INFO: Run Behavior\ParseTemplateBehavior [ RunTime:0.022545s ]
INFO: [ view_parse ] --END-- [ RunTime:0.022576s ]
INFO: [ view_filter ] --START--
INFO: Run Behavior\WriteHtmlCacheBehavior [ RunTime:0.000163s ]
INFO: [ view_filter ] --END-- [ RunTime:0.000207s ]
INFO: [ app_end ] --START--
INFO: Run Behavior\ShowPageTraceBehavior [ RunTime:0.000644s ]
INFO: [ app_end ] --END-- [ RunTime:0.000699s ]

[ 2017-11-03T09:07:38+08:00 ] 127.0.0.1 /admin.php/Content/index/m/admin/p/1.html
INFO: [ app_init ] --START--
INFO: Run Behavior\BuildLiteBehavior [ RunTime:0.000026s ]
INFO: [ app_init ] --END-- [ RunTime:0.000368s ]
INFO: [ app_begin ] --START--
INFO: Run Behavior\ReadHtmlCacheBehavior [ RunTime:0.000690s ]
INFO: [ app_begin ] --END-- [ RunTime:0.000759s ]
SQL: SHOW COLUMNS FROM `cms_position` [ RunTime:0.0007s ]
SQL: SELECT * FROM `cms_position` WHERE `status` = 1  [ RunTime:0.0003s ]
SQL: SHOW COLUMNS FROM `cms_news` [ RunTime:0.0012s ]
SQL: SELECT COUNT(*) AS tp_count FROM `cms_news` LIMIT 1   [ RunTime:0.0002s ]
SQL: SELECT * FROM `cms_news` ORDER BY listorder DESC LIMIT 0,3   [ RunTime:0.0003s ]
INFO: [ view_parse ] --START--
INFO: [ template_filter ] --START--
INFO: Run Behavior\ContentReplaceBehavior [ RunTime:0.000104s ]
INFO: [ template_filter ] --END-- [ RunTime:0.000141s ]
SQL: SHOW COLUMNS FROM `cms_menu` [ RunTime:0.0005s ]
SQL: SELECT * FROM `cms_menu` WHERE `status` <> -1 AND `type` = 1 ORDER BY listorder desc  [ RunTime:0.0003s ]
NOTIC: [8] Undefined variable: menu /Library/WebServer/News/Application/Runtime/Cache/Admin/ccc9ced3ad798311a07cb47b740981c5.php 第 86 行.
NOTIC: [8] Undefined variable: webSiteMenu /Library/WebServer/News/Application/Runtime/Cache/Admin/ccc9ced3ad798311a07cb47b740981c5.php 第 126 行.
SQL: SELECT `name` FROM `cms_menu` WHERE `type` = 0 AND `menu_id` = 3 LIMIT 1   [ RunTime:0.0002s ]
NOTIC: [8] Undefined variable: webSiteMenu /Library/WebServer/News/Application/Runtime/Cache/Admin/ccc9ced3ad798311a07cb47b740981c5.php 第 169 行.
SQL: SELECT `name` FROM `cms_menu` WHERE `type` = 0 AND `menu_id` = null LIMIT 1   [ RunTime:0.0003s ]
SQL: SELECT `name` FROM `cms_menu` WHERE `type` = 0 AND `menu_id` = 3 LIMIT 1   [ RunTime:0.0002s ]
NOTIC: [8] Undefined variable: webSiteMenu /Library/WebServer/News/Application/Runtime/Cache/Admin/ccc9ced3ad798311a07cb47b740981c5.php 第 169 行.
SQL: SELECT `name` FROM `cms_menu` WHERE `type` = 0 AND `menu_id` = null LIMIT 1   [ RunTime:0.0002s ]
SQL: SELECT `name` FROM `cms_menu` WHERE `type` = 0 AND `menu_id` = 3 LIMIT 1   [ RunTime:0.0002s ]
NOTIC: [8] Undefined variable: webSiteMenu /Library/WebServer/News/Application/Runtime/Cache/Admin/ccc9ced3ad798311a07cb47b740981c5.php 第 169 行.
SQL: SELECT `name` FROM `cms_menu` WHERE `type` = 0 AND `menu_id` = null LIMIT 1   [ RunTime:0.0002s ]
INFO: Run Behavior\ParseTemplateBehavior [ RunTime:0.026261s ]
INFO: [ view_parse ] --END-- [ RunTime:0.026304s ]
INFO: [ view_filter ] --START--
INFO: Run Behavior\WriteHtmlCacheBehavior [ RunTime:0.000161s ]
INFO: [ view_filter ] --END-- [ RunTime:0.000194s ]
INFO: [ app_end ] --START--
INFO: Run Behavior\ShowPageTraceBehavior [ RunTime:0.000727s ]
INFO: [ app_end ] --END-- [ RunTime:0.000780s ]

[ 2017-11-03T09:08:14+08:00 ] 127.0.0.1 /admin.php?c=position&a=index
INFO: [ app_init ] --START--
INFO: Run Behavior\BuildLiteBehavior [ RunTime:0.000009s ]
INFO: [ app_init ] --END-- [ RunTime:0.000213s ]
INFO: [ app_begin ] --START--
INFO: Run Behavior\ReadHtmlCacheBehavior [ RunTime:0.000267s ]
INFO: [ app_begin ] --END-- [ RunTime:0.000297s ]
SQL: SHOW COLUMNS FROM `cms_position` [ RunTime:0.0008s ]
SQL: SELECT COUNT(*) AS tp_count FROM `cms_position` LIMIT 1   [ RunTime:0.0009s ]
SQL: SELECT * FROM `cms_position` LIMIT 0,3   [ RunTime:0.0003s ]
INFO: [ view_parse ] --START--
INFO: [ template_filter ] --START--
INFO: Run Behavior\ContentReplaceBehavior [ RunTime:0.000031s ]
INFO: [ template_filter ] --END-- [ RunTime:0.000064s ]
SQL: SHOW COLUMNS FROM `cms_menu` [ RunTime:0.0006s ]
SQL: SELECT * FROM `cms_menu` WHERE `status` <> -1 AND `type` = 1 ORDER BY listorder desc  [ RunTime:0.0004s ]
NOTIC: [8] Undefined variable: menu /Library/WebServer/News/Application/Runtime/Cache/Admin/3a437f75b5b60a521a3ad0fc93a5ab5f.php 第 83 行.
NOTIC: [8] Undefined variable: nav /Library/WebServer/News/Application/Runtime/Cache/Admin/3a437f75b5b60a521a3ad0fc93a5ab5f.php 第 105 行.
INFO: Run Behavior\ParseTemplateBehavior [ RunTime:0.008124s ]
INFO: [ view_parse ] --END-- [ RunTime:0.008152s ]
INFO: [ view_filter ] --START--
INFO: Run Behavior\WriteHtmlCacheBehavior [ RunTime:0.000144s ]
INFO: [ view_filter ] --END-- [ RunTime:0.000168s ]
INFO: [ app_end ] --START--
INFO: Run Behavior\ShowPageTraceBehavior [ RunTime:0.000579s ]
INFO: [ app_end ] --END-- [ RunTime:0.000620s ]

[ 2017-11-03T09:08:20+08:00 ] 127.0.0.1 /admin.php/Position/index/m/admin/p/2.html
INFO: [ app_init ] --START--
INFO: Run Behavior\BuildLiteBehavior [ RunTime:0.000027s ]
INFO: [ app_init ] --END-- [ RunTime:0.000359s ]
INFO: [ app_begin ] --START--
INFO: Run Behavior\ReadHtmlCacheBehavior [ RunTime:0.000463s ]
INFO: [ app_begin ] --END-- [ RunTime:0.000510s ]
SQL: SHOW COLUMNS FROM `cms_position` [ RunTime:0.0007s ]
SQL: SELECT COUNT(*) AS tp_count FROM `cms_position` LIMIT 1   [ RunTime:0.0002s ]
SQL: SELECT * FROM `cms_position` LIMIT 3,3   [ RunTime:0.0003s ]
INFO: [ view_parse ] --START--
INFO: [ template_filter ] --START--
INFO: Run Behavior\ContentReplaceBehavior [ RunTime:0.000076s ]
INFO: [ template_filter ] --END-- [ RunTime:0.000121s ]
SQL: SHOW COLUMNS FROM `cms_menu` [ RunTime:0.0006s ]
SQL: SELECT * FROM `cms_menu` WHERE `status` <> -1 AND `type` = 1 ORDER BY listorder desc  [ RunTime:0.0004s ]
NOTIC: [8] Undefined variable: menu /Library/WebServer/News/Application/Runtime/Cache/Admin/3a437f75b5b60a521a3ad0fc93a5ab5f.php 第 83 行.
NOTIC: [8] Undefined variable: nav /Library/WebServer/News/Application/Runtime/Cache/Admin/3a437f75b5b60a521a3ad0fc93a5ab5f.php 第 105 行.
INFO: Run Behavior\ParseTemplateBehavior [ RunTime:0.012906s ]
INFO: [ view_parse ] --END-- [ RunTime:0.012964s ]
INFO: [ view_filter ] --START--
INFO: Run Behavior\WriteHtmlCacheBehavior [ RunTime:0.000152s ]
INFO: [ view_filter ] --END-- [ RunTime:0.000195s ]
INFO: [ app_end ] --START--
INFO: Run Behavior\ShowPageTraceBehavior [ RunTime:0.001348s ]
INFO: [ app_end ] --END-- [ RunTime:0.001544s ]

[ 2017-11-03T09:08:22+08:00 ] 127.0.0.1 /admin.php?c=positioncontent&a=index
INFO: [ app_init ] --START--
INFO: Run Behavior\BuildLiteBehavior [ RunTime:0.000009s ]
INFO: [ app_init ] --END-- [ RunTime:0.000217s ]
INFO: [ app_begin ] --START--
INFO: Run Behavior\ReadHtmlCacheBehavior [ RunTime:0.000267s ]
INFO: [ app_begin ] --END-- [ RunTime:0.000297s ]
SQL: SHOW COLUMNS FROM `cms_position_content` [ RunTime:0.0004s ]
SQL: SELECT COUNT(*) AS tp_count FROM `cms_position_content` LIMIT 1   [ RunTime:0.0006s ]
SQL: SELECT * FROM `cms_position_content` ORDER BY listorder DESC LIMIT 0,5   [ RunTime:0.0008s ]
INFO: [ view_parse ] --START--
INFO: [ template_filter ] --START--
INFO: Run Behavior\ContentReplaceBehavior [ RunTime:0.000035s ]
INFO: [ template_filter ] --END-- [ RunTime:0.000071s ]
SQL: SHOW COLUMNS FROM `cms_menu` [ RunTime:0.0006s ]
SQL: SELECT * FROM `cms_menu` WHERE `status` <> -1 AND `type` = 1 ORDER BY listorder desc  [ RunTime:0.0003s ]
NOTIC: [8] Undefined variable: menu /Library/WebServer/News/Application/Runtime/Cache/Admin/b8a8b9d170e6c07d7b463ea02385894d.php 第 83 行.
NOTIC: [8] Undefined variable: positions /Library/WebServer/News/Application/Runtime/Cache/Admin/b8a8b9d170e6c07d7b463ea02385894d.php 第 124 行.
NOTIC: [8] Undefined variable: title /Library/WebServer/News/Application/Runtime/Cache/Admin/b8a8b9d170e6c07d7b463ea02385894d.php 第 134 行.
INFO: Run Behavior\ParseTemplateBehavior [ RunTime:0.011071s ]
INFO: [ view_parse ] --END-- [ RunTime:0.011103s ]
INFO: [ view_filter ] --START--
INFO: Run Behavior\WriteHtmlCacheBehavior [ RunTime:0.000145s ]
INFO: [ view_filter ] --END-- [ RunTime:0.000169s ]
INFO: [ app_end ] --START--
INFO: Run Behavior\ShowPageTraceBehavior [ RunTime:0.000628s ]
INFO: [ app_end ] --END-- [ RunTime:0.000675s ]

[ 2017-11-03T09:08:28+08:00 ] 127.0.0.1 /admin.php/Positioncontent/index/m/admin/p/3.html
INFO: [ app_init ] --START--
INFO: Run Behavior\BuildLiteBehavior [ RunTime:0.000013s ]
INFO: [ app_init ] --END-- [ RunTime:0.000313s ]
INFO: [ app_begin ] --START--
INFO: Run Behavior\ReadHtmlCacheBehavior [ RunTime:0.000285s ]
INFO: [ app_begin ] --END-- [ RunTime:0.000317s ]
SQL: SHOW COLUMNS FROM `cms_position_content` [ RunTime:0.0008s ]
SQL: SELECT COUNT(*) AS tp_count FROM `cms_position_content` LIMIT 1   [ RunTime:0.0002s ]
SQL: SELECT * FROM `cms_position_content` ORDER BY listorder DESC LIMIT 10,5   [ RunTime:0.0005s ]
INFO: [ view_parse ] --START--
INFO: [ template_filter ] --START--
INFO: Run Behavior\ContentReplaceBehavior [ RunTime:0.000037s ]
INFO: [ template_filter ] --END-- [ RunTime:0.000076s ]
SQL: SHOW COLUMNS FROM `cms_menu` [ RunTime:0.0006s ]
SQL: SELECT * FROM `cms_menu` WHERE `status` <> -1 AND `type` = 1 ORDER BY listorder desc  [ RunTime:0.0004s ]
NOTIC: [8] Undefined variable: menu /Library/WebServer/News/Application/Runtime/Cache/Admin/b8a8b9d170e6c07d7b463ea02385894d.php 第 83 行.
NOTIC: [8] Undefined variable: positions /Library/WebServer/News/Application/Runtime/Cache/Admin/b8a8b9d170e6c07d7b463ea02385894d.php 第 124 行.
NOTIC: [8] Undefined variable: title /Library/WebServer/News/Application/Runtime/Cache/Admin/b8a8b9d170e6c07d7b463ea02385894d.php 第 134 行.
INFO: Run Behavior\ParseTemplateBehavior [ RunTime:0.011978s ]
INFO: [ view_parse ] --END-- [ RunTime:0.012011s ]
INFO: [ view_filter ] --START--
INFO: Run Behavior\WriteHtmlCacheBehavior [ RunTime:0.000153s ]
INFO: [ view_filter ] --END-- [ RunTime:0.000227s ]
INFO: [ app_end ] --START--
INFO: Run Behavior\ShowPageTraceBehavior [ RunTime:0.000583s ]
INFO: [ app_end ] --END-- [ RunTime:0.000646s ]

[ 2017-11-03T09:08:32+08:00 ] 127.0.0.1 /admin.php?c=basic&a=index
INFO: [ app_init ] --START--
INFO: Run Behavior\BuildLiteBehavior [ RunTime:0.000008s ]
INFO: [ app_init ] --END-- [ RunTime:0.000212s ]
INFO: [ app_begin ] --START--
INFO: Run Behavior\ReadHtmlCacheBehavior [ RunTime:0.000266s ]
INFO: [ app_begin ] --END-- [ RunTime:0.000295s ]
NOTIC: [2048] Declaration of Common\Model\BasicModel::save() should be compatible with Think\Model::save($data = '', $options = Array) /Library/WebServer/News/Application/Common/Model/BasicModel.class.php 第 10 行.
NOTIC: [2048] Declaration of Common\Model\BasicModel::select() should be compatible with Think\Model::select($options = Array) /Library/WebServer/News/Application/Common/Model/BasicModel.class.php 第 10 行.
INFO: [ view_parse ] --START--
INFO: [ template_filter ] --START--
INFO: Run Behavior\ContentReplaceBehavior [ RunTime:0.000032s ]
INFO: [ template_filter ] --END-- [ RunTime:0.000127s ]
SQL: SHOW COLUMNS FROM `cms_menu` [ RunTime:0.0005s ]
SQL: SELECT * FROM `cms_menu` WHERE `status` <> -1 AND `type` = 1 ORDER BY listorder desc  [ RunTime:0.0004s ]
NOTIC: [8] Undefined variable: menu /Library/WebServer/News/Application/Runtime/Cache/Admin/bb97361d9e4731aec48331de29e1c4d1.php 第 83 行.
NOTIC: [8] Undefined variable: type /Library/WebServer/News/Application/Runtime/Cache/Admin/bb97361d9e4731aec48331de29e1c4d1.php 第 101 行.
NOTIC: [8] Undefined variable: type /Library/WebServer/News/Application/Runtime/Cache/Admin/bb97361d9e4731aec48331de29e1c4d1.php 第 102 行.
INFO: Run Behavior\ParseTemplateBehavior [ RunTime:0.016088s ]
INFO: [ view_parse ] --END-- [ RunTime:0.016120s ]
INFO: [ view_filter ] --START--
INFO: Run Behavior\WriteHtmlCacheBehavior [ RunTime:0.000163s ]
INFO: [ view_filter ] --END-- [ RunTime:0.000192s ]
INFO: [ app_end ] --START--
INFO: Run Behavior\ShowPageTraceBehavior [ RunTime:0.000336s ]
INFO: [ app_end ] --END-- [ RunTime:0.000367s ]

[ 2017-11-03T09:08:35+08:00 ] 127.0.0.1 /admin.php?c=menu&a=index
INFO: [ app_init ] --START--
INFO: Run Behavior\BuildLiteBehavior [ RunTime:0.000033s ]
INFO: [ app_init ] --END-- [ RunTime:0.000386s ]
INFO: [ app_begin ] --START--
INFO: Run Behavior\ReadHtmlCacheBehavior [ RunTime:0.000357s ]
INFO: [ app_begin ] --END-- [ RunTime:0.000433s ]
NOTIC: [8] Undefined index: type /Library/WebServer/News/Application/Admin/Controller/MenuController.class.php 第 32 行.
SQL: SHOW COLUMNS FROM `cms_menu` [ RunTime:0.0005s ]
SQL: SELECT COUNT(*) AS tp_count FROM `cms_menu` WHERE `status` <> -1 AND `type` = 0 LIMIT 1   [ RunTime:0.0003s ]
SQL: SELECT * FROM `cms_menu` WHERE `status` <> -1 AND `type` = 0 ORDER BY listorder DESC LIMIT 0,3   [ RunTime:0.0004s ]
INFO: [ view_parse ] --START--
INFO: [ template_filter ] --START--
INFO: Run Behavior\ContentReplaceBehavior [ RunTime:0.000043s ]
INFO: [ template_filter ] --END-- [ RunTime:0.000091s ]
SQL: SELECT * FROM `cms_menu` WHERE `status` <> -1 AND `type` = 1 ORDER BY listorder desc  [ RunTime:0.0005s ]
NOTIC: [8] Undefined variable: menu /Library/WebServer/News/Application/Runtime/Cache/Admin/b956215329b6f9aca22277599a4efdfc.php 第 85 行.
NOTIC: [8] Undefined variable: nav /Library/WebServer/News/Application/Runtime/Cache/Admin/b956215329b6f9aca22277599a4efdfc.php 第 110 行.
NOTIC: [8] Undefined variable: type /Library/WebServer/News/Application/Runtime/Cache/Admin/b956215329b6f9aca22277599a4efdfc.php 第 124 行.
NOTIC: [8] Undefined variable: type /Library/WebServer/News/Application/Runtime/Cache/Admin/b956215329b6f9aca22277599a4efdfc.php 第 125 行.
INFO: Run Behavior\ParseTemplateBehavior [ RunTime:0.010696s ]
INFO: [ view_parse ] --END-- [ RunTime:0.010725s ]
INFO: [ view_filter ] --START--
INFO: Run Behavior\WriteHtmlCacheBehavior [ RunTime:0.000215s ]
INFO: [ view_filter ] --END-- [ RunTime:0.000243s ]
INFO: [ app_end ] --START--
INFO: Run Behavior\ShowPageTraceBehavior [ RunTime:0.000955s ]
INFO: [ app_end ] --END-- [ RunTime:0.001247s ]

[ 2017-11-03T09:08:37+08:00 ] 127.0.0.1 /admin.php?c=menu&a=index
INFO: [ app_init ] --START--
INFO: Run Behavior\BuildLiteBehavior [ RunTime:0.000009s ]
INFO: [ app_init ] --END-- [ RunTime:0.000241s ]
INFO: [ app_begin ] --START--
INFO: Run Behavior\ReadHtmlCacheBehavior [ RunTime:0.000312s ]
INFO: [ app_begin ] --END-- [ RunTime:0.000360s ]
NOTIC: [8] Undefined index: type /Library/WebServer/News/Application/Admin/Controller/MenuController.class.php 第 32 行.
SQL: SHOW COLUMNS FROM `cms_menu` [ RunTime:0.0005s ]
SQL: SELECT COUNT(*) AS tp_count FROM `cms_menu` WHERE `status` <> -1 AND `type` = 0 LIMIT 1   [ RunTime:0.0005s ]
SQL: SELECT * FROM `cms_menu` WHERE `status` <> -1 AND `type` = 0 ORDER BY listorder DESC LIMIT 0,3   [ RunTime:0.0005s ]
INFO: [ view_parse ] --START--
INFO: [ template_filter ] --START--
INFO: Run Behavior\ContentReplaceBehavior [ RunTime:0.000038s ]
INFO: [ template_filter ] --END-- [ RunTime:0.000096s ]
SQL: SELECT * FROM `cms_menu` WHERE `status` <> -1 AND `type` = 1 ORDER BY listorder desc  [ RunTime:0.0005s ]
NOTIC: [8] Undefined variable: menu /Library/WebServer/News/Application/Runtime/Cache/Admin/b956215329b6f9aca22277599a4efdfc.php 第 85 行.
NOTIC: [8] Undefined variable: nav /Library/WebServer/News/Application/Runtime/Cache/Admin/b956215329b6f9aca22277599a4efdfc.php 第 110 行.
NOTIC: [8] Undefined variable: type /Library/WebServer/News/Application/Runtime/Cache/Admin/b956215329b6f9aca22277599a4efdfc.php 第 124 行.
NOTIC: [8] Undefined variable: type /Library/WebServer/News/Application/Runtime/Cache/Admin/b956215329b6f9aca22277599a4efdfc.php 第 125 行.
INFO: Run Behavior\ParseTemplateBehavior [ RunTime:0.009533s ]
INFO: [ view_parse ] --END-- [ RunTime:0.009573s ]
INFO: [ view_filter ] --START--
INFO: Run Behavior\WriteHtmlCacheBehavior [ RunTime:0.000192s ]
INFO: [ view_filter ] --END-- [ RunTime:0.000217s ]
INFO: [ app_end ] --START--
INFO: Run Behavior\ShowPageTraceBehavior [ RunTime:0.000576s ]
INFO: [ app_end ] --END-- [ RunTime:0.000613s ]

[ 2017-11-03T09:08:37+08:00 ] 127.0.0.1 /admin.php?c=content&a=index
INFO: [ app_init ] --START--
INFO: Run Behavior\BuildLiteBehavior [ RunTime:0.000009s ]
INFO: [ app_init ] --END-- [ RunTime:0.000207s ]
INFO: [ app_begin ] --START--
INFO: Run Behavior\ReadHtmlCacheBehavior [ RunTime:0.000363s ]
INFO: [ app_begin ] --END-- [ RunTime:0.000404s ]
SQL: SHOW COLUMNS FROM `cms_position` [ RunTime:0.0021s ]
SQL: SELECT * FROM `cms_position` WHERE `status` = 1  [ RunTime:0.0019s ]
SQL: SHOW COLUMNS FROM `cms_news` [ RunTime:0.0005s ]
SQL: SELECT COUNT(*) AS tp_count FROM `cms_news` LIMIT 1   [ RunTime:0.0002s ]
SQL: SELECT * FROM `cms_news` ORDER BY listorder DESC LIMIT 0,3   [ RunTime:0.0003s ]
INFO: [ view_parse ] --START--
INFO: [ template_filter ] --START--
INFO: Run Behavior\ContentReplaceBehavior [ RunTime:0.000036s ]
INFO: [ template_filter ] --END-- [ RunTime:0.000069s ]
SQL: SHOW COLUMNS FROM `cms_menu` [ RunTime:0.0005s ]
SQL: SELECT * FROM `cms_menu` WHERE `status` <> -1 AND `type` = 1 ORDER BY listorder desc  [ RunTime:0.0003s ]
NOTIC: [8] Undefined variable: menu /Library/WebServer/News/Application/Runtime/Cache/Admin/ccc9ced3ad798311a07cb47b740981c5.php 第 86 行.
NOTIC: [8] Undefined variable: webSiteMenu /Library/WebServer/News/Application/Runtime/Cache/Admin/ccc9ced3ad798311a07cb47b740981c5.php 第 126 行.
SQL: SELECT `name` FROM `cms_menu` WHERE `type` = 0 AND `menu_id` = 3 LIMIT 1   [ RunTime:0.0002s ]
NOTIC: [8] Undefined variable: webSiteMenu /Library/WebServer/News/Application/Runtime/Cache/Admin/ccc9ced3ad798311a07cb47b740981c5.php 第 169 行.
SQL: SELECT `name` FROM `cms_menu` WHERE `type` = 0 AND `menu_id` = null LIMIT 1   [ RunTime:0.0002s ]
SQL: SELECT `name` FROM `cms_menu` WHERE `type` = 0 AND `menu_id` = 3 LIMIT 1   [ RunTime:0.0002s ]
NOTIC: [8] Undefined variable: webSiteMenu /Library/WebServer/News/Application/Runtime/Cache/Admin/ccc9ced3ad798311a07cb47b740981c5.php 第 169 行.
SQL: SELECT `name` FROM `cms_menu` WHERE `type` = 0 AND `menu_id` = null LIMIT 1   [ RunTime:0.0001s ]
SQL: SELECT `name` FROM `cms_menu` WHERE `type` = 0 AND `menu_id` = 3 LIMIT 1   [ RunTime:0.0001s ]
NOTIC: [8] Undefined variable: webSiteMenu /Library/WebServer/News/Application/Runtime/Cache/Admin/ccc9ced3ad798311a07cb47b740981c5.php 第 169 行.
SQL: SELECT `name` FROM `cms_menu` WHERE `type` = 0 AND `menu_id` = null LIMIT 1   [ RunTime:0.0001s ]
INFO: Run Behavior\ParseTemplateBehavior [ RunTime:0.017481s ]
INFO: [ view_parse ] --END-- [ RunTime:0.017510s ]
INFO: [ view_filter ] --START--
INFO: Run Behavior\WriteHtmlCacheBehavior [ RunTime:0.000149s ]
INFO: [ view_filter ] --END-- [ RunTime:0.000172s ]
INFO: [ app_end ] --START--
INFO: Run Behavior\ShowPageTraceBehavior [ RunTime:0.000398s ]
INFO: [ app_end ] --END-- [ RunTime:0.000438s ]

[ 2017-11-03T09:08:39+08:00 ] 127.0.0.1 /admin.php?c=admin&a=index
INFO: [ app_init ] --START--
INFO: Run Behavior\BuildLiteBehavior [ RunTime:0.000008s ]
INFO: [ app_init ] --END-- [ RunTime:0.000208s ]
INFO: [ app_begin ] --START--
INFO: Run Behavior\ReadHtmlCacheBehavior [ RunTime:0.000260s ]
INFO: [ app_begin ] --END-- [ RunTime:0.000290s ]
SQL: SHOW COLUMNS FROM `cms_admin` [ RunTime:0.0008s ]
SQL: SELECT COUNT(*) AS tp_count FROM `cms_admin` LIMIT 1   [ RunTime:0.0003s ]
SQL: SELECT * FROM `cms_admin` LIMIT 0,3   [ RunTime:0.0012s ]
INFO: [ view_parse ] --START--
INFO: [ template_filter ] --START--
INFO: Run Behavior\ContentReplaceBehavior [ RunTime:0.000032s ]
INFO: [ template_filter ] --END-- [ RunTime:0.000066s ]
SQL: SHOW COLUMNS FROM `cms_menu` [ RunTime:0.0005s ]
SQL: SELECT * FROM `cms_menu` WHERE `status` <> -1 AND `type` = 1 ORDER BY listorder desc  [ RunTime:0.0003s ]
NOTIC: [8] Undefined variable: menu /Library/WebServer/News/Application/Runtime/Cache/Admin/b682812e058c4f7cab74d08ab9eabe11.php 第 85 行.
NOTIC: [8] Undefined variable: nav /Library/WebServer/News/Application/Runtime/Cache/Admin/b682812e058c4f7cab74d08ab9eabe11.php 第 110 行.
INFO: Run Behavior\ParseTemplateBehavior [ RunTime:0.016243s ]
INFO: [ view_parse ] --END-- [ RunTime:0.016274s ]
INFO: [ view_filter ] --START--
INFO: Run Behavior\WriteHtmlCacheBehavior [ RunTime:0.000140s ]
INFO: [ view_filter ] --END-- [ RunTime:0.000164s ]
INFO: [ app_end ] --START--
INFO: Run Behavior\ShowPageTraceBehavior [ RunTime:0.000427s ]
INFO: [ app_end ] --END-- [ RunTime:0.000470s ]

[ 2017-11-03T09:08:40+08:00 ] 127.0.0.1 /admin.php?c=content&a=index
INFO: [ app_init ] --START--
INFO: Run Behavior\BuildLiteBehavior [ RunTime:0.000008s ]
INFO: [ app_init ] --END-- [ RunTime:0.000207s ]
INFO: [ app_begin ] --START--
INFO: Run Behavior\ReadHtmlCacheBehavior [ RunTime:0.000261s ]
INFO: [ app_begin ] --END-- [ RunTime:0.000291s ]
SQL: SHOW COLUMNS FROM `cms_position` [ RunTime:0.0037s ]
SQL: SELECT * FROM `cms_position` WHERE `status` = 1  [ RunTime:0.0003s ]
SQL: SHOW COLUMNS FROM `cms_news` [ RunTime:0.0006s ]
SQL: SELECT COUNT(*) AS tp_count FROM `cms_news` LIMIT 1   [ RunTime:0.0002s ]
SQL: SELECT * FROM `cms_news` ORDER BY listorder DESC LIMIT 0,3   [ RunTime:0.0004s ]
INFO: [ view_parse ] --START--
INFO: [ template_filter ] --START--
INFO: Run Behavior\ContentReplaceBehavior [ RunTime:0.000039s ]
INFO: [ template_filter ] --END-- [ RunTime:0.000078s ]
SQL: SHOW COLUMNS FROM `cms_menu` [ RunTime:0.0005s ]
SQL: SELECT * FROM `cms_menu` WHERE `status` <> -1 AND `type` = 1 ORDER BY listorder desc  [ RunTime:0.0003s ]
NOTIC: [8] Undefined variable: menu /Library/WebServer/News/Application/Runtime/Cache/Admin/ccc9ced3ad798311a07cb47b740981c5.php 第 86 行.
NOTIC: [8] Undefined variable: webSiteMenu /Library/WebServer/News/Application/Runtime/Cache/Admin/ccc9ced3ad798311a07cb47b740981c5.php 第 126 行.
SQL: SELECT `name` FROM `cms_menu` WHERE `type` = 0 AND `menu_id` = 3 LIMIT 1   [ RunTime:0.0002s ]
NOTIC: [8] Undefined variable: webSiteMenu /Library/WebServer/News/Application/Runtime/Cache/Admin/ccc9ced3ad798311a07cb47b740981c5.php 第 169 行.
SQL: SELECT `name` FROM `cms_menu` WHERE `type` = 0 AND `menu_id` = null LIMIT 1   [ RunTime:0.0002s ]
SQL: SELECT `name` FROM `cms_menu` WHERE `type` = 0 AND `menu_id` = 3 LIMIT 1   [ RunTime:0.0002s ]
NOTIC: [8] Undefined variable: webSiteMenu /Library/WebServer/News/Application/Runtime/Cache/Admin/ccc9ced3ad798311a07cb47b740981c5.php 第 169 行.
SQL: SELECT `name` FROM `cms_menu` WHERE `type` = 0 AND `menu_id` = null LIMIT 1   [ RunTime:0.0002s ]
SQL: SELECT `name` FROM `cms_menu` WHERE `type` = 0 AND `menu_id` = 3 LIMIT 1   [ RunTime:0.0002s ]
NOTIC: [8] Undefined variable: webSiteMenu /Library/WebServer/News/Application/Runtime/Cache/Admin/ccc9ced3ad798311a07cb47b740981c5.php 第 169 行.
SQL: SELECT `name` FROM `cms_menu` WHERE `type` = 0 AND `menu_id` = null LIMIT 1   [ RunTime:0.0002s ]
INFO: Run Behavior\ParseTemplateBehavior [ RunTime:0.019419s ]
INFO: [ view_parse ] --END-- [ RunTime:0.019446s ]
INFO: [ view_filter ] --START--
INFO: Run Behavior\WriteHtmlCacheBehavior [ RunTime:0.000150s ]
INFO: [ view_filter ] --END-- [ RunTime:0.000174s ]
INFO: [ app_end ] --START--
INFO: Run Behavior\ShowPageTraceBehavior [ RunTime:0.000560s ]
INFO: [ app_end ] --END-- [ RunTime:0.000641s ]

[ 2017-11-03T09:09:11+08:00 ] 127.0.0.1 /admin.php/Content/index/m/admin/p/2.html
INFO: [ app_init ] --START--
INFO: Run Behavior\BuildLiteBehavior [ RunTime:0.000033s ]
INFO: [ app_init ] --END-- [ RunTime:0.000582s ]
INFO: [ app_begin ] --START--
INFO: Run Behavior\ReadHtmlCacheBehavior [ RunTime:0.000659s ]
INFO: [ app_begin ] --END-- [ RunTime:0.000866s ]
SQL: SHOW COLUMNS FROM `cms_position` [ RunTime:0.0005s ]
SQL: SELECT * FROM `cms_position` WHERE `status` = 1  [ RunTime:0.0003s ]
SQL: SHOW COLUMNS FROM `cms_news` [ RunTime:0.0005s ]
SQL: SELECT COUNT(*) AS tp_count FROM `cms_news` LIMIT 1   [ RunTime:0.0002s ]
SQL: SELECT * FROM `cms_news` ORDER BY listorder DESC LIMIT 3,3   [ RunTime:0.0006s ]
INFO: [ view_parse ] --START--
INFO: [ template_filter ] --START--
INFO: Run Behavior\ContentReplaceBehavior [ RunTime:0.000113s ]
INFO: [ template_filter ] --END-- [ RunTime:0.000155s ]
SQL: SHOW COLUMNS FROM `cms_menu` [ RunTime:0.0005s ]
SQL: SELECT * FROM `cms_menu` WHERE `status` <> -1 AND `type` = 1 ORDER BY listorder desc  [ RunTime:0.0003s ]
NOTIC: [8] Undefined variable: menu /Library/WebServer/News/Application/Runtime/Cache/Admin/ccc9ced3ad798311a07cb47b740981c5.php 第 86 行.
NOTIC: [8] Undefined variable: webSiteMenu /Library/WebServer/News/Application/Runtime/Cache/Admin/ccc9ced3ad798311a07cb47b740981c5.php 第 126 行.
SQL: SELECT `name` FROM `cms_menu` WHERE `type` = 0 AND `menu_id` = 3 LIMIT 1   [ RunTime:0.0002s ]
NOTIC: [8] Undefined variable: webSiteMenu /Library/WebServer/News/Application/Runtime/Cache/Admin/ccc9ced3ad798311a07cb47b740981c5.php 第 169 行.
SQL: SELECT `name` FROM `cms_menu` WHERE `type` = 0 AND `menu_id` = null LIMIT 1   [ RunTime:0.0003s ]
SQL: SELECT `name` FROM `cms_menu` WHERE `type` = 0 AND `menu_id` = 3 LIMIT 1   [ RunTime:0.0004s ]
NOTIC: [8] Undefined variable: webSiteMenu /Library/WebServer/News/Application/Runtime/Cache/Admin/ccc9ced3ad798311a07cb47b740981c5.php 第 169 行.
SQL: SELECT `name` FROM `cms_menu` WHERE `type` = 0 AND `menu_id` = null LIMIT 1   [ RunTime:0.0003s ]
SQL: SELECT `name` FROM `cms_menu` WHERE `type` = 0 AND `menu_id` = 8 LIMIT 1   [ RunTime:0.0003s ]
NOTIC: [8] Undefined variable: webSiteMenu /Library/WebServer/News/Application/Runtime/Cache/Admin/ccc9ced3ad798311a07cb47b740981c5.php 第 169 行.
SQL: SELECT `name` FROM `cms_menu` WHERE `type` = 0 AND `menu_id` = null LIMIT 1   [ RunTime:0.0004s ]
INFO: Run Behavior\ParseTemplateBehavior [ RunTime:0.020335s ]
INFO: [ view_parse ] --END-- [ RunTime:0.020385s ]
INFO: [ view_filter ] --START--
INFO: Run Behavior\WriteHtmlCacheBehavior [ RunTime:0.000424s ]
INFO: [ view_filter ] --END-- [ RunTime:0.000474s ]
INFO: [ app_end ] --START--
INFO: Run Behavior\ShowPageTraceBehavior [ RunTime:0.000611s ]
INFO: [ app_end ] --END-- [ RunTime:0.000675s ]

[ 2017-11-03T09:09:13+08:00 ] 127.0.0.1 /admin.php/Content/index/m/admin/p/3.html
INFO: [ app_init ] --START--
INFO: Run Behavior\BuildLiteBehavior [ RunTime:0.000010s ]
INFO: [ app_init ] --END-- [ RunTime:0.000237s ]
INFO: [ app_begin ] --START--
INFO: Run Behavior\ReadHtmlCacheBehavior [ RunTime:0.000311s ]
INFO: [ app_begin ] --END-- [ RunTime:0.000342s ]
SQL: SHOW COLUMNS FROM `cms_position` [ RunTime:0.0006s ]
SQL: SELECT * FROM `cms_position` WHERE `status` = 1  [ RunTime:0.0003s ]
SQL: SHOW COLUMNS FROM `cms_news` [ RunTime:0.0006s ]
SQL: SELECT COUNT(*) AS tp_count FROM `cms_news` LIMIT 1   [ RunTime:0.0002s ]
SQL: SELECT * FROM `cms_news` ORDER BY listorder DESC LIMIT 6,3   [ RunTime:0.0004s ]
INFO: [ view_parse ] --START--
INFO: [ template_filter ] --START--
INFO: Run Behavior\ContentReplaceBehavior [ RunTime:0.000039s ]
INFO: [ template_filter ] --END-- [ RunTime:0.000076s ]
SQL: SHOW COLUMNS FROM `cms_menu` [ RunTime:0.0005s ]
SQL: SELECT * FROM `cms_menu` WHERE `status` <> -1 AND `type` = 1 ORDER BY listorder desc  [ RunTime:0.0003s ]
NOTIC: [8] Undefined variable: menu /Library/WebServer/News/Application/Runtime/Cache/Admin/ccc9ced3ad798311a07cb47b740981c5.php 第 86 行.
NOTIC: [8] Undefined variable: webSiteMenu /Library/WebServer/News/Application/Runtime/Cache/Admin/ccc9ced3ad798311a07cb47b740981c5.php 第 126 行.
SQL: SELECT `name` FROM `cms_menu` WHERE `type` = 0 AND `menu_id` = 3 LIMIT 1   [ RunTime:0.0002s ]
NOTIC: [8] Undefined variable: webSiteMenu /Library/WebServer/News/Application/Runtime/Cache/Admin/ccc9ced3ad798311a07cb47b740981c5.php 第 169 行.
SQL: SELECT `name` FROM `cms_menu` WHERE `type` = 0 AND `menu_id` = null LIMIT 1   [ RunTime:0.0002s ]
SQL: SELECT `name` FROM `cms_menu` WHERE `type` = 0 AND `menu_id` = 12 LIMIT 1   [ RunTime:0.0002s ]
NOTIC: [8] Undefined variable: webSiteMenu /Library/WebServer/News/Application/Runtime/Cache/Admin/ccc9ced3ad798311a07cb47b740981c5.php 第 169 行.
SQL: SELECT `name` FROM `cms_menu` WHERE `type` = 0 AND `menu_id` = null LIMIT 1   [ RunTime:0.0002s ]
INFO: Run Behavior\ParseTemplateBehavior [ RunTime:0.012709s ]
INFO: [ view_parse ] --END-- [ RunTime:0.012747s ]
INFO: [ view_filter ] --START--
INFO: Run Behavior\WriteHtmlCacheBehavior [ RunTime:0.000270s ]
INFO: [ view_filter ] --END-- [ RunTime:0.000313s ]
INFO: [ app_end ] --START--
INFO: Run Behavior\ShowPageTraceBehavior [ RunTime:0.000915s ]
INFO: [ app_end ] --END-- [ RunTime:0.001303s ]

[ 2017-11-03T09:09:14+08:00 ] 127.0.0.1 /admin.php/Content/index/m/admin/p/2.html
INFO: [ app_init ] --START--
INFO: Run Behavior\BuildLiteBehavior [ RunTime:0.000010s ]
INFO: [ app_init ] --END-- [ RunTime:0.000221s ]
INFO: [ app_begin ] --START--
INFO: Run Behavior\ReadHtmlCacheBehavior [ RunTime:0.000275s ]
INFO: [ app_begin ] --END-- [ RunTime:0.000305s ]
SQL: SHOW COLUMNS FROM `cms_position` [ RunTime:0.0005s ]
SQL: SELECT * FROM `cms_position` WHERE `status` = 1  [ RunTime:0.0003s ]
SQL: SHOW COLUMNS FROM `cms_news` [ RunTime:0.0005s ]
SQL: SELECT COUNT(*) AS tp_count FROM `cms_news` LIMIT 1   [ RunTime:0.0002s ]
SQL: SELECT * FROM `cms_news` ORDER BY listorder DESC LIMIT 3,3   [ RunTime:0.0004s ]
INFO: [ view_parse ] --START--
INFO: [ template_filter ] --START--
INFO: Run Behavior\ContentReplaceBehavior [ RunTime:0.000045s ]
INFO: [ template_filter ] --END-- [ RunTime:0.000091s ]
SQL: SHOW COLUMNS FROM `cms_menu` [ RunTime:0.0006s ]
SQL: SELECT * FROM `cms_menu` WHERE `status` <> -1 AND `type` = 1 ORDER BY listorder desc  [ RunTime:0.0003s ]
NOTIC: [8] Undefined variable: menu /Library/WebServer/News/Application/Runtime/Cache/Admin/ccc9ced3ad798311a07cb47b740981c5.php 第 86 行.
NOTIC: [8] Undefined variable: webSiteMenu /Library/WebServer/News/Application/Runtime/Cache/Admin/ccc9ced3ad798311a07cb47b740981c5.php 第 126 行.
SQL: SELECT `name` FROM `cms_menu` WHERE `type` = 0 AND `menu_id` = 3 LIMIT 1   [ RunTime:0.0002s ]
NOTIC: [8] Undefined variable: webSiteMenu /Library/WebServer/News/Application/Runtime/Cache/Admin/ccc9ced3ad798311a07cb47b740981c5.php 第 169 行.
SQL: SELECT `name` FROM `cms_menu` WHERE `type` = 0 AND `menu_id` = null LIMIT 1   [ RunTime:0.0002s ]
SQL: SELECT `name` FROM `cms_menu` WHERE `type` = 0 AND `menu_id` = 3 LIMIT 1   [ RunTime:0.0002s ]
NOTIC: [8] Undefined variable: webSiteMenu /Library/WebServer/News/Application/Runtime/Cache/Admin/ccc9ced3ad798311a07cb47b740981c5.php 第 169 行.
SQL: SELECT `name` FROM `cms_menu` WHERE `type` = 0 AND `menu_id` = null LIMIT 1   [ RunTime:0.0002s ]
SQL: SELECT `name` FROM `cms_menu` WHERE `type` = 0 AND `menu_id` = 8 LIMIT 1   [ RunTime:0.0002s ]
NOTIC: [8] Undefined variable: webSiteMenu /Library/WebServer/News/Application/Runtime/Cache/Admin/ccc9ced3ad798311a07cb47b740981c5.php 第 169 行.
SQL: SELECT `name` FROM `cms_menu` WHERE `type` = 0 AND `menu_id` = null LIMIT 1   [ RunTime:0.0002s ]
INFO: Run Behavior\ParseTemplateBehavior [ RunTime:0.015422s ]
INFO: [ view_parse ] --END-- [ RunTime:0.015453s ]
INFO: [ view_filter ] --START--
INFO: Run Behavior\WriteHtmlCacheBehavior [ RunTime:0.000171s ]
INFO: [ view_filter ] --END-- [ RunTime:0.000195s ]
INFO: [ app_end ] --START--
INFO: Run Behavior\ShowPageTraceBehavior [ RunTime:0.000435s ]
INFO: [ app_end ] --END-- [ RunTime:0.000478s ]

[ 2017-11-03T09:09:20+08:00 ] 127.0.0.1 /admin.php/Content/index/m/admin/p/1.html
INFO: [ app_init ] --START--
INFO: Run Behavior\BuildLiteBehavior [ RunTime:0.000008s ]
INFO: [ app_init ] --END-- [ RunTime:0.000209s ]
INFO: [ app_begin ] --START--
INFO: Run Behavior\ReadHtmlCacheBehavior [ RunTime:0.000373s ]
INFO: [ app_begin ] --END-- [ RunTime:0.000414s ]
SQL: SHOW COLUMNS FROM `cms_position` [ RunTime:0.0005s ]
SQL: SELECT * FROM `cms_position` WHERE `status` = 1  [ RunTime:0.0003s ]
SQL: SHOW COLUMNS FROM `cms_news` [ RunTime:0.0005s ]
SQL: SELECT COUNT(*) AS tp_count FROM `cms_news` LIMIT 1   [ RunTime:0.0002s ]
SQL: SELECT * FROM `cms_news` ORDER BY listorder DESC LIMIT 0,3   [ RunTime:0.0003s ]
INFO: [ view_parse ] --START--
INFO: [ template_filter ] --START--
INFO: Run Behavior\ContentReplaceBehavior [ RunTime:0.000047s ]
INFO: [ template_filter ] --END-- [ RunTime:0.000090s ]
SQL: SHOW COLUMNS FROM `cms_menu` [ RunTime:0.0006s ]
SQL: SELECT * FROM `cms_menu` WHERE `status` <> -1 AND `type` = 1 ORDER BY listorder desc  [ RunTime:0.0003s ]
NOTIC: [8] Undefined variable: menu /Library/WebServer/News/Application/Runtime/Cache/Admin/ccc9ced3ad798311a07cb47b740981c5.php 第 86 行.
NOTIC: [8] Undefined variable: webSiteMenu /Library/WebServer/News/Application/Runtime/Cache/Admin/ccc9ced3ad798311a07cb47b740981c5.php 第 126 行.
SQL: SELECT `name` FROM `cms_menu` WHERE `type` = 0 AND `menu_id` = 3 LIMIT 1   [ RunTime:0.0002s ]
NOTIC: [8] Undefined variable: webSiteMenu /Library/WebServer/News/Application/Runtime/Cache/Admin/ccc9ced3ad798311a07cb47b740981c5.php 第 169 行.
SQL: SELECT `name` FROM `cms_menu` WHERE `type` = 0 AND `menu_id` = null LIMIT 1   [ RunTime:0.0002s ]
SQL: SELECT `name` FROM `cms_menu` WHERE `type` = 0 AND `menu_id` = 3 LIMIT 1   [ RunTime:0.0002s ]
NOTIC: [8] Undefined variable: webSiteMenu /Library/WebServer/News/Application/Runtime/Cache/Admin/ccc9ced3ad798311a07cb47b740981c5.php 第 169 行.
SQL: SELECT `name` FROM `cms_menu` WHERE `type` = 0 AND `menu_id` = null LIMIT 1   [ RunTime:0.0002s ]
SQL: SELECT `name` FROM `cms_menu` WHERE `type` = 0 AND `menu_id` = 3 LIMIT 1   [ RunTime:0.0002s ]
NOTIC: [8] Undefined variable: webSiteMenu /Library/WebServer/News/Application/Runtime/Cache/Admin/ccc9ced3ad798311a07cb47b740981c5.php 第 169 行.
SQL: SELECT `name` FROM `cms_menu` WHERE `type` = 0 AND `menu_id` = null LIMIT 1   [ RunTime:0.0002s ]
INFO: Run Behavior\ParseTemplateBehavior [ RunTime:0.013316s ]
INFO: [ view_parse ] --END-- [ RunTime:0.013343s ]
INFO: [ view_filter ] --START--
INFO: Run Behavior\WriteHtmlCacheBehavior [ RunTime:0.000151s ]
INFO: [ view_filter ] --END-- [ RunTime:0.000175s ]
INFO: [ app_end ] --START--
INFO: Run Behavior\ShowPageTraceBehavior [ RunTime:0.000453s ]
INFO: [ app_end ] --END-- [ RunTime:0.000491s ]

[ 2017-11-03T09:09:39+08:00 ] 127.0.0.1 /admin.php?c=positioncontent&a=index
INFO: [ app_init ] --START--
INFO: Run Behavior\BuildLiteBehavior [ RunTime:0.000010s ]
INFO: [ app_init ] --END-- [ RunTime:0.000283s ]
INFO: [ app_begin ] --START--
INFO: Run Behavior\ReadHtmlCacheBehavior [ RunTime:0.000458s ]
INFO: [ app_begin ] --END-- [ RunTime:0.000732s ]
SQL: SHOW COLUMNS FROM `cms_position_content` [ RunTime:0.0005s ]
SQL: SELECT COUNT(*) AS tp_count FROM `cms_position_content` LIMIT 1   [ RunTime:0.0002s ]
SQL: SELECT * FROM `cms_position_content` ORDER BY listorder DESC LIMIT 0,5   [ RunTime:0.0003s ]
INFO: [ view_parse ] --START--
INFO: [ template_filter ] --START--
INFO: Run Behavior\ContentReplaceBehavior [ RunTime:0.000037s ]
INFO: [ template_filter ] --END-- [ RunTime:0.000076s ]
SQL: SHOW COLUMNS FROM `cms_menu` [ RunTime:0.0006s ]
SQL: SELECT * FROM `cms_menu` WHERE `status` <> -1 AND `type` = 1 ORDER BY listorder desc  [ RunTime:0.0003s ]
NOTIC: [8] Undefined variable: menu /Library/WebServer/News/Application/Runtime/Cache/Admin/b8a8b9d170e6c07d7b463ea02385894d.php 第 83 行.
NOTIC: [8] Undefined variable: positions /Library/WebServer/News/Application/Runtime/Cache/Admin/b8a8b9d170e6c07d7b463ea02385894d.php 第 124 行.
NOTIC: [8] Undefined variable: title /Library/WebServer/News/Application/Runtime/Cache/Admin/b8a8b9d170e6c07d7b463ea02385894d.php 第 134 行.
INFO: Run Behavior\ParseTemplateBehavior [ RunTime:0.015738s ]
INFO: [ view_parse ] --END-- [ RunTime:0.015768s ]
INFO: [ view_filter ] --START--
INFO: Run Behavior\WriteHtmlCacheBehavior [ RunTime:0.000172s ]
INFO: [ view_filter ] --END-- [ RunTime:0.000198s ]
INFO: [ app_end ] --START--
INFO: Run Behavior\ShowPageTraceBehavior [ RunTime:0.000478s ]
INFO: [ app_end ] --END-- [ RunTime:0.000523s ]

[ 2017-11-03T09:09:50+08:00 ] 127.0.0.1 /admin.php/Positioncontent/index/m/admin/p/3.html
INFO: [ app_init ] --START--
INFO: Run Behavior\BuildLiteBehavior [ RunTime:0.000010s ]
INFO: [ app_init ] --END-- [ RunTime:0.000221s ]
INFO: [ app_begin ] --START--
INFO: Run Behavior\ReadHtmlCacheBehavior [ RunTime:0.000289s ]
INFO: [ app_begin ] --END-- [ RunTime:0.000321s ]
SQL: SHOW COLUMNS FROM `cms_position_content` [ RunTime:0.0005s ]
SQL: SELECT COUNT(*) AS tp_count FROM `cms_position_content` LIMIT 1   [ RunTime:0.0002s ]
SQL: SELECT * FROM `cms_position_content` ORDER BY listorder DESC LIMIT 10,5   [ RunTime:0.0003s ]
INFO: [ view_parse ] --START--
INFO: [ template_filter ] --START--
INFO: Run Behavior\ContentReplaceBehavior [ RunTime:0.000037s ]
INFO: [ template_filter ] --END-- [ RunTime:0.000076s ]
SQL: SHOW COLUMNS FROM `cms_menu` [ RunTime:0.0005s ]
SQL: SELECT * FROM `cms_menu` WHERE `status` <> -1 AND `type` = 1 ORDER BY listorder desc  [ RunTime:0.0003s ]
NOTIC: [8] Undefined variable: menu /Library/WebServer/News/Application/Runtime/Cache/Admin/b8a8b9d170e6c07d7b463ea02385894d.php 第 83 行.
NOTIC: [8] Undefined variable: positions /Library/WebServer/News/Application/Runtime/Cache/Admin/b8a8b9d170e6c07d7b463ea02385894d.php 第 124 行.
NOTIC: [8] Undefined variable: title /Library/WebServer/News/Application/Runtime/Cache/Admin/b8a8b9d170e6c07d7b463ea02385894d.php 第 134 行.
INFO: Run Behavior\ParseTemplateBehavior [ RunTime:0.010659s ]
INFO: [ view_parse ] --END-- [ RunTime:0.010687s ]
INFO: [ view_filter ] --START--
INFO: Run Behavior\WriteHtmlCacheBehavior [ RunTime:0.000149s ]
INFO: [ view_filter ] --END-- [ RunTime:0.000172s ]
INFO: [ app_end ] --START--
INFO: Run Behavior\ShowPageTraceBehavior [ RunTime:0.000402s ]
INFO: [ app_end ] --END-- [ RunTime:0.000438s ]

[ 2017-11-03T09:09:53+08:00 ] 127.0.0.1 /admin.php/Positioncontent/index/m/admin/p/2.html
INFO: [ app_init ] --START--
INFO: Run Behavior\BuildLiteBehavior [ RunTime:0.000009s ]
INFO: [ app_init ] --END-- [ RunTime:0.000209s ]
INFO: [ app_begin ] --START--
INFO: Run Behavior\ReadHtmlCacheBehavior [ RunTime:0.000263s ]
INFO: [ app_begin ] --END-- [ RunTime:0.000293s ]
SQL: SHOW COLUMNS FROM `cms_position_content` [ RunTime:0.0004s ]
SQL: SELECT COUNT(*) AS tp_count FROM `cms_position_content` LIMIT 1   [ RunTime:0.0002s ]
SQL: SELECT * FROM `cms_position_content` ORDER BY listorder DESC LIMIT 5,5   [ RunTime:0.0003s ]
INFO: [ view_parse ] --START--
INFO: [ template_filter ] --START--
INFO: Run Behavior\ContentReplaceBehavior [ RunTime:0.000035s ]
INFO: [ template_filter ] --END-- [ RunTime:0.000070s ]
SQL: SHOW COLUMNS FROM `cms_menu` [ RunTime:0.0005s ]
SQL: SELECT * FROM `cms_menu` WHERE `status` <> -1 AND `type` = 1 ORDER BY listorder desc  [ RunTime:0.0003s ]
NOTIC: [8] Undefined variable: menu /Library/WebServer/News/Application/Runtime/Cache/Admin/b8a8b9d170e6c07d7b463ea02385894d.php 第 83 行.
NOTIC: [8] Undefined variable: positions /Library/WebServer/News/Application/Runtime/Cache/Admin/b8a8b9d170e6c07d7b463ea02385894d.php 第 124 行.
NOTIC: [8] Undefined variable: title /Library/WebServer/News/Application/Runtime/Cache/Admin/b8a8b9d170e6c07d7b463ea02385894d.php 第 134 行.
INFO: Run Behavior\ParseTemplateBehavior [ RunTime:0.010360s ]
INFO: [ view_parse ] --END-- [ RunTime:0.010389s ]
INFO: [ view_filter ] --START--
INFO: Run Behavior\WriteHtmlCacheBehavior [ RunTime:0.000142s ]
INFO: [ view_filter ] --END-- [ RunTime:0.000165s ]
INFO: [ app_end ] --START--
INFO: Run Behavior\ShowPageTraceBehavior [ RunTime:0.000530s ]
INFO: [ app_end ] --END-- [ RunTime:0.000581s ]

[ 2017-11-03T09:09:58+08:00 ] 127.0.0.1 /admin.php/Positioncontent/index/m/admin/p/1.html
INFO: [ app_init ] --START--
INFO: Run Behavior\BuildLiteBehavior [ RunTime:0.000010s ]
INFO: [ app_init ] --END-- [ RunTime:0.000239s ]
INFO: [ app_begin ] --START--
INFO: Run Behavior\ReadHtmlCacheBehavior [ RunTime:0.000317s ]
INFO: [ app_begin ] --END-- [ RunTime:0.000353s ]
SQL: SHOW COLUMNS FROM `cms_position_content` [ RunTime:0.0005s ]
SQL: SELECT COUNT(*) AS tp_count FROM `cms_position_content` LIMIT 1   [ RunTime:0.0002s ]
SQL: SELECT * FROM `cms_position_content` ORDER BY listorder DESC LIMIT 0,5   [ RunTime:0.0003s ]
INFO: [ view_parse ] --START--
INFO: [ template_filter ] --START--
INFO: Run Behavior\ContentReplaceBehavior [ RunTime:0.000039s ]
INFO: [ template_filter ] --END-- [ RunTime:0.000084s ]
SQL: SHOW COLUMNS FROM `cms_menu` [ RunTime:0.0005s ]
SQL: SELECT * FROM `cms_menu` WHERE `status` <> -1 AND `type` = 1 ORDER BY listorder desc  [ RunTime:0.0004s ]
NOTIC: [8] Undefined variable: menu /Library/WebServer/News/Application/Runtime/Cache/Admin/b8a8b9d170e6c07d7b463ea02385894d.php 第 83 行.
NOTIC: [8] Undefined variable: positions /Library/WebServer/News/Application/Runtime/Cache/Admin/b8a8b9d170e6c07d7b463ea02385894d.php 第 124 行.
NOTIC: [8] Undefined variable: title /Library/WebServer/News/Application/Runtime/Cache/Admin/b8a8b9d170e6c07d7b463ea02385894d.php 第 134 行.
INFO: Run Behavior\ParseTemplateBehavior [ RunTime:0.022571s ]
INFO: [ view_parse ] --END-- [ RunTime:0.022604s ]
INFO: [ view_filter ] --START--
INFO: Run Behavior\WriteHtmlCacheBehavior [ RunTime:0.000167s ]
INFO: [ view_filter ] --END-- [ RunTime:0.000220s ]
INFO: [ app_end ] --START--
INFO: Run Behavior\ShowPageTraceBehavior [ RunTime:0.000555s ]
INFO: [ app_end ] --END-- [ RunTime:0.000592s ]

[ 2017-11-03T09:10:25+08:00 ] 127.0.0.1 /admin.php?c=position&a=index
INFO: [ app_init ] --START--
INFO: Run Behavior\BuildLiteBehavior [ RunTime:0.000010s ]
INFO: [ app_init ] --END-- [ RunTime:0.000229s ]
INFO: [ app_begin ] --START--
INFO: Run Behavior\ReadHtmlCacheBehavior [ RunTime:0.000426s ]
INFO: [ app_begin ] --END-- [ RunTime:0.000491s ]
SQL: SHOW COLUMNS FROM `cms_position` [ RunTime:0.0004s ]
SQL: SELECT COUNT(*) AS tp_count FROM `cms_position` LIMIT 1   [ RunTime:0.0002s ]
SQL: SELECT * FROM `cms_position` LIMIT 0,3   [ RunTime:0.0003s ]
INFO: [ view_parse ] --START--
INFO: [ template_filter ] --START--
INFO: Run Behavior\ContentReplaceBehavior [ RunTime:0.000032s ]
INFO: [ template_filter ] --END-- [ RunTime:0.000064s ]
SQL: SHOW COLUMNS FROM `cms_menu` [ RunTime:0.0007s ]
SQL: SELECT * FROM `cms_menu` WHERE `status` <> -1 AND `type` = 1 ORDER BY listorder desc  [ RunTime:0.0004s ]
NOTIC: [8] Undefined variable: menu /Library/WebServer/News/Application/Runtime/Cache/Admin/3a437f75b5b60a521a3ad0fc93a5ab5f.php 第 83 行.
NOTIC: [8] Undefined variable: nav /Library/WebServer/News/Application/Runtime/Cache/Admin/3a437f75b5b60a521a3ad0fc93a5ab5f.php 第 105 行.
INFO: Run Behavior\ParseTemplateBehavior [ RunTime:0.008199s ]
INFO: [ view_parse ] --END-- [ RunTime:0.008227s ]
INFO: [ view_filter ] --START--
INFO: Run Behavior\WriteHtmlCacheBehavior [ RunTime:0.000168s ]
INFO: [ view_filter ] --END-- [ RunTime:0.000192s ]
INFO: [ app_end ] --START--
INFO: Run Behavior\ShowPageTraceBehavior [ RunTime:0.000591s ]
INFO: [ app_end ] --END-- [ RunTime:0.000645s ]

[ 2017-11-03T09:10:34+08:00 ] 127.0.0.1 /admin.php?c=basic&a=index
INFO: [ app_init ] --START--
INFO: Run Behavior\BuildLiteBehavior [ RunTime:0.000010s ]
INFO: [ app_init ] --END-- [ RunTime:0.000266s ]
INFO: [ app_begin ] --START--
INFO: Run Behavior\ReadHtmlCacheBehavior [ RunTime:0.000310s ]
INFO: [ app_begin ] --END-- [ RunTime:0.000349s ]
NOTIC: [2048] Declaration of Common\Model\BasicModel::save() should be compatible with Think\Model::save($data = '', $options = Array) /Library/WebServer/News/Application/Common/Model/BasicModel.class.php 第 10 行.
NOTIC: [2048] Declaration of Common\Model\BasicModel::select() should be compatible with Think\Model::select($options = Array) /Library/WebServer/News/Application/Common/Model/BasicModel.class.php 第 10 行.
INFO: [ view_parse ] --START--
INFO: [ template_filter ] --START--
INFO: Run Behavior\ContentReplaceBehavior [ RunTime:0.000046s ]
INFO: [ template_filter ] --END-- [ RunTime:0.000092s ]
SQL: SHOW COLUMNS FROM `cms_menu` [ RunTime:0.0004s ]
SQL: SELECT * FROM `cms_menu` WHERE `status` <> -1 AND `type` = 1 ORDER BY listorder desc  [ RunTime:0.0003s ]
NOTIC: [8] Undefined variable: menu /Library/WebServer/News/Application/Runtime/Cache/Admin/bb97361d9e4731aec48331de29e1c4d1.php 第 83 行.
NOTIC: [8] Undefined variable: type /Library/WebServer/News/Application/Runtime/Cache/Admin/bb97361d9e4731aec48331de29e1c4d1.php 第 101 行.
NOTIC: [8] Undefined variable: type /Library/WebServer/News/Application/Runtime/Cache/Admin/bb97361d9e4731aec48331de29e1c4d1.php 第 102 行.
INFO: Run Behavior\ParseTemplateBehavior [ RunTime:0.013172s ]
INFO: [ view_parse ] --END-- [ RunTime:0.013203s ]
INFO: [ view_filter ] --START--
INFO: Run Behavior\WriteHtmlCacheBehavior [ RunTime:0.000145s ]
INFO: [ view_filter ] --END-- [ RunTime:0.000170s ]
INFO: [ app_end ] --START--
INFO: Run Behavior\ShowPageTraceBehavior [ RunTime:0.000306s ]
INFO: [ app_end ] --END-- [ RunTime:0.000333s ]

[ 2017-11-03T09:10:36+08:00 ] 127.0.0.1 /admin.php?c=content&a=index
INFO: [ app_init ] --START--
INFO: Run Behavior\BuildLiteBehavior [ RunTime:0.000016s ]
INFO: [ app_init ] --END-- [ RunTime:0.000296s ]
INFO: [ app_begin ] --START--
INFO: Run Behavior\ReadHtmlCacheBehavior [ RunTime:0.000588s ]
INFO: [ app_begin ] --END-- [ RunTime:0.000648s ]
SQL: SHOW COLUMNS FROM `cms_position` [ RunTime:0.0005s ]
SQL: SELECT * FROM `cms_position` WHERE `status` = 1  [ RunTime:0.0003s ]
SQL: SHOW COLUMNS FROM `cms_news` [ RunTime:0.0005s ]
SQL: SELECT COUNT(*) AS tp_count FROM `cms_news` LIMIT 1   [ RunTime:0.0002s ]
SQL: SELECT * FROM `cms_news` ORDER BY listorder DESC LIMIT 0,3   [ RunTime:0.0004s ]
INFO: [ view_parse ] --START--
INFO: [ template_filter ] --START--
INFO: Run Behavior\ContentReplaceBehavior [ RunTime:0.000039s ]
INFO: [ template_filter ] --END-- [ RunTime:0.000079s ]
SQL: SHOW COLUMNS FROM `cms_menu` [ RunTime:0.0007s ]
SQL: SELECT * FROM `cms_menu` WHERE `status` <> -1 AND `type` = 1 ORDER BY listorder desc  [ RunTime:0.0003s ]
NOTIC: [8] Undefined variable: menu /Library/WebServer/News/Application/Runtime/Cache/Admin/ccc9ced3ad798311a07cb47b740981c5.php 第 86 行.
NOTIC: [8] Undefined variable: webSiteMenu /Library/WebServer/News/Application/Runtime/Cache/Admin/ccc9ced3ad798311a07cb47b740981c5.php 第 126 行.
SQL: SELECT `name` FROM `cms_menu` WHERE `type` = 0 AND `menu_id` = 3 LIMIT 1   [ RunTime:0.0002s ]
NOTIC: [8] Undefined variable: webSiteMenu /Library/WebServer/News/Application/Runtime/Cache/Admin/ccc9ced3ad798311a07cb47b740981c5.php 第 169 行.
SQL: SELECT `name` FROM `cms_menu` WHERE `type` = 0 AND `menu_id` = null LIMIT 1   [ RunTime:0.0002s ]
SQL: SELECT `name` FROM `cms_menu` WHERE `type` = 0 AND `menu_id` = 3 LIMIT 1   [ RunTime:0.0002s ]
NOTIC: [8] Undefined variable: webSiteMenu /Library/WebServer/News/Application/Runtime/Cache/Admin/ccc9ced3ad798311a07cb47b740981c5.php 第 169 行.
SQL: SELECT `name` FROM `cms_menu` WHERE `type` = 0 AND `menu_id` = null LIMIT 1   [ RunTime:0.0002s ]
SQL: SELECT `name` FROM `cms_menu` WHERE `type` = 0 AND `menu_id` = 3 LIMIT 1   [ RunTime:0.0002s ]
NOTIC: [8] Undefined variable: webSiteMenu /Library/WebServer/News/Application/Runtime/Cache/Admin/ccc9ced3ad798311a07cb47b740981c5.php 第 169 行.
SQL: SELECT `name` FROM `cms_menu` WHERE `type` = 0 AND `menu_id` = null LIMIT 1   [ RunTime:0.0002s ]
INFO: Run Behavior\ParseTemplateBehavior [ RunTime:0.013929s ]
INFO: [ view_parse ] --END-- [ RunTime:0.013959s ]
INFO: [ view_filter ] --START--
INFO: Run Behavior\WriteHtmlCacheBehavior [ RunTime:0.000171s ]
INFO: [ view_filter ] --END-- [ RunTime:0.000195s ]
INFO: [ app_end ] --START--
INFO: Run Behavior\ShowPageTraceBehavior [ RunTime:0.000427s ]
INFO: [ app_end ] --END-- [ RunTime:0.000468s ]

[ 2017-11-03T09:23:05+08:00 ] 127.0.0.1 /admin.php?c=content&a=listorder
INFO: [ app_init ] --START--
INFO: Run Behavior\BuildLiteBehavior [ RunTime:0.000012s ]
INFO: [ app_init ] --END-- [ RunTime:0.000320s ]
INFO: [ app_begin ] --START--
INFO: Run Behavior\ReadHtmlCacheBehavior [ RunTime:0.000414s ]
INFO: [ app_begin ] --END-- [ RunTime:0.000455s ]
ERR: 非法操作:listorder

[ 2017-11-03T09:23:06+08:00 ] 127.0.0.1 /admin.php?c=content&a=listorder
INFO: [ app_init ] --START--
INFO: Run Behavior\BuildLiteBehavior [ RunTime:0.000010s ]
INFO: [ app_init ] --END-- [ RunTime:0.000214s ]
INFO: [ app_begin ] --START--
INFO: Run Behavior\ReadHtmlCacheBehavior [ RunTime:0.000273s ]
INFO: [ app_begin ] --END-- [ RunTime:0.000306s ]
ERR: 非法操作:listorder

[ 2017-11-03T09:23:06+08:00 ] 127.0.0.1 /admin.php?c=content&a=listorder
INFO: [ app_init ] --START--
INFO: Run Behavior\BuildLiteBehavior [ RunTime:0.000010s ]
INFO: [ app_init ] --END-- [ RunTime:0.000222s ]
INFO: [ app_begin ] --START--
INFO: Run Behavior\ReadHtmlCacheBehavior [ RunTime:0.000277s ]
INFO: [ app_begin ] --END-- [ RunTime:0.000309s ]
ERR: 非法操作:listorder

[ 2017-11-03T09:23:06+08:00 ] 127.0.0.1 /admin.php?c=content&a=listorder
INFO: [ app_init ] --START--
INFO: Run Behavior\BuildLiteBehavior [ RunTime:0.000010s ]
INFO: [ app_init ] --END-- [ RunTime:0.000219s ]
INFO: [ app_begin ] --START--
INFO: Run Behavior\ReadHtmlCacheBehavior [ RunTime:0.000274s ]
INFO: [ app_begin ] --END-- [ RunTime:0.000303s ]
ERR: 非法操作:listorder

[ 2017-11-03T10:05:11+08:00 ] 127.0.0.1 /admin.php/Content/index/m/admin/p/2.html
INFO: [ app_init ] --START--
INFO: Run Behavior\BuildLiteBehavior [ RunTime:0.000009s ]
INFO: [ app_init ] --END-- [ RunTime:0.000213s ]
INFO: [ app_begin ] --START--
INFO: Run Behavior\ReadHtmlCacheBehavior [ RunTime:0.000272s ]
INFO: [ app_begin ] --END-- [ RunTime:0.000302s ]
SQL: SHOW COLUMNS FROM `cms_position` [ RunTime:0.0006s ]
SQL: SELECT * FROM `cms_position` WHERE `status` = 1  [ RunTime:0.0003s ]
SQL: SHOW COLUMNS FROM `cms_news` [ RunTime:0.0005s ]
SQL: SELECT COUNT(*) AS tp_count FROM `cms_news` LIMIT 1   [ RunTime:0.0002s ]
SQL: SELECT * FROM `cms_news` ORDER BY listorder DESC LIMIT 3,3   [ RunTime:0.0004s ]
INFO: [ view_parse ] --START--
INFO: [ template_filter ] --START--
INFO: Run Behavior\ContentReplaceBehavior [ RunTime:0.000041s ]
INFO: [ template_filter ] --END-- [ RunTime:0.000080s ]
SQL: SHOW COLUMNS FROM `cms_menu` [ RunTime:0.0005s ]
SQL: SELECT * FROM `cms_menu` WHERE `status` <> -1 AND `type` = 1 ORDER BY listorder desc  [ RunTime:0.0003s ]
NOTIC: [8] Undefined variable: menu /Library/WebServer/News/Application/Runtime/Cache/Admin/ccc9ced3ad798311a07cb47b740981c5.php 第 86 行.
NOTIC: [8] Undefined variable: webSiteMenu /Library/WebServer/News/Application/Runtime/Cache/Admin/ccc9ced3ad798311a07cb47b740981c5.php 第 126 行.
SQL: SELECT `name` FROM `cms_menu` WHERE `type` = 0 AND `menu_id` = 3 LIMIT 1   [ RunTime:0.0002s ]
NOTIC: [8] Undefined variable: webSiteMenu /Library/WebServer/News/Application/Runtime/Cache/Admin/ccc9ced3ad798311a07cb47b740981c5.php 第 169 行.
SQL: SELECT `name` FROM `cms_menu` WHERE `type` = 0 AND `menu_id` = null LIMIT 1   [ RunTime:0.0002s ]
SQL: SELECT `name` FROM `cms_menu` WHERE `type` = 0 AND `menu_id` = 3 LIMIT 1   [ RunTime:0.0002s ]
NOTIC: [8] Undefined variable: webSiteMenu /Library/WebServer/News/Application/Runtime/Cache/Admin/ccc9ced3ad798311a07cb47b740981c5.php 第 169 行.
SQL: SELECT `name` FROM `cms_menu` WHERE `type` = 0 AND `menu_id` = null LIMIT 1   [ RunTime:0.0002s ]
SQL: SELECT `name` FROM `cms_menu` WHERE `type` = 0 AND `menu_id` = 8 LIMIT 1   [ RunTime:0.0002s ]
NOTIC: [8] Undefined variable: webSiteMenu /Library/WebServer/News/Application/Runtime/Cache/Admin/ccc9ced3ad798311a07cb47b740981c5.php 第 169 行.
SQL: SELECT `name` FROM `cms_menu` WHERE `type` = 0 AND `menu_id` = null LIMIT 1   [ RunTime:0.0002s ]
INFO: Run Behavior\ParseTemplateBehavior [ RunTime:0.013303s ]
INFO: [ view_parse ] --END-- [ RunTime:0.013331s ]
INFO: [ view_filter ] --START--
INFO: Run Behavior\WriteHtmlCacheBehavior [ RunTime:0.000151s ]
INFO: [ view_filter ] --END-- [ RunTime:0.000175s ]
INFO: [ app_end ] --START--
INFO: Run Behavior\ShowPageTraceBehavior [ RunTime:0.000423s ]
INFO: [ app_end ] --END-- [ RunTime:0.000466s ]

[ 2017-11-03T10:05:12+08:00 ] 127.0.0.1 /admin.php/Content/index/m/admin/p/1.html
INFO: [ app_init ] --START--
INFO: Run Behavior\BuildLiteBehavior [ RunTime:0.000018s ]
INFO: [ app_init ] --END-- [ RunTime:0.001363s ]
INFO: [ app_begin ] --START--
INFO: Run Behavior\ReadHtmlCacheBehavior [ RunTime:0.001002s ]
INFO: [ app_begin ] --END-- [ RunTime:0.001060s ]
SQL: SHOW COLUMNS FROM `cms_position` [ RunTime:0.0005s ]
SQL: SELECT * FROM `cms_position` WHERE `status` = 1  [ RunTime:0.0003s ]
SQL: SHOW COLUMNS FROM `cms_news` [ RunTime:0.0006s ]
SQL: SELECT COUNT(*) AS tp_count FROM `cms_news` LIMIT 1   [ RunTime:0.0002s ]
SQL: SELECT * FROM `cms_news` ORDER BY listorder DESC LIMIT 0,3   [ RunTime:0.0004s ]
INFO: [ view_parse ] --START--
INFO: [ template_filter ] --START--
INFO: Run Behavior\ContentReplaceBehavior [ RunTime:0.000040s ]
INFO: [ template_filter ] --END-- [ RunTime:0.000102s ]
SQL: SHOW COLUMNS FROM `cms_menu` [ RunTime:0.0005s ]
SQL: SELECT * FROM `cms_menu` WHERE `status` <> -1 AND `type` = 1 ORDER BY listorder desc  [ RunTime:0.0003s ]
NOTIC: [8] Undefined variable: menu /Library/WebServer/News/Application/Runtime/Cache/Admin/ccc9ced3ad798311a07cb47b740981c5.php 第 86 行.
NOTIC: [8] Undefined variable: webSiteMenu /Library/WebServer/News/Application/Runtime/Cache/Admin/ccc9ced3ad798311a07cb47b740981c5.php 第 126 行.
SQL: SELECT `name` FROM `cms_menu` WHERE `type` = 0 AND `menu_id` = 3 LIMIT 1   [ RunTime:0.0002s ]
NOTIC: [8] Undefined variable: webSiteMenu /Library/WebServer/News/Application/Runtime/Cache/Admin/ccc9ced3ad798311a07cb47b740981c5.php 第 169 行.
SQL: SELECT `name` FROM `cms_menu` WHERE `type` = 0 AND `menu_id` = null LIMIT 1   [ RunTime:0.0002s ]
SQL: SELECT `name` FROM `cms_menu` WHERE `type` = 0 AND `menu_id` = 3 LIMIT 1   [ RunTime:0.0002s ]
NOTIC: [8] Undefined variable: webSiteMenu /Library/WebServer/News/Application/Runtime/Cache/Admin/ccc9ced3ad798311a07cb47b740981c5.php 第 169 行.
SQL: SELECT `name` FROM `cms_menu` WHERE `type` = 0 AND `menu_id` = null LIMIT 1   [ RunTime:0.0002s ]
SQL: SELECT `name` FROM `cms_menu` WHERE `type` = 0 AND `menu_id` = 3 LIMIT 1   [ RunTime:0.0002s ]
NOTIC: [8] Undefined variable: webSiteMenu /Library/WebServer/News/Application/Runtime/Cache/Admin/ccc9ced3ad798311a07cb47b740981c5.php 第 169 行.
SQL: SELECT `name` FROM `cms_menu` WHERE `type` = 0 AND `menu_id` = null LIMIT 1   [ RunTime:0.0002s ]
INFO: Run Behavior\ParseTemplateBehavior [ RunTime:0.014360s ]
INFO: [ view_parse ] --END-- [ RunTime:0.014389s ]
INFO: [ view_filter ] --START--
INFO: Run Behavior\WriteHtmlCacheBehavior [ RunTime:0.000202s ]
INFO: [ view_filter ] --END-- [ RunTime:0.000226s ]
INFO: [ app_end ] --START--
INFO: Run Behavior\ShowPageTraceBehavior [ RunTime:0.000560s ]
INFO: [ app_end ] --END-- [ RunTime:0.000607s ]

[ 2017-11-03T11:16:15+08:00 ] 127.0.0.1 /admin.php/Content/index/m/admin/p/3.html
INFO: [ app_init ] --START--
INFO: Run Behavior\BuildLiteBehavior [ RunTime:0.000009s ]
INFO: [ app_init ] --END-- [ RunTime:0.000218s ]
INFO: [ app_begin ] --START--
INFO: Run Behavior\ReadHtmlCacheBehavior [ RunTime:0.000272s ]
INFO: [ app_begin ] --END-- [ RunTime:0.000302s ]
SQL: SHOW COLUMNS FROM `cms_position` [ RunTime:0.0005s ]
SQL: SELECT * FROM `cms_position` WHERE `status` = 1  [ RunTime:0.0004s ]
SQL: SHOW COLUMNS FROM `cms_news` [ RunTime:0.0005s ]
SQL: SELECT COUNT(*) AS tp_count FROM `cms_news` LIMIT 1   [ RunTime:0.0002s ]
SQL: SELECT * FROM `cms_news` ORDER BY listorder DESC LIMIT 6,3   [ RunTime:0.0004s ]
INFO: [ view_parse ] --START--
INFO: [ template_filter ] --START--
INFO: Run Behavior\ContentReplaceBehavior [ RunTime:0.000040s ]
INFO: [ template_filter ] --END-- [ RunTime:0.000077s ]
SQL: SHOW COLUMNS FROM `cms_menu` [ RunTime:0.0008s ]
SQL: SELECT * FROM `cms_menu` WHERE `status` <> -1 AND `type` = 1 ORDER BY listorder desc  [ RunTime:0.0004s ]
NOTIC: [8] Undefined variable: menu /Library/WebServer/News/Application/Runtime/Cache/Admin/ccc9ced3ad798311a07cb47b740981c5.php 第 86 行.
NOTIC: [8] Undefined variable: webSiteMenu /Library/WebServer/News/Application/Runtime/Cache/Admin/ccc9ced3ad798311a07cb47b740981c5.php 第 126 行.
SQL: SELECT `name` FROM `cms_menu` WHERE `type` = 0 AND `menu_id` = 3 LIMIT 1   [ RunTime:0.0003s ]
NOTIC: [8] Undefined variable: webSiteMenu /Library/WebServer/News/Application/Runtime/Cache/Admin/ccc9ced3ad798311a07cb47b740981c5.php 第 169 行.
SQL: SELECT `name` FROM `cms_menu` WHERE `type` = 0 AND `menu_id` = null LIMIT 1   [ RunTime:0.0005s ]
SQL: SELECT `name` FROM `cms_menu` WHERE `type` = 0 AND `menu_id` = 12 LIMIT 1   [ RunTime:0.0003s ]
NOTIC: [8] Undefined variable: webSiteMenu /Library/WebServer/News/Application/Runtime/Cache/Admin/ccc9ced3ad798311a07cb47b740981c5.php 第 169 行.
SQL: SELECT `name` FROM `cms_menu` WHERE `type` = 0 AND `menu_id` = null LIMIT 1   [ RunTime:0.0002s ]
INFO: Run Behavior\ParseTemplateBehavior [ RunTime:0.014368s ]
INFO: [ view_parse ] --END-- [ RunTime:0.014399s ]
INFO: [ view_filter ] --START--
INFO: Run Behavior\WriteHtmlCacheBehavior [ RunTime:0.000154s ]
INFO: [ view_filter ] --END-- [ RunTime:0.000176s ]
INFO: [ app_end ] --START--
INFO: Run Behavior\ShowPageTraceBehavior [ RunTime:0.000573s ]
INFO: [ app_end ] --END-- [ RunTime:0.000624s ]

[ 2017-11-03T11:16:17+08:00 ] 127.0.0.1 /admin.php/Content/index/m/admin/p/2.html
INFO: [ app_init ] --START--
INFO: Run Behavior\BuildLiteBehavior [ RunTime:0.000009s ]
INFO: [ app_init ] --END-- [ RunTime:0.000210s ]
INFO: [ app_begin ] --START--
INFO: Run Behavior\ReadHtmlCacheBehavior [ RunTime:0.000266s ]
INFO: [ app_begin ] --END-- [ RunTime:0.000296s ]
SQL: SHOW COLUMNS FROM `cms_position` [ RunTime:0.0004s ]
SQL: SELECT * FROM `cms_position` WHERE `status` = 1  [ RunTime:0.0003s ]
SQL: SHOW COLUMNS FROM `cms_news` [ RunTime:0.0007s ]
SQL: SELECT COUNT(*) AS tp_count FROM `cms_news` LIMIT 1   [ RunTime:0.0002s ]
SQL: SELECT * FROM `cms_news` ORDER BY listorder DESC LIMIT 3,3   [ RunTime:0.0004s ]
INFO: [ view_parse ] --START--
INFO: [ template_filter ] --START--
INFO: Run Behavior\ContentReplaceBehavior [ RunTime:0.000077s ]
INFO: [ template_filter ] --END-- [ RunTime:0.000155s ]
SQL: SHOW COLUMNS FROM `cms_menu` [ RunTime:0.0007s ]
SQL: SELECT * FROM `cms_menu` WHERE `status` <> -1 AND `type` = 1 ORDER BY listorder desc  [ RunTime:0.0006s ]
NOTIC: [8] Undefined variable: menu /Library/WebServer/News/Application/Runtime/Cache/Admin/ccc9ced3ad798311a07cb47b740981c5.php 第 86 行.
NOTIC: [8] Undefined variable: webSiteMenu /Library/WebServer/News/Application/Runtime/Cache/Admin/ccc9ced3ad798311a07cb47b740981c5.php 第 126 行.
SQL: SELECT `name` FROM `cms_menu` WHERE `type` = 0 AND `menu_id` = 3 LIMIT 1   [ RunTime:0.0003s ]
NOTIC: [8] Undefined variable: webSiteMenu /Library/WebServer/News/Application/Runtime/Cache/Admin/ccc9ced3ad798311a07cb47b740981c5.php 第 169 行.
SQL: SELECT `name` FROM `cms_menu` WHERE `type` = 0 AND `menu_id` = null LIMIT 1   [ RunTime:0.0003s ]
SQL: SELECT `name` FROM `cms_menu` WHERE `type` = 0 AND `menu_id` = 3 LIMIT 1   [ RunTime:0.0004s ]
NOTIC: [8] Undefined variable: webSiteMenu /Library/WebServer/News/Application/Runtime/Cache/Admin/ccc9ced3ad798311a07cb47b740981c5.php 第 169 行.
SQL: SELECT `name` FROM `cms_menu` WHERE `type` = 0 AND `menu_id` = null LIMIT 1   [ RunTime:0.0003s ]
SQL: SELECT `name` FROM `cms_menu` WHERE `type` = 0 AND `menu_id` = 8 LIMIT 1   [ RunTime:0.0003s ]
NOTIC: [8] Undefined variable: webSiteMenu /Library/WebServer/News/Application/Runtime/Cache/Admin/ccc9ced3ad798311a07cb47b740981c5.php 第 169 行.
SQL: SELECT `name` FROM `cms_menu` WHERE `type` = 0 AND `menu_id` = null LIMIT 1   [ RunTime:0.0003s ]
INFO: Run Behavior\ParseTemplateBehavior [ RunTime:0.016798s ]
INFO: [ view_parse ] --END-- [ RunTime:0.016831s ]
INFO: [ view_filter ] --START--
INFO: Run Behavior\WriteHtmlCacheBehavior [ RunTime:0.000174s ]
INFO: [ view_filter ] --END-- [ RunTime:0.000202s ]
INFO: [ app_end ] --START--
INFO: Run Behavior\ShowPageTraceBehavior [ RunTime:0.000658s ]
INFO: [ app_end ] --END-- [ RunTime:0.000713s ]

[ 2017-11-03T11:16:19+08:00 ] 127.0.0.1 /admin.php/Content/index/m/admin/p/1.html
INFO: [ app_init ] --START--
INFO: Run Behavior\BuildLiteBehavior [ RunTime:0.000009s ]
INFO: [ app_init ] --END-- [ RunTime:0.000210s ]
INFO: [ app_begin ] --START--
INFO: Run Behavior\ReadHtmlCacheBehavior [ RunTime:0.000313s ]
INFO: [ app_begin ] --END-- [ RunTime:0.000342s ]
SQL: SHOW COLUMNS FROM `cms_position` [ RunTime:0.0009s ]
SQL: SELECT * FROM `cms_position` WHERE `status` = 1  [ RunTime:0.0005s ]
SQL: SHOW COLUMNS FROM `cms_news` [ RunTime:0.0005s ]
SQL: SELECT COUNT(*) AS tp_count FROM `cms_news` LIMIT 1   [ RunTime:0.0002s ]
SQL: SELECT * FROM `cms_news` ORDER BY listorder DESC LIMIT 0,3   [ RunTime:0.0003s ]
INFO: [ view_parse ] --START--
INFO: [ template_filter ] --START--
INFO: Run Behavior\ContentReplaceBehavior [ RunTime:0.000039s ]
INFO: [ template_filter ] --END-- [ RunTime:0.000074s ]
SQL: SHOW COLUMNS FROM `cms_menu` [ RunTime:0.0005s ]
SQL: SELECT * FROM `cms_menu` WHERE `status` <> -1 AND `type` = 1 ORDER BY listorder desc  [ RunTime:0.0003s ]
NOTIC: [8] Undefined variable: menu /Library/WebServer/News/Application/Runtime/Cache/Admin/ccc9ced3ad798311a07cb47b740981c5.php 第 86 行.
NOTIC: [8] Undefined variable: webSiteMenu /Library/WebServer/News/Application/Runtime/Cache/Admin/ccc9ced3ad798311a07cb47b740981c5.php 第 126 行.
SQL: SELECT `name` FROM `cms_menu` WHERE `type` = 0 AND `menu_id` = 3 LIMIT 1   [ RunTime:0.0002s ]
NOTIC: [8] Undefined variable: webSiteMenu /Library/WebServer/News/Application/Runtime/Cache/Admin/ccc9ced3ad798311a07cb47b740981c5.php 第 169 行.
SQL: SELECT `name` FROM `cms_menu` WHERE `type` = 0 AND `menu_id` = null LIMIT 1   [ RunTime:0.0001s ]
SQL: SELECT `name` FROM `cms_menu` WHERE `type` = 0 AND `menu_id` = 3 LIMIT 1   [ RunTime:0.0002s ]
NOTIC: [8] Undefined variable: webSiteMenu /Library/WebServer/News/Application/Runtime/Cache/Admin/ccc9ced3ad798311a07cb47b740981c5.php 第 169 行.
SQL: SELECT `name` FROM `cms_menu` WHERE `type` = 0 AND `menu_id` = null LIMIT 1   [ RunTime:0.0002s ]
SQL: SELECT `name` FROM `cms_menu` WHERE `type` = 0 AND `menu_id` = 3 LIMIT 1   [ RunTime:0.0004s ]
NOTIC: [8] Undefined variable: webSiteMenu /Library/WebServer/News/Application/Runtime/Cache/Admin/ccc9ced3ad798311a07cb47b740981c5.php 第 169 行.
SQL: SELECT `name` FROM `cms_menu` WHERE `type` = 0 AND `menu_id` = null LIMIT 1   [ RunTime:0.0004s ]
INFO: Run Behavior\ParseTemplateBehavior [ RunTime:0.012867s ]
INFO: [ view_parse ] --END-- [ RunTime:0.012936s ]
INFO: [ view_filter ] --START--
INFO: Run Behavior\WriteHtmlCacheBehavior [ RunTime:0.000345s ]
INFO: [ view_filter ] --END-- [ RunTime:0.000432s ]
INFO: [ app_end ] --START--
INFO: Run Behavior\ShowPageTraceBehavior [ RunTime:0.000879s ]
INFO: [ app_end ] --END-- [ RunTime:0.001091s ]

[ 2017-11-03T11:16:23+08:00 ] 127.0.0.1 /admin.php/Content/index/m/admin/p/2.html
INFO: [ app_init ] --START--
INFO: Run Behavior\BuildLiteBehavior [ RunTime:0.000014s ]
INFO: [ app_init ] --END-- [ RunTime:0.000423s ]
INFO: [ app_begin ] --START--
INFO: Run Behavior\ReadHtmlCacheBehavior [ RunTime:0.000280s ]
INFO: [ app_begin ] --END-- [ RunTime:0.000310s ]
SQL: SHOW COLUMNS FROM `cms_position` [ RunTime:0.0005s ]
SQL: SELECT * FROM `cms_position` WHERE `status` = 1  [ RunTime:0.0004s ]
SQL: SHOW COLUMNS FROM `cms_news` [ RunTime:0.0005s ]
SQL: SELECT COUNT(*) AS tp_count FROM `cms_news` LIMIT 1   [ RunTime:0.0002s ]
SQL: SELECT * FROM `cms_news` ORDER BY listorder DESC LIMIT 3,3   [ RunTime:0.0004s ]
INFO: [ view_parse ] --START--
INFO: [ template_filter ] --START--
INFO: Run Behavior\ContentReplaceBehavior [ RunTime:0.000044s ]
INFO: [ template_filter ] --END-- [ RunTime:0.000083s ]
SQL: SHOW COLUMNS FROM `cms_menu` [ RunTime:0.0005s ]
SQL: SELECT * FROM `cms_menu` WHERE `status` <> -1 AND `type` = 1 ORDER BY listorder desc  [ RunTime:0.0004s ]
NOTIC: [8] Undefined variable: menu /Library/WebServer/News/Application/Runtime/Cache/Admin/ccc9ced3ad798311a07cb47b740981c5.php 第 86 行.
NOTIC: [8] Undefined variable: webSiteMenu /Library/WebServer/News/Application/Runtime/Cache/Admin/ccc9ced3ad798311a07cb47b740981c5.php 第 126 行.
SQL: SELECT `name` FROM `cms_menu` WHERE `type` = 0 AND `menu_id` = 3 LIMIT 1   [ RunTime:0.0002s ]
NOTIC: [8] Undefined variable: webSiteMenu /Library/WebServer/News/Application/Runtime/Cache/Admin/ccc9ced3ad798311a07cb47b740981c5.php 第 169 行.
SQL: SELECT `name` FROM `cms_menu` WHERE `type` = 0 AND `menu_id` = null LIMIT 1   [ RunTime:0.0002s ]
SQL: SELECT `name` FROM `cms_menu` WHERE `type` = 0 AND `menu_id` = 3 LIMIT 1   [ RunTime:0.0002s ]
NOTIC: [8] Undefined variable: webSiteMenu /Library/WebServer/News/Application/Runtime/Cache/Admin/ccc9ced3ad798311a07cb47b740981c5.php 第 169 行.
SQL: SELECT `name` FROM `cms_menu` WHERE `type` = 0 AND `menu_id` = null LIMIT 1   [ RunTime:0.0002s ]
SQL: SELECT `name` FROM `cms_menu` WHERE `type` = 0 AND `menu_id` = 8 LIMIT 1   [ RunTime:0.0002s ]
NOTIC: [8] Undefined variable: webSiteMenu /Library/WebServer/News/Application/Runtime/Cache/Admin/ccc9ced3ad798311a07cb47b740981c5.php 第 169 行.
SQL: SELECT `name` FROM `cms_menu` WHERE `type` = 0 AND `menu_id` = null LIMIT 1   [ RunTime:0.0006s ]
INFO: Run Behavior\ParseTemplateBehavior [ RunTime:0.012756s ]
INFO: [ view_parse ] --END-- [ RunTime:0.012798s ]
INFO: [ view_filter ] --START--
INFO: Run Behavior\WriteHtmlCacheBehavior [ RunTime:0.000298s ]
INFO: [ view_filter ] --END-- [ RunTime:0.000338s ]
INFO: [ app_end ] --START--
INFO: Run Behavior\ShowPageTraceBehavior [ RunTime:0.001720s ]
INFO: [ app_end ] --END-- [ RunTime:0.001802s ]

[ 2017-11-03T11:16:27+08:00 ] 127.0.0.1 /admin.php/Content/index/m/admin/p/3.html
INFO: [ app_init ] --START--
INFO: Run Behavior\BuildLiteBehavior [ RunTime:0.000009s ]
INFO: [ app_init ] --END-- [ RunTime:0.000236s ]
INFO: [ app_begin ] --START--
INFO: Run Behavior\ReadHtmlCacheBehavior [ RunTime:0.000574s ]
INFO: [ app_begin ] --END-- [ RunTime:0.000619s ]
SQL: SHOW COLUMNS FROM `cms_position` [ RunTime:0.0005s ]
SQL: SELECT * FROM `cms_position` WHERE `status` = 1  [ RunTime:0.0003s ]
SQL: SHOW COLUMNS FROM `cms_news` [ RunTime:0.0005s ]
SQL: SELECT COUNT(*) AS tp_count FROM `cms_news` LIMIT 1   [ RunTime:0.0002s ]
SQL: SELECT * FROM `cms_news` ORDER BY listorder DESC LIMIT 6,3   [ RunTime:0.0004s ]
INFO: [ view_parse ] --START--
INFO: [ template_filter ] --START--
INFO: Run Behavior\ContentReplaceBehavior [ RunTime:0.000042s ]
INFO: [ template_filter ] --END-- [ RunTime:0.000080s ]
SQL: SHOW COLUMNS FROM `cms_menu` [ RunTime:0.0006s ]
SQL: SELECT * FROM `cms_menu` WHERE `status` <> -1 AND `type` = 1 ORDER BY listorder desc  [ RunTime:0.0004s ]
NOTIC: [8] Undefined variable: menu /Library/WebServer/News/Application/Runtime/Cache/Admin/ccc9ced3ad798311a07cb47b740981c5.php 第 86 行.
NOTIC: [8] Undefined variable: webSiteMenu /Library/WebServer/News/Application/Runtime/Cache/Admin/ccc9ced3ad798311a07cb47b740981c5.php 第 126 行.
SQL: SELECT `name` FROM `cms_menu` WHERE `type` = 0 AND `menu_id` = 3 LIMIT 1   [ RunTime:0.0003s ]
NOTIC: [8] Undefined variable: webSiteMenu /Library/WebServer/News/Application/Runtime/Cache/Admin/ccc9ced3ad798311a07cb47b740981c5.php 第 169 行.
SQL: SELECT `name` FROM `cms_menu` WHERE `type` = 0 AND `menu_id` = null LIMIT 1   [ RunTime:0.0003s ]
SQL: SELECT `name` FROM `cms_menu` WHERE `type` = 0 AND `menu_id` = 12 LIMIT 1   [ RunTime:0.0002s ]
NOTIC: [8] Undefined variable: webSiteMenu /Library/WebServer/News/Application/Runtime/Cache/Admin/ccc9ced3ad798311a07cb47b740981c5.php 第 169 行.
SQL: SELECT `name` FROM `cms_menu` WHERE `type` = 0 AND `menu_id` = null LIMIT 1   [ RunTime:0.0002s ]
INFO: Run Behavior\ParseTemplateBehavior [ RunTime:0.013590s ]
INFO: [ view_parse ] --END-- [ RunTime:0.013622s ]
INFO: [ view_filter ] --START--
INFO: Run Behavior\WriteHtmlCacheBehavior [ RunTime:0.000152s ]
INFO: [ view_filter ] --END-- [ RunTime:0.000176s ]
INFO: [ app_end ] --START--
INFO: Run Behavior\ShowPageTraceBehavior [ RunTime:0.000484s ]
INFO: [ app_end ] --END-- [ RunTime:0.000531s ]

[ 2017-11-03T11:16:28+08:00 ] 127.0.0.1 /admin.php/Content/index/m/admin/p/1.html
INFO: [ app_init ] --START--
INFO: Run Behavior\BuildLiteBehavior [ RunTime:0.000010s ]
INFO: [ app_init ] --END-- [ RunTime:0.000286s ]
INFO: [ app_begin ] --START--
INFO: Run Behavior\ReadHtmlCacheBehavior [ RunTime:0.000321s ]
INFO: [ app_begin ] --END-- [ RunTime:0.000357s ]
SQL: SHOW COLUMNS FROM `cms_position` [ RunTime:0.0004s ]
SQL: SELECT * FROM `cms_position` WHERE `status` = 1  [ RunTime:0.0003s ]
SQL: SHOW COLUMNS FROM `cms_news` [ RunTime:0.0006s ]
SQL: SELECT COUNT(*) AS tp_count FROM `cms_news` LIMIT 1   [ RunTime:0.0002s ]
SQL: SELECT * FROM `cms_news` ORDER BY listorder DESC LIMIT 0,3   [ RunTime:0.0004s ]
INFO: [ view_parse ] --START--
INFO: [ template_filter ] --START--
INFO: Run Behavior\ContentReplaceBehavior [ RunTime:0.000041s ]
INFO: [ template_filter ] --END-- [ RunTime:0.000084s ]
SQL: SHOW COLUMNS FROM `cms_menu` [ RunTime:0.0006s ]
SQL: SELECT * FROM `cms_menu` WHERE `status` <> -1 AND `type` = 1 ORDER BY listorder desc  [ RunTime:0.0004s ]
NOTIC: [8] Undefined variable: menu /Library/WebServer/News/Application/Runtime/Cache/Admin/ccc9ced3ad798311a07cb47b740981c5.php 第 86 行.
NOTIC: [8] Undefined variable: webSiteMenu /Library/WebServer/News/Application/Runtime/Cache/Admin/ccc9ced3ad798311a07cb47b740981c5.php 第 126 行.
SQL: SELECT `name` FROM `cms_menu` WHERE `type` = 0 AND `menu_id` = 3 LIMIT 1   [ RunTime:0.0003s ]
NOTIC: [8] Undefined variable: webSiteMenu /Library/WebServer/News/Application/Runtime/Cache/Admin/ccc9ced3ad798311a07cb47b740981c5.php 第 169 行.
SQL: SELECT `name` FROM `cms_menu` WHERE `type` = 0 AND `menu_id` = null LIMIT 1   [ RunTime:0.0002s ]
SQL: SELECT `name` FROM `cms_menu` WHERE `type` = 0 AND `menu_id` = 3 LIMIT 1   [ RunTime:0.0002s ]
NOTIC: [8] Undefined variable: webSiteMenu /Library/WebServer/News/Application/Runtime/Cache/Admin/ccc9ced3ad798311a07cb47b740981c5.php 第 169 行.
SQL: SELECT `name` FROM `cms_menu` WHERE `type` = 0 AND `menu_id` = null LIMIT 1   [ RunTime:0.0002s ]
SQL: SELECT `name` FROM `cms_menu` WHERE `type` = 0 AND `menu_id` = 3 LIMIT 1   [ RunTime:0.0002s ]
NOTIC: [8] Undefined variable: webSiteMenu /Library/WebServer/News/Application/Runtime/Cache/Admin/ccc9ced3ad798311a07cb47b740981c5.php 第 169 行.
SQL: SELECT `name` FROM `cms_menu` WHERE `type` = 0 AND `menu_id` = null LIMIT 1   [ RunTime:0.0002s ]
INFO: Run Behavior\ParseTemplateBehavior [ RunTime:0.014148s ]
INFO: [ view_parse ] --END-- [ RunTime:0.014177s ]
INFO: [ view_filter ] --START--
INFO: Run Behavior\WriteHtmlCacheBehavior [ RunTime:0.000154s ]
INFO: [ view_filter ] --END-- [ RunTime:0.000178s ]
INFO: [ app_end ] --START--
INFO: Run Behavior\ShowPageTraceBehavior [ RunTime:0.000456s ]
INFO: [ app_end ] --END-- [ RunTime:0.000493s ]

