[ 2017-11-02T08:31:02+08:00 ] 127.0.0.1 /admin.php?c=position&a=index
INFO: [ app_init ] --START--
INFO: Run Behavior\BuildLiteBehavior [ RunTime:0.000014s ]
INFO: [ app_init ] --END-- [ RunTime:0.000319s ]
INFO: [ app_begin ] --START--
INFO: Run Behavior\ReadHtmlCacheBehavior [ RunTime:0.000412s ]
INFO: [ app_begin ] --END-- [ RunTime:0.000477s ]
SQL: SHOW COLUMNS FROM `cms_position` [ RunTime:0.0005s ]
SQL: SELECT COUNT(*) AS tp_count FROM `cms_position` LIMIT 1   [ RunTime:0.0023s ]
SQL: SELECT * FROM `cms_position` LIMIT 0,3   [ RunTime:0.0013s ]
INFO: [ view_parse ] --START--
INFO: [ template_filter ] --START--
INFO: Run Behavior\ContentReplaceBehavior [ RunTime:0.000037s ]
INFO: [ template_filter ] --END-- [ RunTime:0.000083s ]
SQL: SHOW COLUMNS FROM `cms_menu` [ RunTime:0.0006s ]
SQL: SELECT * FROM `cms_menu` WHERE `status` <> -1 AND `type` = 1 ORDER BY listorder desc  [ RunTime:0.0019s ]
NOTIC: [8] Undefined variable: menu /Library/WebServer/News/Application/Runtime/Cache/Admin/3a437f75b5b60a521a3ad0fc93a5ab5f.php 第 83 行.
NOTIC: [8] Undefined variable: nav /Library/WebServer/News/Application/Runtime/Cache/Admin/3a437f75b5b60a521a3ad0fc93a5ab5f.php 第 105 行.
INFO: Run Behavior\ParseTemplateBehavior [ RunTime:0.029078s ]
INFO: [ view_parse ] --END-- [ RunTime:0.029121s ]
INFO: [ view_filter ] --START--
INFO: Run Behavior\WriteHtmlCacheBehavior [ RunTime:0.000170s ]
INFO: [ view_filter ] --END-- [ RunTime:0.000195s ]
INFO: [ app_end ] --START--
INFO: Run Behavior\ShowPageTraceBehavior [ RunTime:0.000590s ]
INFO: [ app_end ] --END-- [ RunTime:0.000652s ]

[ 2017-11-02T08:32:03+08:00 ] 127.0.0.1 /admin.php?c=position&a=index
INFO: [ app_init ] --START--
INFO: Run Behavior\BuildLiteBehavior [ RunTime:0.000009s ]
INFO: [ app_init ] --END-- [ RunTime:0.000299s ]
INFO: [ app_begin ] --START--
INFO: Run Behavior\ReadHtmlCacheBehavior [ RunTime:0.000562s ]
INFO: [ app_begin ] --END-- [ RunTime:0.000622s ]
SQL: SHOW COLUMNS FROM `cms_position` [ RunTime:0.0006s ]
SQL: SELECT COUNT(*) AS tp_count FROM `cms_position` LIMIT 1   [ RunTime:0.0002s ]
SQL: SELECT * FROM `cms_position` LIMIT 0,3   [ RunTime:0.0003s ]
INFO: [ view_parse ] --START--
INFO: [ template_filter ] --START--
INFO: Run Behavior\ContentReplaceBehavior [ RunTime:0.000050s ]
INFO: [ template_filter ] --END-- [ RunTime:0.000107s ]
SQL: SHOW COLUMNS FROM `cms_menu` [ RunTime:0.0006s ]
SQL: SELECT * FROM `cms_menu` WHERE `status` <> -1 AND `type` = 1 ORDER BY listorder desc  [ RunTime:0.0004s ]
NOTIC: [8] Undefined variable: menu /Library/WebServer/News/Application/Runtime/Cache/Admin/3a437f75b5b60a521a3ad0fc93a5ab5f.php 第 83 行.
NOTIC: [8] Undefined variable: nav /Library/WebServer/News/Application/Runtime/Cache/Admin/3a437f75b5b60a521a3ad0fc93a5ab5f.php 第 105 行.
INFO: Run Behavior\ParseTemplateBehavior [ RunTime:0.009552s ]
INFO: [ view_parse ] --END-- [ RunTime:0.009589s ]
INFO: [ view_filter ] --START--
INFO: Run Behavior\WriteHtmlCacheBehavior [ RunTime:0.000150s ]
INFO: [ view_filter ] --END-- [ RunTime:0.000177s ]
INFO: [ app_end ] --START--
INFO: Run Behavior\ShowPageTraceBehavior [ RunTime:0.000581s ]
INFO: [ app_end ] --END-- [ RunTime:0.000637s ]

[ 2017-11-02T08:32:16+08:00 ] 127.0.0.1 /admin.php?c=position&a=index
INFO: [ app_init ] --START--
INFO: Run Behavior\BuildLiteBehavior [ RunTime:0.000010s ]
INFO: [ app_init ] --END-- [ RunTime:0.000241s ]
INFO: [ app_begin ] --START--
INFO: Run Behavior\ReadHtmlCacheBehavior [ RunTime:0.000312s ]
INFO: [ app_begin ] --END-- [ RunTime:0.000349s ]
SQL: SHOW COLUMNS FROM `cms_position` [ RunTime:0.0006s ]
SQL: SELECT COUNT(*) AS tp_count FROM `cms_position` LIMIT 1   [ RunTime:0.0002s ]
SQL: SELECT * FROM `cms_position` LIMIT 0,3   [ RunTime:0.0003s ]
INFO: [ view_parse ] --START--
INFO: [ template_filter ] --START--
INFO: Run Behavior\ContentReplaceBehavior [ RunTime:0.000036s ]
INFO: [ template_filter ] --END-- [ RunTime:0.000076s ]
SQL: SHOW COLUMNS FROM `cms_menu` [ RunTime:0.0006s ]
SQL: SELECT * FROM `cms_menu` WHERE `status` <> -1 AND `type` = 1 ORDER BY listorder desc  [ RunTime:0.0003s ]
NOTIC: [8] Undefined variable: menu /Library/WebServer/News/Application/Runtime/Cache/Admin/3a437f75b5b60a521a3ad0fc93a5ab5f.php 第 83 行.
NOTIC: [8] Undefined variable: nav /Library/WebServer/News/Application/Runtime/Cache/Admin/3a437f75b5b60a521a3ad0fc93a5ab5f.php 第 105 行.
INFO: Run Behavior\ParseTemplateBehavior [ RunTime:0.009885s ]
INFO: [ view_parse ] --END-- [ RunTime:0.009914s ]
INFO: [ view_filter ] --START--
INFO: Run Behavior\WriteHtmlCacheBehavior [ RunTime:0.000150s ]
INFO: [ view_filter ] --END-- [ RunTime:0.000173s ]
INFO: [ app_end ] --START--
INFO: Run Behavior\ShowPageTraceBehavior [ RunTime:0.000585s ]
INFO: [ app_end ] --END-- [ RunTime:0.000653s ]

[ 2017-11-02T09:16:23+08:00 ] 127.0.0.1 /admin.php?c=basic&a=index
INFO: [ app_init ] --START--
INFO: Run Behavior\BuildLiteBehavior [ RunTime:0.000010s ]
INFO: [ app_init ] --END-- [ RunTime:0.000513s ]
INFO: [ app_begin ] --START--
INFO: Run Behavior\ReadHtmlCacheBehavior [ RunTime:0.000283s ]
INFO: [ app_begin ] --END-- [ RunTime:0.000313s ]
INFO: [ view_parse ] --START--
INFO: [ template_filter ] --START--
INFO: Run Behavior\ContentReplaceBehavior [ RunTime:0.000029s ]
INFO: [ template_filter ] --END-- [ RunTime:0.000065s ]
SQL: SHOW COLUMNS FROM `cms_menu` [ RunTime:0.0005s ]
SQL: SELECT * FROM `cms_menu` WHERE `status` <> -1 AND `type` = 1 ORDER BY listorder desc  [ RunTime:0.0003s ]
NOTIC: [8] Undefined variable: menu /Library/WebServer/News/Application/Runtime/Cache/Admin/bb97361d9e4731aec48331de29e1c4d1.php 第 83 行.
NOTIC: [8] Undefined variable: type /Library/WebServer/News/Application/Runtime/Cache/Admin/bb97361d9e4731aec48331de29e1c4d1.php 第 101 行.
NOTIC: [8] Undefined variable: type /Library/WebServer/News/Application/Runtime/Cache/Admin/bb97361d9e4731aec48331de29e1c4d1.php 第 102 行.
NOTIC: [8] Undefined variable: vo /Library/WebServer/News/Application/Runtime/Cache/Admin/bb97361d9e4731aec48331de29e1c4d1.php 第 114 行.
NOTIC: [8] Undefined variable: vo /Library/WebServer/News/Application/Runtime/Cache/Admin/bb97361d9e4731aec48331de29e1c4d1.php 第 121 行.
NOTIC: [8] Undefined variable: vo /Library/WebServer/News/Application/Runtime/Cache/Admin/bb97361d9e4731aec48331de29e1c4d1.php 第 127 行.
NOTIC: [8] Undefined variable: vo /Library/WebServer/News/Application/Runtime/Cache/Admin/bb97361d9e4731aec48331de29e1c4d1.php 第 134 行.
NOTIC: [8] Undefined variable: vo /Library/WebServer/News/Application/Runtime/Cache/Admin/bb97361d9e4731aec48331de29e1c4d1.php 第 135 行.
NOTIC: [8] Undefined variable: vo /Library/WebServer/News/Application/Runtime/Cache/Admin/bb97361d9e4731aec48331de29e1c4d1.php 第 142 行.
NOTIC: [8] Undefined variable: vo /Library/WebServer/News/Application/Runtime/Cache/Admin/bb97361d9e4731aec48331de29e1c4d1.php 第 143 行.
INFO: Run Behavior\ParseTemplateBehavior [ RunTime:0.020913s ]
INFO: [ view_parse ] --END-- [ RunTime:0.020955s ]
INFO: [ view_filter ] --START--
INFO: Run Behavior\WriteHtmlCacheBehavior [ RunTime:0.000146s ]
INFO: [ view_filter ] --END-- [ RunTime:0.000170s ]
INFO: [ app_end ] --START--
INFO: Run Behavior\ShowPageTraceBehavior [ RunTime:0.000309s ]
INFO: [ app_end ] --END-- [ RunTime:0.000335s ]

[ 2017-11-02T09:16:26+08:00 ] 127.0.0.1 /admin.php?c=basic
INFO: [ app_init ] --START--
INFO: Run Behavior\BuildLiteBehavior [ RunTime:0.000010s ]
INFO: [ app_init ] --END-- [ RunTime:0.000310s ]
INFO: [ app_begin ] --START--
INFO: Run Behavior\ReadHtmlCacheBehavior [ RunTime:0.000362s ]
INFO: [ app_begin ] --END-- [ RunTime:0.000410s ]
INFO: [ view_parse ] --START--
INFO: [ template_filter ] --START--
INFO: Run Behavior\ContentReplaceBehavior [ RunTime:0.000040s ]
INFO: [ template_filter ] --END-- [ RunTime:0.000114s ]
SQL: SHOW COLUMNS FROM `cms_menu` [ RunTime:0.0005s ]
SQL: SELECT * FROM `cms_menu` WHERE `status` <> -1 AND `type` = 1 ORDER BY listorder desc  [ RunTime:0.0004s ]
NOTIC: [8] Undefined variable: menu /Library/WebServer/News/Application/Runtime/Cache/Admin/bb97361d9e4731aec48331de29e1c4d1.php 第 83 行.
NOTIC: [8] Undefined variable: type /Library/WebServer/News/Application/Runtime/Cache/Admin/bb97361d9e4731aec48331de29e1c4d1.php 第 101 行.
NOTIC: [8] Undefined variable: type /Library/WebServer/News/Application/Runtime/Cache/Admin/bb97361d9e4731aec48331de29e1c4d1.php 第 102 行.
NOTIC: [8] Undefined variable: vo /Library/WebServer/News/Application/Runtime/Cache/Admin/bb97361d9e4731aec48331de29e1c4d1.php 第 114 行.
NOTIC: [8] Undefined variable: vo /Library/WebServer/News/Application/Runtime/Cache/Admin/bb97361d9e4731aec48331de29e1c4d1.php 第 121 行.
NOTIC: [8] Undefined variable: vo /Library/WebServer/News/Application/Runtime/Cache/Admin/bb97361d9e4731aec48331de29e1c4d1.php 第 127 行.
NOTIC: [8] Undefined variable: vo /Library/WebServer/News/Application/Runtime/Cache/Admin/bb97361d9e4731aec48331de29e1c4d1.php 第 134 行.
NOTIC: [8] Undefined variable: vo /Library/WebServer/News/Application/Runtime/Cache/Admin/bb97361d9e4731aec48331de29e1c4d1.php 第 135 行.
NOTIC: [8] Undefined variable: vo /Library/WebServer/News/Application/Runtime/Cache/Admin/bb97361d9e4731aec48331de29e1c4d1.php 第 142 行.
NOTIC: [8] Undefined variable: vo /Library/WebServer/News/Application/Runtime/Cache/Admin/bb97361d9e4731aec48331de29e1c4d1.php 第 143 行.
INFO: Run Behavior\ParseTemplateBehavior [ RunTime:0.015533s ]
INFO: [ view_parse ] --END-- [ RunTime:0.015564s ]
INFO: [ view_filter ] --START--
INFO: Run Behavior\WriteHtmlCacheBehavior [ RunTime:0.000200s ]
INFO: [ view_filter ] --END-- [ RunTime:0.000224s ]
INFO: [ app_end ] --START--
INFO: Run Behavior\ShowPageTraceBehavior [ RunTime:0.000429s ]
INFO: [ app_end ] --END-- [ RunTime:0.000484s ]

[ 2017-11-02T09:16:27+08:00 ] 127.0.0.1 /admin.php?c=basic&a=cache
INFO: [ app_init ] --START--
INFO: Run Behavior\BuildLiteBehavior [ RunTime:0.000038s ]
INFO: [ app_init ] --END-- [ RunTime:0.000311s ]
INFO: [ app_begin ] --START--
INFO: Run Behavior\ReadHtmlCacheBehavior [ RunTime:0.000378s ]
INFO: [ app_begin ] --END-- [ RunTime:0.000409s ]
INFO: [ view_parse ] --START--
INFO: [ template_filter ] --START--
INFO: Run Behavior\ContentReplaceBehavior [ RunTime:0.000030s ]
INFO: [ template_filter ] --END-- [ RunTime:0.000075s ]
SQL: SHOW COLUMNS FROM `cms_menu` [ RunTime:0.0005s ]
SQL: SELECT * FROM `cms_menu` WHERE `status` <> -1 AND `type` = 1 ORDER BY listorder desc  [ RunTime:0.0003s ]
NOTIC: [8] Undefined variable: menu /Library/WebServer/News/Application/Runtime/Cache/Admin/96607e5f2f4cf54441a3bd1a2c95c551.php 第 83 行.
NOTIC: [8] Undefined variable: type /Library/WebServer/News/Application/Runtime/Cache/Admin/96607e5f2f4cf54441a3bd1a2c95c551.php 第 101 行.
NOTIC: [8] Undefined variable: type /Library/WebServer/News/Application/Runtime/Cache/Admin/96607e5f2f4cf54441a3bd1a2c95c551.php 第 102 行.
INFO: Run Behavior\ParseTemplateBehavior [ RunTime:0.016023s ]
INFO: [ view_parse ] --END-- [ RunTime:0.016054s ]
INFO: [ view_filter ] --START--
INFO: Run Behavior\WriteHtmlCacheBehavior [ RunTime:0.000164s ]
INFO: [ view_filter ] --END-- [ RunTime:0.000189s ]
INFO: [ app_end ] --START--
INFO: Run Behavior\ShowPageTraceBehavior [ RunTime:0.000354s ]
INFO: [ app_end ] --END-- [ RunTime:0.000380s ]

[ 2017-11-02T09:16:28+08:00 ] 127.0.0.1 /admin.php?c=basic
INFO: [ app_init ] --START--
INFO: Run Behavior\BuildLiteBehavior [ RunTime:0.000014s ]
INFO: [ app_init ] --END-- [ RunTime:0.000440s ]
INFO: [ app_begin ] --START--
INFO: Run Behavior\ReadHtmlCacheBehavior [ RunTime:0.000340s ]
INFO: [ app_begin ] --END-- [ RunTime:0.000377s ]
INFO: [ view_parse ] --START--
INFO: [ template_filter ] --START--
INFO: Run Behavior\ContentReplaceBehavior [ RunTime:0.000029s ]
INFO: [ template_filter ] --END-- [ RunTime:0.000068s ]
SQL: SHOW COLUMNS FROM `cms_menu` [ RunTime:0.0005s ]
SQL: SELECT * FROM `cms_menu` WHERE `status` <> -1 AND `type` = 1 ORDER BY listorder desc  [ RunTime:0.0004s ]
NOTIC: [8] Undefined variable: menu /Library/WebServer/News/Application/Runtime/Cache/Admin/bb97361d9e4731aec48331de29e1c4d1.php 第 83 行.
NOTIC: [8] Undefined variable: type /Library/WebServer/News/Application/Runtime/Cache/Admin/bb97361d9e4731aec48331de29e1c4d1.php 第 101 行.
NOTIC: [8] Undefined variable: type /Library/WebServer/News/Application/Runtime/Cache/Admin/bb97361d9e4731aec48331de29e1c4d1.php 第 102 行.
NOTIC: [8] Undefined variable: vo /Library/WebServer/News/Application/Runtime/Cache/Admin/bb97361d9e4731aec48331de29e1c4d1.php 第 114 行.
NOTIC: [8] Undefined variable: vo /Library/WebServer/News/Application/Runtime/Cache/Admin/bb97361d9e4731aec48331de29e1c4d1.php 第 121 行.
NOTIC: [8] Undefined variable: vo /Library/WebServer/News/Application/Runtime/Cache/Admin/bb97361d9e4731aec48331de29e1c4d1.php 第 127 行.
NOTIC: [8] Undefined variable: vo /Library/WebServer/News/Application/Runtime/Cache/Admin/bb97361d9e4731aec48331de29e1c4d1.php 第 134 行.
NOTIC: [8] Undefined variable: vo /Library/WebServer/News/Application/Runtime/Cache/Admin/bb97361d9e4731aec48331de29e1c4d1.php 第 135 行.
NOTIC: [8] Undefined variable: vo /Library/WebServer/News/Application/Runtime/Cache/Admin/bb97361d9e4731aec48331de29e1c4d1.php 第 142 行.
NOTIC: [8] Undefined variable: vo /Library/WebServer/News/Application/Runtime/Cache/Admin/bb97361d9e4731aec48331de29e1c4d1.php 第 143 行.
INFO: Run Behavior\ParseTemplateBehavior [ RunTime:0.016469s ]
INFO: [ view_parse ] --END-- [ RunTime:0.016504s ]
INFO: [ view_filter ] --START--
INFO: Run Behavior\WriteHtmlCacheBehavior [ RunTime:0.000174s ]
INFO: [ view_filter ] --END-- [ RunTime:0.000200s ]
INFO: [ app_end ] --START--
INFO: Run Behavior\ShowPageTraceBehavior [ RunTime:0.000360s ]
INFO: [ app_end ] --END-- [ RunTime:0.000389s ]

[ 2017-11-02T09:46:18+08:00 ] 127.0.0.1 /admin.php?c=basic&a=add
INFO: [ app_init ] --START--
INFO: Run Behavior\BuildLiteBehavior [ RunTime:0.000011s ]
INFO: [ app_init ] --END-- [ RunTime:0.000301s ]
INFO: [ app_begin ] --START--
INFO: Run Behavior\ReadHtmlCacheBehavior [ RunTime:0.000308s ]
INFO: [ app_begin ] --END-- [ RunTime:0.000344s ]
NOTIC: [2048] Declaration of Common\Model\BasicModel::save() should be compatible with Think\Model::save($data = '', $options = Array) /Library/WebServer/News/Application/Common/Model/BasicModel.class.php 第 10 行.
ERR: 1146:Table 'news_cms.cms_basic' doesn't exist
 [ SQL语句 ] : SHOW COLUMNS FROM `cms_basic`
ERR: 1146:Table 'news_cms.cms_basic' doesn't exist
 [ SQL语句 ] : SHOW COLUMNS FROM `cms_basic`

[ 2017-11-02T09:46:28+08:00 ] 127.0.0.1 /admin.php?c=basic&a=add
INFO: [ app_init ] --START--
INFO: Run Behavior\BuildLiteBehavior [ RunTime:0.000016s ]
INFO: [ app_init ] --END-- [ RunTime:0.000380s ]
INFO: [ app_begin ] --START--
INFO: Run Behavior\ReadHtmlCacheBehavior [ RunTime:0.000514s ]
INFO: [ app_begin ] --END-- [ RunTime:0.001075s ]
NOTIC: [2048] Declaration of Common\Model\BasicModel::save() should be compatible with Think\Model::save($data = '', $options = Array) /Library/WebServer/News/Application/Common/Model/BasicModel.class.php 第 10 行.
ERR: 1146:Table 'news_cms.cms_basic' doesn't exist
 [ SQL语句 ] : SHOW COLUMNS FROM `cms_basic`
ERR: 1146:Table 'news_cms.cms_basic' doesn't exist
 [ SQL语句 ] : SHOW COLUMNS FROM `cms_basic`

[ 2017-11-02T09:54:22+08:00 ] 127.0.0.1 /admin.php?c=basic
INFO: [ app_init ] --START--
INFO: Run Behavior\BuildLiteBehavior [ RunTime:0.000020s ]
INFO: [ app_init ] --END-- [ RunTime:0.000599s ]
INFO: [ app_begin ] --START--
INFO: Run Behavior\ReadHtmlCacheBehavior [ RunTime:0.000739s ]
INFO: [ app_begin ] --END-- [ RunTime:0.000810s ]
INFO: [ view_parse ] --START--
INFO: [ template_filter ] --START--
INFO: Run Behavior\ContentReplaceBehavior [ RunTime:0.000051s ]
INFO: [ template_filter ] --END-- [ RunTime:0.000138s ]
SQL: SHOW COLUMNS FROM `cms_menu` [ RunTime:0.0005s ]
SQL: SELECT * FROM `cms_menu` WHERE `status` <> -1 AND `type` = 1 ORDER BY listorder desc  [ RunTime:0.0003s ]
NOTIC: [8] Undefined variable: menu /Library/WebServer/News/Application/Runtime/Cache/Admin/bb97361d9e4731aec48331de29e1c4d1.php 第 83 行.
NOTIC: [8] Undefined variable: type /Library/WebServer/News/Application/Runtime/Cache/Admin/bb97361d9e4731aec48331de29e1c4d1.php 第 101 行.
NOTIC: [8] Undefined variable: type /Library/WebServer/News/Application/Runtime/Cache/Admin/bb97361d9e4731aec48331de29e1c4d1.php 第 102 行.
NOTIC: [8] Undefined variable: vo /Library/WebServer/News/Application/Runtime/Cache/Admin/bb97361d9e4731aec48331de29e1c4d1.php 第 114 行.
NOTIC: [8] Undefined variable: vo /Library/WebServer/News/Application/Runtime/Cache/Admin/bb97361d9e4731aec48331de29e1c4d1.php 第 121 行.
NOTIC: [8] Undefined variable: vo /Library/WebServer/News/Application/Runtime/Cache/Admin/bb97361d9e4731aec48331de29e1c4d1.php 第 127 行.
NOTIC: [8] Undefined variable: vo /Library/WebServer/News/Application/Runtime/Cache/Admin/bb97361d9e4731aec48331de29e1c4d1.php 第 134 行.
NOTIC: [8] Undefined variable: vo /Library/WebServer/News/Application/Runtime/Cache/Admin/bb97361d9e4731aec48331de29e1c4d1.php 第 135 行.
NOTIC: [8] Undefined variable: vo /Library/WebServer/News/Application/Runtime/Cache/Admin/bb97361d9e4731aec48331de29e1c4d1.php 第 142 行.
NOTIC: [8] Undefined variable: vo /Library/WebServer/News/Application/Runtime/Cache/Admin/bb97361d9e4731aec48331de29e1c4d1.php 第 143 行.
INFO: Run Behavior\ParseTemplateBehavior [ RunTime:0.027506s ]
INFO: [ view_parse ] --END-- [ RunTime:0.027544s ]
INFO: [ view_filter ] --START--
INFO: Run Behavior\WriteHtmlCacheBehavior [ RunTime:0.000149s ]
INFO: [ view_filter ] --END-- [ RunTime:0.000172s ]
INFO: [ app_end ] --START--
INFO: Run Behavior\ShowPageTraceBehavior [ RunTime:0.000308s ]
INFO: [ app_end ] --END-- [ RunTime:0.000333s ]

[ 2017-11-02T09:54:28+08:00 ] 127.0.0.1 /admin.php?c=basic&a=add
INFO: [ app_init ] --START--
INFO: Run Behavior\BuildLiteBehavior [ RunTime:0.000020s ]
INFO: [ app_init ] --END-- [ RunTime:0.000946s ]
INFO: [ app_begin ] --START--
INFO: Run Behavior\ReadHtmlCacheBehavior [ RunTime:0.000362s ]
INFO: [ app_begin ] --END-- [ RunTime:0.000405s ]

[ 2017-11-02T09:54:33+08:00 ] 127.0.0.1 /admin.php?c=basic&a=add
INFO: [ app_init ] --START--
INFO: Run Behavior\BuildLiteBehavior [ RunTime:0.000014s ]
INFO: [ app_init ] --END-- [ RunTime:0.000400s ]
INFO: [ app_begin ] --START--
INFO: Run Behavior\ReadHtmlCacheBehavior [ RunTime:0.000427s ]
INFO: [ app_begin ] --END-- [ RunTime:0.000474s ]

[ 2017-11-02T09:57:19+08:00 ] 127.0.0.1 /admin.php?c=basic
INFO: [ app_init ] --START--
INFO: Run Behavior\BuildLiteBehavior [ RunTime:0.000019s ]
INFO: [ app_init ] --END-- [ RunTime:0.000869s ]
INFO: [ app_begin ] --START--
INFO: Run Behavior\ReadHtmlCacheBehavior [ RunTime:0.000683s ]
INFO: [ app_begin ] --END-- [ RunTime:0.000748s ]
INFO: [ view_parse ] --START--
INFO: [ template_filter ] --START--
INFO: Run Behavior\ContentReplaceBehavior [ RunTime:0.000033s ]
INFO: [ template_filter ] --END-- [ RunTime:0.000079s ]
SQL: SHOW COLUMNS FROM `cms_menu` [ RunTime:0.0004s ]
SQL: SELECT * FROM `cms_menu` WHERE `status` <> -1 AND `type` = 1 ORDER BY listorder desc  [ RunTime:0.0004s ]
NOTIC: [8] Undefined variable: menu /Library/WebServer/News/Application/Runtime/Cache/Admin/bb97361d9e4731aec48331de29e1c4d1.php 第 83 行.
NOTIC: [8] Undefined variable: type /Library/WebServer/News/Application/Runtime/Cache/Admin/bb97361d9e4731aec48331de29e1c4d1.php 第 101 行.
NOTIC: [8] Undefined variable: type /Library/WebServer/News/Application/Runtime/Cache/Admin/bb97361d9e4731aec48331de29e1c4d1.php 第 102 行.
NOTIC: [8] Undefined variable: vo /Library/WebServer/News/Application/Runtime/Cache/Admin/bb97361d9e4731aec48331de29e1c4d1.php 第 114 行.
NOTIC: [8] Undefined variable: vo /Library/WebServer/News/Application/Runtime/Cache/Admin/bb97361d9e4731aec48331de29e1c4d1.php 第 121 行.
NOTIC: [8] Undefined variable: vo /Library/WebServer/News/Application/Runtime/Cache/Admin/bb97361d9e4731aec48331de29e1c4d1.php 第 127 行.
NOTIC: [8] Undefined variable: vo /Library/WebServer/News/Application/Runtime/Cache/Admin/bb97361d9e4731aec48331de29e1c4d1.php 第 134 行.
NOTIC: [8] Undefined variable: vo /Library/WebServer/News/Application/Runtime/Cache/Admin/bb97361d9e4731aec48331de29e1c4d1.php 第 135 行.
NOTIC: [8] Undefined variable: vo /Library/WebServer/News/Application/Runtime/Cache/Admin/bb97361d9e4731aec48331de29e1c4d1.php 第 142 行.
NOTIC: [8] Undefined variable: vo /Library/WebServer/News/Application/Runtime/Cache/Admin/bb97361d9e4731aec48331de29e1c4d1.php 第 143 行.
INFO: Run Behavior\ParseTemplateBehavior [ RunTime:0.024243s ]
INFO: [ view_parse ] --END-- [ RunTime:0.024416s ]
INFO: [ view_filter ] --START--
INFO: Run Behavior\WriteHtmlCacheBehavior [ RunTime:0.000169s ]
INFO: [ view_filter ] --END-- [ RunTime:0.000192s ]
INFO: [ app_end ] --START--
INFO: Run Behavior\ShowPageTraceBehavior [ RunTime:0.000343s ]
INFO: [ app_end ] --END-- [ RunTime:0.000371s ]

[ 2017-11-02T09:57:30+08:00 ] 127.0.0.1 /admin.php?c=basic&a=add
INFO: [ app_init ] --START--
INFO: Run Behavior\BuildLiteBehavior [ RunTime:0.000014s ]
INFO: [ app_init ] --END-- [ RunTime:0.000349s ]
INFO: [ app_begin ] --START--
INFO: Run Behavior\ReadHtmlCacheBehavior [ RunTime:0.000729s ]
INFO: [ app_begin ] --END-- [ RunTime:0.000803s ]

[ 2017-11-02T10:10:03+08:00 ] 127.0.0.1 /admin.php?c=basic
INFO: [ app_init ] --START--
INFO: Run Behavior\BuildLiteBehavior [ RunTime:0.000023s ]
INFO: [ app_init ] --END-- [ RunTime:0.001233s ]
INFO: [ app_begin ] --START--
INFO: Run Behavior\ReadHtmlCacheBehavior [ RunTime:0.000738s ]
INFO: [ app_begin ] --END-- [ RunTime:0.000816s ]
INFO: [ view_parse ] --START--
INFO: [ template_filter ] --START--
INFO: Run Behavior\ContentReplaceBehavior [ RunTime:0.000029s ]
INFO: [ template_filter ] --END-- [ RunTime:0.000068s ]
SQL: SHOW COLUMNS FROM `cms_menu` [ RunTime:0.0020s ]
SQL: SELECT * FROM `cms_menu` WHERE `status` <> -1 AND `type` = 1 ORDER BY listorder desc  [ RunTime:0.0004s ]
NOTIC: [8] Undefined variable: menu /Library/WebServer/News/Application/Runtime/Cache/Admin/bb97361d9e4731aec48331de29e1c4d1.php 第 83 行.
NOTIC: [8] Undefined variable: type /Library/WebServer/News/Application/Runtime/Cache/Admin/bb97361d9e4731aec48331de29e1c4d1.php 第 101 行.
NOTIC: [8] Undefined variable: type /Library/WebServer/News/Application/Runtime/Cache/Admin/bb97361d9e4731aec48331de29e1c4d1.php 第 102 行.
NOTIC: [8] Undefined variable: vo /Library/WebServer/News/Application/Runtime/Cache/Admin/bb97361d9e4731aec48331de29e1c4d1.php 第 114 行.
NOTIC: [8] Undefined variable: vo /Library/WebServer/News/Application/Runtime/Cache/Admin/bb97361d9e4731aec48331de29e1c4d1.php 第 121 行.
NOTIC: [8] Undefined variable: vo /Library/WebServer/News/Application/Runtime/Cache/Admin/bb97361d9e4731aec48331de29e1c4d1.php 第 127 行.
NOTIC: [8] Undefined variable: vo /Library/WebServer/News/Application/Runtime/Cache/Admin/bb97361d9e4731aec48331de29e1c4d1.php 第 134 行.
NOTIC: [8] Undefined variable: vo /Library/WebServer/News/Application/Runtime/Cache/Admin/bb97361d9e4731aec48331de29e1c4d1.php 第 135 行.
NOTIC: [8] Undefined variable: vo /Library/WebServer/News/Application/Runtime/Cache/Admin/bb97361d9e4731aec48331de29e1c4d1.php 第 142 行.
NOTIC: [8] Undefined variable: vo /Library/WebServer/News/Application/Runtime/Cache/Admin/bb97361d9e4731aec48331de29e1c4d1.php 第 143 行.
INFO: Run Behavior\ParseTemplateBehavior [ RunTime:0.028424s ]
INFO: [ view_parse ] --END-- [ RunTime:0.028466s ]
INFO: [ view_filter ] --START--
INFO: Run Behavior\WriteHtmlCacheBehavior [ RunTime:0.000146s ]
INFO: [ view_filter ] --END-- [ RunTime:0.000170s ]
INFO: [ app_end ] --START--
INFO: Run Behavior\ShowPageTraceBehavior [ RunTime:0.000309s ]
INFO: [ app_end ] --END-- [ RunTime:0.000335s ]

[ 2017-11-02T10:10:14+08:00 ] 127.0.0.1 /admin.php?c=basic&a=add
INFO: [ app_init ] --START--
INFO: Run Behavior\BuildLiteBehavior [ RunTime:0.000013s ]
INFO: [ app_init ] --END-- [ RunTime:0.000306s ]
INFO: [ app_begin ] --START--
INFO: Run Behavior\ReadHtmlCacheBehavior [ RunTime:0.000575s ]
INFO: [ app_begin ] --END-- [ RunTime:0.000663s ]

[ 2017-11-02T10:10:36+08:00 ] 127.0.0.1 /admin.php?c=basic&a=add
INFO: [ app_init ] --START--
INFO: Run Behavior\BuildLiteBehavior [ RunTime:0.000023s ]
INFO: [ app_init ] --END-- [ RunTime:0.001066s ]
INFO: [ app_begin ] --START--
INFO: Run Behavior\ReadHtmlCacheBehavior [ RunTime:0.000487s ]
INFO: [ app_begin ] --END-- [ RunTime:0.000548s ]

[ 2017-11-02T10:11:14+08:00 ] 127.0.0.1 /admin.php?c=basic
INFO: [ app_init ] --START--
INFO: Run Behavior\BuildLiteBehavior [ RunTime:0.000016s ]
INFO: [ app_init ] --END-- [ RunTime:0.000378s ]
INFO: [ app_begin ] --START--
INFO: Run Behavior\ReadHtmlCacheBehavior [ RunTime:0.001389s ]
INFO: [ app_begin ] --END-- [ RunTime:0.001460s ]
INFO: [ view_parse ] --START--
INFO: [ template_filter ] --START--
INFO: Run Behavior\ContentReplaceBehavior [ RunTime:0.000042s ]
INFO: [ template_filter ] --END-- [ RunTime:0.000096s ]
SQL: SHOW COLUMNS FROM `cms_menu` [ RunTime:0.0007s ]
SQL: SELECT * FROM `cms_menu` WHERE `status` <> -1 AND `type` = 1 ORDER BY listorder desc  [ RunTime:0.0004s ]
NOTIC: [8] Undefined variable: menu /Library/WebServer/News/Application/Runtime/Cache/Admin/bb97361d9e4731aec48331de29e1c4d1.php 第 83 行.
NOTIC: [8] Undefined variable: type /Library/WebServer/News/Application/Runtime/Cache/Admin/bb97361d9e4731aec48331de29e1c4d1.php 第 101 行.
NOTIC: [8] Undefined variable: type /Library/WebServer/News/Application/Runtime/Cache/Admin/bb97361d9e4731aec48331de29e1c4d1.php 第 102 行.
NOTIC: [8] Undefined variable: vo /Library/WebServer/News/Application/Runtime/Cache/Admin/bb97361d9e4731aec48331de29e1c4d1.php 第 114 行.
NOTIC: [8] Undefined variable: vo /Library/WebServer/News/Application/Runtime/Cache/Admin/bb97361d9e4731aec48331de29e1c4d1.php 第 121 行.
NOTIC: [8] Undefined variable: vo /Library/WebServer/News/Application/Runtime/Cache/Admin/bb97361d9e4731aec48331de29e1c4d1.php 第 127 行.
NOTIC: [8] Undefined variable: vo /Library/WebServer/News/Application/Runtime/Cache/Admin/bb97361d9e4731aec48331de29e1c4d1.php 第 134 行.
NOTIC: [8] Undefined variable: vo /Library/WebServer/News/Application/Runtime/Cache/Admin/bb97361d9e4731aec48331de29e1c4d1.php 第 135 行.
NOTIC: [8] Undefined variable: vo /Library/WebServer/News/Application/Runtime/Cache/Admin/bb97361d9e4731aec48331de29e1c4d1.php 第 142 行.
NOTIC: [8] Undefined variable: vo /Library/WebServer/News/Application/Runtime/Cache/Admin/bb97361d9e4731aec48331de29e1c4d1.php 第 143 行.
INFO: Run Behavior\ParseTemplateBehavior [ RunTime:0.024403s ]
INFO: [ view_parse ] --END-- [ RunTime:0.024446s ]
INFO: [ view_filter ] --START--
INFO: Run Behavior\WriteHtmlCacheBehavior [ RunTime:0.000156s ]
INFO: [ view_filter ] --END-- [ RunTime:0.000179s ]
INFO: [ app_end ] --START--
INFO: Run Behavior\ShowPageTraceBehavior [ RunTime:0.000436s ]
INFO: [ app_end ] --END-- [ RunTime:0.000475s ]

[ 2017-11-02T10:11:21+08:00 ] 127.0.0.1 /admin.php?c=basic&a=add
INFO: [ app_init ] --START--
INFO: Run Behavior\BuildLiteBehavior [ RunTime:0.000018s ]
INFO: [ app_init ] --END-- [ RunTime:0.000637s ]
INFO: [ app_begin ] --START--
INFO: Run Behavior\ReadHtmlCacheBehavior [ RunTime:0.001208s ]
INFO: [ app_begin ] --END-- [ RunTime:0.001330s ]

[ 2017-11-02T10:11:38+08:00 ] 127.0.0.1 /admin.php?c=basic
INFO: [ app_init ] --START--
INFO: Run Behavior\BuildLiteBehavior [ RunTime:0.000017s ]
INFO: [ app_init ] --END-- [ RunTime:0.000554s ]
INFO: [ app_begin ] --START--
INFO: Run Behavior\ReadHtmlCacheBehavior [ RunTime:0.000711s ]
INFO: [ app_begin ] --END-- [ RunTime:0.000794s ]
INFO: [ view_parse ] --START--
INFO: [ template_filter ] --START--
INFO: Run Behavior\ContentReplaceBehavior [ RunTime:0.000028s ]
INFO: [ template_filter ] --END-- [ RunTime:0.000066s ]
SQL: SHOW COLUMNS FROM `cms_menu` [ RunTime:0.0004s ]
SQL: SELECT * FROM `cms_menu` WHERE `status` <> -1 AND `type` = 1 ORDER BY listorder desc  [ RunTime:0.0003s ]
NOTIC: [8] Undefined variable: menu /Library/WebServer/News/Application/Runtime/Cache/Admin/bb97361d9e4731aec48331de29e1c4d1.php 第 83 行.
NOTIC: [8] Undefined variable: type /Library/WebServer/News/Application/Runtime/Cache/Admin/bb97361d9e4731aec48331de29e1c4d1.php 第 101 行.
NOTIC: [8] Undefined variable: type /Library/WebServer/News/Application/Runtime/Cache/Admin/bb97361d9e4731aec48331de29e1c4d1.php 第 102 行.
NOTIC: [8] Undefined variable: vo /Library/WebServer/News/Application/Runtime/Cache/Admin/bb97361d9e4731aec48331de29e1c4d1.php 第 114 行.
NOTIC: [8] Undefined variable: vo /Library/WebServer/News/Application/Runtime/Cache/Admin/bb97361d9e4731aec48331de29e1c4d1.php 第 121 行.
NOTIC: [8] Undefined variable: vo /Library/WebServer/News/Application/Runtime/Cache/Admin/bb97361d9e4731aec48331de29e1c4d1.php 第 127 行.
NOTIC: [8] Undefined variable: vo /Library/WebServer/News/Application/Runtime/Cache/Admin/bb97361d9e4731aec48331de29e1c4d1.php 第 134 行.
NOTIC: [8] Undefined variable: vo /Library/WebServer/News/Application/Runtime/Cache/Admin/bb97361d9e4731aec48331de29e1c4d1.php 第 135 行.
NOTIC: [8] Undefined variable: vo /Library/WebServer/News/Application/Runtime/Cache/Admin/bb97361d9e4731aec48331de29e1c4d1.php 第 142 行.
NOTIC: [8] Undefined variable: vo /Library/WebServer/News/Application/Runtime/Cache/Admin/bb97361d9e4731aec48331de29e1c4d1.php 第 143 行.
INFO: Run Behavior\ParseTemplateBehavior [ RunTime:0.018098s ]
INFO: [ view_parse ] --END-- [ RunTime:0.018134s ]
INFO: [ view_filter ] --START--
INFO: Run Behavior\WriteHtmlCacheBehavior [ RunTime:0.000148s ]
INFO: [ view_filter ] --END-- [ RunTime:0.000172s ]
INFO: [ app_end ] --START--
INFO: Run Behavior\ShowPageTraceBehavior [ RunTime:0.000305s ]
INFO: [ app_end ] --END-- [ RunTime:0.000332s ]

[ 2017-11-02T10:11:48+08:00 ] 127.0.0.1 /admin.php?c=basic&a=add
INFO: [ app_init ] --START--
INFO: Run Behavior\BuildLiteBehavior [ RunTime:0.000015s ]
INFO: [ app_init ] --END-- [ RunTime:0.000370s ]
INFO: [ app_begin ] --START--
INFO: Run Behavior\ReadHtmlCacheBehavior [ RunTime:0.000496s ]
INFO: [ app_begin ] --END-- [ RunTime:0.000559s ]

[ 2017-11-02T10:13:17+08:00 ] 127.0.0.1 /admin.php?c=basic
INFO: [ app_init ] --START--
INFO: Run Behavior\BuildLiteBehavior [ RunTime:0.000037s ]
INFO: [ app_init ] --END-- [ RunTime:0.000928s ]
INFO: [ app_begin ] --START--
INFO: Run Behavior\ReadHtmlCacheBehavior [ RunTime:0.001719s ]
INFO: [ app_begin ] --END-- [ RunTime:0.001918s ]
INFO: [ view_parse ] --START--
INFO: [ template_filter ] --START--
INFO: Run Behavior\ContentReplaceBehavior [ RunTime:0.000034s ]
INFO: [ template_filter ] --END-- [ RunTime:0.000081s ]
SQL: SHOW COLUMNS FROM `cms_menu` [ RunTime:0.0005s ]
SQL: SELECT * FROM `cms_menu` WHERE `status` <> -1 AND `type` = 1 ORDER BY listorder desc  [ RunTime:0.0004s ]
NOTIC: [8] Undefined variable: menu /Library/WebServer/News/Application/Runtime/Cache/Admin/bb97361d9e4731aec48331de29e1c4d1.php 第 83 行.
NOTIC: [8] Undefined variable: type /Library/WebServer/News/Application/Runtime/Cache/Admin/bb97361d9e4731aec48331de29e1c4d1.php 第 101 行.
NOTIC: [8] Undefined variable: type /Library/WebServer/News/Application/Runtime/Cache/Admin/bb97361d9e4731aec48331de29e1c4d1.php 第 102 行.
NOTIC: [8] Undefined variable: vo /Library/WebServer/News/Application/Runtime/Cache/Admin/bb97361d9e4731aec48331de29e1c4d1.php 第 114 行.
NOTIC: [8] Undefined variable: vo /Library/WebServer/News/Application/Runtime/Cache/Admin/bb97361d9e4731aec48331de29e1c4d1.php 第 121 行.
NOTIC: [8] Undefined variable: vo /Library/WebServer/News/Application/Runtime/Cache/Admin/bb97361d9e4731aec48331de29e1c4d1.php 第 127 行.
NOTIC: [8] Undefined variable: vo /Library/WebServer/News/Application/Runtime/Cache/Admin/bb97361d9e4731aec48331de29e1c4d1.php 第 134 行.
NOTIC: [8] Undefined variable: vo /Library/WebServer/News/Application/Runtime/Cache/Admin/bb97361d9e4731aec48331de29e1c4d1.php 第 135 行.
NOTIC: [8] Undefined variable: vo /Library/WebServer/News/Application/Runtime/Cache/Admin/bb97361d9e4731aec48331de29e1c4d1.php 第 142 行.
NOTIC: [8] Undefined variable: vo /Library/WebServer/News/Application/Runtime/Cache/Admin/bb97361d9e4731aec48331de29e1c4d1.php 第 143 行.
INFO: Run Behavior\ParseTemplateBehavior [ RunTime:0.025786s ]
INFO: [ view_parse ] --END-- [ RunTime:0.025828s ]
INFO: [ view_filter ] --START--
INFO: Run Behavior\WriteHtmlCacheBehavior [ RunTime:0.000328s ]
INFO: [ view_filter ] --END-- [ RunTime:0.000369s ]
INFO: [ app_end ] --START--
INFO: Run Behavior\ShowPageTraceBehavior [ RunTime:0.000524s ]
INFO: [ app_end ] --END-- [ RunTime:0.000572s ]

[ 2017-11-02T10:13:24+08:00 ] 127.0.0.1 /admin.php?c=basic&a=add
INFO: [ app_init ] --START--
INFO: Run Behavior\BuildLiteBehavior [ RunTime:0.000016s ]
INFO: [ app_init ] --END-- [ RunTime:0.000942s ]
INFO: [ app_begin ] --START--
INFO: Run Behavior\ReadHtmlCacheBehavior [ RunTime:0.000442s ]
INFO: [ app_begin ] --END-- [ RunTime:0.000487s ]
NOTIC: [2048] Declaration of Common\Model\BasicModel::save() should be compatible with Think\Model::save($data = '', $options = Array) /Library/WebServer/News/Application/Common/Model/BasicModel.class.php 第 10 行.

[ 2017-11-02T10:13:30+08:00 ] 127.0.0.1 /admin.php?c=basic&a=add
INFO: [ app_init ] --START--
INFO: Run Behavior\BuildLiteBehavior [ RunTime:0.000016s ]
INFO: [ app_init ] --END-- [ RunTime:0.000359s ]
INFO: [ app_begin ] --START--
INFO: Run Behavior\ReadHtmlCacheBehavior [ RunTime:0.000469s ]
INFO: [ app_begin ] --END-- [ RunTime:0.000523s ]
NOTIC: [2048] Declaration of Common\Model\BasicModel::save() should be compatible with Think\Model::save($data = '', $options = Array) /Library/WebServer/News/Application/Common/Model/BasicModel.class.php 第 10 行.

[ 2017-11-02T10:13:46+08:00 ] 127.0.0.1 /admin.php?c=basic
INFO: [ app_init ] --START--
INFO: Run Behavior\BuildLiteBehavior [ RunTime:0.000021s ]
INFO: [ app_init ] --END-- [ RunTime:0.000732s ]
INFO: [ app_begin ] --START--
INFO: Run Behavior\ReadHtmlCacheBehavior [ RunTime:0.000523s ]
INFO: [ app_begin ] --END-- [ RunTime:0.000611s ]
INFO: [ view_parse ] --START--
INFO: [ template_filter ] --START--
INFO: Run Behavior\ContentReplaceBehavior [ RunTime:0.000049s ]
INFO: [ template_filter ] --END-- [ RunTime:0.000111s ]
SQL: SHOW COLUMNS FROM `cms_menu` [ RunTime:0.0005s ]
SQL: SELECT * FROM `cms_menu` WHERE `status` <> -1 AND `type` = 1 ORDER BY listorder desc  [ RunTime:0.0004s ]
NOTIC: [8] Undefined variable: menu /Library/WebServer/News/Application/Runtime/Cache/Admin/bb97361d9e4731aec48331de29e1c4d1.php 第 83 行.
NOTIC: [8] Undefined variable: type /Library/WebServer/News/Application/Runtime/Cache/Admin/bb97361d9e4731aec48331de29e1c4d1.php 第 101 行.
NOTIC: [8] Undefined variable: type /Library/WebServer/News/Application/Runtime/Cache/Admin/bb97361d9e4731aec48331de29e1c4d1.php 第 102 行.
NOTIC: [8] Undefined variable: vo /Library/WebServer/News/Application/Runtime/Cache/Admin/bb97361d9e4731aec48331de29e1c4d1.php 第 114 行.
NOTIC: [8] Undefined variable: vo /Library/WebServer/News/Application/Runtime/Cache/Admin/bb97361d9e4731aec48331de29e1c4d1.php 第 121 行.
NOTIC: [8] Undefined variable: vo /Library/WebServer/News/Application/Runtime/Cache/Admin/bb97361d9e4731aec48331de29e1c4d1.php 第 127 行.
NOTIC: [8] Undefined variable: vo /Library/WebServer/News/Application/Runtime/Cache/Admin/bb97361d9e4731aec48331de29e1c4d1.php 第 134 行.
NOTIC: [8] Undefined variable: vo /Library/WebServer/News/Application/Runtime/Cache/Admin/bb97361d9e4731aec48331de29e1c4d1.php 第 135 行.
NOTIC: [8] Undefined variable: vo /Library/WebServer/News/Application/Runtime/Cache/Admin/bb97361d9e4731aec48331de29e1c4d1.php 第 142 行.
NOTIC: [8] Undefined variable: vo /Library/WebServer/News/Application/Runtime/Cache/Admin/bb97361d9e4731aec48331de29e1c4d1.php 第 143 行.
INFO: Run Behavior\ParseTemplateBehavior [ RunTime:0.030274s ]
INFO: [ view_parse ] --END-- [ RunTime:0.030333s ]
INFO: [ view_filter ] --START--
INFO: Run Behavior\WriteHtmlCacheBehavior [ RunTime:0.000244s ]
INFO: [ view_filter ] --END-- [ RunTime:0.000283s ]
INFO: [ app_end ] --START--
INFO: Run Behavior\ShowPageTraceBehavior [ RunTime:0.000319s ]
INFO: [ app_end ] --END-- [ RunTime:0.000346s ]

[ 2017-11-02T10:13:53+08:00 ] 127.0.0.1 /admin.php?c=basic&a=add
INFO: [ app_init ] --START--
INFO: Run Behavior\BuildLiteBehavior [ RunTime:0.000016s ]
INFO: [ app_init ] --END-- [ RunTime:0.000328s ]
INFO: [ app_begin ] --START--
INFO: Run Behavior\ReadHtmlCacheBehavior [ RunTime:0.002543s ]
INFO: [ app_begin ] --END-- [ RunTime:0.002671s ]
NOTIC: [2048] Declaration of Common\Model\BasicModel::save() should be compatible with Think\Model::save($data = '', $options = Array) /Library/WebServer/News/Application/Common/Model/BasicModel.class.php 第 10 行.

[ 2017-11-02T10:14:51+08:00 ] 127.0.0.1 /admin.php?c=basic
INFO: [ app_init ] --START--
INFO: Run Behavior\BuildLiteBehavior [ RunTime:0.000018s ]
INFO: [ app_init ] --END-- [ RunTime:0.000842s ]
INFO: [ app_begin ] --START--
INFO: Run Behavior\ReadHtmlCacheBehavior [ RunTime:0.000548s ]
INFO: [ app_begin ] --END-- [ RunTime:0.000590s ]
INFO: [ view_parse ] --START--
INFO: [ template_filter ] --START--
INFO: Run Behavior\ContentReplaceBehavior [ RunTime:0.000033s ]
INFO: [ template_filter ] --END-- [ RunTime:0.000080s ]
SQL: SHOW COLUMNS FROM `cms_menu` [ RunTime:0.0005s ]
SQL: SELECT * FROM `cms_menu` WHERE `status` <> -1 AND `type` = 1 ORDER BY listorder desc  [ RunTime:0.0003s ]
NOTIC: [8] Undefined variable: menu /Library/WebServer/News/Application/Runtime/Cache/Admin/bb97361d9e4731aec48331de29e1c4d1.php 第 83 行.
NOTIC: [8] Undefined variable: type /Library/WebServer/News/Application/Runtime/Cache/Admin/bb97361d9e4731aec48331de29e1c4d1.php 第 101 行.
NOTIC: [8] Undefined variable: type /Library/WebServer/News/Application/Runtime/Cache/Admin/bb97361d9e4731aec48331de29e1c4d1.php 第 102 行.
NOTIC: [8] Undefined variable: vo /Library/WebServer/News/Application/Runtime/Cache/Admin/bb97361d9e4731aec48331de29e1c4d1.php 第 114 行.
NOTIC: [8] Undefined variable: vo /Library/WebServer/News/Application/Runtime/Cache/Admin/bb97361d9e4731aec48331de29e1c4d1.php 第 121 行.
NOTIC: [8] Undefined variable: vo /Library/WebServer/News/Application/Runtime/Cache/Admin/bb97361d9e4731aec48331de29e1c4d1.php 第 127 行.
NOTIC: [8] Undefined variable: vo /Library/WebServer/News/Application/Runtime/Cache/Admin/bb97361d9e4731aec48331de29e1c4d1.php 第 134 行.
NOTIC: [8] Undefined variable: vo /Library/WebServer/News/Application/Runtime/Cache/Admin/bb97361d9e4731aec48331de29e1c4d1.php 第 135 行.
NOTIC: [8] Undefined variable: vo /Library/WebServer/News/Application/Runtime/Cache/Admin/bb97361d9e4731aec48331de29e1c4d1.php 第 142 行.
NOTIC: [8] Undefined variable: vo /Library/WebServer/News/Application/Runtime/Cache/Admin/bb97361d9e4731aec48331de29e1c4d1.php 第 143 行.
INFO: Run Behavior\ParseTemplateBehavior [ RunTime:0.019578s ]
INFO: [ view_parse ] --END-- [ RunTime:0.019610s ]
INFO: [ view_filter ] --START--
INFO: Run Behavior\WriteHtmlCacheBehavior [ RunTime:0.000158s ]
INFO: [ view_filter ] --END-- [ RunTime:0.000182s ]
INFO: [ app_end ] --START--
INFO: Run Behavior\ShowPageTraceBehavior [ RunTime:0.000330s ]
INFO: [ app_end ] --END-- [ RunTime:0.000357s ]

[ 2017-11-02T10:15:04+08:00 ] 127.0.0.1 /admin.php?c=basic&a=add
INFO: [ app_init ] --START--
INFO: Run Behavior\BuildLiteBehavior [ RunTime:0.000016s ]
INFO: [ app_init ] --END-- [ RunTime:0.000447s ]
INFO: [ app_begin ] --START--
INFO: Run Behavior\ReadHtmlCacheBehavior [ RunTime:0.000457s ]
INFO: [ app_begin ] --END-- [ RunTime:0.000509s ]
NOTIC: [2048] Declaration of Common\Model\BasicModel::save() should be compatible with Think\Model::save($data = '', $options = Array) /Library/WebServer/News/Application/Common/Model/BasicModel.class.php 第 10 行.

[ 2017-11-02T10:15:54+08:00 ] 127.0.0.1 /admin.php?c=basic
INFO: [ app_init ] --START--
INFO: Run Behavior\BuildLiteBehavior [ RunTime:0.000032s ]
INFO: [ app_init ] --END-- [ RunTime:0.000493s ]
INFO: [ app_begin ] --START--
INFO: Run Behavior\ReadHtmlCacheBehavior [ RunTime:0.000829s ]
INFO: [ app_begin ] --END-- [ RunTime:0.001060s ]
INFO: [ view_parse ] --START--
INFO: [ template_filter ] --START--
INFO: Run Behavior\ContentReplaceBehavior [ RunTime:0.000031s ]
INFO: [ template_filter ] --END-- [ RunTime:0.000071s ]
SQL: SHOW COLUMNS FROM `cms_menu` [ RunTime:0.0009s ]
SQL: SELECT * FROM `cms_menu` WHERE `status` <> -1 AND `type` = 1 ORDER BY listorder desc  [ RunTime:0.0008s ]
NOTIC: [8] Undefined variable: menu /Library/WebServer/News/Application/Runtime/Cache/Admin/bb97361d9e4731aec48331de29e1c4d1.php 第 83 行.
NOTIC: [8] Undefined variable: type /Library/WebServer/News/Application/Runtime/Cache/Admin/bb97361d9e4731aec48331de29e1c4d1.php 第 101 行.
NOTIC: [8] Undefined variable: type /Library/WebServer/News/Application/Runtime/Cache/Admin/bb97361d9e4731aec48331de29e1c4d1.php 第 102 行.
NOTIC: [8] Undefined variable: vo /Library/WebServer/News/Application/Runtime/Cache/Admin/bb97361d9e4731aec48331de29e1c4d1.php 第 114 行.
NOTIC: [8] Undefined variable: vo /Library/WebServer/News/Application/Runtime/Cache/Admin/bb97361d9e4731aec48331de29e1c4d1.php 第 121 行.
NOTIC: [8] Undefined variable: vo /Library/WebServer/News/Application/Runtime/Cache/Admin/bb97361d9e4731aec48331de29e1c4d1.php 第 127 行.
NOTIC: [8] Undefined variable: vo /Library/WebServer/News/Application/Runtime/Cache/Admin/bb97361d9e4731aec48331de29e1c4d1.php 第 134 行.
NOTIC: [8] Undefined variable: vo /Library/WebServer/News/Application/Runtime/Cache/Admin/bb97361d9e4731aec48331de29e1c4d1.php 第 135 行.
NOTIC: [8] Undefined variable: vo /Library/WebServer/News/Application/Runtime/Cache/Admin/bb97361d9e4731aec48331de29e1c4d1.php 第 142 行.
NOTIC: [8] Undefined variable: vo /Library/WebServer/News/Application/Runtime/Cache/Admin/bb97361d9e4731aec48331de29e1c4d1.php 第 143 行.
INFO: Run Behavior\ParseTemplateBehavior [ RunTime:0.022885s ]
INFO: [ view_parse ] --END-- [ RunTime:0.022927s ]
INFO: [ view_filter ] --START--
INFO: Run Behavior\WriteHtmlCacheBehavior [ RunTime:0.000228s ]
INFO: [ view_filter ] --END-- [ RunTime:0.000269s ]
INFO: [ app_end ] --START--
INFO: Run Behavior\ShowPageTraceBehavior [ RunTime:0.001211s ]
INFO: [ app_end ] --END-- [ RunTime:0.001259s ]

[ 2017-11-02T10:16:02+08:00 ] 127.0.0.1 /admin.php?c=basic&a=add
INFO: [ app_init ] --START--
INFO: Run Behavior\BuildLiteBehavior [ RunTime:0.000014s ]
INFO: [ app_init ] --END-- [ RunTime:0.000342s ]
INFO: [ app_begin ] --START--
INFO: Run Behavior\ReadHtmlCacheBehavior [ RunTime:0.000395s ]
INFO: [ app_begin ] --END-- [ RunTime:0.000431s ]

[ 2017-11-02T10:16:06+08:00 ] 127.0.0.1 /admin.php?c=basic&a=add
INFO: [ app_init ] --START--
INFO: Run Behavior\BuildLiteBehavior [ RunTime:0.000011s ]
INFO: [ app_init ] --END-- [ RunTime:0.000285s ]
INFO: [ app_begin ] --START--
INFO: Run Behavior\ReadHtmlCacheBehavior [ RunTime:0.000293s ]
INFO: [ app_begin ] --END-- [ RunTime:0.000330s ]

[ 2017-11-02T10:17:22+08:00 ] 127.0.0.1 /admin.php?c=basic&a=add
INFO: [ app_init ] --START--
INFO: Run Behavior\BuildLiteBehavior [ RunTime:0.000010s ]
INFO: [ app_init ] --END-- [ RunTime:0.000259s ]
INFO: [ app_begin ] --START--
INFO: Run Behavior\ReadHtmlCacheBehavior [ RunTime:0.003009s ]
INFO: [ app_begin ] --END-- [ RunTime:0.003067s ]
NOTIC: [2048] Declaration of Common\Model\BasicModel::save() should be compatible with Think\Model::save($data = '', $options = Array) /Library/WebServer/News/Application/Common/Model/BasicModel.class.php 第 10 行.

[ 2017-11-02T10:28:01+08:00 ] 127.0.0.1 /admin.php?c=basic
INFO: [ app_init ] --START--
INFO: Run Behavior\BuildLiteBehavior [ RunTime:0.000015s ]
INFO: [ app_init ] --END-- [ RunTime:0.000374s ]
INFO: [ app_begin ] --START--
INFO: Run Behavior\ReadHtmlCacheBehavior [ RunTime:0.001081s ]
INFO: [ app_begin ] --END-- [ RunTime:0.001158s ]
INFO: [ view_parse ] --START--
INFO: [ template_filter ] --START--
INFO: Run Behavior\ContentReplaceBehavior [ RunTime:0.000032s ]
INFO: [ template_filter ] --END-- [ RunTime:0.000073s ]
SQL: SHOW COLUMNS FROM `cms_menu` [ RunTime:0.0005s ]
SQL: SELECT * FROM `cms_menu` WHERE `status` <> -1 AND `type` = 1 ORDER BY listorder desc  [ RunTime:0.0003s ]
NOTIC: [8] Undefined variable: menu /Library/WebServer/News/Application/Runtime/Cache/Admin/bb97361d9e4731aec48331de29e1c4d1.php 第 83 行.
NOTIC: [8] Undefined variable: type /Library/WebServer/News/Application/Runtime/Cache/Admin/bb97361d9e4731aec48331de29e1c4d1.php 第 101 行.
NOTIC: [8] Undefined variable: type /Library/WebServer/News/Application/Runtime/Cache/Admin/bb97361d9e4731aec48331de29e1c4d1.php 第 102 行.
NOTIC: [8] Undefined variable: vo /Library/WebServer/News/Application/Runtime/Cache/Admin/bb97361d9e4731aec48331de29e1c4d1.php 第 114 行.
NOTIC: [8] Undefined variable: vo /Library/WebServer/News/Application/Runtime/Cache/Admin/bb97361d9e4731aec48331de29e1c4d1.php 第 121 行.
NOTIC: [8] Undefined variable: vo /Library/WebServer/News/Application/Runtime/Cache/Admin/bb97361d9e4731aec48331de29e1c4d1.php 第 127 行.
NOTIC: [8] Undefined variable: vo /Library/WebServer/News/Application/Runtime/Cache/Admin/bb97361d9e4731aec48331de29e1c4d1.php 第 134 行.
NOTIC: [8] Undefined variable: vo /Library/WebServer/News/Application/Runtime/Cache/Admin/bb97361d9e4731aec48331de29e1c4d1.php 第 135 行.
NOTIC: [8] Undefined variable: vo /Library/WebServer/News/Application/Runtime/Cache/Admin/bb97361d9e4731aec48331de29e1c4d1.php 第 142 行.
NOTIC: [8] Undefined variable: vo /Library/WebServer/News/Application/Runtime/Cache/Admin/bb97361d9e4731aec48331de29e1c4d1.php 第 143 行.
INFO: Run Behavior\ParseTemplateBehavior [ RunTime:0.031567s ]
INFO: [ view_parse ] --END-- [ RunTime:0.031611s ]
INFO: [ view_filter ] --START--
INFO: Run Behavior\WriteHtmlCacheBehavior [ RunTime:0.000170s ]
INFO: [ view_filter ] --END-- [ RunTime:0.000195s ]
INFO: [ app_end ] --START--
INFO: Run Behavior\ShowPageTraceBehavior [ RunTime:0.000341s ]
INFO: [ app_end ] --END-- [ RunTime:0.000376s ]

[ 2017-11-02T10:28:10+08:00 ] 127.0.0.1 /admin.php?c=basic&a=add
INFO: [ app_init ] --START--
INFO: Run Behavior\BuildLiteBehavior [ RunTime:0.000009s ]
INFO: [ app_init ] --END-- [ RunTime:0.000214s ]
INFO: [ app_begin ] --START--
INFO: Run Behavior\ReadHtmlCacheBehavior [ RunTime:0.000271s ]
INFO: [ app_begin ] --END-- [ RunTime:0.000300s ]
NOTIC: [2048] Declaration of Common\Model\BasicModel::save() should be compatible with Think\Model::save($data = '', $options = Array) /Library/WebServer/News/Application/Common/Model/BasicModel.class.php 第 10 行.

[ 2017-11-02T10:32:58+08:00 ] 127.0.0.1 /admin.php?c=basic
INFO: [ app_init ] --START--
INFO: Run Behavior\BuildLiteBehavior [ RunTime:0.000039s ]
INFO: [ app_init ] --END-- [ RunTime:0.001307s ]
INFO: [ app_begin ] --START--
INFO: Run Behavior\ReadHtmlCacheBehavior [ RunTime:0.000662s ]
INFO: [ app_begin ] --END-- [ RunTime:0.000744s ]
NOTIC: [2048] Declaration of Common\Model\BasicModel::save() should be compatible with Think\Model::save($data = '', $options = Array) /Library/WebServer/News/Application/Common/Model/BasicModel.class.php 第 10 行.
NOTIC: [2048] Declaration of Common\Model\BasicModel::select() should be compatible with Think\Model::select($options = Array) /Library/WebServer/News/Application/Common/Model/BasicModel.class.php 第 10 行.
INFO: [ view_parse ] --START--
INFO: [ template_filter ] --START--
INFO: Run Behavior\ContentReplaceBehavior [ RunTime:0.000053s ]
INFO: [ template_filter ] --END-- [ RunTime:0.000118s ]
SQL: SHOW COLUMNS FROM `cms_menu` [ RunTime:0.0005s ]
SQL: SELECT * FROM `cms_menu` WHERE `status` <> -1 AND `type` = 1 ORDER BY listorder desc  [ RunTime:0.0004s ]
NOTIC: [8] Undefined variable: menu /Library/WebServer/News/Application/Runtime/Cache/Admin/bb97361d9e4731aec48331de29e1c4d1.php 第 83 行.
NOTIC: [8] Undefined variable: type /Library/WebServer/News/Application/Runtime/Cache/Admin/bb97361d9e4731aec48331de29e1c4d1.php 第 101 行.
NOTIC: [8] Undefined variable: type /Library/WebServer/News/Application/Runtime/Cache/Admin/bb97361d9e4731aec48331de29e1c4d1.php 第 102 行.
INFO: Run Behavior\ParseTemplateBehavior [ RunTime:0.013632s ]
INFO: [ view_parse ] --END-- [ RunTime:0.013676s ]
INFO: [ view_filter ] --START--
INFO: Run Behavior\WriteHtmlCacheBehavior [ RunTime:0.000182s ]
INFO: [ view_filter ] --END-- [ RunTime:0.000209s ]
INFO: [ app_end ] --START--
INFO: Run Behavior\ShowPageTraceBehavior [ RunTime:0.000314s ]
INFO: [ app_end ] --END-- [ RunTime:0.000341s ]

[ 2017-11-02T10:33:01+08:00 ] 127.0.0.1 /admin.php?c=basic
INFO: [ app_init ] --START--
INFO: Run Behavior\BuildLiteBehavior [ RunTime:0.000013s ]
INFO: [ app_init ] --END-- [ RunTime:0.000329s ]
INFO: [ app_begin ] --START--
INFO: Run Behavior\ReadHtmlCacheBehavior [ RunTime:0.001376s ]
INFO: [ app_begin ] --END-- [ RunTime:0.001664s ]
NOTIC: [2048] Declaration of Common\Model\BasicModel::save() should be compatible with Think\Model::save($data = '', $options = Array) /Library/WebServer/News/Application/Common/Model/BasicModel.class.php 第 10 行.
NOTIC: [2048] Declaration of Common\Model\BasicModel::select() should be compatible with Think\Model::select($options = Array) /Library/WebServer/News/Application/Common/Model/BasicModel.class.php 第 10 行.
INFO: [ view_parse ] --START--
INFO: [ template_filter ] --START--
INFO: Run Behavior\ContentReplaceBehavior [ RunTime:0.000034s ]
INFO: [ template_filter ] --END-- [ RunTime:0.000075s ]
SQL: SHOW COLUMNS FROM `cms_menu` [ RunTime:0.0005s ]
SQL: SELECT * FROM `cms_menu` WHERE `status` <> -1 AND `type` = 1 ORDER BY listorder desc  [ RunTime:0.0004s ]
NOTIC: [8] Undefined variable: menu /Library/WebServer/News/Application/Runtime/Cache/Admin/bb97361d9e4731aec48331de29e1c4d1.php 第 83 行.
NOTIC: [8] Undefined variable: type /Library/WebServer/News/Application/Runtime/Cache/Admin/bb97361d9e4731aec48331de29e1c4d1.php 第 101 行.
NOTIC: [8] Undefined variable: type /Library/WebServer/News/Application/Runtime/Cache/Admin/bb97361d9e4731aec48331de29e1c4d1.php 第 102 行.
INFO: Run Behavior\ParseTemplateBehavior [ RunTime:0.013909s ]
INFO: [ view_parse ] --END-- [ RunTime:0.013948s ]
INFO: [ view_filter ] --START--
INFO: Run Behavior\WriteHtmlCacheBehavior [ RunTime:0.000149s ]
INFO: [ view_filter ] --END-- [ RunTime:0.000172s ]
INFO: [ app_end ] --START--
INFO: Run Behavior\ShowPageTraceBehavior [ RunTime:0.000340s ]
INFO: [ app_end ] --END-- [ RunTime:0.000372s ]

[ 2017-11-02T10:33:03+08:00 ] 127.0.0.1 /admin.php?c=basic
INFO: [ app_init ] --START--
INFO: Run Behavior\BuildLiteBehavior [ RunTime:0.000016s ]
INFO: [ app_init ] --END-- [ RunTime:0.000483s ]
INFO: [ app_begin ] --START--
INFO: Run Behavior\ReadHtmlCacheBehavior [ RunTime:0.000519s ]
INFO: [ app_begin ] --END-- [ RunTime:0.000602s ]
NOTIC: [2048] Declaration of Common\Model\BasicModel::save() should be compatible with Think\Model::save($data = '', $options = Array) /Library/WebServer/News/Application/Common/Model/BasicModel.class.php 第 10 行.
NOTIC: [2048] Declaration of Common\Model\BasicModel::select() should be compatible with Think\Model::select($options = Array) /Library/WebServer/News/Application/Common/Model/BasicModel.class.php 第 10 行.
INFO: [ view_parse ] --START--
INFO: [ template_filter ] --START--
INFO: Run Behavior\ContentReplaceBehavior [ RunTime:0.000032s ]
INFO: [ template_filter ] --END-- [ RunTime:0.000072s ]
SQL: SHOW COLUMNS FROM `cms_menu` [ RunTime:0.0005s ]
SQL: SELECT * FROM `cms_menu` WHERE `status` <> -1 AND `type` = 1 ORDER BY listorder desc  [ RunTime:0.0003s ]
NOTIC: [8] Undefined variable: menu /Library/WebServer/News/Application/Runtime/Cache/Admin/bb97361d9e4731aec48331de29e1c4d1.php 第 83 行.
NOTIC: [8] Undefined variable: type /Library/WebServer/News/Application/Runtime/Cache/Admin/bb97361d9e4731aec48331de29e1c4d1.php 第 101 行.
NOTIC: [8] Undefined variable: type /Library/WebServer/News/Application/Runtime/Cache/Admin/bb97361d9e4731aec48331de29e1c4d1.php 第 102 行.
INFO: Run Behavior\ParseTemplateBehavior [ RunTime:0.014789s ]
INFO: [ view_parse ] --END-- [ RunTime:0.014820s ]
INFO: [ view_filter ] --START--
INFO: Run Behavior\WriteHtmlCacheBehavior [ RunTime:0.000155s ]
INFO: [ view_filter ] --END-- [ RunTime:0.000186s ]
INFO: [ app_end ] --START--
INFO: Run Behavior\ShowPageTraceBehavior [ RunTime:0.000340s ]
INFO: [ app_end ] --END-- [ RunTime:0.000368s ]

[ 2017-11-02T10:33:09+08:00 ] 127.0.0.1 /admin.php?c=basic
INFO: [ app_init ] --START--
INFO: Run Behavior\BuildLiteBehavior [ RunTime:0.000016s ]
INFO: [ app_init ] --END-- [ RunTime:0.000494s ]
INFO: [ app_begin ] --START--
INFO: Run Behavior\ReadHtmlCacheBehavior [ RunTime:0.000493s ]
INFO: [ app_begin ] --END-- [ RunTime:0.000549s ]
NOTIC: [2048] Declaration of Common\Model\BasicModel::save() should be compatible with Think\Model::save($data = '', $options = Array) /Library/WebServer/News/Application/Common/Model/BasicModel.class.php 第 10 行.
NOTIC: [2048] Declaration of Common\Model\BasicModel::select() should be compatible with Think\Model::select($options = Array) /Library/WebServer/News/Application/Common/Model/BasicModel.class.php 第 10 行.
INFO: [ view_parse ] --START--
INFO: [ template_filter ] --START--
INFO: Run Behavior\ContentReplaceBehavior [ RunTime:0.000035s ]
INFO: [ template_filter ] --END-- [ RunTime:0.000124s ]
SQL: SHOW COLUMNS FROM `cms_menu` [ RunTime:0.0008s ]
SQL: SELECT * FROM `cms_menu` WHERE `status` <> -1 AND `type` = 1 ORDER BY listorder desc  [ RunTime:0.0006s ]
NOTIC: [8] Undefined variable: menu /Library/WebServer/News/Application/Runtime/Cache/Admin/bb97361d9e4731aec48331de29e1c4d1.php 第 83 行.
NOTIC: [8] Undefined variable: type /Library/WebServer/News/Application/Runtime/Cache/Admin/bb97361d9e4731aec48331de29e1c4d1.php 第 101 行.
NOTIC: [8] Undefined variable: type /Library/WebServer/News/Application/Runtime/Cache/Admin/bb97361d9e4731aec48331de29e1c4d1.php 第 102 行.
INFO: Run Behavior\ParseTemplateBehavior [ RunTime:0.014454s ]
INFO: [ view_parse ] --END-- [ RunTime:0.014495s ]
INFO: [ view_filter ] --START--
INFO: Run Behavior\WriteHtmlCacheBehavior [ RunTime:0.000184s ]
INFO: [ view_filter ] --END-- [ RunTime:0.000213s ]
INFO: [ app_end ] --START--
INFO: Run Behavior\ShowPageTraceBehavior [ RunTime:0.000345s ]
INFO: [ app_end ] --END-- [ RunTime:0.000374s ]

[ 2017-11-02T10:33:13+08:00 ] 127.0.0.1 /admin.php?c=basic&a=add
INFO: [ app_init ] --START--
INFO: Run Behavior\BuildLiteBehavior [ RunTime:0.000015s ]
INFO: [ app_init ] --END-- [ RunTime:0.000426s ]
INFO: [ app_begin ] --START--
INFO: Run Behavior\ReadHtmlCacheBehavior [ RunTime:0.000589s ]
INFO: [ app_begin ] --END-- [ RunTime:0.000644s ]
NOTIC: [2048] Declaration of Common\Model\BasicModel::save() should be compatible with Think\Model::save($data = '', $options = Array) /Library/WebServer/News/Application/Common/Model/BasicModel.class.php 第 10 行.
NOTIC: [2048] Declaration of Common\Model\BasicModel::select() should be compatible with Think\Model::select($options = Array) /Library/WebServer/News/Application/Common/Model/BasicModel.class.php 第 10 行.

[ 2017-11-02T10:33:14+08:00 ] 127.0.0.1 /admin.php?c=basic
INFO: [ app_init ] --START--
INFO: Run Behavior\BuildLiteBehavior [ RunTime:0.000009s ]
INFO: [ app_init ] --END-- [ RunTime:0.000208s ]
INFO: [ app_begin ] --START--
INFO: Run Behavior\ReadHtmlCacheBehavior [ RunTime:0.000347s ]
INFO: [ app_begin ] --END-- [ RunTime:0.000382s ]
NOTIC: [2048] Declaration of Common\Model\BasicModel::save() should be compatible with Think\Model::save($data = '', $options = Array) /Library/WebServer/News/Application/Common/Model/BasicModel.class.php 第 10 行.
NOTIC: [2048] Declaration of Common\Model\BasicModel::select() should be compatible with Think\Model::select($options = Array) /Library/WebServer/News/Application/Common/Model/BasicModel.class.php 第 10 行.
INFO: [ view_parse ] --START--
INFO: [ template_filter ] --START--
INFO: Run Behavior\ContentReplaceBehavior [ RunTime:0.000034s ]
INFO: [ template_filter ] --END-- [ RunTime:0.000071s ]
SQL: SHOW COLUMNS FROM `cms_menu` [ RunTime:0.0004s ]
SQL: SELECT * FROM `cms_menu` WHERE `status` <> -1 AND `type` = 1 ORDER BY listorder desc  [ RunTime:0.0003s ]
NOTIC: [8] Undefined variable: menu /Library/WebServer/News/Application/Runtime/Cache/Admin/bb97361d9e4731aec48331de29e1c4d1.php 第 83 行.
NOTIC: [8] Undefined variable: type /Library/WebServer/News/Application/Runtime/Cache/Admin/bb97361d9e4731aec48331de29e1c4d1.php 第 101 行.
NOTIC: [8] Undefined variable: type /Library/WebServer/News/Application/Runtime/Cache/Admin/bb97361d9e4731aec48331de29e1c4d1.php 第 102 行.
INFO: Run Behavior\ParseTemplateBehavior [ RunTime:0.011582s ]
INFO: [ view_parse ] --END-- [ RunTime:0.011618s ]
INFO: [ view_filter ] --START--
INFO: Run Behavior\WriteHtmlCacheBehavior [ RunTime:0.000143s ]
INFO: [ view_filter ] --END-- [ RunTime:0.000165s ]
INFO: [ app_end ] --START--
INFO: Run Behavior\ShowPageTraceBehavior [ RunTime:0.000302s ]
INFO: [ app_end ] --END-- [ RunTime:0.000330s ]

[ 2017-11-02T10:33:16+08:00 ] 127.0.0.1 /admin.php?c=basic
INFO: [ app_init ] --START--
INFO: Run Behavior\BuildLiteBehavior [ RunTime:0.000010s ]
INFO: [ app_init ] --END-- [ RunTime:0.000260s ]
INFO: [ app_begin ] --START--
INFO: Run Behavior\ReadHtmlCacheBehavior [ RunTime:0.000311s ]
INFO: [ app_begin ] --END-- [ RunTime:0.000347s ]
NOTIC: [2048] Declaration of Common\Model\BasicModel::save() should be compatible with Think\Model::save($data = '', $options = Array) /Library/WebServer/News/Application/Common/Model/BasicModel.class.php 第 10 行.
NOTIC: [2048] Declaration of Common\Model\BasicModel::select() should be compatible with Think\Model::select($options = Array) /Library/WebServer/News/Application/Common/Model/BasicModel.class.php 第 10 行.
INFO: [ view_parse ] --START--
INFO: [ template_filter ] --START--
INFO: Run Behavior\ContentReplaceBehavior [ RunTime:0.000033s ]
INFO: [ template_filter ] --END-- [ RunTime:0.000073s ]
SQL: SHOW COLUMNS FROM `cms_menu` [ RunTime:0.0005s ]
SQL: SELECT * FROM `cms_menu` WHERE `status` <> -1 AND `type` = 1 ORDER BY listorder desc  [ RunTime:0.0004s ]
NOTIC: [8] Undefined variable: menu /Library/WebServer/News/Application/Runtime/Cache/Admin/bb97361d9e4731aec48331de29e1c4d1.php 第 83 行.
NOTIC: [8] Undefined variable: type /Library/WebServer/News/Application/Runtime/Cache/Admin/bb97361d9e4731aec48331de29e1c4d1.php 第 101 行.
NOTIC: [8] Undefined variable: type /Library/WebServer/News/Application/Runtime/Cache/Admin/bb97361d9e4731aec48331de29e1c4d1.php 第 102 行.
INFO: Run Behavior\ParseTemplateBehavior [ RunTime:0.013519s ]
INFO: [ view_parse ] --END-- [ RunTime:0.013550s ]
INFO: [ view_filter ] --START--
INFO: Run Behavior\WriteHtmlCacheBehavior [ RunTime:0.000205s ]
INFO: [ view_filter ] --END-- [ RunTime:0.000229s ]
INFO: [ app_end ] --START--
INFO: Run Behavior\ShowPageTraceBehavior [ RunTime:0.000399s ]
INFO: [ app_end ] --END-- [ RunTime:0.000432s ]

[ 2017-11-02T11:20:49+08:00 ] 127.0.0.1 /admin.php?c=basic
INFO: [ app_init ] --START--
INFO: Run Behavior\BuildLiteBehavior [ RunTime:0.000008s ]
INFO: [ app_init ] --END-- [ RunTime:0.000213s ]
INFO: [ app_begin ] --START--
INFO: Run Behavior\ReadHtmlCacheBehavior [ RunTime:0.000279s ]
INFO: [ app_begin ] --END-- [ RunTime:0.000332s ]
NOTIC: [2048] Declaration of Common\Model\BasicModel::save() should be compatible with Think\Model::save($data = '', $options = Array) /Library/WebServer/News/Application/Common/Model/BasicModel.class.php 第 10 行.
NOTIC: [2048] Declaration of Common\Model\BasicModel::select() should be compatible with Think\Model::select($options = Array) /Library/WebServer/News/Application/Common/Model/BasicModel.class.php 第 10 行.
INFO: [ view_parse ] --START--
INFO: [ template_filter ] --START--
INFO: Run Behavior\ContentReplaceBehavior [ RunTime:0.000035s ]
INFO: [ template_filter ] --END-- [ RunTime:0.000076s ]
SQL: SHOW COLUMNS FROM `cms_menu` [ RunTime:0.0004s ]
SQL: SELECT * FROM `cms_menu` WHERE `status` <> -1 AND `type` = 1 ORDER BY listorder desc  [ RunTime:0.0003s ]
NOTIC: [8] Undefined variable: menu /Library/WebServer/News/Application/Runtime/Cache/Admin/bb97361d9e4731aec48331de29e1c4d1.php 第 83 行.
NOTIC: [8] Undefined variable: type /Library/WebServer/News/Application/Runtime/Cache/Admin/bb97361d9e4731aec48331de29e1c4d1.php 第 101 行.
NOTIC: [8] Undefined variable: type /Library/WebServer/News/Application/Runtime/Cache/Admin/bb97361d9e4731aec48331de29e1c4d1.php 第 102 行.
INFO: Run Behavior\ParseTemplateBehavior [ RunTime:0.012758s ]
INFO: [ view_parse ] --END-- [ RunTime:0.012790s ]
INFO: [ view_filter ] --START--
INFO: Run Behavior\WriteHtmlCacheBehavior [ RunTime:0.000149s ]
INFO: [ view_filter ] --END-- [ RunTime:0.000172s ]
INFO: [ app_end ] --START--
INFO: Run Behavior\ShowPageTraceBehavior [ RunTime:0.000309s ]
INFO: [ app_end ] --END-- [ RunTime:0.000334s ]

[ 2017-11-02T11:20:50+08:00 ] 127.0.0.1 /admin.php?c=basic&a=cache
INFO: [ app_init ] --START--
INFO: Run Behavior\BuildLiteBehavior [ RunTime:0.000010s ]
INFO: [ app_init ] --END-- [ RunTime:0.000259s ]
INFO: [ app_begin ] --START--
INFO: Run Behavior\ReadHtmlCacheBehavior [ RunTime:0.000425s ]
INFO: [ app_begin ] --END-- [ RunTime:0.000472s ]
INFO: [ view_parse ] --START--
INFO: [ template_filter ] --START--
INFO: Run Behavior\ContentReplaceBehavior [ RunTime:0.000032s ]
INFO: [ template_filter ] --END-- [ RunTime:0.000098s ]
SQL: SHOW COLUMNS FROM `cms_menu` [ RunTime:0.0006s ]
SQL: SELECT * FROM `cms_menu` WHERE `status` <> -1 AND `type` = 1 ORDER BY listorder desc  [ RunTime:0.0004s ]
NOTIC: [8] Undefined variable: menu /Library/WebServer/News/Application/Runtime/Cache/Admin/96607e5f2f4cf54441a3bd1a2c95c551.php 第 83 行.
NOTIC: [8] Undefined variable: type /Library/WebServer/News/Application/Runtime/Cache/Admin/96607e5f2f4cf54441a3bd1a2c95c551.php 第 101 行.
NOTIC: [8] Undefined variable: type /Library/WebServer/News/Application/Runtime/Cache/Admin/96607e5f2f4cf54441a3bd1a2c95c551.php 第 102 行.
INFO: Run Behavior\ParseTemplateBehavior [ RunTime:0.015811s ]
INFO: [ view_parse ] --END-- [ RunTime:0.015850s ]
INFO: [ view_filter ] --START--
INFO: Run Behavior\WriteHtmlCacheBehavior [ RunTime:0.000152s ]
INFO: [ view_filter ] --END-- [ RunTime:0.000180s ]
INFO: [ app_end ] --START--
INFO: Run Behavior\ShowPageTraceBehavior [ RunTime:0.000339s ]
INFO: [ app_end ] --END-- [ RunTime:0.000367s ]

[ 2017-11-02T11:20:51+08:00 ] 127.0.0.1 /admin.php?c=basic
INFO: [ app_init ] --START--
INFO: Run Behavior\BuildLiteBehavior [ RunTime:0.000008s ]
INFO: [ app_init ] --END-- [ RunTime:0.000206s ]
INFO: [ app_begin ] --START--
INFO: Run Behavior\ReadHtmlCacheBehavior [ RunTime:0.000261s ]
INFO: [ app_begin ] --END-- [ RunTime:0.000291s ]
NOTIC: [2048] Declaration of Common\Model\BasicModel::save() should be compatible with Think\Model::save($data = '', $options = Array) /Library/WebServer/News/Application/Common/Model/BasicModel.class.php 第 10 行.
NOTIC: [2048] Declaration of Common\Model\BasicModel::select() should be compatible with Think\Model::select($options = Array) /Library/WebServer/News/Application/Common/Model/BasicModel.class.php 第 10 行.
INFO: [ view_parse ] --START--
INFO: [ template_filter ] --START--
INFO: Run Behavior\ContentReplaceBehavior [ RunTime:0.000033s ]
INFO: [ template_filter ] --END-- [ RunTime:0.000072s ]
SQL: SHOW COLUMNS FROM `cms_menu` [ RunTime:0.0005s ]
SQL: SELECT * FROM `cms_menu` WHERE `status` <> -1 AND `type` = 1 ORDER BY listorder desc  [ RunTime:0.0003s ]
NOTIC: [8] Undefined variable: menu /Library/WebServer/News/Application/Runtime/Cache/Admin/bb97361d9e4731aec48331de29e1c4d1.php 第 83 行.
NOTIC: [8] Undefined variable: type /Library/WebServer/News/Application/Runtime/Cache/Admin/bb97361d9e4731aec48331de29e1c4d1.php 第 101 行.
NOTIC: [8] Undefined variable: type /Library/WebServer/News/Application/Runtime/Cache/Admin/bb97361d9e4731aec48331de29e1c4d1.php 第 102 行.
INFO: Run Behavior\ParseTemplateBehavior [ RunTime:0.011734s ]
INFO: [ view_parse ] --END-- [ RunTime:0.011771s ]
INFO: [ view_filter ] --START--
INFO: Run Behavior\WriteHtmlCacheBehavior [ RunTime:0.000142s ]
INFO: [ view_filter ] --END-- [ RunTime:0.000164s ]
INFO: [ app_end ] --START--
INFO: Run Behavior\ShowPageTraceBehavior [ RunTime:0.000303s ]
INFO: [ app_end ] --END-- [ RunTime:0.000329s ]

[ 2017-11-02T11:20:52+08:00 ] 127.0.0.1 /admin.php?c=basic&a=cache
INFO: [ app_init ] --START--
INFO: Run Behavior\BuildLiteBehavior [ RunTime:0.000008s ]
INFO: [ app_init ] --END-- [ RunTime:0.000208s ]
INFO: [ app_begin ] --START--
INFO: Run Behavior\ReadHtmlCacheBehavior [ RunTime:0.000262s ]
INFO: [ app_begin ] --END-- [ RunTime:0.000291s ]
INFO: [ view_parse ] --START--
INFO: [ template_filter ] --START--
INFO: Run Behavior\ContentReplaceBehavior [ RunTime:0.000030s ]
INFO: [ template_filter ] --END-- [ RunTime:0.000071s ]
SQL: SHOW COLUMNS FROM `cms_menu` [ RunTime:0.0004s ]
SQL: SELECT * FROM `cms_menu` WHERE `status` <> -1 AND `type` = 1 ORDER BY listorder desc  [ RunTime:0.0003s ]
NOTIC: [8] Undefined variable: menu /Library/WebServer/News/Application/Runtime/Cache/Admin/96607e5f2f4cf54441a3bd1a2c95c551.php 第 83 行.
NOTIC: [8] Undefined variable: type /Library/WebServer/News/Application/Runtime/Cache/Admin/96607e5f2f4cf54441a3bd1a2c95c551.php 第 101 行.
NOTIC: [8] Undefined variable: type /Library/WebServer/News/Application/Runtime/Cache/Admin/96607e5f2f4cf54441a3bd1a2c95c551.php 第 102 行.
INFO: Run Behavior\ParseTemplateBehavior [ RunTime:0.013589s ]
INFO: [ view_parse ] --END-- [ RunTime:0.013617s ]
INFO: [ view_filter ] --START--
INFO: Run Behavior\WriteHtmlCacheBehavior [ RunTime:0.000142s ]
INFO: [ view_filter ] --END-- [ RunTime:0.000165s ]
INFO: [ app_end ] --START--
INFO: Run Behavior\ShowPageTraceBehavior [ RunTime:0.000301s ]
INFO: [ app_end ] --END-- [ RunTime:0.000327s ]

[ 2017-11-02T11:21:06+08:00 ] 127.0.0.1 /admin.php?c=basic&a=cache
INFO: [ app_init ] --START--
INFO: Run Behavior\BuildLiteBehavior [ RunTime:0.000023s ]
INFO: [ app_init ] --END-- [ RunTime:0.000270s ]
INFO: [ app_begin ] --START--
INFO: Run Behavior\ReadHtmlCacheBehavior [ RunTime:0.000421s ]
INFO: [ app_begin ] --END-- [ RunTime:0.000461s ]
INFO: [ view_parse ] --START--
INFO: [ template_filter ] --START--
INFO: Run Behavior\ContentReplaceBehavior [ RunTime:0.000028s ]
INFO: [ template_filter ] --END-- [ RunTime:0.000067s ]
SQL: SHOW COLUMNS FROM `cms_menu` [ RunTime:0.0005s ]
SQL: SELECT * FROM `cms_menu` WHERE `status` <> -1 AND `type` = 1 ORDER BY listorder desc  [ RunTime:0.0003s ]
NOTIC: [8] Undefined variable: menu /Library/WebServer/News/Application/Runtime/Cache/Admin/96607e5f2f4cf54441a3bd1a2c95c551.php 第 83 行.
NOTIC: [8] Undefined variable: type /Library/WebServer/News/Application/Runtime/Cache/Admin/96607e5f2f4cf54441a3bd1a2c95c551.php 第 101 行.
NOTIC: [8] Undefined variable: type /Library/WebServer/News/Application/Runtime/Cache/Admin/96607e5f2f4cf54441a3bd1a2c95c551.php 第 102 行.
INFO: Run Behavior\ParseTemplateBehavior [ RunTime:0.015638s ]
INFO: [ view_parse ] --END-- [ RunTime:0.015668s ]
INFO: [ view_filter ] --START--
INFO: Run Behavior\WriteHtmlCacheBehavior [ RunTime:0.000157s ]
INFO: [ view_filter ] --END-- [ RunTime:0.000188s ]
INFO: [ app_end ] --START--
INFO: Run Behavior\ShowPageTraceBehavior [ RunTime:0.000335s ]
INFO: [ app_end ] --END-- [ RunTime:0.000363s ]

