[ 2017-11-14T21:20:01+08:00 ]  
INFO: [ app_init ] --START--
INFO: Run Behavior\BuildLiteBehavior [ RunTime:0.000018s ]
INFO: [ app_init ] --END-- [ RunTime:0.000297s ]
NOTIC: [8] Undefined index: REQUEST_METHOD /Library/Webserver/News/ThinkPHP/Library/Think/App.class.php 第 31 行.
NOTIC: [8] Undefined index: REQUEST_URI /Library/Webserver/News/ThinkPHP/Library/Think/Dispatcher.class.php 第 137 行.
NOTIC: [8] Use of undefined constant _PHP_FILE_ - assumed '_PHP_FILE_' /Library/Webserver/News/ThinkPHP/Library/Think/Dispatcher.class.php 第 191 行.
INFO: [ app_begin ] --START--
INFO: Run Behavior\ReadHtmlCacheBehavior [ RunTime:0.000342s ]
INFO: [ app_begin ] --END-- [ RunTime:0.000379s ]
INFO: [ app_end ] --START--
INFO: Run Behavior\ShowPageTraceBehavior [ RunTime:0.000663s ]
INFO: [ app_end ] --END-- [ RunTime:0.000746s ]

[ 2017-11-14T21:20:01+08:00 ]  
INFO: [ app_init ] --START--
INFO: Run Behavior\BuildLiteBehavior [ RunTime:0.000025s ]
INFO: [ app_init ] --END-- [ RunTime:0.000454s ]
NOTIC: [8] Undefined index: REQUEST_METHOD /Library/Webserver/News/ThinkPHP/Library/Think/App.class.php 第 31 行.
NOTIC: [8] Undefined index: REQUEST_URI /Library/Webserver/News/ThinkPHP/Library/Think/Dispatcher.class.php 第 137 行.
NOTIC: [8] Use of undefined constant _PHP_FILE_ - assumed '_PHP_FILE_' /Library/Webserver/News/ThinkPHP/Library/Think/Dispatcher.class.php 第 191 行.
INFO: [ app_begin ] --START--
INFO: Run Behavior\ReadHtmlCacheBehavior [ RunTime:0.000733s ]
INFO: [ app_begin ] --END-- [ RunTime:0.000869s ]
SQL: SHOW COLUMNS FROM `cms_position_content` [ RunTime:0.0009s ]
SQL: SELECT * FROM `cms_position_content` WHERE `status` = 1 AND `position_id` = 2  [ RunTime:0.0006s ]
SQL: SHOW COLUMNS FROM `cms_menu` [ RunTime:0.0008s ]
SQL: SELECT * FROM `cms_menu` WHERE `status` = 1 AND `type` = 0  [ RunTime:0.0004s ]
SQL: SHOW COLUMNS FROM `cms_news` [ RunTime:0.0008s ]
SQL: SELECT * FROM `cms_news` WHERE `status` = 1  [ RunTime:0.0004s ]
SQL: SELECT * FROM `cms_position_content` WHERE `position_id` = 5  [ RunTime:0.0003s ]
SQL: SELECT * FROM `cms_position_content` WHERE `position_id` = 3  [ RunTime:0.0003s ]
INFO: [ view_parse ] --START--
INFO: [ template_filter ] --START--
NOTIC: [8] Use of undefined constant __ROOT__ - assumed '__ROOT__' /Library/Webserver/News/ThinkPHP/Library/Behavior/ContentReplaceBehavior.class.php 第 31 行.
NOTIC: [8] Use of undefined constant __ROOT__ - assumed '__ROOT__' /Library/Webserver/News/ThinkPHP/Library/Behavior/ContentReplaceBehavior.class.php 第 38 行.
INFO: Run Behavior\ContentReplaceBehavior [ RunTime:0.000069s ]
INFO: [ template_filter ] --END-- [ RunTime:0.000115s ]
NOTIC: [8] Undefined variable: config /Library/Webserver/News/Application/Runtime/Cache/Home/3e8784a0154fd17ac0cde7f509f6d75d.php 第 6 行.
NOTIC: [8] Undefined variable: config /Library/Webserver/News/Application/Runtime/Cache/Home/3e8784a0154fd17ac0cde7f509f6d75d.php 第 7 行.
NOTIC: [8] Undefined variable: config /Library/Webserver/News/Application/Runtime/Cache/Home/3e8784a0154fd17ac0cde7f509f6d75d.php 第 8 行.
NOTIC: [8] Undefined index: catId /Library/Webserver/News/Application/Runtime/Cache/Home/3e8784a0154fd17ac0cde7f509f6d75d.php 第 22 行.
NOTIC: [8] Undefined index: catId /Library/Webserver/News/Application/Runtime/Cache/Home/3e8784a0154fd17ac0cde7f509f6d75d.php 第 23 行.
NOTIC: [8] Undefined index: catId /Library/Webserver/News/Application/Runtime/Cache/Home/3e8784a0154fd17ac0cde7f509f6d75d.php 第 23 行.
NOTIC: [8] Undefined index: catId /Library/Webserver/News/Application/Runtime/Cache/Home/3e8784a0154fd17ac0cde7f509f6d75d.php 第 23 行.
NOTIC: [8] Undefined index: topPicNews /Library/Webserver/News/Application/Runtime/Cache/Home/3e8784a0154fd17ac0cde7f509f6d75d.php 第 34 行.
NOTIC: [8] Undefined index: topPicNews /Library/Webserver/News/Application/Runtime/Cache/Home/3e8784a0154fd17ac0cde7f509f6d75d.php 第 34 行.
NOTIC: [8] Undefined index: topPicNews /Library/Webserver/News/Application/Runtime/Cache/Home/3e8784a0154fd17ac0cde7f509f6d75d.php 第 34 行.
NOTIC: [8] Undefined index: topPicNews /Library/Webserver/News/Application/Runtime/Cache/Home/3e8784a0154fd17ac0cde7f509f6d75d.php 第 35 行.
NOTIC: [8] Undefined index: description /Library/Webserver/News/Application/Runtime/Cache/Home/3e8784a0154fd17ac0cde7f509f6d75d.php 第 53 行.
NOTIC: [8] Undefined index: keywords /Library/Webserver/News/Application/Runtime/Cache/Home/3e8784a0154fd17ac0cde7f509f6d75d.php 第 56 行.
NOTIC: [8] Undefined index: count /Library/Webserver/News/Application/Runtime/Cache/Home/3e8784a0154fd17ac0cde7f509f6d75d.php 第 56 行.
NOTIC: [8] Undefined index: description /Library/Webserver/News/Application/Runtime/Cache/Home/3e8784a0154fd17ac0cde7f509f6d75d.php 第 53 行.
NOTIC: [8] Undefined index: keywords /Library/Webserver/News/Application/Runtime/Cache/Home/3e8784a0154fd17ac0cde7f509f6d75d.php 第 56 行.
NOTIC: [8] Undefined index: count /Library/Webserver/News/Application/Runtime/Cache/Home/3e8784a0154fd17ac0cde7f509f6d75d.php 第 56 行.
NOTIC: [8] Undefined index: description /Library/Webserver/News/Application/Runtime/Cache/Home/3e8784a0154fd17ac0cde7f509f6d75d.php 第 53 行.
NOTIC: [8] Undefined index: keywords /Library/Webserver/News/Application/Runtime/Cache/Home/3e8784a0154fd17ac0cde7f509f6d75d.php 第 56 行.
NOTIC: [8] Undefined index: count /Library/Webserver/News/Application/Runtime/Cache/Home/3e8784a0154fd17ac0cde7f509f6d75d.php 第 56 行.
NOTIC: [8] Undefined index: description /Library/Webserver/News/Application/Runtime/Cache/Home/3e8784a0154fd17ac0cde7f509f6d75d.php 第 53 行.
NOTIC: [8] Undefined index: keywords /Library/Webserver/News/Application/Runtime/Cache/Home/3e8784a0154fd17ac0cde7f509f6d75d.php 第 56 行.
NOTIC: [8] Undefined index: count /Library/Webserver/News/Application/Runtime/Cache/Home/3e8784a0154fd17ac0cde7f509f6d75d.php 第 56 行.
NOTIC: [8] Undefined index: name /Library/Webserver/News/Application/Runtime/Cache/Home/3e8784a0154fd17ac0cde7f509f6d75d.php 第 80 行.
NOTIC: [8] Undefined index: name /Library/Webserver/News/Application/Runtime/Cache/Home/3e8784a0154fd17ac0cde7f509f6d75d.php 第 80 行.
INFO: Run Behavior\ParseTemplateBehavior [ RunTime:0.011297s ]
INFO: [ view_parse ] --END-- [ RunTime:0.011409s ]
INFO: [ view_filter ] --START--
INFO: Run Behavior\WriteHtmlCacheBehavior [ RunTime:0.000163s ]
INFO: [ view_filter ] --END-- [ RunTime:0.000192s ]
INFO: [ app_end ] --START--
INFO: Run Behavior\ShowPageTraceBehavior [ RunTime:0.000337s ]
INFO: [ app_end ] --END-- [ RunTime:0.000369s ]

[ 2017-11-14T21:21:00+08:00 ]  
INFO: [ app_init ] --START--
INFO: Run Behavior\BuildLiteBehavior [ RunTime:0.000022s ]
INFO: [ app_init ] --END-- [ RunTime:0.000393s ]
NOTIC: [8] Undefined index: REQUEST_METHOD /Library/Webserver/News/ThinkPHP/Library/Think/App.class.php 第 31 行.
NOTIC: [8] Undefined index: REQUEST_URI /Library/Webserver/News/ThinkPHP/Library/Think/Dispatcher.class.php 第 137 行.
NOTIC: [8] Use of undefined constant _PHP_FILE_ - assumed '_PHP_FILE_' /Library/Webserver/News/ThinkPHP/Library/Think/Dispatcher.class.php 第 191 行.
INFO: [ app_begin ] --START--
INFO: Run Behavior\ReadHtmlCacheBehavior [ RunTime:0.000362s ]
INFO: [ app_begin ] --END-- [ RunTime:0.000398s ]
INFO: [ app_end ] --START--
INFO: Run Behavior\ShowPageTraceBehavior [ RunTime:0.000597s ]
INFO: [ app_end ] --END-- [ RunTime:0.000682s ]

[ 2017-11-14T21:21:00+08:00 ]  
INFO: [ app_init ] --START--
INFO: Run Behavior\BuildLiteBehavior [ RunTime:0.000018s ]
INFO: [ app_init ] --END-- [ RunTime:0.000284s ]
NOTIC: [8] Undefined index: REQUEST_METHOD /Library/Webserver/News/ThinkPHP/Library/Think/App.class.php 第 31 行.
NOTIC: [8] Undefined index: REQUEST_URI /Library/Webserver/News/ThinkPHP/Library/Think/Dispatcher.class.php 第 137 行.
NOTIC: [8] Use of undefined constant _PHP_FILE_ - assumed '_PHP_FILE_' /Library/Webserver/News/ThinkPHP/Library/Think/Dispatcher.class.php 第 191 行.
INFO: [ app_begin ] --START--
INFO: Run Behavior\ReadHtmlCacheBehavior [ RunTime:0.000310s ]
INFO: [ app_begin ] --END-- [ RunTime:0.000347s ]
SQL: SHOW COLUMNS FROM `cms_position_content` [ RunTime:0.0007s ]
SQL: SELECT * FROM `cms_position_content` WHERE `status` = 1 AND `position_id` = 2  [ RunTime:0.0003s ]
SQL: SHOW COLUMNS FROM `cms_menu` [ RunTime:0.0005s ]
SQL: SELECT * FROM `cms_menu` WHERE `status` = 1 AND `type` = 0  [ RunTime:0.0003s ]
SQL: SHOW COLUMNS FROM `cms_news` [ RunTime:0.0009s ]
SQL: SELECT * FROM `cms_news` WHERE `status` = 1  [ RunTime:0.0006s ]
SQL: SELECT * FROM `cms_position_content` WHERE `position_id` = 5  [ RunTime:0.0004s ]
SQL: SELECT * FROM `cms_position_content` WHERE `position_id` = 3  [ RunTime:0.0003s ]
INFO: [ view_parse ] --START--
INFO: [ template_filter ] --START--
NOTIC: [8] Use of undefined constant __ROOT__ - assumed '__ROOT__' /Library/Webserver/News/ThinkPHP/Library/Behavior/ContentReplaceBehavior.class.php 第 31 行.
NOTIC: [8] Use of undefined constant __ROOT__ - assumed '__ROOT__' /Library/Webserver/News/ThinkPHP/Library/Behavior/ContentReplaceBehavior.class.php 第 38 行.
INFO: Run Behavior\ContentReplaceBehavior [ RunTime:0.000097s ]
INFO: [ template_filter ] --END-- [ RunTime:0.000160s ]
NOTIC: [8] Undefined variable: config /Library/Webserver/News/Application/Runtime/Cache/Home/3e8784a0154fd17ac0cde7f509f6d75d.php 第 6 行.
NOTIC: [8] Undefined variable: config /Library/Webserver/News/Application/Runtime/Cache/Home/3e8784a0154fd17ac0cde7f509f6d75d.php 第 7 行.
NOTIC: [8] Undefined variable: config /Library/Webserver/News/Application/Runtime/Cache/Home/3e8784a0154fd17ac0cde7f509f6d75d.php 第 8 行.
NOTIC: [8] Undefined index: catId /Library/Webserver/News/Application/Runtime/Cache/Home/3e8784a0154fd17ac0cde7f509f6d75d.php 第 22 行.
NOTIC: [8] Undefined index: catId /Library/Webserver/News/Application/Runtime/Cache/Home/3e8784a0154fd17ac0cde7f509f6d75d.php 第 23 行.
NOTIC: [8] Undefined index: catId /Library/Webserver/News/Application/Runtime/Cache/Home/3e8784a0154fd17ac0cde7f509f6d75d.php 第 23 行.
NOTIC: [8] Undefined index: catId /Library/Webserver/News/Application/Runtime/Cache/Home/3e8784a0154fd17ac0cde7f509f6d75d.php 第 23 行.
NOTIC: [8] Undefined index: topPicNews /Library/Webserver/News/Application/Runtime/Cache/Home/3e8784a0154fd17ac0cde7f509f6d75d.php 第 34 行.
NOTIC: [8] Undefined index: topPicNews /Library/Webserver/News/Application/Runtime/Cache/Home/3e8784a0154fd17ac0cde7f509f6d75d.php 第 34 行.
NOTIC: [8] Undefined index: topPicNews /Library/Webserver/News/Application/Runtime/Cache/Home/3e8784a0154fd17ac0cde7f509f6d75d.php 第 34 行.
NOTIC: [8] Undefined index: topPicNews /Library/Webserver/News/Application/Runtime/Cache/Home/3e8784a0154fd17ac0cde7f509f6d75d.php 第 35 行.
NOTIC: [8] Undefined index: description /Library/Webserver/News/Application/Runtime/Cache/Home/3e8784a0154fd17ac0cde7f509f6d75d.php 第 53 行.
NOTIC: [8] Undefined index: keywords /Library/Webserver/News/Application/Runtime/Cache/Home/3e8784a0154fd17ac0cde7f509f6d75d.php 第 56 行.
NOTIC: [8] Undefined index: count /Library/Webserver/News/Application/Runtime/Cache/Home/3e8784a0154fd17ac0cde7f509f6d75d.php 第 56 行.
NOTIC: [8] Undefined index: description /Library/Webserver/News/Application/Runtime/Cache/Home/3e8784a0154fd17ac0cde7f509f6d75d.php 第 53 行.
NOTIC: [8] Undefined index: keywords /Library/Webserver/News/Application/Runtime/Cache/Home/3e8784a0154fd17ac0cde7f509f6d75d.php 第 56 行.
NOTIC: [8] Undefined index: count /Library/Webserver/News/Application/Runtime/Cache/Home/3e8784a0154fd17ac0cde7f509f6d75d.php 第 56 行.
NOTIC: [8] Undefined index: description /Library/Webserver/News/Application/Runtime/Cache/Home/3e8784a0154fd17ac0cde7f509f6d75d.php 第 53 行.
NOTIC: [8] Undefined index: keywords /Library/Webserver/News/Application/Runtime/Cache/Home/3e8784a0154fd17ac0cde7f509f6d75d.php 第 56 行.
NOTIC: [8] Undefined index: count /Library/Webserver/News/Application/Runtime/Cache/Home/3e8784a0154fd17ac0cde7f509f6d75d.php 第 56 行.
NOTIC: [8] Undefined index: description /Library/Webserver/News/Application/Runtime/Cache/Home/3e8784a0154fd17ac0cde7f509f6d75d.php 第 53 行.
NOTIC: [8] Undefined index: keywords /Library/Webserver/News/Application/Runtime/Cache/Home/3e8784a0154fd17ac0cde7f509f6d75d.php 第 56 行.
NOTIC: [8] Undefined index: count /Library/Webserver/News/Application/Runtime/Cache/Home/3e8784a0154fd17ac0cde7f509f6d75d.php 第 56 行.
NOTIC: [8] Undefined index: name /Library/Webserver/News/Application/Runtime/Cache/Home/3e8784a0154fd17ac0cde7f509f6d75d.php 第 80 行.
NOTIC: [8] Undefined index: name /Library/Webserver/News/Application/Runtime/Cache/Home/3e8784a0154fd17ac0cde7f509f6d75d.php 第 80 行.
INFO: Run Behavior\ParseTemplateBehavior [ RunTime:0.017890s ]
INFO: [ view_parse ] --END-- [ RunTime:0.017944s ]
INFO: [ view_filter ] --START--
INFO: Run Behavior\WriteHtmlCacheBehavior [ RunTime:0.000200s ]
INFO: [ view_filter ] --END-- [ RunTime:0.000239s ]
INFO: [ app_end ] --START--
INFO: Run Behavior\ShowPageTraceBehavior [ RunTime:0.000511s ]
INFO: [ app_end ] --END-- [ RunTime:0.000563s ]

[ 2017-11-14T21:22:00+08:00 ]  
INFO: [ app_init ] --START--
INFO: Run Behavior\BuildLiteBehavior [ RunTime:0.000023s ]
INFO: [ app_init ] --END-- [ RunTime:0.000392s ]
NOTIC: [8] Undefined index: REQUEST_METHOD /Library/Webserver/News/ThinkPHP/Library/Think/App.class.php 第 31 行.
NOTIC: [8] Undefined index: REQUEST_URI /Library/Webserver/News/ThinkPHP/Library/Think/Dispatcher.class.php 第 137 行.
NOTIC: [8] Use of undefined constant _PHP_FILE_ - assumed '_PHP_FILE_' /Library/Webserver/News/ThinkPHP/Library/Think/Dispatcher.class.php 第 191 行.
INFO: [ app_begin ] --START--
INFO: Run Behavior\ReadHtmlCacheBehavior [ RunTime:0.000465s ]
INFO: [ app_begin ] --END-- [ RunTime:0.000517s ]
INFO: [ app_end ] --START--
INFO: Run Behavior\ShowPageTraceBehavior [ RunTime:0.000931s ]
INFO: [ app_end ] --END-- [ RunTime:0.001028s ]

[ 2017-11-14T21:22:00+08:00 ]  
INFO: [ app_init ] --START--
INFO: Run Behavior\BuildLiteBehavior [ RunTime:0.000020s ]
INFO: [ app_init ] --END-- [ RunTime:0.000279s ]
NOTIC: [8] Undefined index: REQUEST_METHOD /Library/Webserver/News/ThinkPHP/Library/Think/App.class.php 第 31 行.
NOTIC: [8] Undefined index: REQUEST_URI /Library/Webserver/News/ThinkPHP/Library/Think/Dispatcher.class.php 第 137 行.
NOTIC: [8] Use of undefined constant _PHP_FILE_ - assumed '_PHP_FILE_' /Library/Webserver/News/ThinkPHP/Library/Think/Dispatcher.class.php 第 191 行.
INFO: [ app_begin ] --START--
INFO: Run Behavior\ReadHtmlCacheBehavior [ RunTime:0.001184s ]
INFO: [ app_begin ] --END-- [ RunTime:0.001290s ]
SQL: SHOW COLUMNS FROM `cms_position_content` [ RunTime:0.0007s ]
SQL: SELECT * FROM `cms_position_content` WHERE `status` = 1 AND `position_id` = 2  [ RunTime:0.0004s ]
SQL: SHOW COLUMNS FROM `cms_menu` [ RunTime:0.0008s ]
SQL: SELECT * FROM `cms_menu` WHERE `status` = 1 AND `type` = 0  [ RunTime:0.0004s ]
SQL: SHOW COLUMNS FROM `cms_news` [ RunTime:0.0007s ]
SQL: SELECT * FROM `cms_news` WHERE `status` = 1  [ RunTime:0.0006s ]
SQL: SELECT * FROM `cms_position_content` WHERE `position_id` = 5  [ RunTime:0.0004s ]
SQL: SELECT * FROM `cms_position_content` WHERE `position_id` = 3  [ RunTime:0.0003s ]
INFO: [ view_parse ] --START--
INFO: [ template_filter ] --START--
NOTIC: [8] Use of undefined constant __ROOT__ - assumed '__ROOT__' /Library/Webserver/News/ThinkPHP/Library/Behavior/ContentReplaceBehavior.class.php 第 31 行.
NOTIC: [8] Use of undefined constant __ROOT__ - assumed '__ROOT__' /Library/Webserver/News/ThinkPHP/Library/Behavior/ContentReplaceBehavior.class.php 第 38 行.
INFO: Run Behavior\ContentReplaceBehavior [ RunTime:0.000071s ]
INFO: [ template_filter ] --END-- [ RunTime:0.000120s ]
NOTIC: [8] Undefined variable: config /Library/Webserver/News/Application/Runtime/Cache/Home/3e8784a0154fd17ac0cde7f509f6d75d.php 第 6 行.
NOTIC: [8] Undefined variable: config /Library/Webserver/News/Application/Runtime/Cache/Home/3e8784a0154fd17ac0cde7f509f6d75d.php 第 7 行.
NOTIC: [8] Undefined variable: config /Library/Webserver/News/Application/Runtime/Cache/Home/3e8784a0154fd17ac0cde7f509f6d75d.php 第 8 行.
NOTIC: [8] Undefined index: catId /Library/Webserver/News/Application/Runtime/Cache/Home/3e8784a0154fd17ac0cde7f509f6d75d.php 第 22 行.
NOTIC: [8] Undefined index: catId /Library/Webserver/News/Application/Runtime/Cache/Home/3e8784a0154fd17ac0cde7f509f6d75d.php 第 23 行.
NOTIC: [8] Undefined index: catId /Library/Webserver/News/Application/Runtime/Cache/Home/3e8784a0154fd17ac0cde7f509f6d75d.php 第 23 行.
NOTIC: [8] Undefined index: catId /Library/Webserver/News/Application/Runtime/Cache/Home/3e8784a0154fd17ac0cde7f509f6d75d.php 第 23 行.
NOTIC: [8] Undefined index: topPicNews /Library/Webserver/News/Application/Runtime/Cache/Home/3e8784a0154fd17ac0cde7f509f6d75d.php 第 34 行.
NOTIC: [8] Undefined index: topPicNews /Library/Webserver/News/Application/Runtime/Cache/Home/3e8784a0154fd17ac0cde7f509f6d75d.php 第 34 行.
NOTIC: [8] Undefined index: topPicNews /Library/Webserver/News/Application/Runtime/Cache/Home/3e8784a0154fd17ac0cde7f509f6d75d.php 第 34 行.
NOTIC: [8] Undefined index: topPicNews /Library/Webserver/News/Application/Runtime/Cache/Home/3e8784a0154fd17ac0cde7f509f6d75d.php 第 35 行.
NOTIC: [8] Undefined index: description /Library/Webserver/News/Application/Runtime/Cache/Home/3e8784a0154fd17ac0cde7f509f6d75d.php 第 53 行.
NOTIC: [8] Undefined index: keywords /Library/Webserver/News/Application/Runtime/Cache/Home/3e8784a0154fd17ac0cde7f509f6d75d.php 第 56 行.
NOTIC: [8] Undefined index: count /Library/Webserver/News/Application/Runtime/Cache/Home/3e8784a0154fd17ac0cde7f509f6d75d.php 第 56 行.
NOTIC: [8] Undefined index: description /Library/Webserver/News/Application/Runtime/Cache/Home/3e8784a0154fd17ac0cde7f509f6d75d.php 第 53 行.
NOTIC: [8] Undefined index: keywords /Library/Webserver/News/Application/Runtime/Cache/Home/3e8784a0154fd17ac0cde7f509f6d75d.php 第 56 行.
NOTIC: [8] Undefined index: count /Library/Webserver/News/Application/Runtime/Cache/Home/3e8784a0154fd17ac0cde7f509f6d75d.php 第 56 行.
NOTIC: [8] Undefined index: description /Library/Webserver/News/Application/Runtime/Cache/Home/3e8784a0154fd17ac0cde7f509f6d75d.php 第 53 行.
NOTIC: [8] Undefined index: keywords /Library/Webserver/News/Application/Runtime/Cache/Home/3e8784a0154fd17ac0cde7f509f6d75d.php 第 56 行.
NOTIC: [8] Undefined index: count /Library/Webserver/News/Application/Runtime/Cache/Home/3e8784a0154fd17ac0cde7f509f6d75d.php 第 56 行.
NOTIC: [8] Undefined index: description /Library/Webserver/News/Application/Runtime/Cache/Home/3e8784a0154fd17ac0cde7f509f6d75d.php 第 53 行.
NOTIC: [8] Undefined index: keywords /Library/Webserver/News/Application/Runtime/Cache/Home/3e8784a0154fd17ac0cde7f509f6d75d.php 第 56 行.
NOTIC: [8] Undefined index: count /Library/Webserver/News/Application/Runtime/Cache/Home/3e8784a0154fd17ac0cde7f509f6d75d.php 第 56 行.
NOTIC: [8] Undefined index: name /Library/Webserver/News/Application/Runtime/Cache/Home/3e8784a0154fd17ac0cde7f509f6d75d.php 第 80 行.
NOTIC: [8] Undefined index: name /Library/Webserver/News/Application/Runtime/Cache/Home/3e8784a0154fd17ac0cde7f509f6d75d.php 第 80 行.
INFO: Run Behavior\ParseTemplateBehavior [ RunTime:0.015825s ]
INFO: [ view_parse ] --END-- [ RunTime:0.015870s ]
INFO: [ view_filter ] --START--
INFO: Run Behavior\WriteHtmlCacheBehavior [ RunTime:0.000148s ]
INFO: [ view_filter ] --END-- [ RunTime:0.000211s ]
INFO: [ app_end ] --START--
INFO: Run Behavior\ShowPageTraceBehavior [ RunTime:0.000349s ]
INFO: [ app_end ] --END-- [ RunTime:0.000389s ]

[ 2017-11-14T21:23:00+08:00 ]  
INFO: [ app_init ] --START--
INFO: Run Behavior\BuildLiteBehavior [ RunTime:0.000023s ]
INFO: [ app_init ] --END-- [ RunTime:0.000293s ]
NOTIC: [8] Undefined index: REQUEST_METHOD /Library/Webserver/News/ThinkPHP/Library/Think/App.class.php 第 31 行.
NOTIC: [8] Undefined index: REQUEST_URI /Library/Webserver/News/ThinkPHP/Library/Think/Dispatcher.class.php 第 137 行.
NOTIC: [8] Use of undefined constant _PHP_FILE_ - assumed '_PHP_FILE_' /Library/Webserver/News/ThinkPHP/Library/Think/Dispatcher.class.php 第 191 行.
INFO: [ app_begin ] --START--
INFO: Run Behavior\ReadHtmlCacheBehavior [ RunTime:0.000347s ]
INFO: [ app_begin ] --END-- [ RunTime:0.000383s ]
INFO: [ app_end ] --START--
INFO: Run Behavior\ShowPageTraceBehavior [ RunTime:0.000735s ]
INFO: [ app_end ] --END-- [ RunTime:0.000834s ]

[ 2017-11-14T21:23:00+08:00 ]  
INFO: [ app_init ] --START--
INFO: Run Behavior\BuildLiteBehavior [ RunTime:0.000034s ]
INFO: [ app_init ] --END-- [ RunTime:0.000607s ]
NOTIC: [8] Undefined index: REQUEST_METHOD /Library/Webserver/News/ThinkPHP/Library/Think/App.class.php 第 31 行.
NOTIC: [8] Undefined index: REQUEST_URI /Library/Webserver/News/ThinkPHP/Library/Think/Dispatcher.class.php 第 137 行.
NOTIC: [8] Use of undefined constant _PHP_FILE_ - assumed '_PHP_FILE_' /Library/Webserver/News/ThinkPHP/Library/Think/Dispatcher.class.php 第 191 行.
INFO: [ app_begin ] --START--
INFO: Run Behavior\ReadHtmlCacheBehavior [ RunTime:0.000523s ]
INFO: [ app_begin ] --END-- [ RunTime:0.000579s ]
SQL: SHOW COLUMNS FROM `cms_position_content` [ RunTime:0.0008s ]
SQL: SELECT * FROM `cms_position_content` WHERE `status` = 1 AND `position_id` = 2  [ RunTime:0.0005s ]
SQL: SHOW COLUMNS FROM `cms_menu` [ RunTime:0.0007s ]
SQL: SELECT * FROM `cms_menu` WHERE `status` = 1 AND `type` = 0  [ RunTime:0.0004s ]
SQL: SHOW COLUMNS FROM `cms_news` [ RunTime:0.0008s ]
SQL: SELECT * FROM `cms_news` WHERE `status` = 1  [ RunTime:0.0004s ]
SQL: SELECT * FROM `cms_position_content` WHERE `position_id` = 5  [ RunTime:0.0007s ]
SQL: SELECT * FROM `cms_position_content` WHERE `position_id` = 3  [ RunTime:0.0008s ]
INFO: [ view_parse ] --START--
INFO: [ template_filter ] --START--
NOTIC: [8] Use of undefined constant __ROOT__ - assumed '__ROOT__' /Library/Webserver/News/ThinkPHP/Library/Behavior/ContentReplaceBehavior.class.php 第 31 行.
NOTIC: [8] Use of undefined constant __ROOT__ - assumed '__ROOT__' /Library/Webserver/News/ThinkPHP/Library/Behavior/ContentReplaceBehavior.class.php 第 38 行.
INFO: Run Behavior\ContentReplaceBehavior [ RunTime:0.000069s ]
INFO: [ template_filter ] --END-- [ RunTime:0.000153s ]
NOTIC: [8] Undefined variable: config /Library/Webserver/News/Application/Runtime/Cache/Home/3e8784a0154fd17ac0cde7f509f6d75d.php 第 6 行.
NOTIC: [8] Undefined variable: config /Library/Webserver/News/Application/Runtime/Cache/Home/3e8784a0154fd17ac0cde7f509f6d75d.php 第 7 行.
NOTIC: [8] Undefined variable: config /Library/Webserver/News/Application/Runtime/Cache/Home/3e8784a0154fd17ac0cde7f509f6d75d.php 第 8 行.
NOTIC: [8] Undefined index: catId /Library/Webserver/News/Application/Runtime/Cache/Home/3e8784a0154fd17ac0cde7f509f6d75d.php 第 22 行.
NOTIC: [8] Undefined index: catId /Library/Webserver/News/Application/Runtime/Cache/Home/3e8784a0154fd17ac0cde7f509f6d75d.php 第 23 行.
NOTIC: [8] Undefined index: catId /Library/Webserver/News/Application/Runtime/Cache/Home/3e8784a0154fd17ac0cde7f509f6d75d.php 第 23 行.
NOTIC: [8] Undefined index: catId /Library/Webserver/News/Application/Runtime/Cache/Home/3e8784a0154fd17ac0cde7f509f6d75d.php 第 23 行.
NOTIC: [8] Undefined index: topPicNews /Library/Webserver/News/Application/Runtime/Cache/Home/3e8784a0154fd17ac0cde7f509f6d75d.php 第 34 行.
NOTIC: [8] Undefined index: topPicNews /Library/Webserver/News/Application/Runtime/Cache/Home/3e8784a0154fd17ac0cde7f509f6d75d.php 第 34 行.
NOTIC: [8] Undefined index: topPicNews /Library/Webserver/News/Application/Runtime/Cache/Home/3e8784a0154fd17ac0cde7f509f6d75d.php 第 34 行.
NOTIC: [8] Undefined index: topPicNews /Library/Webserver/News/Application/Runtime/Cache/Home/3e8784a0154fd17ac0cde7f509f6d75d.php 第 35 行.
NOTIC: [8] Undefined index: description /Library/Webserver/News/Application/Runtime/Cache/Home/3e8784a0154fd17ac0cde7f509f6d75d.php 第 53 行.
NOTIC: [8] Undefined index: keywords /Library/Webserver/News/Application/Runtime/Cache/Home/3e8784a0154fd17ac0cde7f509f6d75d.php 第 56 行.
NOTIC: [8] Undefined index: count /Library/Webserver/News/Application/Runtime/Cache/Home/3e8784a0154fd17ac0cde7f509f6d75d.php 第 56 行.
NOTIC: [8] Undefined index: description /Library/Webserver/News/Application/Runtime/Cache/Home/3e8784a0154fd17ac0cde7f509f6d75d.php 第 53 行.
NOTIC: [8] Undefined index: keywords /Library/Webserver/News/Application/Runtime/Cache/Home/3e8784a0154fd17ac0cde7f509f6d75d.php 第 56 行.
NOTIC: [8] Undefined index: count /Library/Webserver/News/Application/Runtime/Cache/Home/3e8784a0154fd17ac0cde7f509f6d75d.php 第 56 行.
NOTIC: [8] Undefined index: description /Library/Webserver/News/Application/Runtime/Cache/Home/3e8784a0154fd17ac0cde7f509f6d75d.php 第 53 行.
NOTIC: [8] Undefined index: keywords /Library/Webserver/News/Application/Runtime/Cache/Home/3e8784a0154fd17ac0cde7f509f6d75d.php 第 56 行.
NOTIC: [8] Undefined index: count /Library/Webserver/News/Application/Runtime/Cache/Home/3e8784a0154fd17ac0cde7f509f6d75d.php 第 56 行.
NOTIC: [8] Undefined index: description /Library/Webserver/News/Application/Runtime/Cache/Home/3e8784a0154fd17ac0cde7f509f6d75d.php 第 53 行.
NOTIC: [8] Undefined index: keywords /Library/Webserver/News/Application/Runtime/Cache/Home/3e8784a0154fd17ac0cde7f509f6d75d.php 第 56 行.
NOTIC: [8] Undefined index: count /Library/Webserver/News/Application/Runtime/Cache/Home/3e8784a0154fd17ac0cde7f509f6d75d.php 第 56 行.
NOTIC: [8] Undefined index: name /Library/Webserver/News/Application/Runtime/Cache/Home/3e8784a0154fd17ac0cde7f509f6d75d.php 第 80 行.
NOTIC: [8] Undefined index: name /Library/Webserver/News/Application/Runtime/Cache/Home/3e8784a0154fd17ac0cde7f509f6d75d.php 第 80 行.
INFO: Run Behavior\ParseTemplateBehavior [ RunTime:0.014195s ]
INFO: [ view_parse ] --END-- [ RunTime:0.014287s ]
INFO: [ view_filter ] --START--
INFO: Run Behavior\WriteHtmlCacheBehavior [ RunTime:0.000145s ]
INFO: [ view_filter ] --END-- [ RunTime:0.000178s ]
INFO: [ app_end ] --START--
INFO: Run Behavior\ShowPageTraceBehavior [ RunTime:0.000467s ]
INFO: [ app_end ] --END-- [ RunTime:0.000500s ]

[ 2017-11-14T21:24:01+08:00 ]  
INFO: [ app_init ] --START--
INFO: Run Behavior\BuildLiteBehavior [ RunTime:0.000019s ]
INFO: [ app_init ] --END-- [ RunTime:0.000298s ]
NOTIC: [8] Undefined index: REQUEST_METHOD /Library/Webserver/News/ThinkPHP/Library/Think/App.class.php 第 31 行.
NOTIC: [8] Undefined index: REQUEST_URI /Library/Webserver/News/ThinkPHP/Library/Think/Dispatcher.class.php 第 137 行.
NOTIC: [8] Use of undefined constant _PHP_FILE_ - assumed '_PHP_FILE_' /Library/Webserver/News/ThinkPHP/Library/Think/Dispatcher.class.php 第 191 行.
INFO: [ app_begin ] --START--
INFO: Run Behavior\ReadHtmlCacheBehavior [ RunTime:0.000490s ]
INFO: [ app_begin ] --END-- [ RunTime:0.000545s ]
INFO: [ app_end ] --START--
INFO: Run Behavior\ShowPageTraceBehavior [ RunTime:0.001078s ]
INFO: [ app_end ] --END-- [ RunTime:0.001232s ]

[ 2017-11-14T21:24:01+08:00 ]  
INFO: [ app_init ] --START--
INFO: Run Behavior\BuildLiteBehavior [ RunTime:0.000025s ]
INFO: [ app_init ] --END-- [ RunTime:0.000421s ]
NOTIC: [8] Undefined index: REQUEST_METHOD /Library/Webserver/News/ThinkPHP/Library/Think/App.class.php 第 31 行.
NOTIC: [8] Undefined index: REQUEST_URI /Library/Webserver/News/ThinkPHP/Library/Think/Dispatcher.class.php 第 137 行.
NOTIC: [8] Use of undefined constant _PHP_FILE_ - assumed '_PHP_FILE_' /Library/Webserver/News/ThinkPHP/Library/Think/Dispatcher.class.php 第 191 行.
INFO: [ app_begin ] --START--
INFO: Run Behavior\ReadHtmlCacheBehavior [ RunTime:0.000351s ]
INFO: [ app_begin ] --END-- [ RunTime:0.000388s ]
SQL: SHOW COLUMNS FROM `cms_position_content` [ RunTime:0.0007s ]
SQL: SELECT * FROM `cms_position_content` WHERE `status` = 1 AND `position_id` = 2  [ RunTime:0.0005s ]
SQL: SHOW COLUMNS FROM `cms_menu` [ RunTime:0.0008s ]
SQL: SELECT * FROM `cms_menu` WHERE `status` = 1 AND `type` = 0  [ RunTime:0.0004s ]
SQL: SHOW COLUMNS FROM `cms_news` [ RunTime:0.0007s ]
SQL: SELECT * FROM `cms_news` WHERE `status` = 1  [ RunTime:0.0004s ]
SQL: SELECT * FROM `cms_position_content` WHERE `position_id` = 5  [ RunTime:0.0004s ]
SQL: SELECT * FROM `cms_position_content` WHERE `position_id` = 3  [ RunTime:0.0004s ]
INFO: [ view_parse ] --START--
INFO: [ template_filter ] --START--
NOTIC: [8] Use of undefined constant __ROOT__ - assumed '__ROOT__' /Library/Webserver/News/ThinkPHP/Library/Behavior/ContentReplaceBehavior.class.php 第 31 行.
NOTIC: [8] Use of undefined constant __ROOT__ - assumed '__ROOT__' /Library/Webserver/News/ThinkPHP/Library/Behavior/ContentReplaceBehavior.class.php 第 38 行.
INFO: Run Behavior\ContentReplaceBehavior [ RunTime:0.000099s ]
INFO: [ template_filter ] --END-- [ RunTime:0.000165s ]
NOTIC: [8] Undefined variable: config /Library/Webserver/News/Application/Runtime/Cache/Home/3e8784a0154fd17ac0cde7f509f6d75d.php 第 6 行.
NOTIC: [8] Undefined variable: config /Library/Webserver/News/Application/Runtime/Cache/Home/3e8784a0154fd17ac0cde7f509f6d75d.php 第 7 行.
NOTIC: [8] Undefined variable: config /Library/Webserver/News/Application/Runtime/Cache/Home/3e8784a0154fd17ac0cde7f509f6d75d.php 第 8 行.
NOTIC: [8] Undefined index: catId /Library/Webserver/News/Application/Runtime/Cache/Home/3e8784a0154fd17ac0cde7f509f6d75d.php 第 22 行.
NOTIC: [8] Undefined index: catId /Library/Webserver/News/Application/Runtime/Cache/Home/3e8784a0154fd17ac0cde7f509f6d75d.php 第 23 行.
NOTIC: [8] Undefined index: catId /Library/Webserver/News/Application/Runtime/Cache/Home/3e8784a0154fd17ac0cde7f509f6d75d.php 第 23 行.
NOTIC: [8] Undefined index: catId /Library/Webserver/News/Application/Runtime/Cache/Home/3e8784a0154fd17ac0cde7f509f6d75d.php 第 23 行.
NOTIC: [8] Undefined index: topPicNews /Library/Webserver/News/Application/Runtime/Cache/Home/3e8784a0154fd17ac0cde7f509f6d75d.php 第 34 行.
NOTIC: [8] Undefined index: topPicNews /Library/Webserver/News/Application/Runtime/Cache/Home/3e8784a0154fd17ac0cde7f509f6d75d.php 第 34 行.
NOTIC: [8] Undefined index: topPicNews /Library/Webserver/News/Application/Runtime/Cache/Home/3e8784a0154fd17ac0cde7f509f6d75d.php 第 34 行.
NOTIC: [8] Undefined index: topPicNews /Library/Webserver/News/Application/Runtime/Cache/Home/3e8784a0154fd17ac0cde7f509f6d75d.php 第 35 行.
NOTIC: [8] Undefined index: description /Library/Webserver/News/Application/Runtime/Cache/Home/3e8784a0154fd17ac0cde7f509f6d75d.php 第 53 行.
NOTIC: [8] Undefined index: keywords /Library/Webserver/News/Application/Runtime/Cache/Home/3e8784a0154fd17ac0cde7f509f6d75d.php 第 56 行.
NOTIC: [8] Undefined index: count /Library/Webserver/News/Application/Runtime/Cache/Home/3e8784a0154fd17ac0cde7f509f6d75d.php 第 56 行.
NOTIC: [8] Undefined index: description /Library/Webserver/News/Application/Runtime/Cache/Home/3e8784a0154fd17ac0cde7f509f6d75d.php 第 53 行.
NOTIC: [8] Undefined index: keywords /Library/Webserver/News/Application/Runtime/Cache/Home/3e8784a0154fd17ac0cde7f509f6d75d.php 第 56 行.
NOTIC: [8] Undefined index: count /Library/Webserver/News/Application/Runtime/Cache/Home/3e8784a0154fd17ac0cde7f509f6d75d.php 第 56 行.
NOTIC: [8] Undefined index: description /Library/Webserver/News/Application/Runtime/Cache/Home/3e8784a0154fd17ac0cde7f509f6d75d.php 第 53 行.
NOTIC: [8] Undefined index: keywords /Library/Webserver/News/Application/Runtime/Cache/Home/3e8784a0154fd17ac0cde7f509f6d75d.php 第 56 行.
NOTIC: [8] Undefined index: count /Library/Webserver/News/Application/Runtime/Cache/Home/3e8784a0154fd17ac0cde7f509f6d75d.php 第 56 行.
NOTIC: [8] Undefined index: description /Library/Webserver/News/Application/Runtime/Cache/Home/3e8784a0154fd17ac0cde7f509f6d75d.php 第 53 行.
NOTIC: [8] Undefined index: keywords /Library/Webserver/News/Application/Runtime/Cache/Home/3e8784a0154fd17ac0cde7f509f6d75d.php 第 56 行.
NOTIC: [8] Undefined index: count /Library/Webserver/News/Application/Runtime/Cache/Home/3e8784a0154fd17ac0cde7f509f6d75d.php 第 56 行.
NOTIC: [8] Undefined index: name /Library/Webserver/News/Application/Runtime/Cache/Home/3e8784a0154fd17ac0cde7f509f6d75d.php 第 80 行.
NOTIC: [8] Undefined index: name /Library/Webserver/News/Application/Runtime/Cache/Home/3e8784a0154fd17ac0cde7f509f6d75d.php 第 80 行.
INFO: Run Behavior\ParseTemplateBehavior [ RunTime:0.017742s ]
INFO: [ view_parse ] --END-- [ RunTime:0.017802s ]
INFO: [ view_filter ] --START--
INFO: Run Behavior\WriteHtmlCacheBehavior [ RunTime:0.000218s ]
INFO: [ view_filter ] --END-- [ RunTime:0.000262s ]
INFO: [ app_end ] --START--
INFO: Run Behavior\ShowPageTraceBehavior [ RunTime:0.000676s ]
INFO: [ app_end ] --END-- [ RunTime:0.000741s ]

[ 2017-11-14T21:25:00+08:00 ]  
INFO: [ app_init ] --START--
INFO: Run Behavior\BuildLiteBehavior [ RunTime:0.000020s ]
INFO: [ app_init ] --END-- [ RunTime:0.000347s ]
NOTIC: [8] Undefined index: REQUEST_METHOD /Library/Webserver/News/ThinkPHP/Library/Think/App.class.php 第 31 行.
NOTIC: [8] Undefined index: REQUEST_URI /Library/Webserver/News/ThinkPHP/Library/Think/Dispatcher.class.php 第 137 行.
NOTIC: [8] Use of undefined constant _PHP_FILE_ - assumed '_PHP_FILE_' /Library/Webserver/News/ThinkPHP/Library/Think/Dispatcher.class.php 第 191 行.
INFO: [ app_begin ] --START--
INFO: Run Behavior\ReadHtmlCacheBehavior [ RunTime:0.000355s ]
INFO: [ app_begin ] --END-- [ RunTime:0.000395s ]
INFO: [ app_end ] --START--
INFO: Run Behavior\ShowPageTraceBehavior [ RunTime:0.000753s ]
INFO: [ app_end ] --END-- [ RunTime:0.000871s ]

[ 2017-11-14T21:25:00+08:00 ]  
INFO: [ app_init ] --START--
INFO: Run Behavior\BuildLiteBehavior [ RunTime:0.000024s ]
INFO: [ app_init ] --END-- [ RunTime:0.000392s ]
NOTIC: [8] Undefined index: REQUEST_METHOD /Library/Webserver/News/ThinkPHP/Library/Think/App.class.php 第 31 行.
NOTIC: [8] Undefined index: REQUEST_URI /Library/Webserver/News/ThinkPHP/Library/Think/Dispatcher.class.php 第 137 行.
NOTIC: [8] Use of undefined constant _PHP_FILE_ - assumed '_PHP_FILE_' /Library/Webserver/News/ThinkPHP/Library/Think/Dispatcher.class.php 第 191 行.
INFO: [ app_begin ] --START--
INFO: Run Behavior\ReadHtmlCacheBehavior [ RunTime:0.000485s ]
INFO: [ app_begin ] --END-- [ RunTime:0.000538s ]
SQL: SHOW COLUMNS FROM `cms_position_content` [ RunTime:0.0007s ]
SQL: SELECT * FROM `cms_position_content` WHERE `status` = 1 AND `position_id` = 2  [ RunTime:0.0004s ]
SQL: SHOW COLUMNS FROM `cms_menu` [ RunTime:0.0006s ]
SQL: SELECT * FROM `cms_menu` WHERE `status` = 1 AND `type` = 0  [ RunTime:0.0004s ]
SQL: SHOW COLUMNS FROM `cms_news` [ RunTime:0.0007s ]
SQL: SELECT * FROM `cms_news` WHERE `status` = 1  [ RunTime:0.0005s ]
SQL: SELECT * FROM `cms_position_content` WHERE `position_id` = 5  [ RunTime:0.0005s ]
SQL: SELECT * FROM `cms_position_content` WHERE `position_id` = 3  [ RunTime:0.0004s ]
INFO: [ view_parse ] --START--
INFO: [ template_filter ] --START--
NOTIC: [8] Use of undefined constant __ROOT__ - assumed '__ROOT__' /Library/Webserver/News/ThinkPHP/Library/Behavior/ContentReplaceBehavior.class.php 第 31 行.
NOTIC: [8] Use of undefined constant __ROOT__ - assumed '__ROOT__' /Library/Webserver/News/ThinkPHP/Library/Behavior/ContentReplaceBehavior.class.php 第 38 行.
INFO: Run Behavior\ContentReplaceBehavior [ RunTime:0.000079s ]
INFO: [ template_filter ] --END-- [ RunTime:0.000140s ]
NOTIC: [8] Undefined variable: config /Library/Webserver/News/Application/Runtime/Cache/Home/3e8784a0154fd17ac0cde7f509f6d75d.php 第 6 行.
NOTIC: [8] Undefined variable: config /Library/Webserver/News/Application/Runtime/Cache/Home/3e8784a0154fd17ac0cde7f509f6d75d.php 第 7 行.
NOTIC: [8] Undefined variable: config /Library/Webserver/News/Application/Runtime/Cache/Home/3e8784a0154fd17ac0cde7f509f6d75d.php 第 8 行.
NOTIC: [8] Undefined index: catId /Library/Webserver/News/Application/Runtime/Cache/Home/3e8784a0154fd17ac0cde7f509f6d75d.php 第 22 行.
NOTIC: [8] Undefined index: catId /Library/Webserver/News/Application/Runtime/Cache/Home/3e8784a0154fd17ac0cde7f509f6d75d.php 第 23 行.
NOTIC: [8] Undefined index: catId /Library/Webserver/News/Application/Runtime/Cache/Home/3e8784a0154fd17ac0cde7f509f6d75d.php 第 23 行.
NOTIC: [8] Undefined index: catId /Library/Webserver/News/Application/Runtime/Cache/Home/3e8784a0154fd17ac0cde7f509f6d75d.php 第 23 行.
NOTIC: [8] Undefined index: topPicNews /Library/Webserver/News/Application/Runtime/Cache/Home/3e8784a0154fd17ac0cde7f509f6d75d.php 第 34 行.
NOTIC: [8] Undefined index: topPicNews /Library/Webserver/News/Application/Runtime/Cache/Home/3e8784a0154fd17ac0cde7f509f6d75d.php 第 34 行.
NOTIC: [8] Undefined index: topPicNews /Library/Webserver/News/Application/Runtime/Cache/Home/3e8784a0154fd17ac0cde7f509f6d75d.php 第 34 行.
NOTIC: [8] Undefined index: topPicNews /Library/Webserver/News/Application/Runtime/Cache/Home/3e8784a0154fd17ac0cde7f509f6d75d.php 第 35 行.
NOTIC: [8] Undefined index: description /Library/Webserver/News/Application/Runtime/Cache/Home/3e8784a0154fd17ac0cde7f509f6d75d.php 第 53 行.
NOTIC: [8] Undefined index: keywords /Library/Webserver/News/Application/Runtime/Cache/Home/3e8784a0154fd17ac0cde7f509f6d75d.php 第 56 行.
NOTIC: [8] Undefined index: count /Library/Webserver/News/Application/Runtime/Cache/Home/3e8784a0154fd17ac0cde7f509f6d75d.php 第 56 行.
NOTIC: [8] Undefined index: description /Library/Webserver/News/Application/Runtime/Cache/Home/3e8784a0154fd17ac0cde7f509f6d75d.php 第 53 行.
NOTIC: [8] Undefined index: keywords /Library/Webserver/News/Application/Runtime/Cache/Home/3e8784a0154fd17ac0cde7f509f6d75d.php 第 56 行.
NOTIC: [8] Undefined index: count /Library/Webserver/News/Application/Runtime/Cache/Home/3e8784a0154fd17ac0cde7f509f6d75d.php 第 56 行.
NOTIC: [8] Undefined index: description /Library/Webserver/News/Application/Runtime/Cache/Home/3e8784a0154fd17ac0cde7f509f6d75d.php 第 53 行.
NOTIC: [8] Undefined index: keywords /Library/Webserver/News/Application/Runtime/Cache/Home/3e8784a0154fd17ac0cde7f509f6d75d.php 第 56 行.
NOTIC: [8] Undefined index: count /Library/Webserver/News/Application/Runtime/Cache/Home/3e8784a0154fd17ac0cde7f509f6d75d.php 第 56 行.
NOTIC: [8] Undefined index: description /Library/Webserver/News/Application/Runtime/Cache/Home/3e8784a0154fd17ac0cde7f509f6d75d.php 第 53 行.
NOTIC: [8] Undefined index: keywords /Library/Webserver/News/Application/Runtime/Cache/Home/3e8784a0154fd17ac0cde7f509f6d75d.php 第 56 行.
NOTIC: [8] Undefined index: count /Library/Webserver/News/Application/Runtime/Cache/Home/3e8784a0154fd17ac0cde7f509f6d75d.php 第 56 行.
NOTIC: [8] Undefined index: name /Library/Webserver/News/Application/Runtime/Cache/Home/3e8784a0154fd17ac0cde7f509f6d75d.php 第 80 行.
NOTIC: [8] Undefined index: name /Library/Webserver/News/Application/Runtime/Cache/Home/3e8784a0154fd17ac0cde7f509f6d75d.php 第 80 行.
INFO: Run Behavior\ParseTemplateBehavior [ RunTime:0.014535s ]
INFO: [ view_parse ] --END-- [ RunTime:0.014586s ]
INFO: [ view_filter ] --START--
INFO: Run Behavior\WriteHtmlCacheBehavior [ RunTime:0.000145s ]
INFO: [ view_filter ] --END-- [ RunTime:0.000176s ]
INFO: [ app_end ] --START--
INFO: Run Behavior\ShowPageTraceBehavior [ RunTime:0.000419s ]
INFO: [ app_end ] --END-- [ RunTime:0.000496s ]

