[ 2017-11-15T20:53:01+08:00 ]  
INFO: [ app_init ] --START--
INFO: Run Behavior\BuildLiteBehavior [ RunTime:0.000020s ]
INFO: [ app_init ] --END-- [ RunTime:0.000517s ]
NOTIC: [8] Undefined index: REQUEST_METHOD /Library/Webserver/News/ThinkPHP/Library/Think/App.class.php 第 31 行.
NOTIC: [8] Undefined index: REQUEST_URI /Library/Webserver/News/ThinkPHP/Library/Think/Dispatcher.class.php 第 137 行.
NOTIC: [8] Use of undefined constant _PHP_FILE_ - assumed '_PHP_FILE_' /Library/Webserver/News/ThinkPHP/Library/Think/Dispatcher.class.php 第 191 行.
INFO: [ app_begin ] --START--
INFO: Run Behavior\ReadHtmlCacheBehavior [ RunTime:0.000319s ]
INFO: [ app_begin ] --END-- [ RunTime:0.000355s ]
INFO: [ app_end ] --START--
INFO: Run Behavior\ShowPageTraceBehavior [ RunTime:0.000639s ]
INFO: [ app_end ] --END-- [ RunTime:0.000746s ]

[ 2017-11-15T20:53:01+08:00 ]  
INFO: [ app_init ] --START--
INFO: Run Behavior\BuildLiteBehavior [ RunTime:0.000024s ]
INFO: [ app_init ] --END-- [ RunTime:0.000473s ]
NOTIC: [8] Undefined index: REQUEST_METHOD /Library/Webserver/News/ThinkPHP/Library/Think/App.class.php 第 31 行.
NOTIC: [8] Undefined index: REQUEST_URI /Library/Webserver/News/ThinkPHP/Library/Think/Dispatcher.class.php 第 137 行.
NOTIC: [8] Use of undefined constant _PHP_FILE_ - assumed '_PHP_FILE_' /Library/Webserver/News/ThinkPHP/Library/Think/Dispatcher.class.php 第 191 行.
INFO: [ app_begin ] --START--
INFO: Run Behavior\ReadHtmlCacheBehavior [ RunTime:0.000484s ]
INFO: [ app_begin ] --END-- [ RunTime:0.000541s ]
SQL: SHOW COLUMNS FROM `cms_position_content` [ RunTime:0.0006s ]
SQL: SELECT * FROM `cms_position_content` WHERE `status` = 1 AND `position_id` = 2  [ RunTime:0.0003s ]
SQL: SHOW COLUMNS FROM `cms_menu` [ RunTime:0.0007s ]
SQL: SELECT * FROM `cms_menu` WHERE `status` = 1 AND `type` = 0  [ RunTime:0.0005s ]
SQL: SHOW COLUMNS FROM `cms_news` [ RunTime:0.0007s ]
SQL: SELECT * FROM `cms_news` WHERE `status` = 1  [ RunTime:0.0008s ]
SQL: SELECT * FROM `cms_position_content` WHERE `position_id` = 5  [ RunTime:0.0004s ]
SQL: SELECT * FROM `cms_position_content` WHERE `position_id` = 3  [ RunTime:0.0003s ]
INFO: [ view_parse ] --START--
INFO: [ template_filter ] --START--
NOTIC: [8] Use of undefined constant __ROOT__ - assumed '__ROOT__' /Library/Webserver/News/ThinkPHP/Library/Behavior/ContentReplaceBehavior.class.php 第 31 行.
NOTIC: [8] Use of undefined constant __ROOT__ - assumed '__ROOT__' /Library/Webserver/News/ThinkPHP/Library/Behavior/ContentReplaceBehavior.class.php 第 38 行.
INFO: Run Behavior\ContentReplaceBehavior [ RunTime:0.000098s ]
INFO: [ template_filter ] --END-- [ RunTime:0.000165s ]
NOTIC: [8] Undefined variable: config /Library/Webserver/News/Application/Runtime/Cache/Home/3e8784a0154fd17ac0cde7f509f6d75d.php 第 6 行.
NOTIC: [8] Undefined variable: config /Library/Webserver/News/Application/Runtime/Cache/Home/3e8784a0154fd17ac0cde7f509f6d75d.php 第 7 行.
NOTIC: [8] Undefined variable: config /Library/Webserver/News/Application/Runtime/Cache/Home/3e8784a0154fd17ac0cde7f509f6d75d.php 第 8 行.
NOTIC: [8] Undefined index: catId /Library/Webserver/News/Application/Runtime/Cache/Home/3e8784a0154fd17ac0cde7f509f6d75d.php 第 22 行.
NOTIC: [8] Undefined index: catId /Library/Webserver/News/Application/Runtime/Cache/Home/3e8784a0154fd17ac0cde7f509f6d75d.php 第 23 行.
NOTIC: [8] Undefined index: catId /Library/Webserver/News/Application/Runtime/Cache/Home/3e8784a0154fd17ac0cde7f509f6d75d.php 第 23 行.
NOTIC: [8] Undefined index: catId /Library/Webserver/News/Application/Runtime/Cache/Home/3e8784a0154fd17ac0cde7f509f6d75d.php 第 23 行.
NOTIC: [8] Undefined index: topPicNews /Library/Webserver/News/Application/Runtime/Cache/Home/3e8784a0154fd17ac0cde7f509f6d75d.php 第 34 行.
NOTIC: [8] Undefined index: topPicNews /Library/Webserver/News/Application/Runtime/Cache/Home/3e8784a0154fd17ac0cde7f509f6d75d.php 第 34 行.
NOTIC: [8] Undefined index: topPicNews /Library/Webserver/News/Application/Runtime/Cache/Home/3e8784a0154fd17ac0cde7f509f6d75d.php 第 34 行.
NOTIC: [8] Undefined index: topPicNews /Library/Webserver/News/Application/Runtime/Cache/Home/3e8784a0154fd17ac0cde7f509f6d75d.php 第 35 行.
NOTIC: [8] Undefined index: description /Library/Webserver/News/Application/Runtime/Cache/Home/3e8784a0154fd17ac0cde7f509f6d75d.php 第 53 行.
NOTIC: [8] Undefined index: keywords /Library/Webserver/News/Application/Runtime/Cache/Home/3e8784a0154fd17ac0cde7f509f6d75d.php 第 56 行.
NOTIC: [8] Undefined index: count /Library/Webserver/News/Application/Runtime/Cache/Home/3e8784a0154fd17ac0cde7f509f6d75d.php 第 56 行.
NOTIC: [8] Undefined index: description /Library/Webserver/News/Application/Runtime/Cache/Home/3e8784a0154fd17ac0cde7f509f6d75d.php 第 53 行.
NOTIC: [8] Undefined index: keywords /Library/Webserver/News/Application/Runtime/Cache/Home/3e8784a0154fd17ac0cde7f509f6d75d.php 第 56 行.
NOTIC: [8] Undefined index: count /Library/Webserver/News/Application/Runtime/Cache/Home/3e8784a0154fd17ac0cde7f509f6d75d.php 第 56 行.
NOTIC: [8] Undefined index: description /Library/Webserver/News/Application/Runtime/Cache/Home/3e8784a0154fd17ac0cde7f509f6d75d.php 第 53 行.
NOTIC: [8] Undefined index: keywords /Library/Webserver/News/Application/Runtime/Cache/Home/3e8784a0154fd17ac0cde7f509f6d75d.php 第 56 行.
NOTIC: [8] Undefined index: count /Library/Webserver/News/Application/Runtime/Cache/Home/3e8784a0154fd17ac0cde7f509f6d75d.php 第 56 行.
NOTIC: [8] Undefined index: description /Library/Webserver/News/Application/Runtime/Cache/Home/3e8784a0154fd17ac0cde7f509f6d75d.php 第 53 行.
NOTIC: [8] Undefined index: keywords /Library/Webserver/News/Application/Runtime/Cache/Home/3e8784a0154fd17ac0cde7f509f6d75d.php 第 56 行.
NOTIC: [8] Undefined index: count /Library/Webserver/News/Application/Runtime/Cache/Home/3e8784a0154fd17ac0cde7f509f6d75d.php 第 56 行.
NOTIC: [8] Undefined index: name /Library/Webserver/News/Application/Runtime/Cache/Home/3e8784a0154fd17ac0cde7f509f6d75d.php 第 80 行.
NOTIC: [8] Undefined index: name /Library/Webserver/News/Application/Runtime/Cache/Home/3e8784a0154fd17ac0cde7f509f6d75d.php 第 80 行.
INFO: Run Behavior\ParseTemplateBehavior [ RunTime:0.017818s ]
INFO: [ view_parse ] --END-- [ RunTime:0.017874s ]
INFO: [ view_filter ] --START--
INFO: Run Behavior\WriteHtmlCacheBehavior [ RunTime:0.000436s ]
INFO: [ view_filter ] --END-- [ RunTime:0.000486s ]
INFO: [ app_end ] --START--
INFO: Run Behavior\ShowPageTraceBehavior [ RunTime:0.000583s ]
INFO: [ app_end ] --END-- [ RunTime:0.000660s ]

[ 2017-11-15T20:54:00+08:00 ]  
INFO: [ app_init ] --START--
INFO: Run Behavior\BuildLiteBehavior [ RunTime:0.000022s ]
INFO: [ app_init ] --END-- [ RunTime:0.000449s ]
NOTIC: [8] Undefined index: REQUEST_METHOD /Library/Webserver/News/ThinkPHP/Library/Think/App.class.php 第 31 行.
NOTIC: [8] Undefined index: REQUEST_URI /Library/Webserver/News/ThinkPHP/Library/Think/Dispatcher.class.php 第 137 行.
NOTIC: [8] Use of undefined constant _PHP_FILE_ - assumed '_PHP_FILE_' /Library/Webserver/News/ThinkPHP/Library/Think/Dispatcher.class.php 第 191 行.
INFO: [ app_begin ] --START--
INFO: Run Behavior\ReadHtmlCacheBehavior [ RunTime:0.000484s ]
INFO: [ app_begin ] --END-- [ RunTime:0.000538s ]
INFO: [ app_end ] --START--
INFO: Run Behavior\ShowPageTraceBehavior [ RunTime:0.000563s ]
INFO: [ app_end ] --END-- [ RunTime:0.000653s ]

[ 2017-11-15T20:54:00+08:00 ]  
INFO: [ app_init ] --START--
INFO: Run Behavior\BuildLiteBehavior [ RunTime:0.000026s ]
INFO: [ app_init ] --END-- [ RunTime:0.000395s ]
NOTIC: [8] Undefined index: REQUEST_METHOD /Library/Webserver/News/ThinkPHP/Library/Think/App.class.php 第 31 行.
NOTIC: [8] Undefined index: REQUEST_URI /Library/Webserver/News/ThinkPHP/Library/Think/Dispatcher.class.php 第 137 行.
NOTIC: [8] Use of undefined constant _PHP_FILE_ - assumed '_PHP_FILE_' /Library/Webserver/News/ThinkPHP/Library/Think/Dispatcher.class.php 第 191 行.
INFO: [ app_begin ] --START--
INFO: Run Behavior\ReadHtmlCacheBehavior [ RunTime:0.000487s ]
INFO: [ app_begin ] --END-- [ RunTime:0.000539s ]
SQL: SHOW COLUMNS FROM `cms_position_content` [ RunTime:0.0007s ]
SQL: SELECT * FROM `cms_position_content` WHERE `status` = 1 AND `position_id` = 2  [ RunTime:0.0006s ]
SQL: SHOW COLUMNS FROM `cms_menu` [ RunTime:0.0007s ]
SQL: SELECT * FROM `cms_menu` WHERE `status` = 1 AND `type` = 0  [ RunTime:0.0004s ]
SQL: SHOW COLUMNS FROM `cms_news` [ RunTime:0.0007s ]
SQL: SELECT * FROM `cms_news` WHERE `status` = 1  [ RunTime:0.0008s ]
SQL: SELECT * FROM `cms_position_content` WHERE `position_id` = 5  [ RunTime:0.0004s ]
SQL: SELECT * FROM `cms_position_content` WHERE `position_id` = 3  [ RunTime:0.0013s ]
INFO: [ view_parse ] --START--
INFO: [ template_filter ] --START--
NOTIC: [8] Use of undefined constant __ROOT__ - assumed '__ROOT__' /Library/Webserver/News/ThinkPHP/Library/Behavior/ContentReplaceBehavior.class.php 第 31 行.
NOTIC: [8] Use of undefined constant __ROOT__ - assumed '__ROOT__' /Library/Webserver/News/ThinkPHP/Library/Behavior/ContentReplaceBehavior.class.php 第 38 行.
INFO: Run Behavior\ContentReplaceBehavior [ RunTime:0.000097s ]
INFO: [ template_filter ] --END-- [ RunTime:0.000160s ]
NOTIC: [8] Undefined variable: config /Library/Webserver/News/Application/Runtime/Cache/Home/3e8784a0154fd17ac0cde7f509f6d75d.php 第 6 行.
NOTIC: [8] Undefined variable: config /Library/Webserver/News/Application/Runtime/Cache/Home/3e8784a0154fd17ac0cde7f509f6d75d.php 第 7 行.
NOTIC: [8] Undefined variable: config /Library/Webserver/News/Application/Runtime/Cache/Home/3e8784a0154fd17ac0cde7f509f6d75d.php 第 8 行.
NOTIC: [8] Undefined index: catId /Library/Webserver/News/Application/Runtime/Cache/Home/3e8784a0154fd17ac0cde7f509f6d75d.php 第 22 行.
NOTIC: [8] Undefined index: catId /Library/Webserver/News/Application/Runtime/Cache/Home/3e8784a0154fd17ac0cde7f509f6d75d.php 第 23 行.
NOTIC: [8] Undefined index: catId /Library/Webserver/News/Application/Runtime/Cache/Home/3e8784a0154fd17ac0cde7f509f6d75d.php 第 23 行.
NOTIC: [8] Undefined index: catId /Library/Webserver/News/Application/Runtime/Cache/Home/3e8784a0154fd17ac0cde7f509f6d75d.php 第 23 行.
NOTIC: [8] Undefined index: topPicNews /Library/Webserver/News/Application/Runtime/Cache/Home/3e8784a0154fd17ac0cde7f509f6d75d.php 第 34 行.
NOTIC: [8] Undefined index: topPicNews /Library/Webserver/News/Application/Runtime/Cache/Home/3e8784a0154fd17ac0cde7f509f6d75d.php 第 34 行.
NOTIC: [8] Undefined index: topPicNews /Library/Webserver/News/Application/Runtime/Cache/Home/3e8784a0154fd17ac0cde7f509f6d75d.php 第 34 行.
NOTIC: [8] Undefined index: topPicNews /Library/Webserver/News/Application/Runtime/Cache/Home/3e8784a0154fd17ac0cde7f509f6d75d.php 第 35 行.
NOTIC: [8] Undefined index: description /Library/Webserver/News/Application/Runtime/Cache/Home/3e8784a0154fd17ac0cde7f509f6d75d.php 第 53 行.
NOTIC: [8] Undefined index: keywords /Library/Webserver/News/Application/Runtime/Cache/Home/3e8784a0154fd17ac0cde7f509f6d75d.php 第 56 行.
NOTIC: [8] Undefined index: count /Library/Webserver/News/Application/Runtime/Cache/Home/3e8784a0154fd17ac0cde7f509f6d75d.php 第 56 行.
NOTIC: [8] Undefined index: description /Library/Webserver/News/Application/Runtime/Cache/Home/3e8784a0154fd17ac0cde7f509f6d75d.php 第 53 行.
NOTIC: [8] Undefined index: keywords /Library/Webserver/News/Application/Runtime/Cache/Home/3e8784a0154fd17ac0cde7f509f6d75d.php 第 56 行.
NOTIC: [8] Undefined index: count /Library/Webserver/News/Application/Runtime/Cache/Home/3e8784a0154fd17ac0cde7f509f6d75d.php 第 56 行.
NOTIC: [8] Undefined index: description /Library/Webserver/News/Application/Runtime/Cache/Home/3e8784a0154fd17ac0cde7f509f6d75d.php 第 53 行.
NOTIC: [8] Undefined index: keywords /Library/Webserver/News/Application/Runtime/Cache/Home/3e8784a0154fd17ac0cde7f509f6d75d.php 第 56 行.
NOTIC: [8] Undefined index: count /Library/Webserver/News/Application/Runtime/Cache/Home/3e8784a0154fd17ac0cde7f509f6d75d.php 第 56 行.
NOTIC: [8] Undefined index: description /Library/Webserver/News/Application/Runtime/Cache/Home/3e8784a0154fd17ac0cde7f509f6d75d.php 第 53 行.
NOTIC: [8] Undefined index: keywords /Library/Webserver/News/Application/Runtime/Cache/Home/3e8784a0154fd17ac0cde7f509f6d75d.php 第 56 行.
NOTIC: [8] Undefined index: count /Library/Webserver/News/Application/Runtime/Cache/Home/3e8784a0154fd17ac0cde7f509f6d75d.php 第 56 行.
NOTIC: [8] Undefined index: name /Library/Webserver/News/Application/Runtime/Cache/Home/3e8784a0154fd17ac0cde7f509f6d75d.php 第 80 行.
NOTIC: [8] Undefined index: name /Library/Webserver/News/Application/Runtime/Cache/Home/3e8784a0154fd17ac0cde7f509f6d75d.php 第 80 行.
INFO: Run Behavior\ParseTemplateBehavior [ RunTime:0.016380s ]
INFO: [ view_parse ] --END-- [ RunTime:0.016442s ]
INFO: [ view_filter ] --START--
INFO: Run Behavior\WriteHtmlCacheBehavior [ RunTime:0.000201s ]
INFO: [ view_filter ] --END-- [ RunTime:0.000240s ]
INFO: [ app_end ] --START--
INFO: Run Behavior\ShowPageTraceBehavior [ RunTime:0.000535s ]
INFO: [ app_end ] --END-- [ RunTime:0.000597s ]

[ 2017-11-15T20:55:00+08:00 ]  
INFO: [ app_init ] --START--
INFO: Run Behavior\BuildLiteBehavior [ RunTime:0.000023s ]
INFO: [ app_init ] --END-- [ RunTime:0.000398s ]
NOTIC: [8] Undefined index: REQUEST_METHOD /Library/Webserver/News/ThinkPHP/Library/Think/App.class.php 第 31 行.
NOTIC: [8] Undefined index: REQUEST_URI /Library/Webserver/News/ThinkPHP/Library/Think/Dispatcher.class.php 第 137 行.
NOTIC: [8] Use of undefined constant _PHP_FILE_ - assumed '_PHP_FILE_' /Library/Webserver/News/ThinkPHP/Library/Think/Dispatcher.class.php 第 191 行.
INFO: [ app_begin ] --START--
INFO: Run Behavior\ReadHtmlCacheBehavior [ RunTime:0.000491s ]
INFO: [ app_begin ] --END-- [ RunTime:0.000545s ]
SQL: SHOW COLUMNS FROM `cms_position_content` [ RunTime:0.0009s ]
SQL: SELECT * FROM `cms_position_content` WHERE `status` = 1 AND `position_id` = 2  [ RunTime:0.0005s ]
SQL: SHOW COLUMNS FROM `cms_menu` [ RunTime:0.0007s ]
SQL: SELECT * FROM `cms_menu` WHERE `status` = 1 AND `type` = 0  [ RunTime:0.0004s ]
SQL: SHOW COLUMNS FROM `cms_news` [ RunTime:0.0007s ]
SQL: SELECT * FROM `cms_news` WHERE `status` = 1  [ RunTime:0.0005s ]
SQL: SELECT * FROM `cms_position_content` WHERE `position_id` = 5  [ RunTime:0.0006s ]
SQL: SELECT * FROM `cms_position_content` WHERE `position_id` = 3  [ RunTime:0.0004s ]
INFO: [ view_parse ] --START--
INFO: [ template_filter ] --START--
NOTIC: [8] Use of undefined constant __ROOT__ - assumed '__ROOT__' /Library/Webserver/News/ThinkPHP/Library/Behavior/ContentReplaceBehavior.class.php 第 31 行.
NOTIC: [8] Use of undefined constant __ROOT__ - assumed '__ROOT__' /Library/Webserver/News/ThinkPHP/Library/Behavior/ContentReplaceBehavior.class.php 第 38 行.
INFO: Run Behavior\ContentReplaceBehavior [ RunTime:0.000091s ]
INFO: [ template_filter ] --END-- [ RunTime:0.000153s ]
NOTIC: [8] Undefined variable: config /Library/Webserver/News/Application/Runtime/Cache/Home/3e8784a0154fd17ac0cde7f509f6d75d.php 第 6 行.
NOTIC: [8] Undefined variable: config /Library/Webserver/News/Application/Runtime/Cache/Home/3e8784a0154fd17ac0cde7f509f6d75d.php 第 7 行.
NOTIC: [8] Undefined variable: config /Library/Webserver/News/Application/Runtime/Cache/Home/3e8784a0154fd17ac0cde7f509f6d75d.php 第 8 行.
NOTIC: [8] Undefined index: catId /Library/Webserver/News/Application/Runtime/Cache/Home/3e8784a0154fd17ac0cde7f509f6d75d.php 第 22 行.
NOTIC: [8] Undefined index: catId /Library/Webserver/News/Application/Runtime/Cache/Home/3e8784a0154fd17ac0cde7f509f6d75d.php 第 23 行.
NOTIC: [8] Undefined index: catId /Library/Webserver/News/Application/Runtime/Cache/Home/3e8784a0154fd17ac0cde7f509f6d75d.php 第 23 行.
NOTIC: [8] Undefined index: catId /Library/Webserver/News/Application/Runtime/Cache/Home/3e8784a0154fd17ac0cde7f509f6d75d.php 第 23 行.
NOTIC: [8] Undefined index: topPicNews /Library/Webserver/News/Application/Runtime/Cache/Home/3e8784a0154fd17ac0cde7f509f6d75d.php 第 34 行.
NOTIC: [8] Undefined index: topPicNews /Library/Webserver/News/Application/Runtime/Cache/Home/3e8784a0154fd17ac0cde7f509f6d75d.php 第 34 行.
NOTIC: [8] Undefined index: topPicNews /Library/Webserver/News/Application/Runtime/Cache/Home/3e8784a0154fd17ac0cde7f509f6d75d.php 第 34 行.
NOTIC: [8] Undefined index: topPicNews /Library/Webserver/News/Application/Runtime/Cache/Home/3e8784a0154fd17ac0cde7f509f6d75d.php 第 35 行.
NOTIC: [8] Undefined index: description /Library/Webserver/News/Application/Runtime/Cache/Home/3e8784a0154fd17ac0cde7f509f6d75d.php 第 53 行.
NOTIC: [8] Undefined index: keywords /Library/Webserver/News/Application/Runtime/Cache/Home/3e8784a0154fd17ac0cde7f509f6d75d.php 第 56 行.
NOTIC: [8] Undefined index: count /Library/Webserver/News/Application/Runtime/Cache/Home/3e8784a0154fd17ac0cde7f509f6d75d.php 第 56 行.
NOTIC: [8] Undefined index: description /Library/Webserver/News/Application/Runtime/Cache/Home/3e8784a0154fd17ac0cde7f509f6d75d.php 第 53 行.
NOTIC: [8] Undefined index: keywords /Library/Webserver/News/Application/Runtime/Cache/Home/3e8784a0154fd17ac0cde7f509f6d75d.php 第 56 行.
NOTIC: [8] Undefined index: count /Library/Webserver/News/Application/Runtime/Cache/Home/3e8784a0154fd17ac0cde7f509f6d75d.php 第 56 行.
NOTIC: [8] Undefined index: description /Library/Webserver/News/Application/Runtime/Cache/Home/3e8784a0154fd17ac0cde7f509f6d75d.php 第 53 行.
NOTIC: [8] Undefined index: keywords /Library/Webserver/News/Application/Runtime/Cache/Home/3e8784a0154fd17ac0cde7f509f6d75d.php 第 56 行.
NOTIC: [8] Undefined index: count /Library/Webserver/News/Application/Runtime/Cache/Home/3e8784a0154fd17ac0cde7f509f6d75d.php 第 56 行.
NOTIC: [8] Undefined index: description /Library/Webserver/News/Application/Runtime/Cache/Home/3e8784a0154fd17ac0cde7f509f6d75d.php 第 53 行.
NOTIC: [8] Undefined index: keywords /Library/Webserver/News/Application/Runtime/Cache/Home/3e8784a0154fd17ac0cde7f509f6d75d.php 第 56 行.
NOTIC: [8] Undefined index: count /Library/Webserver/News/Application/Runtime/Cache/Home/3e8784a0154fd17ac0cde7f509f6d75d.php 第 56 行.
NOTIC: [8] Undefined index: name /Library/Webserver/News/Application/Runtime/Cache/Home/3e8784a0154fd17ac0cde7f509f6d75d.php 第 80 行.
NOTIC: [8] Undefined index: name /Library/Webserver/News/Application/Runtime/Cache/Home/3e8784a0154fd17ac0cde7f509f6d75d.php 第 80 行.
INFO: Run Behavior\ParseTemplateBehavior [ RunTime:0.016113s ]
INFO: [ view_parse ] --END-- [ RunTime:0.016170s ]
INFO: [ view_filter ] --START--
INFO: Run Behavior\WriteHtmlCacheBehavior [ RunTime:0.000192s ]
INFO: [ view_filter ] --END-- [ RunTime:0.000231s ]
INFO: [ app_end ] --START--
INFO: Run Behavior\ShowPageTraceBehavior [ RunTime:0.000485s ]
INFO: [ app_end ] --END-- [ RunTime:0.000533s ]

[ 2017-11-15T20:55:00+08:00 ]  
INFO: [ app_init ] --START--
INFO: Run Behavior\BuildLiteBehavior [ RunTime:0.000026s ]
INFO: [ app_init ] --END-- [ RunTime:0.000413s ]
NOTIC: [8] Undefined index: REQUEST_METHOD /Library/Webserver/News/ThinkPHP/Library/Think/App.class.php 第 31 行.
NOTIC: [8] Undefined index: REQUEST_URI /Library/Webserver/News/ThinkPHP/Library/Think/Dispatcher.class.php 第 137 行.
NOTIC: [8] Use of undefined constant _PHP_FILE_ - assumed '_PHP_FILE_' /Library/Webserver/News/ThinkPHP/Library/Think/Dispatcher.class.php 第 191 行.
INFO: [ app_begin ] --START--
INFO: Run Behavior\ReadHtmlCacheBehavior [ RunTime:0.000507s ]
INFO: [ app_begin ] --END-- [ RunTime:0.000563s ]
INFO: [ app_end ] --START--
INFO: Run Behavior\ShowPageTraceBehavior [ RunTime:0.000735s ]
INFO: [ app_end ] --END-- [ RunTime:0.000829s ]

[ 2017-11-15T20:56:00+08:00 ]  
INFO: [ app_init ] --START--
INFO: Run Behavior\BuildLiteBehavior [ RunTime:0.000025s ]
INFO: [ app_init ] --END-- [ RunTime:0.000411s ]
NOTIC: [8] Undefined index: REQUEST_METHOD /Library/Webserver/News/ThinkPHP/Library/Think/App.class.php 第 31 行.
NOTIC: [8] Undefined index: REQUEST_URI /Library/Webserver/News/ThinkPHP/Library/Think/Dispatcher.class.php 第 137 行.
NOTIC: [8] Use of undefined constant _PHP_FILE_ - assumed '_PHP_FILE_' /Library/Webserver/News/ThinkPHP/Library/Think/Dispatcher.class.php 第 191 行.
INFO: [ app_begin ] --START--
INFO: Run Behavior\ReadHtmlCacheBehavior [ RunTime:0.000546s ]
INFO: [ app_begin ] --END-- [ RunTime:0.000609s ]
INFO: [ app_end ] --START--
INFO: Run Behavior\ShowPageTraceBehavior [ RunTime:0.000885s ]
INFO: [ app_end ] --END-- [ RunTime:0.001017s ]

[ 2017-11-15T20:56:00+08:00 ]  
INFO: [ app_init ] --START--
INFO: Run Behavior\BuildLiteBehavior [ RunTime:0.000018s ]
INFO: [ app_init ] --END-- [ RunTime:0.000300s ]
NOTIC: [8] Undefined index: REQUEST_METHOD /Library/Webserver/News/ThinkPHP/Library/Think/App.class.php 第 31 行.
NOTIC: [8] Undefined index: REQUEST_URI /Library/Webserver/News/ThinkPHP/Library/Think/Dispatcher.class.php 第 137 行.
NOTIC: [8] Use of undefined constant _PHP_FILE_ - assumed '_PHP_FILE_' /Library/Webserver/News/ThinkPHP/Library/Think/Dispatcher.class.php 第 191 行.
INFO: [ app_begin ] --START--
INFO: Run Behavior\ReadHtmlCacheBehavior [ RunTime:0.000353s ]
INFO: [ app_begin ] --END-- [ RunTime:0.000389s ]
SQL: SHOW COLUMNS FROM `cms_position_content` [ RunTime:0.0007s ]
SQL: SELECT * FROM `cms_position_content` WHERE `status` = 1 AND `position_id` = 2  [ RunTime:0.0004s ]
SQL: SHOW COLUMNS FROM `cms_menu` [ RunTime:0.0007s ]
SQL: SELECT * FROM `cms_menu` WHERE `status` = 1 AND `type` = 0  [ RunTime:0.0004s ]
SQL: SHOW COLUMNS FROM `cms_news` [ RunTime:0.0007s ]
SQL: SELECT * FROM `cms_news` WHERE `status` = 1  [ RunTime:0.0005s ]
SQL: SELECT * FROM `cms_position_content` WHERE `position_id` = 5  [ RunTime:0.0004s ]
SQL: SELECT * FROM `cms_position_content` WHERE `position_id` = 3  [ RunTime:0.0003s ]
INFO: [ view_parse ] --START--
INFO: [ template_filter ] --START--
NOTIC: [8] Use of undefined constant __ROOT__ - assumed '__ROOT__' /Library/Webserver/News/ThinkPHP/Library/Behavior/ContentReplaceBehavior.class.php 第 31 行.
NOTIC: [8] Use of undefined constant __ROOT__ - assumed '__ROOT__' /Library/Webserver/News/ThinkPHP/Library/Behavior/ContentReplaceBehavior.class.php 第 38 行.
INFO: Run Behavior\ContentReplaceBehavior [ RunTime:0.000094s ]
INFO: [ template_filter ] --END-- [ RunTime:0.000159s ]
NOTIC: [8] Undefined variable: config /Library/Webserver/News/Application/Runtime/Cache/Home/3e8784a0154fd17ac0cde7f509f6d75d.php 第 6 行.
NOTIC: [8] Undefined variable: config /Library/Webserver/News/Application/Runtime/Cache/Home/3e8784a0154fd17ac0cde7f509f6d75d.php 第 7 行.
NOTIC: [8] Undefined variable: config /Library/Webserver/News/Application/Runtime/Cache/Home/3e8784a0154fd17ac0cde7f509f6d75d.php 第 8 行.
NOTIC: [8] Undefined index: catId /Library/Webserver/News/Application/Runtime/Cache/Home/3e8784a0154fd17ac0cde7f509f6d75d.php 第 22 行.
NOTIC: [8] Undefined index: catId /Library/Webserver/News/Application/Runtime/Cache/Home/3e8784a0154fd17ac0cde7f509f6d75d.php 第 23 行.
NOTIC: [8] Undefined index: catId /Library/Webserver/News/Application/Runtime/Cache/Home/3e8784a0154fd17ac0cde7f509f6d75d.php 第 23 行.
NOTIC: [8] Undefined index: catId /Library/Webserver/News/Application/Runtime/Cache/Home/3e8784a0154fd17ac0cde7f509f6d75d.php 第 23 行.
NOTIC: [8] Undefined index: topPicNews /Library/Webserver/News/Application/Runtime/Cache/Home/3e8784a0154fd17ac0cde7f509f6d75d.php 第 34 行.
NOTIC: [8] Undefined index: topPicNews /Library/Webserver/News/Application/Runtime/Cache/Home/3e8784a0154fd17ac0cde7f509f6d75d.php 第 34 行.
NOTIC: [8] Undefined index: topPicNews /Library/Webserver/News/Application/Runtime/Cache/Home/3e8784a0154fd17ac0cde7f509f6d75d.php 第 34 行.
NOTIC: [8] Undefined index: topPicNews /Library/Webserver/News/Application/Runtime/Cache/Home/3e8784a0154fd17ac0cde7f509f6d75d.php 第 35 行.
NOTIC: [8] Undefined index: description /Library/Webserver/News/Application/Runtime/Cache/Home/3e8784a0154fd17ac0cde7f509f6d75d.php 第 53 行.
NOTIC: [8] Undefined index: keywords /Library/Webserver/News/Application/Runtime/Cache/Home/3e8784a0154fd17ac0cde7f509f6d75d.php 第 56 行.
NOTIC: [8] Undefined index: count /Library/Webserver/News/Application/Runtime/Cache/Home/3e8784a0154fd17ac0cde7f509f6d75d.php 第 56 行.
NOTIC: [8] Undefined index: description /Library/Webserver/News/Application/Runtime/Cache/Home/3e8784a0154fd17ac0cde7f509f6d75d.php 第 53 行.
NOTIC: [8] Undefined index: keywords /Library/Webserver/News/Application/Runtime/Cache/Home/3e8784a0154fd17ac0cde7f509f6d75d.php 第 56 行.
NOTIC: [8] Undefined index: count /Library/Webserver/News/Application/Runtime/Cache/Home/3e8784a0154fd17ac0cde7f509f6d75d.php 第 56 行.
NOTIC: [8] Undefined index: description /Library/Webserver/News/Application/Runtime/Cache/Home/3e8784a0154fd17ac0cde7f509f6d75d.php 第 53 行.
NOTIC: [8] Undefined index: keywords /Library/Webserver/News/Application/Runtime/Cache/Home/3e8784a0154fd17ac0cde7f509f6d75d.php 第 56 行.
NOTIC: [8] Undefined index: count /Library/Webserver/News/Application/Runtime/Cache/Home/3e8784a0154fd17ac0cde7f509f6d75d.php 第 56 行.
NOTIC: [8] Undefined index: description /Library/Webserver/News/Application/Runtime/Cache/Home/3e8784a0154fd17ac0cde7f509f6d75d.php 第 53 行.
NOTIC: [8] Undefined index: keywords /Library/Webserver/News/Application/Runtime/Cache/Home/3e8784a0154fd17ac0cde7f509f6d75d.php 第 56 行.
NOTIC: [8] Undefined index: count /Library/Webserver/News/Application/Runtime/Cache/Home/3e8784a0154fd17ac0cde7f509f6d75d.php 第 56 行.
NOTIC: [8] Undefined index: name /Library/Webserver/News/Application/Runtime/Cache/Home/3e8784a0154fd17ac0cde7f509f6d75d.php 第 80 行.
NOTIC: [8] Undefined index: name /Library/Webserver/News/Application/Runtime/Cache/Home/3e8784a0154fd17ac0cde7f509f6d75d.php 第 80 行.
INFO: Run Behavior\ParseTemplateBehavior [ RunTime:0.018967s ]
INFO: [ view_parse ] --END-- [ RunTime:0.019023s ]
INFO: [ view_filter ] --START--
INFO: Run Behavior\WriteHtmlCacheBehavior [ RunTime:0.000187s ]
INFO: [ view_filter ] --END-- [ RunTime:0.000230s ]
INFO: [ app_end ] --START--
INFO: Run Behavior\ShowPageTraceBehavior [ RunTime:0.000534s ]
INFO: [ app_end ] --END-- [ RunTime:0.000592s ]

[ 2017-11-15T20:57:01+08:00 ]  
INFO: [ app_init ] --START--
INFO: Run Behavior\BuildLiteBehavior [ RunTime:0.000020s ]
INFO: [ app_init ] --END-- [ RunTime:0.000293s ]
NOTIC: [8] Undefined index: REQUEST_METHOD /Library/Webserver/News/ThinkPHP/Library/Think/App.class.php 第 31 行.
NOTIC: [8] Undefined index: REQUEST_URI /Library/Webserver/News/ThinkPHP/Library/Think/Dispatcher.class.php 第 137 行.
NOTIC: [8] Use of undefined constant _PHP_FILE_ - assumed '_PHP_FILE_' /Library/Webserver/News/ThinkPHP/Library/Think/Dispatcher.class.php 第 191 行.
INFO: [ app_begin ] --START--
INFO: Run Behavior\ReadHtmlCacheBehavior [ RunTime:0.000331s ]
INFO: [ app_begin ] --END-- [ RunTime:0.000370s ]
INFO: [ app_end ] --START--
INFO: Run Behavior\ShowPageTraceBehavior [ RunTime:0.000756s ]
INFO: [ app_end ] --END-- [ RunTime:0.000845s ]

[ 2017-11-15T20:57:01+08:00 ]  
INFO: [ app_init ] --START--
INFO: Run Behavior\BuildLiteBehavior [ RunTime:0.000027s ]
INFO: [ app_init ] --END-- [ RunTime:0.000412s ]
NOTIC: [8] Undefined index: REQUEST_METHOD /Library/Webserver/News/ThinkPHP/Library/Think/App.class.php 第 31 行.
NOTIC: [8] Undefined index: REQUEST_URI /Library/Webserver/News/ThinkPHP/Library/Think/Dispatcher.class.php 第 137 行.
NOTIC: [8] Use of undefined constant _PHP_FILE_ - assumed '_PHP_FILE_' /Library/Webserver/News/ThinkPHP/Library/Think/Dispatcher.class.php 第 191 行.
INFO: [ app_begin ] --START--
INFO: Run Behavior\ReadHtmlCacheBehavior [ RunTime:0.000498s ]
INFO: [ app_begin ] --END-- [ RunTime:0.000556s ]
SQL: SHOW COLUMNS FROM `cms_position_content` [ RunTime:0.0008s ]
SQL: SELECT * FROM `cms_position_content` WHERE `status` = 1 AND `position_id` = 2  [ RunTime:0.0005s ]
SQL: SHOW COLUMNS FROM `cms_menu` [ RunTime:0.0007s ]
SQL: SELECT * FROM `cms_menu` WHERE `status` = 1 AND `type` = 0  [ RunTime:0.0005s ]
SQL: SHOW COLUMNS FROM `cms_news` [ RunTime:0.0009s ]
SQL: SELECT * FROM `cms_news` WHERE `status` = 1  [ RunTime:0.0005s ]
SQL: SELECT * FROM `cms_position_content` WHERE `position_id` = 5  [ RunTime:0.0004s ]
SQL: SELECT * FROM `cms_position_content` WHERE `position_id` = 3  [ RunTime:0.0003s ]
INFO: [ view_parse ] --START--
INFO: [ template_filter ] --START--
NOTIC: [8] Use of undefined constant __ROOT__ - assumed '__ROOT__' /Library/Webserver/News/ThinkPHP/Library/Behavior/ContentReplaceBehavior.class.php 第 31 行.
NOTIC: [8] Use of undefined constant __ROOT__ - assumed '__ROOT__' /Library/Webserver/News/ThinkPHP/Library/Behavior/ContentReplaceBehavior.class.php 第 38 行.
INFO: Run Behavior\ContentReplaceBehavior [ RunTime:0.000278s ]
INFO: [ template_filter ] --END-- [ RunTime:0.000377s ]
NOTIC: [8] Undefined variable: config /Library/Webserver/News/Application/Runtime/Cache/Home/3e8784a0154fd17ac0cde7f509f6d75d.php 第 6 行.
NOTIC: [8] Undefined variable: config /Library/Webserver/News/Application/Runtime/Cache/Home/3e8784a0154fd17ac0cde7f509f6d75d.php 第 7 行.
NOTIC: [8] Undefined variable: config /Library/Webserver/News/Application/Runtime/Cache/Home/3e8784a0154fd17ac0cde7f509f6d75d.php 第 8 行.
NOTIC: [8] Undefined index: catId /Library/Webserver/News/Application/Runtime/Cache/Home/3e8784a0154fd17ac0cde7f509f6d75d.php 第 22 行.
NOTIC: [8] Undefined index: catId /Library/Webserver/News/Application/Runtime/Cache/Home/3e8784a0154fd17ac0cde7f509f6d75d.php 第 23 行.
NOTIC: [8] Undefined index: catId /Library/Webserver/News/Application/Runtime/Cache/Home/3e8784a0154fd17ac0cde7f509f6d75d.php 第 23 行.
NOTIC: [8] Undefined index: catId /Library/Webserver/News/Application/Runtime/Cache/Home/3e8784a0154fd17ac0cde7f509f6d75d.php 第 23 行.
NOTIC: [8] Undefined index: topPicNews /Library/Webserver/News/Application/Runtime/Cache/Home/3e8784a0154fd17ac0cde7f509f6d75d.php 第 34 行.
NOTIC: [8] Undefined index: topPicNews /Library/Webserver/News/Application/Runtime/Cache/Home/3e8784a0154fd17ac0cde7f509f6d75d.php 第 34 行.
NOTIC: [8] Undefined index: topPicNews /Library/Webserver/News/Application/Runtime/Cache/Home/3e8784a0154fd17ac0cde7f509f6d75d.php 第 34 行.
NOTIC: [8] Undefined index: topPicNews /Library/Webserver/News/Application/Runtime/Cache/Home/3e8784a0154fd17ac0cde7f509f6d75d.php 第 35 行.
NOTIC: [8] Undefined index: description /Library/Webserver/News/Application/Runtime/Cache/Home/3e8784a0154fd17ac0cde7f509f6d75d.php 第 53 行.
NOTIC: [8] Undefined index: keywords /Library/Webserver/News/Application/Runtime/Cache/Home/3e8784a0154fd17ac0cde7f509f6d75d.php 第 56 行.
NOTIC: [8] Undefined index: count /Library/Webserver/News/Application/Runtime/Cache/Home/3e8784a0154fd17ac0cde7f509f6d75d.php 第 56 行.
NOTIC: [8] Undefined index: description /Library/Webserver/News/Application/Runtime/Cache/Home/3e8784a0154fd17ac0cde7f509f6d75d.php 第 53 行.
NOTIC: [8] Undefined index: keywords /Library/Webserver/News/Application/Runtime/Cache/Home/3e8784a0154fd17ac0cde7f509f6d75d.php 第 56 行.
NOTIC: [8] Undefined index: count /Library/Webserver/News/Application/Runtime/Cache/Home/3e8784a0154fd17ac0cde7f509f6d75d.php 第 56 行.
NOTIC: [8] Undefined index: description /Library/Webserver/News/Application/Runtime/Cache/Home/3e8784a0154fd17ac0cde7f509f6d75d.php 第 53 行.
NOTIC: [8] Undefined index: keywords /Library/Webserver/News/Application/Runtime/Cache/Home/3e8784a0154fd17ac0cde7f509f6d75d.php 第 56 行.
NOTIC: [8] Undefined index: count /Library/Webserver/News/Application/Runtime/Cache/Home/3e8784a0154fd17ac0cde7f509f6d75d.php 第 56 行.
NOTIC: [8] Undefined index: description /Library/Webserver/News/Application/Runtime/Cache/Home/3e8784a0154fd17ac0cde7f509f6d75d.php 第 53 行.
NOTIC: [8] Undefined index: keywords /Library/Webserver/News/Application/Runtime/Cache/Home/3e8784a0154fd17ac0cde7f509f6d75d.php 第 56 行.
NOTIC: [8] Undefined index: count /Library/Webserver/News/Application/Runtime/Cache/Home/3e8784a0154fd17ac0cde7f509f6d75d.php 第 56 行.
NOTIC: [8] Undefined index: name /Library/Webserver/News/Application/Runtime/Cache/Home/3e8784a0154fd17ac0cde7f509f6d75d.php 第 80 行.
NOTIC: [8] Undefined index: name /Library/Webserver/News/Application/Runtime/Cache/Home/3e8784a0154fd17ac0cde7f509f6d75d.php 第 80 行.
INFO: Run Behavior\ParseTemplateBehavior [ RunTime:0.016752s ]
INFO: [ view_parse ] --END-- [ RunTime:0.016800s ]
INFO: [ view_filter ] --START--
INFO: Run Behavior\WriteHtmlCacheBehavior [ RunTime:0.000131s ]
INFO: [ view_filter ] --END-- [ RunTime:0.000156s ]
INFO: [ app_end ] --START--
INFO: Run Behavior\ShowPageTraceBehavior [ RunTime:0.000321s ]
INFO: [ app_end ] --END-- [ RunTime:0.000357s ]

[ 2017-11-15T20:58:00+08:00 ]  
INFO: [ app_init ] --START--
INFO: Run Behavior\BuildLiteBehavior [ RunTime:0.000022s ]
INFO: [ app_init ] --END-- [ RunTime:0.000392s ]
NOTIC: [8] Undefined index: REQUEST_METHOD /Library/Webserver/News/ThinkPHP/Library/Think/App.class.php 第 31 行.
NOTIC: [8] Undefined index: REQUEST_URI /Library/Webserver/News/ThinkPHP/Library/Think/Dispatcher.class.php 第 137 行.
NOTIC: [8] Use of undefined constant _PHP_FILE_ - assumed '_PHP_FILE_' /Library/Webserver/News/ThinkPHP/Library/Think/Dispatcher.class.php 第 191 行.
INFO: [ app_begin ] --START--
INFO: Run Behavior\ReadHtmlCacheBehavior [ RunTime:0.001795s ]
INFO: [ app_begin ] --END-- [ RunTime:0.001879s ]
INFO: [ app_end ] --START--
INFO: Run Behavior\ShowPageTraceBehavior [ RunTime:0.000585s ]
INFO: [ app_end ] --END-- [ RunTime:0.000668s ]

[ 2017-11-15T20:58:00+08:00 ]  
INFO: [ app_init ] --START--
INFO: Run Behavior\BuildLiteBehavior [ RunTime:0.000018s ]
INFO: [ app_init ] --END-- [ RunTime:0.000341s ]
NOTIC: [8] Undefined index: REQUEST_METHOD /Library/Webserver/News/ThinkPHP/Library/Think/App.class.php 第 31 行.
NOTIC: [8] Undefined index: REQUEST_URI /Library/Webserver/News/ThinkPHP/Library/Think/Dispatcher.class.php 第 137 行.
NOTIC: [8] Use of undefined constant _PHP_FILE_ - assumed '_PHP_FILE_' /Library/Webserver/News/ThinkPHP/Library/Think/Dispatcher.class.php 第 191 行.
INFO: [ app_begin ] --START--
INFO: Run Behavior\ReadHtmlCacheBehavior [ RunTime:0.000398s ]
INFO: [ app_begin ] --END-- [ RunTime:0.000442s ]
SQL: SHOW COLUMNS FROM `cms_position_content` [ RunTime:0.0006s ]
SQL: SELECT * FROM `cms_position_content` WHERE `status` = 1 AND `position_id` = 2  [ RunTime:0.0003s ]
SQL: SHOW COLUMNS FROM `cms_menu` [ RunTime:0.0007s ]
SQL: SELECT * FROM `cms_menu` WHERE `status` = 1 AND `type` = 0  [ RunTime:0.0005s ]
SQL: SHOW COLUMNS FROM `cms_news` [ RunTime:0.0010s ]
SQL: SELECT * FROM `cms_news` WHERE `status` = 1  [ RunTime:0.0005s ]
SQL: SELECT * FROM `cms_position_content` WHERE `position_id` = 5  [ RunTime:0.0004s ]
SQL: SELECT * FROM `cms_position_content` WHERE `position_id` = 3  [ RunTime:0.0003s ]
INFO: [ view_parse ] --START--
INFO: [ template_filter ] --START--
NOTIC: [8] Use of undefined constant __ROOT__ - assumed '__ROOT__' /Library/Webserver/News/ThinkPHP/Library/Behavior/ContentReplaceBehavior.class.php 第 31 行.
NOTIC: [8] Use of undefined constant __ROOT__ - assumed '__ROOT__' /Library/Webserver/News/ThinkPHP/Library/Behavior/ContentReplaceBehavior.class.php 第 38 行.
INFO: Run Behavior\ContentReplaceBehavior [ RunTime:0.000104s ]
INFO: [ template_filter ] --END-- [ RunTime:0.000173s ]
NOTIC: [8] Undefined variable: config /Library/Webserver/News/Application/Runtime/Cache/Home/3e8784a0154fd17ac0cde7f509f6d75d.php 第 6 行.
NOTIC: [8] Undefined variable: config /Library/Webserver/News/Application/Runtime/Cache/Home/3e8784a0154fd17ac0cde7f509f6d75d.php 第 7 行.
NOTIC: [8] Undefined variable: config /Library/Webserver/News/Application/Runtime/Cache/Home/3e8784a0154fd17ac0cde7f509f6d75d.php 第 8 行.
NOTIC: [8] Undefined index: catId /Library/Webserver/News/Application/Runtime/Cache/Home/3e8784a0154fd17ac0cde7f509f6d75d.php 第 22 行.
NOTIC: [8] Undefined index: catId /Library/Webserver/News/Application/Runtime/Cache/Home/3e8784a0154fd17ac0cde7f509f6d75d.php 第 23 行.
NOTIC: [8] Undefined index: catId /Library/Webserver/News/Application/Runtime/Cache/Home/3e8784a0154fd17ac0cde7f509f6d75d.php 第 23 行.
NOTIC: [8] Undefined index: catId /Library/Webserver/News/Application/Runtime/Cache/Home/3e8784a0154fd17ac0cde7f509f6d75d.php 第 23 行.
NOTIC: [8] Undefined index: topPicNews /Library/Webserver/News/Application/Runtime/Cache/Home/3e8784a0154fd17ac0cde7f509f6d75d.php 第 34 行.
NOTIC: [8] Undefined index: topPicNews /Library/Webserver/News/Application/Runtime/Cache/Home/3e8784a0154fd17ac0cde7f509f6d75d.php 第 34 行.
NOTIC: [8] Undefined index: topPicNews /Library/Webserver/News/Application/Runtime/Cache/Home/3e8784a0154fd17ac0cde7f509f6d75d.php 第 34 行.
NOTIC: [8] Undefined index: topPicNews /Library/Webserver/News/Application/Runtime/Cache/Home/3e8784a0154fd17ac0cde7f509f6d75d.php 第 35 行.
NOTIC: [8] Undefined index: description /Library/Webserver/News/Application/Runtime/Cache/Home/3e8784a0154fd17ac0cde7f509f6d75d.php 第 53 行.
NOTIC: [8] Undefined index: keywords /Library/Webserver/News/Application/Runtime/Cache/Home/3e8784a0154fd17ac0cde7f509f6d75d.php 第 56 行.
NOTIC: [8] Undefined index: count /Library/Webserver/News/Application/Runtime/Cache/Home/3e8784a0154fd17ac0cde7f509f6d75d.php 第 56 行.
NOTIC: [8] Undefined index: description /Library/Webserver/News/Application/Runtime/Cache/Home/3e8784a0154fd17ac0cde7f509f6d75d.php 第 53 行.
NOTIC: [8] Undefined index: keywords /Library/Webserver/News/Application/Runtime/Cache/Home/3e8784a0154fd17ac0cde7f509f6d75d.php 第 56 行.
NOTIC: [8] Undefined index: count /Library/Webserver/News/Application/Runtime/Cache/Home/3e8784a0154fd17ac0cde7f509f6d75d.php 第 56 行.
NOTIC: [8] Undefined index: description /Library/Webserver/News/Application/Runtime/Cache/Home/3e8784a0154fd17ac0cde7f509f6d75d.php 第 53 行.
NOTIC: [8] Undefined index: keywords /Library/Webserver/News/Application/Runtime/Cache/Home/3e8784a0154fd17ac0cde7f509f6d75d.php 第 56 行.
NOTIC: [8] Undefined index: count /Library/Webserver/News/Application/Runtime/Cache/Home/3e8784a0154fd17ac0cde7f509f6d75d.php 第 56 行.
NOTIC: [8] Undefined index: description /Library/Webserver/News/Application/Runtime/Cache/Home/3e8784a0154fd17ac0cde7f509f6d75d.php 第 53 行.
NOTIC: [8] Undefined index: keywords /Library/Webserver/News/Application/Runtime/Cache/Home/3e8784a0154fd17ac0cde7f509f6d75d.php 第 56 行.
NOTIC: [8] Undefined index: count /Library/Webserver/News/Application/Runtime/Cache/Home/3e8784a0154fd17ac0cde7f509f6d75d.php 第 56 行.
NOTIC: [8] Undefined index: name /Library/Webserver/News/Application/Runtime/Cache/Home/3e8784a0154fd17ac0cde7f509f6d75d.php 第 80 行.
NOTIC: [8] Undefined index: name /Library/Webserver/News/Application/Runtime/Cache/Home/3e8784a0154fd17ac0cde7f509f6d75d.php 第 80 行.
INFO: Run Behavior\ParseTemplateBehavior [ RunTime:0.019687s ]
INFO: [ view_parse ] --END-- [ RunTime:0.019742s ]
INFO: [ view_filter ] --START--
INFO: Run Behavior\WriteHtmlCacheBehavior [ RunTime:0.000217s ]
INFO: [ view_filter ] --END-- [ RunTime:0.000259s ]
INFO: [ app_end ] --START--
INFO: Run Behavior\ShowPageTraceBehavior [ RunTime:0.000751s ]
INFO: [ app_end ] --END-- [ RunTime:0.000812s ]

[ 2017-11-15T20:59:00+08:00 ]  
INFO: [ app_init ] --START--
INFO: Run Behavior\BuildLiteBehavior [ RunTime:0.000025s ]
INFO: [ app_init ] --END-- [ RunTime:0.000406s ]
NOTIC: [8] Undefined index: REQUEST_METHOD /Library/Webserver/News/ThinkPHP/Library/Think/App.class.php 第 31 行.
NOTIC: [8] Undefined index: REQUEST_URI /Library/Webserver/News/ThinkPHP/Library/Think/Dispatcher.class.php 第 137 行.
NOTIC: [8] Use of undefined constant _PHP_FILE_ - assumed '_PHP_FILE_' /Library/Webserver/News/ThinkPHP/Library/Think/Dispatcher.class.php 第 191 行.
INFO: [ app_begin ] --START--
INFO: Run Behavior\ReadHtmlCacheBehavior [ RunTime:0.000469s ]
INFO: [ app_begin ] --END-- [ RunTime:0.000521s ]
INFO: [ app_end ] --START--
INFO: Run Behavior\ShowPageTraceBehavior [ RunTime:0.000721s ]
INFO: [ app_end ] --END-- [ RunTime:0.000821s ]

[ 2017-11-15T20:59:00+08:00 ]  
INFO: [ app_init ] --START--
INFO: Run Behavior\BuildLiteBehavior [ RunTime:0.000024s ]
INFO: [ app_init ] --END-- [ RunTime:0.000381s ]
NOTIC: [8] Undefined index: REQUEST_METHOD /Library/Webserver/News/ThinkPHP/Library/Think/App.class.php 第 31 行.
NOTIC: [8] Undefined index: REQUEST_URI /Library/Webserver/News/ThinkPHP/Library/Think/Dispatcher.class.php 第 137 行.
NOTIC: [8] Use of undefined constant _PHP_FILE_ - assumed '_PHP_FILE_' /Library/Webserver/News/ThinkPHP/Library/Think/Dispatcher.class.php 第 191 行.
INFO: [ app_begin ] --START--
INFO: Run Behavior\ReadHtmlCacheBehavior [ RunTime:0.000479s ]
INFO: [ app_begin ] --END-- [ RunTime:0.000533s ]
SQL: SHOW COLUMNS FROM `cms_position_content` [ RunTime:0.0008s ]
SQL: SELECT * FROM `cms_position_content` WHERE `status` = 1 AND `position_id` = 2  [ RunTime:0.0006s ]
SQL: SHOW COLUMNS FROM `cms_menu` [ RunTime:0.0014s ]
SQL: SELECT * FROM `cms_menu` WHERE `status` = 1 AND `type` = 0  [ RunTime:0.0004s ]
SQL: SHOW COLUMNS FROM `cms_news` [ RunTime:0.0007s ]
SQL: SELECT * FROM `cms_news` WHERE `status` = 1  [ RunTime:0.0005s ]
SQL: SELECT * FROM `cms_position_content` WHERE `position_id` = 5  [ RunTime:0.0003s ]
SQL: SELECT * FROM `cms_position_content` WHERE `position_id` = 3  [ RunTime:0.0015s ]
INFO: [ view_parse ] --START--
INFO: [ template_filter ] --START--
NOTIC: [8] Use of undefined constant __ROOT__ - assumed '__ROOT__' /Library/Webserver/News/ThinkPHP/Library/Behavior/ContentReplaceBehavior.class.php 第 31 行.
NOTIC: [8] Use of undefined constant __ROOT__ - assumed '__ROOT__' /Library/Webserver/News/ThinkPHP/Library/Behavior/ContentReplaceBehavior.class.php 第 38 行.
INFO: Run Behavior\ContentReplaceBehavior [ RunTime:0.000115s ]
INFO: [ template_filter ] --END-- [ RunTime:0.000208s ]
NOTIC: [8] Undefined variable: config /Library/Webserver/News/Application/Runtime/Cache/Home/3e8784a0154fd17ac0cde7f509f6d75d.php 第 6 行.
NOTIC: [8] Undefined variable: config /Library/Webserver/News/Application/Runtime/Cache/Home/3e8784a0154fd17ac0cde7f509f6d75d.php 第 7 行.
NOTIC: [8] Undefined variable: config /Library/Webserver/News/Application/Runtime/Cache/Home/3e8784a0154fd17ac0cde7f509f6d75d.php 第 8 行.
NOTIC: [8] Undefined index: catId /Library/Webserver/News/Application/Runtime/Cache/Home/3e8784a0154fd17ac0cde7f509f6d75d.php 第 22 行.
NOTIC: [8] Undefined index: catId /Library/Webserver/News/Application/Runtime/Cache/Home/3e8784a0154fd17ac0cde7f509f6d75d.php 第 23 行.
NOTIC: [8] Undefined index: catId /Library/Webserver/News/Application/Runtime/Cache/Home/3e8784a0154fd17ac0cde7f509f6d75d.php 第 23 行.
NOTIC: [8] Undefined index: catId /Library/Webserver/News/Application/Runtime/Cache/Home/3e8784a0154fd17ac0cde7f509f6d75d.php 第 23 行.
NOTIC: [8] Undefined index: topPicNews /Library/Webserver/News/Application/Runtime/Cache/Home/3e8784a0154fd17ac0cde7f509f6d75d.php 第 34 行.
NOTIC: [8] Undefined index: topPicNews /Library/Webserver/News/Application/Runtime/Cache/Home/3e8784a0154fd17ac0cde7f509f6d75d.php 第 34 行.
NOTIC: [8] Undefined index: topPicNews /Library/Webserver/News/Application/Runtime/Cache/Home/3e8784a0154fd17ac0cde7f509f6d75d.php 第 34 行.
NOTIC: [8] Undefined index: topPicNews /Library/Webserver/News/Application/Runtime/Cache/Home/3e8784a0154fd17ac0cde7f509f6d75d.php 第 35 行.
NOTIC: [8] Undefined index: description /Library/Webserver/News/Application/Runtime/Cache/Home/3e8784a0154fd17ac0cde7f509f6d75d.php 第 53 行.
NOTIC: [8] Undefined index: keywords /Library/Webserver/News/Application/Runtime/Cache/Home/3e8784a0154fd17ac0cde7f509f6d75d.php 第 56 行.
NOTIC: [8] Undefined index: count /Library/Webserver/News/Application/Runtime/Cache/Home/3e8784a0154fd17ac0cde7f509f6d75d.php 第 56 行.
NOTIC: [8] Undefined index: description /Library/Webserver/News/Application/Runtime/Cache/Home/3e8784a0154fd17ac0cde7f509f6d75d.php 第 53 行.
NOTIC: [8] Undefined index: keywords /Library/Webserver/News/Application/Runtime/Cache/Home/3e8784a0154fd17ac0cde7f509f6d75d.php 第 56 行.
NOTIC: [8] Undefined index: count /Library/Webserver/News/Application/Runtime/Cache/Home/3e8784a0154fd17ac0cde7f509f6d75d.php 第 56 行.
NOTIC: [8] Undefined index: description /Library/Webserver/News/Application/Runtime/Cache/Home/3e8784a0154fd17ac0cde7f509f6d75d.php 第 53 行.
NOTIC: [8] Undefined index: keywords /Library/Webserver/News/Application/Runtime/Cache/Home/3e8784a0154fd17ac0cde7f509f6d75d.php 第 56 行.
NOTIC: [8] Undefined index: count /Library/Webserver/News/Application/Runtime/Cache/Home/3e8784a0154fd17ac0cde7f509f6d75d.php 第 56 行.
NOTIC: [8] Undefined index: description /Library/Webserver/News/Application/Runtime/Cache/Home/3e8784a0154fd17ac0cde7f509f6d75d.php 第 53 行.
NOTIC: [8] Undefined index: keywords /Library/Webserver/News/Application/Runtime/Cache/Home/3e8784a0154fd17ac0cde7f509f6d75d.php 第 56 行.
NOTIC: [8] Undefined index: count /Library/Webserver/News/Application/Runtime/Cache/Home/3e8784a0154fd17ac0cde7f509f6d75d.php 第 56 行.
NOTIC: [8] Undefined index: name /Library/Webserver/News/Application/Runtime/Cache/Home/3e8784a0154fd17ac0cde7f509f6d75d.php 第 80 行.
NOTIC: [8] Undefined index: name /Library/Webserver/News/Application/Runtime/Cache/Home/3e8784a0154fd17ac0cde7f509f6d75d.php 第 80 行.
INFO: Run Behavior\ParseTemplateBehavior [ RunTime:0.018120s ]
INFO: [ view_parse ] --END-- [ RunTime:0.018178s ]
INFO: [ view_filter ] --START--
INFO: Run Behavior\WriteHtmlCacheBehavior [ RunTime:0.000303s ]
INFO: [ view_filter ] --END-- [ RunTime:0.000348s ]
INFO: [ app_end ] --START--
INFO: Run Behavior\ShowPageTraceBehavior [ RunTime:0.000535s ]
INFO: [ app_end ] --END-- [ RunTime:0.000598s ]

[ 2017-11-15T21:00:01+08:00 ]  
INFO: [ app_init ] --START--
INFO: Run Behavior\BuildLiteBehavior [ RunTime:0.000017s ]
INFO: [ app_init ] --END-- [ RunTime:0.000282s ]
NOTIC: [8] Undefined index: REQUEST_METHOD /Library/Webserver/News/ThinkPHP/Library/Think/App.class.php 第 31 行.
NOTIC: [8] Undefined index: REQUEST_URI /Library/Webserver/News/ThinkPHP/Library/Think/Dispatcher.class.php 第 137 行.
NOTIC: [8] Use of undefined constant _PHP_FILE_ - assumed '_PHP_FILE_' /Library/Webserver/News/ThinkPHP/Library/Think/Dispatcher.class.php 第 191 行.
INFO: [ app_begin ] --START--
INFO: Run Behavior\ReadHtmlCacheBehavior [ RunTime:0.000335s ]
INFO: [ app_begin ] --END-- [ RunTime:0.000371s ]
SQL: SHOW COLUMNS FROM `cms_position_content` [ RunTime:0.0006s ]
SQL: SELECT * FROM `cms_position_content` WHERE `status` = 1 AND `position_id` = 2  [ RunTime:0.0004s ]
SQL: SHOW COLUMNS FROM `cms_menu` [ RunTime:0.0006s ]
SQL: SELECT * FROM `cms_menu` WHERE `status` = 1 AND `type` = 0  [ RunTime:0.0003s ]
SQL: SHOW COLUMNS FROM `cms_news` [ RunTime:0.0007s ]
SQL: SELECT * FROM `cms_news` WHERE `status` = 1  [ RunTime:0.0004s ]
SQL: SELECT * FROM `cms_position_content` WHERE `position_id` = 5  [ RunTime:0.0003s ]
SQL: SELECT * FROM `cms_position_content` WHERE `position_id` = 3  [ RunTime:0.0003s ]
INFO: [ view_parse ] --START--
INFO: [ template_filter ] --START--
NOTIC: [8] Use of undefined constant __ROOT__ - assumed '__ROOT__' /Library/Webserver/News/ThinkPHP/Library/Behavior/ContentReplaceBehavior.class.php 第 31 行.
NOTIC: [8] Use of undefined constant __ROOT__ - assumed '__ROOT__' /Library/Webserver/News/ThinkPHP/Library/Behavior/ContentReplaceBehavior.class.php 第 38 行.
INFO: Run Behavior\ContentReplaceBehavior [ RunTime:0.000101s ]
INFO: [ template_filter ] --END-- [ RunTime:0.000171s ]
NOTIC: [8] Undefined variable: config /Library/Webserver/News/Application/Runtime/Cache/Home/3e8784a0154fd17ac0cde7f509f6d75d.php 第 6 行.
NOTIC: [8] Undefined variable: config /Library/Webserver/News/Application/Runtime/Cache/Home/3e8784a0154fd17ac0cde7f509f6d75d.php 第 7 行.
NOTIC: [8] Undefined variable: config /Library/Webserver/News/Application/Runtime/Cache/Home/3e8784a0154fd17ac0cde7f509f6d75d.php 第 8 行.
NOTIC: [8] Undefined index: catId /Library/Webserver/News/Application/Runtime/Cache/Home/3e8784a0154fd17ac0cde7f509f6d75d.php 第 22 行.
NOTIC: [8] Undefined index: catId /Library/Webserver/News/Application/Runtime/Cache/Home/3e8784a0154fd17ac0cde7f509f6d75d.php 第 23 行.
NOTIC: [8] Undefined index: catId /Library/Webserver/News/Application/Runtime/Cache/Home/3e8784a0154fd17ac0cde7f509f6d75d.php 第 23 行.
NOTIC: [8] Undefined index: catId /Library/Webserver/News/Application/Runtime/Cache/Home/3e8784a0154fd17ac0cde7f509f6d75d.php 第 23 行.
NOTIC: [8] Undefined index: topPicNews /Library/Webserver/News/Application/Runtime/Cache/Home/3e8784a0154fd17ac0cde7f509f6d75d.php 第 34 行.
NOTIC: [8] Undefined index: topPicNews /Library/Webserver/News/Application/Runtime/Cache/Home/3e8784a0154fd17ac0cde7f509f6d75d.php 第 34 行.
NOTIC: [8] Undefined index: topPicNews /Library/Webserver/News/Application/Runtime/Cache/Home/3e8784a0154fd17ac0cde7f509f6d75d.php 第 34 行.
NOTIC: [8] Undefined index: topPicNews /Library/Webserver/News/Application/Runtime/Cache/Home/3e8784a0154fd17ac0cde7f509f6d75d.php 第 35 行.
NOTIC: [8] Undefined index: description /Library/Webserver/News/Application/Runtime/Cache/Home/3e8784a0154fd17ac0cde7f509f6d75d.php 第 53 行.
NOTIC: [8] Undefined index: keywords /Library/Webserver/News/Application/Runtime/Cache/Home/3e8784a0154fd17ac0cde7f509f6d75d.php 第 56 行.
NOTIC: [8] Undefined index: count /Library/Webserver/News/Application/Runtime/Cache/Home/3e8784a0154fd17ac0cde7f509f6d75d.php 第 56 行.
NOTIC: [8] Undefined index: description /Library/Webserver/News/Application/Runtime/Cache/Home/3e8784a0154fd17ac0cde7f509f6d75d.php 第 53 行.
NOTIC: [8] Undefined index: keywords /Library/Webserver/News/Application/Runtime/Cache/Home/3e8784a0154fd17ac0cde7f509f6d75d.php 第 56 行.
NOTIC: [8] Undefined index: count /Library/Webserver/News/Application/Runtime/Cache/Home/3e8784a0154fd17ac0cde7f509f6d75d.php 第 56 行.
NOTIC: [8] Undefined index: description /Library/Webserver/News/Application/Runtime/Cache/Home/3e8784a0154fd17ac0cde7f509f6d75d.php 第 53 行.
NOTIC: [8] Undefined index: keywords /Library/Webserver/News/Application/Runtime/Cache/Home/3e8784a0154fd17ac0cde7f509f6d75d.php 第 56 行.
NOTIC: [8] Undefined index: count /Library/Webserver/News/Application/Runtime/Cache/Home/3e8784a0154fd17ac0cde7f509f6d75d.php 第 56 行.
NOTIC: [8] Undefined index: description /Library/Webserver/News/Application/Runtime/Cache/Home/3e8784a0154fd17ac0cde7f509f6d75d.php 第 53 行.
NOTIC: [8] Undefined index: keywords /Library/Webserver/News/Application/Runtime/Cache/Home/3e8784a0154fd17ac0cde7f509f6d75d.php 第 56 行.
NOTIC: [8] Undefined index: count /Library/Webserver/News/Application/Runtime/Cache/Home/3e8784a0154fd17ac0cde7f509f6d75d.php 第 56 行.
NOTIC: [8] Undefined index: name /Library/Webserver/News/Application/Runtime/Cache/Home/3e8784a0154fd17ac0cde7f509f6d75d.php 第 80 行.
NOTIC: [8] Undefined index: name /Library/Webserver/News/Application/Runtime/Cache/Home/3e8784a0154fd17ac0cde7f509f6d75d.php 第 80 行.
INFO: Run Behavior\ParseTemplateBehavior [ RunTime:0.011011s ]
INFO: [ view_parse ] --END-- [ RunTime:0.011081s ]
INFO: [ view_filter ] --START--
INFO: Run Behavior\WriteHtmlCacheBehavior [ RunTime:0.000190s ]
INFO: [ view_filter ] --END-- [ RunTime:0.000232s ]
INFO: [ app_end ] --START--
INFO: Run Behavior\ShowPageTraceBehavior [ RunTime:0.000512s ]
INFO: [ app_end ] --END-- [ RunTime:0.000568s ]

[ 2017-11-15T21:00:01+08:00 ]  
INFO: [ app_init ] --START--
INFO: Run Behavior\BuildLiteBehavior [ RunTime:0.000026s ]
INFO: [ app_init ] --END-- [ RunTime:0.000425s ]
NOTIC: [8] Undefined index: REQUEST_METHOD /Library/Webserver/News/ThinkPHP/Library/Think/App.class.php 第 31 行.
NOTIC: [8] Undefined index: REQUEST_URI /Library/Webserver/News/ThinkPHP/Library/Think/Dispatcher.class.php 第 137 行.
NOTIC: [8] Use of undefined constant _PHP_FILE_ - assumed '_PHP_FILE_' /Library/Webserver/News/ThinkPHP/Library/Think/Dispatcher.class.php 第 191 行.
INFO: [ app_begin ] --START--
INFO: Run Behavior\ReadHtmlCacheBehavior [ RunTime:0.000474s ]
INFO: [ app_begin ] --END-- [ RunTime:0.000528s ]
INFO: [ app_end ] --START--
INFO: Run Behavior\ShowPageTraceBehavior [ RunTime:0.000912s ]
INFO: [ app_end ] --END-- [ RunTime:0.001057s ]

