[ 2017-10-30T17:19:15+08:00 ] 127.0.0.1 /admin.php?c=positioncontent&a=add
INFO: [ app_init ] --START--
INFO: Run Behavior\BuildLiteBehavior [ RunTime:0.000009s ]
INFO: [ app_init ] --END-- [ RunTime:0.000226s ]
INFO: [ app_begin ] --START--
INFO: Run Behavior\ReadHtmlCacheBehavior [ RunTime:0.000277s ]
INFO: [ app_begin ] --END-- [ RunTime:0.000311s ]
INFO: [ view_parse ] --START--
INFO: [ template_filter ] --START--
INFO: Run Behavior\ContentReplaceBehavior [ RunTime:0.000041s ]
INFO: [ template_filter ] --END-- [ RunTime:0.000091s ]
SQL: SHOW COLUMNS FROM `cms_menu` [ RunTime:0.0008s ]
SQL: SELECT * FROM `cms_menu` WHERE `status` <> -1 AND `type` = 1  [ RunTime:0.0006s ]
NOTIC: [8] Undefined index: a /Library/WebServer/News/Application/Common/Common/function.php 第 41 行.
NOTIC: [8] Undefined index: a /Library/WebServer/News/Application/Common/Common/function.php 第 41 行.
NOTIC: [8] Undefined index: a /Library/WebServer/News/Application/Common/Common/function.php 第 41 行.
NOTIC: [8] Undefined index: a /Library/WebServer/News/Application/Common/Common/function.php 第 41 行.
NOTIC: [8] Undefined index: a /Library/WebServer/News/Application/Common/Common/function.php 第 41 行.
NOTIC: [8] Undefined index: a /Library/WebServer/News/Application/Common/Common/function.php 第 41 行.
NOTIC: [8] Undefined index: a /Library/WebServer/News/Application/Common/Common/function.php 第 41 行.
NOTIC: [8] Undefined index: a /Library/WebServer/News/Application/Common/Common/function.php 第 41 行.
NOTIC: [8] Undefined variable: positions /Library/WebServer/News/Application/Runtime/Cache/admin/cae6941f5f1ba4edd3fe5576f096a7f5.php 第 119 行.
INFO: Run Behavior\ParseTemplateBehavior [ RunTime:0.017315s ]
INFO: [ view_parse ] --END-- [ RunTime:0.017352s ]
INFO: [ view_filter ] --START--
INFO: Run Behavior\WriteHtmlCacheBehavior [ RunTime:0.000153s ]
INFO: [ view_filter ] --END-- [ RunTime:0.000183s ]
INFO: [ app_end ] --START--
INFO: Run Behavior\ShowPageTraceBehavior [ RunTime:0.000337s ]
INFO: [ app_end ] --END-- [ RunTime:0.000363s ]

[ 2017-10-30T17:41:47+08:00 ] 127.0.0.1 /admin.php?c=positioncontent&a=add
INFO: [ app_init ] --START--
INFO: Run Behavior\BuildLiteBehavior [ RunTime:0.000017s ]
INFO: [ app_init ] --END-- [ RunTime:0.000298s ]
INFO: [ app_begin ] --START--
INFO: Run Behavior\ReadHtmlCacheBehavior [ RunTime:0.000329s ]
INFO: [ app_begin ] --END-- [ RunTime:0.000365s ]
INFO: [ view_parse ] --START--
INFO: [ template_filter ] --START--
INFO: Run Behavior\ContentReplaceBehavior [ RunTime:0.000065s ]
INFO: [ template_filter ] --END-- [ RunTime:0.000113s ]
SQL: SHOW COLUMNS FROM `cms_menu` [ RunTime:0.0006s ]
SQL: SELECT * FROM `cms_menu` WHERE `status` <> -1 AND `type` = 1  [ RunTime:0.0003s ]
NOTIC: [8] Undefined index: a /Library/WebServer/News/Application/Common/Common/function.php 第 41 行.
NOTIC: [8] Undefined index: a /Library/WebServer/News/Application/Common/Common/function.php 第 41 行.
NOTIC: [8] Undefined index: a /Library/WebServer/News/Application/Common/Common/function.php 第 41 行.
NOTIC: [8] Undefined index: a /Library/WebServer/News/Application/Common/Common/function.php 第 41 行.
NOTIC: [8] Undefined index: a /Library/WebServer/News/Application/Common/Common/function.php 第 41 行.
NOTIC: [8] Undefined index: a /Library/WebServer/News/Application/Common/Common/function.php 第 41 行.
NOTIC: [8] Undefined index: a /Library/WebServer/News/Application/Common/Common/function.php 第 41 行.
NOTIC: [8] Undefined index: a /Library/WebServer/News/Application/Common/Common/function.php 第 41 行.
NOTIC: [8] Undefined variable: positions /Library/WebServer/News/Application/Runtime/Cache/admin/cae6941f5f1ba4edd3fe5576f096a7f5.php 第 119 行.
INFO: Run Behavior\ParseTemplateBehavior [ RunTime:0.014455s ]
INFO: [ view_parse ] --END-- [ RunTime:0.014496s ]
INFO: [ view_filter ] --START--
INFO: Run Behavior\WriteHtmlCacheBehavior [ RunTime:0.000149s ]
INFO: [ view_filter ] --END-- [ RunTime:0.000173s ]
INFO: [ app_end ] --START--
INFO: Run Behavior\ShowPageTraceBehavior [ RunTime:0.000394s ]
INFO: [ app_end ] --END-- [ RunTime:0.000422s ]

[ 2017-10-30T17:51:59+08:00 ] 127.0.0.1 /admin.php?c=positioncontent&a=add
INFO: [ app_init ] --START--
INFO: Run Behavior\BuildLiteBehavior [ RunTime:0.000018s ]
INFO: [ app_init ] --END-- [ RunTime:0.000352s ]
INFO: [ app_begin ] --START--
INFO: Run Behavior\ReadHtmlCacheBehavior [ RunTime:0.000413s ]
INFO: [ app_begin ] --END-- [ RunTime:0.000466s ]
INFO: [ view_parse ] --START--
INFO: [ template_filter ] --START--
INFO: Run Behavior\ContentReplaceBehavior [ RunTime:0.000074s ]
INFO: [ template_filter ] --END-- [ RunTime:0.000120s ]
SQL: SHOW COLUMNS FROM `cms_menu` [ RunTime:0.0006s ]
SQL: SELECT * FROM `cms_menu` WHERE `status` <> -1 AND `type` = 1  [ RunTime:0.0003s ]
NOTIC: [8] Undefined index: a /Library/WebServer/News/Application/Common/Common/function.php 第 41 行.
NOTIC: [8] Undefined index: a /Library/WebServer/News/Application/Common/Common/function.php 第 41 行.
NOTIC: [8] Undefined index: a /Library/WebServer/News/Application/Common/Common/function.php 第 41 行.
NOTIC: [8] Undefined index: a /Library/WebServer/News/Application/Common/Common/function.php 第 41 行.
NOTIC: [8] Undefined index: a /Library/WebServer/News/Application/Common/Common/function.php 第 41 行.
NOTIC: [8] Undefined index: a /Library/WebServer/News/Application/Common/Common/function.php 第 41 行.
NOTIC: [8] Undefined index: a /Library/WebServer/News/Application/Common/Common/function.php 第 41 行.
NOTIC: [8] Undefined index: a /Library/WebServer/News/Application/Common/Common/function.php 第 41 行.
NOTIC: [8] Undefined variable: positions /Library/WebServer/News/Application/Runtime/Cache/admin/cae6941f5f1ba4edd3fe5576f096a7f5.php 第 119 行.
INFO: Run Behavior\ParseTemplateBehavior [ RunTime:0.018321s ]
INFO: [ view_parse ] --END-- [ RunTime:0.018361s ]
INFO: [ view_filter ] --START--
INFO: Run Behavior\WriteHtmlCacheBehavior [ RunTime:0.000167s ]
INFO: [ view_filter ] --END-- [ RunTime:0.000193s ]
INFO: [ app_end ] --START--
INFO: Run Behavior\ShowPageTraceBehavior [ RunTime:0.000417s ]
INFO: [ app_end ] --END-- [ RunTime:0.000449s ]

[ 2017-10-30T17:51:59+08:00 ] 127.0.0.1 /admin.php?c=positioncontent&a=add
INFO: [ app_init ] --START--
INFO: Run Behavior\BuildLiteBehavior [ RunTime:0.000010s ]
INFO: [ app_init ] --END-- [ RunTime:0.000238s ]
INFO: [ app_begin ] --START--
INFO: Run Behavior\ReadHtmlCacheBehavior [ RunTime:0.000289s ]
INFO: [ app_begin ] --END-- [ RunTime:0.000325s ]
INFO: [ view_parse ] --START--
INFO: [ template_filter ] --START--
INFO: Run Behavior\ContentReplaceBehavior [ RunTime:0.000049s ]
INFO: [ template_filter ] --END-- [ RunTime:0.000112s ]
SQL: SHOW COLUMNS FROM `cms_menu` [ RunTime:0.0010s ]
SQL: SELECT * FROM `cms_menu` WHERE `status` <> -1 AND `type` = 1  [ RunTime:0.0005s ]
NOTIC: [8] Undefined index: a /Library/WebServer/News/Application/Common/Common/function.php 第 41 行.
NOTIC: [8] Undefined index: a /Library/WebServer/News/Application/Common/Common/function.php 第 41 行.
NOTIC: [8] Undefined index: a /Library/WebServer/News/Application/Common/Common/function.php 第 41 行.
NOTIC: [8] Undefined index: a /Library/WebServer/News/Application/Common/Common/function.php 第 41 行.
NOTIC: [8] Undefined index: a /Library/WebServer/News/Application/Common/Common/function.php 第 41 行.
NOTIC: [8] Undefined index: a /Library/WebServer/News/Application/Common/Common/function.php 第 41 行.
NOTIC: [8] Undefined index: a /Library/WebServer/News/Application/Common/Common/function.php 第 41 行.
NOTIC: [8] Undefined index: a /Library/WebServer/News/Application/Common/Common/function.php 第 41 行.
NOTIC: [8] Undefined variable: positions /Library/WebServer/News/Application/Runtime/Cache/admin/cae6941f5f1ba4edd3fe5576f096a7f5.php 第 119 行.
INFO: Run Behavior\ParseTemplateBehavior [ RunTime:0.022453s ]
INFO: [ view_parse ] --END-- [ RunTime:0.022499s ]
INFO: [ view_filter ] --START--
INFO: Run Behavior\WriteHtmlCacheBehavior [ RunTime:0.000205s ]
INFO: [ view_filter ] --END-- [ RunTime:0.000246s ]
INFO: [ app_end ] --START--
INFO: Run Behavior\ShowPageTraceBehavior [ RunTime:0.000534s ]
INFO: [ app_end ] --END-- [ RunTime:0.000569s ]

[ 2017-10-30T17:52:00+08:00 ] 127.0.0.1 /admin.php?c=positioncontent&a=add
INFO: [ app_init ] --START--
INFO: Run Behavior\BuildLiteBehavior [ RunTime:0.000011s ]
INFO: [ app_init ] --END-- [ RunTime:0.000281s ]
INFO: [ app_begin ] --START--
INFO: Run Behavior\ReadHtmlCacheBehavior [ RunTime:0.000973s ]
INFO: [ app_begin ] --END-- [ RunTime:0.001020s ]
INFO: [ view_parse ] --START--
INFO: [ template_filter ] --START--
INFO: Run Behavior\ContentReplaceBehavior [ RunTime:0.000036s ]
INFO: [ template_filter ] --END-- [ RunTime:0.000080s ]
SQL: SHOW COLUMNS FROM `cms_menu` [ RunTime:0.0006s ]
SQL: SELECT * FROM `cms_menu` WHERE `status` <> -1 AND `type` = 1  [ RunTime:0.0003s ]
NOTIC: [8] Undefined index: a /Library/WebServer/News/Application/Common/Common/function.php 第 41 行.
NOTIC: [8] Undefined index: a /Library/WebServer/News/Application/Common/Common/function.php 第 41 行.
NOTIC: [8] Undefined index: a /Library/WebServer/News/Application/Common/Common/function.php 第 41 行.
NOTIC: [8] Undefined index: a /Library/WebServer/News/Application/Common/Common/function.php 第 41 行.
NOTIC: [8] Undefined index: a /Library/WebServer/News/Application/Common/Common/function.php 第 41 行.
NOTIC: [8] Undefined index: a /Library/WebServer/News/Application/Common/Common/function.php 第 41 行.
NOTIC: [8] Undefined index: a /Library/WebServer/News/Application/Common/Common/function.php 第 41 行.
NOTIC: [8] Undefined index: a /Library/WebServer/News/Application/Common/Common/function.php 第 41 行.
NOTIC: [8] Undefined variable: positions /Library/WebServer/News/Application/Runtime/Cache/admin/cae6941f5f1ba4edd3fe5576f096a7f5.php 第 119 行.
INFO: Run Behavior\ParseTemplateBehavior [ RunTime:0.017939s ]
INFO: [ view_parse ] --END-- [ RunTime:0.017974s ]
INFO: [ view_filter ] --START--
INFO: Run Behavior\WriteHtmlCacheBehavior [ RunTime:0.000144s ]
INFO: [ view_filter ] --END-- [ RunTime:0.000167s ]
INFO: [ app_end ] --START--
INFO: Run Behavior\ShowPageTraceBehavior [ RunTime:0.000339s ]
INFO: [ app_end ] --END-- [ RunTime:0.000370s ]

[ 2017-10-30T17:54:59+08:00 ] 127.0.0.1 /admin.php?c=positioncontent&a=add
INFO: [ app_init ] --START--
INFO: Run Behavior\BuildLiteBehavior [ RunTime:0.000018s ]
INFO: [ app_init ] --END-- [ RunTime:0.000321s ]
INFO: [ app_begin ] --START--
INFO: Run Behavior\ReadHtmlCacheBehavior [ RunTime:0.000402s ]
INFO: [ app_begin ] --END-- [ RunTime:0.000460s ]
INFO: [ view_parse ] --START--
INFO: [ template_filter ] --START--
INFO: Run Behavior\ContentReplaceBehavior [ RunTime:0.000061s ]
INFO: [ template_filter ] --END-- [ RunTime:0.000106s ]
SQL: SHOW COLUMNS FROM `cms_menu` [ RunTime:0.0006s ]
SQL: SELECT * FROM `cms_menu` WHERE `status` <> -1 AND `type` = 1  [ RunTime:0.0008s ]
NOTIC: [8] Undefined index: a /Library/WebServer/News/Application/Common/Common/function.php 第 41 行.
NOTIC: [8] Undefined index: a /Library/WebServer/News/Application/Common/Common/function.php 第 41 行.
NOTIC: [8] Undefined index: a /Library/WebServer/News/Application/Common/Common/function.php 第 41 行.
NOTIC: [8] Undefined index: a /Library/WebServer/News/Application/Common/Common/function.php 第 41 行.
NOTIC: [8] Undefined index: a /Library/WebServer/News/Application/Common/Common/function.php 第 41 行.
NOTIC: [8] Undefined index: a /Library/WebServer/News/Application/Common/Common/function.php 第 41 行.
NOTIC: [8] Undefined index: a /Library/WebServer/News/Application/Common/Common/function.php 第 41 行.
NOTIC: [8] Undefined index: a /Library/WebServer/News/Application/Common/Common/function.php 第 41 行.
NOTIC: [8] Undefined variable: positions /Library/WebServer/News/Application/Runtime/Cache/admin/cae6941f5f1ba4edd3fe5576f096a7f5.php 第 119 行.
INFO: Run Behavior\ParseTemplateBehavior [ RunTime:0.019785s ]
INFO: [ view_parse ] --END-- [ RunTime:0.019829s ]
INFO: [ view_filter ] --START--
INFO: Run Behavior\WriteHtmlCacheBehavior [ RunTime:0.000195s ]
INFO: [ view_filter ] --END-- [ RunTime:0.000220s ]
INFO: [ app_end ] --START--
INFO: Run Behavior\ShowPageTraceBehavior [ RunTime:0.000471s ]
INFO: [ app_end ] --END-- [ RunTime:0.000498s ]

[ 2017-10-30T17:55:00+08:00 ] 127.0.0.1 /admin.php?c=positioncontent&a=add
INFO: [ app_init ] --START--
INFO: Run Behavior\BuildLiteBehavior [ RunTime:0.000013s ]
INFO: [ app_init ] --END-- [ RunTime:0.000721s ]
INFO: [ app_begin ] --START--
INFO: Run Behavior\ReadHtmlCacheBehavior [ RunTime:0.000423s ]
INFO: [ app_begin ] --END-- [ RunTime:0.000457s ]
INFO: [ view_parse ] --START--
INFO: [ template_filter ] --START--
INFO: Run Behavior\ContentReplaceBehavior [ RunTime:0.000034s ]
INFO: [ template_filter ] --END-- [ RunTime:0.000074s ]
SQL: SHOW COLUMNS FROM `cms_menu` [ RunTime:0.0006s ]
SQL: SELECT * FROM `cms_menu` WHERE `status` <> -1 AND `type` = 1  [ RunTime:0.0003s ]
NOTIC: [8] Undefined index: a /Library/WebServer/News/Application/Common/Common/function.php 第 41 行.
NOTIC: [8] Undefined index: a /Library/WebServer/News/Application/Common/Common/function.php 第 41 行.
NOTIC: [8] Undefined index: a /Library/WebServer/News/Application/Common/Common/function.php 第 41 行.
NOTIC: [8] Undefined index: a /Library/WebServer/News/Application/Common/Common/function.php 第 41 行.
NOTIC: [8] Undefined index: a /Library/WebServer/News/Application/Common/Common/function.php 第 41 行.
NOTIC: [8] Undefined index: a /Library/WebServer/News/Application/Common/Common/function.php 第 41 行.
NOTIC: [8] Undefined index: a /Library/WebServer/News/Application/Common/Common/function.php 第 41 行.
NOTIC: [8] Undefined index: a /Library/WebServer/News/Application/Common/Common/function.php 第 41 行.
NOTIC: [8] Undefined variable: positions /Library/WebServer/News/Application/Runtime/Cache/admin/cae6941f5f1ba4edd3fe5576f096a7f5.php 第 119 行.
INFO: Run Behavior\ParseTemplateBehavior [ RunTime:0.016707s ]
INFO: [ view_parse ] --END-- [ RunTime:0.016738s ]
INFO: [ view_filter ] --START--
INFO: Run Behavior\WriteHtmlCacheBehavior [ RunTime:0.000173s ]
INFO: [ view_filter ] --END-- [ RunTime:0.000198s ]
INFO: [ app_end ] --START--
INFO: Run Behavior\ShowPageTraceBehavior [ RunTime:0.000358s ]
INFO: [ app_end ] --END-- [ RunTime:0.000393s ]

[ 2017-10-30T17:55:01+08:00 ] 127.0.0.1 /admin.php?c=positioncontent&a=add
INFO: [ app_init ] --START--
INFO: Run Behavior\BuildLiteBehavior [ RunTime:0.000015s ]
INFO: [ app_init ] --END-- [ RunTime:0.000294s ]
INFO: [ app_begin ] --START--
INFO: Run Behavior\ReadHtmlCacheBehavior [ RunTime:0.000460s ]
INFO: [ app_begin ] --END-- [ RunTime:0.000521s ]
INFO: [ view_parse ] --START--
INFO: [ template_filter ] --START--
INFO: Run Behavior\ContentReplaceBehavior [ RunTime:0.000034s ]
INFO: [ template_filter ] --END-- [ RunTime:0.000074s ]
SQL: SHOW COLUMNS FROM `cms_menu` [ RunTime:0.0006s ]
SQL: SELECT * FROM `cms_menu` WHERE `status` <> -1 AND `type` = 1  [ RunTime:0.0003s ]
NOTIC: [8] Undefined index: a /Library/WebServer/News/Application/Common/Common/function.php 第 41 行.
NOTIC: [8] Undefined index: a /Library/WebServer/News/Application/Common/Common/function.php 第 41 行.
NOTIC: [8] Undefined index: a /Library/WebServer/News/Application/Common/Common/function.php 第 41 行.
NOTIC: [8] Undefined index: a /Library/WebServer/News/Application/Common/Common/function.php 第 41 行.
NOTIC: [8] Undefined index: a /Library/WebServer/News/Application/Common/Common/function.php 第 41 行.
NOTIC: [8] Undefined index: a /Library/WebServer/News/Application/Common/Common/function.php 第 41 行.
NOTIC: [8] Undefined index: a /Library/WebServer/News/Application/Common/Common/function.php 第 41 行.
NOTIC: [8] Undefined index: a /Library/WebServer/News/Application/Common/Common/function.php 第 41 行.
NOTIC: [8] Undefined variable: positions /Library/WebServer/News/Application/Runtime/Cache/admin/cae6941f5f1ba4edd3fe5576f096a7f5.php 第 119 行.
INFO: Run Behavior\ParseTemplateBehavior [ RunTime:0.016181s ]
INFO: [ view_parse ] --END-- [ RunTime:0.016217s ]
INFO: [ view_filter ] --START--
INFO: Run Behavior\WriteHtmlCacheBehavior [ RunTime:0.000152s ]
INFO: [ view_filter ] --END-- [ RunTime:0.000180s ]
INFO: [ app_end ] --START--
INFO: Run Behavior\ShowPageTraceBehavior [ RunTime:0.000311s ]
INFO: [ app_end ] --END-- [ RunTime:0.000354s ]

[ 2017-10-30T17:55:01+08:00 ] 127.0.0.1 /admin.php?c=positioncontent&a=add
INFO: [ app_init ] --START--
INFO: Run Behavior\BuildLiteBehavior [ RunTime:0.000012s ]
INFO: [ app_init ] --END-- [ RunTime:0.000321s ]
INFO: [ app_begin ] --START--
INFO: Run Behavior\ReadHtmlCacheBehavior [ RunTime:0.000421s ]
INFO: [ app_begin ] --END-- [ RunTime:0.000457s ]
INFO: [ view_parse ] --START--
INFO: [ template_filter ] --START--
INFO: Run Behavior\ContentReplaceBehavior [ RunTime:0.000033s ]
INFO: [ template_filter ] --END-- [ RunTime:0.000072s ]
SQL: SHOW COLUMNS FROM `cms_menu` [ RunTime:0.0006s ]
SQL: SELECT * FROM `cms_menu` WHERE `status` <> -1 AND `type` = 1  [ RunTime:0.0003s ]
NOTIC: [8] Undefined index: a /Library/WebServer/News/Application/Common/Common/function.php 第 41 行.
NOTIC: [8] Undefined index: a /Library/WebServer/News/Application/Common/Common/function.php 第 41 行.
NOTIC: [8] Undefined index: a /Library/WebServer/News/Application/Common/Common/function.php 第 41 行.
NOTIC: [8] Undefined index: a /Library/WebServer/News/Application/Common/Common/function.php 第 41 行.
NOTIC: [8] Undefined index: a /Library/WebServer/News/Application/Common/Common/function.php 第 41 行.
NOTIC: [8] Undefined index: a /Library/WebServer/News/Application/Common/Common/function.php 第 41 行.
NOTIC: [8] Undefined index: a /Library/WebServer/News/Application/Common/Common/function.php 第 41 行.
NOTIC: [8] Undefined index: a /Library/WebServer/News/Application/Common/Common/function.php 第 41 行.
NOTIC: [8] Undefined variable: positions /Library/WebServer/News/Application/Runtime/Cache/admin/cae6941f5f1ba4edd3fe5576f096a7f5.php 第 119 行.
INFO: Run Behavior\ParseTemplateBehavior [ RunTime:0.015944s ]
INFO: [ view_parse ] --END-- [ RunTime:0.015984s ]
INFO: [ view_filter ] --START--
INFO: Run Behavior\WriteHtmlCacheBehavior [ RunTime:0.000155s ]
INFO: [ view_filter ] --END-- [ RunTime:0.000186s ]
INFO: [ app_end ] --START--
INFO: Run Behavior\ShowPageTraceBehavior [ RunTime:0.000418s ]
INFO: [ app_end ] --END-- [ RunTime:0.000448s ]

[ 2017-10-30T17:55:34+08:00 ] 127.0.0.1 /admin.php?c=positioncontent&a=add
INFO: [ app_init ] --START--
INFO: Run Behavior\BuildLiteBehavior [ RunTime:0.000008s ]
INFO: [ app_init ] --END-- [ RunTime:0.000211s ]
INFO: [ app_begin ] --START--
INFO: Run Behavior\ReadHtmlCacheBehavior [ RunTime:0.000263s ]
INFO: [ app_begin ] --END-- [ RunTime:0.000294s ]
INFO: [ view_parse ] --START--
INFO: [ template_filter ] --START--
INFO: Run Behavior\ContentReplaceBehavior [ RunTime:0.000034s ]
INFO: [ template_filter ] --END-- [ RunTime:0.000073s ]
SQL: SHOW COLUMNS FROM `cms_menu` [ RunTime:0.0005s ]
SQL: SELECT * FROM `cms_menu` WHERE `status` <> -1 AND `type` = 1  [ RunTime:0.0003s ]
NOTIC: [8] Undefined index: a /Library/WebServer/News/Application/Common/Common/function.php 第 41 行.
NOTIC: [8] Undefined index: a /Library/WebServer/News/Application/Common/Common/function.php 第 41 行.
NOTIC: [8] Undefined index: a /Library/WebServer/News/Application/Common/Common/function.php 第 41 行.
NOTIC: [8] Undefined index: a /Library/WebServer/News/Application/Common/Common/function.php 第 41 行.
NOTIC: [8] Undefined index: a /Library/WebServer/News/Application/Common/Common/function.php 第 41 行.
NOTIC: [8] Undefined index: a /Library/WebServer/News/Application/Common/Common/function.php 第 41 行.
NOTIC: [8] Undefined index: a /Library/WebServer/News/Application/Common/Common/function.php 第 41 行.
NOTIC: [8] Undefined index: a /Library/WebServer/News/Application/Common/Common/function.php 第 41 行.
NOTIC: [8] Undefined variable: positions /Library/WebServer/News/Application/Runtime/Cache/admin/cae6941f5f1ba4edd3fe5576f096a7f5.php 第 119 行.
INFO: Run Behavior\ParseTemplateBehavior [ RunTime:0.012666s ]
INFO: [ view_parse ] --END-- [ RunTime:0.012693s ]
INFO: [ view_filter ] --START--
INFO: Run Behavior\WriteHtmlCacheBehavior [ RunTime:0.000141s ]
INFO: [ view_filter ] --END-- [ RunTime:0.000165s ]
INFO: [ app_end ] --START--
INFO: Run Behavior\ShowPageTraceBehavior [ RunTime:0.000305s ]
INFO: [ app_end ] --END-- [ RunTime:0.000330s ]

