[ 2017-10-30T08:46:49+08:00 ] 127.0.0.1 /admin.php?c=menu&a=
INFO: [ app_init ] --START--
INFO: Run Behavior\BuildLiteBehavior [ RunTime:0.000028s ]
INFO: [ app_init ] --END-- [ RunTime:0.006797s ]
INFO: [ app_begin ] --START--
INFO: Run Behavior\ReadHtmlCacheBehavior [ RunTime:0.003540s ]
INFO: [ app_begin ] --END-- [ RunTime:0.003626s ]
SQL: SHOW COLUMNS FROM `cms_menu` [ RunTime:0.0234s ]
SQL: SELECT * FROM `cms_menu` WHERE `status` <> -1  [ RunTime:0.0142s ]
SQL: SHOW COLUMNS FROM `cms_menu` [ RunTime:0.0036s ]
SQL: SELECT COUNT(*) AS tp_count FROM `cms_menu` WHERE ( status=1 ) LIMIT 1   [ RunTime:0.0135s ]
SQL: SELECT * FROM `cms_menu` WHERE ( status=1 ) ORDER BY menu_id LIMIT 0,3   [ RunTime:0.0008s ]
INFO: [ view_parse ] --START--
INFO: [ template_filter ] --START--
INFO: Run Behavior\ContentReplaceBehavior [ RunTime:0.000163s ]
INFO: [ template_filter ] --END-- [ RunTime:0.000207s ]
SQL: SELECT * FROM `cms_menu` WHERE `status` <> -1 AND `type` = 1  [ RunTime:0.0006s ]
NOTIC: [8] Undefined index: a /Library/WebServer/News/Application/Common/Common/function.php 第 41 行.
NOTIC: [8] Undefined index: a /Library/WebServer/News/Application/Common/Common/function.php 第 41 行.
NOTIC: [8] Undefined index: a /Library/WebServer/News/Application/Common/Common/function.php 第 41 行.
NOTIC: [8] Undefined index: a /Library/WebServer/News/Application/Common/Common/function.php 第 41 行.
NOTIC: [8] Undefined index: a /Library/WebServer/News/Application/Common/Common/function.php 第 41 行.
NOTIC: [8] Undefined index: a /Library/WebServer/News/Application/Common/Common/function.php 第 41 行.
NOTIC: [8] Undefined index: a /Library/WebServer/News/Application/Common/Common/function.php 第 41 行.
NOTIC: [8] Undefined index: a /Library/WebServer/News/Application/Common/Common/function.php 第 41 行.
NOTIC: [8] Undefined variable: nav /Library/WebServer/News/Application/Runtime/Cache/admin/cd84a7df4805834127cd8f9ab7b5847f.php 第 100 行.
NOTIC: [8] Undefined variable: type /Library/WebServer/News/Application/Runtime/Cache/admin/cd84a7df4805834127cd8f9ab7b5847f.php 第 114 行.
NOTIC: [8] Undefined variable: type /Library/WebServer/News/Application/Runtime/Cache/admin/cd84a7df4805834127cd8f9ab7b5847f.php 第 115 行.
INFO: Run Behavior\ParseTemplateBehavior [ RunTime:0.038560s ]
INFO: [ view_parse ] --END-- [ RunTime:0.038613s ]
INFO: [ view_filter ] --START--
INFO: Run Behavior\WriteHtmlCacheBehavior [ RunTime:0.001416s ]
INFO: [ view_filter ] --END-- [ RunTime:0.001464s ]
INFO: [ app_end ] --START--
INFO: Run Behavior\ShowPageTraceBehavior [ RunTime:0.001793s ]
INFO: [ app_end ] --END-- [ RunTime:0.001872s ]

[ 2017-10-30T09:07:08+08:00 ] 127.0.0.1 /admin.php?c=positioncontent&a=
INFO: [ app_init ] --START--
INFO: Run Behavior\BuildLiteBehavior [ RunTime:0.000042s ]
INFO: [ app_init ] --END-- [ RunTime:0.000680s ]
INFO: [ app_begin ] --START--
INFO: Run Behavior\ReadHtmlCacheBehavior [ RunTime:0.000803s ]
INFO: [ app_begin ] --END-- [ RunTime:0.000885s ]
SQL: SHOW COLUMNS FROM `cms_position_content` [ RunTime:0.0027s ]
SQL: SELECT * FROM `cms_position_content`  [ RunTime:0.0017s ]
INFO: [ view_parse ] --START--
INFO: [ template_filter ] --START--
INFO: Run Behavior\ContentReplaceBehavior [ RunTime:0.000059s ]
INFO: [ template_filter ] --END-- [ RunTime:0.000095s ]
SQL: SHOW COLUMNS FROM `cms_menu` [ RunTime:0.0010s ]
SQL: SELECT * FROM `cms_menu` WHERE `status` <> -1 AND `type` = 1  [ RunTime:0.0006s ]
NOTIC: [8] Undefined index: a /Library/WebServer/News/Application/Common/Common/function.php 第 41 行.
NOTIC: [8] Undefined index: a /Library/WebServer/News/Application/Common/Common/function.php 第 41 行.
NOTIC: [8] Undefined index: a /Library/WebServer/News/Application/Common/Common/function.php 第 41 行.
NOTIC: [8] Undefined index: a /Library/WebServer/News/Application/Common/Common/function.php 第 41 行.
NOTIC: [8] Undefined index: a /Library/WebServer/News/Application/Common/Common/function.php 第 41 行.
NOTIC: [8] Undefined index: a /Library/WebServer/News/Application/Common/Common/function.php 第 41 行.
NOTIC: [8] Undefined index: a /Library/WebServer/News/Application/Common/Common/function.php 第 41 行.
NOTIC: [8] Undefined index: a /Library/WebServer/News/Application/Common/Common/function.php 第 41 行.
NOTIC: [8] Undefined variable: positions /Library/WebServer/News/Application/Runtime/Cache/admin/33155dd6a44b4cbab0df6c4c6505ef0c.php 第 114 行.
NOTIC: [8] Undefined variable: title /Library/WebServer/News/Application/Runtime/Cache/admin/33155dd6a44b4cbab0df6c4c6505ef0c.php 第 124 行.
NOTIC: [2] Illegal string offset 'thumb' /Library/WebServer/News/Application/Common/Common/function.php 第 67 行.
NOTIC: [2] Illegal string offset 'thumb' /Library/WebServer/News/Application/Common/Common/function.php 第 67 行.
NOTIC: [2] Illegal string offset 'thumb' /Library/WebServer/News/Application/Common/Common/function.php 第 67 行.
NOTIC: [2] Illegal string offset 'thumb' /Library/WebServer/News/Application/Common/Common/function.php 第 67 行.
NOTIC: [2] Illegal string offset 'thumb' /Library/WebServer/News/Application/Common/Common/function.php 第 67 行.
NOTIC: [2] Illegal string offset 'thumb' /Library/WebServer/News/Application/Common/Common/function.php 第 67 行.
NOTIC: [2] Illegal string offset 'thumb' /Library/WebServer/News/Application/Common/Common/function.php 第 67 行.
NOTIC: [2] Illegal string offset 'thumb' /Library/WebServer/News/Application/Common/Common/function.php 第 67 行.
NOTIC: [2] Illegal string offset 'thumb' /Library/WebServer/News/Application/Common/Common/function.php 第 67 行.
NOTIC: [2] Illegal string offset 'thumb' /Library/WebServer/News/Application/Common/Common/function.php 第 67 行.
NOTIC: [2] Illegal string offset 'thumb' /Library/WebServer/News/Application/Common/Common/function.php 第 67 行.
NOTIC: [2] Illegal string offset 'thumb' /Library/WebServer/News/Application/Common/Common/function.php 第 67 行.
NOTIC: [2] Illegal string offset 'thumb' /Library/WebServer/News/Application/Common/Common/function.php 第 67 行.
INFO: Run Behavior\ParseTemplateBehavior [ RunTime:0.028340s ]
INFO: [ view_parse ] --END-- [ RunTime:0.028400s ]
INFO: [ view_filter ] --START--
INFO: Run Behavior\WriteHtmlCacheBehavior [ RunTime:0.000270s ]
INFO: [ view_filter ] --END-- [ RunTime:0.000318s ]
INFO: [ app_end ] --START--
INFO: Run Behavior\ShowPageTraceBehavior [ RunTime:0.001439s ]
INFO: [ app_end ] --END-- [ RunTime:0.001555s ]

[ 2017-10-30T09:07:09+08:00 ] 127.0.0.1 /admin.php?c=positioncontent&a=add
INFO: [ app_init ] --START--
INFO: Run Behavior\BuildLiteBehavior [ RunTime:0.000009s ]
INFO: [ app_init ] --END-- [ RunTime:0.000210s ]
INFO: [ app_begin ] --START--
INFO: Run Behavior\ReadHtmlCacheBehavior [ RunTime:0.000249s ]
INFO: [ app_begin ] --END-- [ RunTime:0.000276s ]
INFO: [ view_parse ] --START--
INFO: [ template_filter ] --START--
INFO: Run Behavior\ContentReplaceBehavior [ RunTime:0.000033s ]
INFO: [ template_filter ] --END-- [ RunTime:0.000073s ]
SQL: SHOW COLUMNS FROM `cms_menu` [ RunTime:0.0007s ]
SQL: SELECT * FROM `cms_menu` WHERE `status` <> -1 AND `type` = 1  [ RunTime:0.0004s ]
NOTIC: [8] Undefined index: a /Library/WebServer/News/Application/Common/Common/function.php 第 41 行.
NOTIC: [8] Undefined index: a /Library/WebServer/News/Application/Common/Common/function.php 第 41 行.
NOTIC: [8] Undefined index: a /Library/WebServer/News/Application/Common/Common/function.php 第 41 行.
NOTIC: [8] Undefined index: a /Library/WebServer/News/Application/Common/Common/function.php 第 41 行.
NOTIC: [8] Undefined index: a /Library/WebServer/News/Application/Common/Common/function.php 第 41 行.
NOTIC: [8] Undefined index: a /Library/WebServer/News/Application/Common/Common/function.php 第 41 行.
NOTIC: [8] Undefined index: a /Library/WebServer/News/Application/Common/Common/function.php 第 41 行.
NOTIC: [8] Undefined index: a /Library/WebServer/News/Application/Common/Common/function.php 第 41 行.
NOTIC: [8] Undefined variable: positions /Library/WebServer/News/Application/Runtime/Cache/admin/cae6941f5f1ba4edd3fe5576f096a7f5.php 第 119 行.
INFO: Run Behavior\ParseTemplateBehavior [ RunTime:0.017270s ]
INFO: [ view_parse ] --END-- [ RunTime:0.017298s ]
INFO: [ view_filter ] --START--
INFO: Run Behavior\WriteHtmlCacheBehavior [ RunTime:0.000145s ]
INFO: [ view_filter ] --END-- [ RunTime:0.000168s ]
INFO: [ app_end ] --START--
INFO: Run Behavior\ShowPageTraceBehavior [ RunTime:0.000297s ]
INFO: [ app_end ] --END-- [ RunTime:0.000323s ]

[ 2017-10-30T09:07:41+08:00 ] 127.0.0.1 /admin.php?c=positioncontent&a=add
INFO: [ app_init ] --START--
INFO: Run Behavior\BuildLiteBehavior [ RunTime:0.000128s ]
INFO: [ app_init ] --END-- [ RunTime:0.001147s ]
INFO: [ app_begin ] --START--
INFO: Run Behavior\ReadHtmlCacheBehavior [ RunTime:0.000829s ]
INFO: [ app_begin ] --END-- [ RunTime:0.000931s ]
INFO: [ view_parse ] --START--
INFO: [ template_filter ] --START--
INFO: Run Behavior\ContentReplaceBehavior [ RunTime:0.000996s ]
INFO: [ template_filter ] --END-- [ RunTime:0.001087s ]
SQL: SHOW COLUMNS FROM `cms_menu` [ RunTime:0.0024s ]
SQL: SELECT * FROM `cms_menu` WHERE `status` <> -1 AND `type` = 1  [ RunTime:0.0005s ]
NOTIC: [8] Undefined index: a /Library/WebServer/News/Application/Common/Common/function.php 第 41 行.
NOTIC: [8] Undefined index: a /Library/WebServer/News/Application/Common/Common/function.php 第 41 行.
NOTIC: [8] Undefined index: a /Library/WebServer/News/Application/Common/Common/function.php 第 41 行.
NOTIC: [8] Undefined index: a /Library/WebServer/News/Application/Common/Common/function.php 第 41 行.
NOTIC: [8] Undefined index: a /Library/WebServer/News/Application/Common/Common/function.php 第 41 行.
NOTIC: [8] Undefined index: a /Library/WebServer/News/Application/Common/Common/function.php 第 41 行.
NOTIC: [8] Undefined index: a /Library/WebServer/News/Application/Common/Common/function.php 第 41 行.
NOTIC: [8] Undefined index: a /Library/WebServer/News/Application/Common/Common/function.php 第 41 行.
NOTIC: [8] Undefined variable: positions /Library/WebServer/News/Application/Runtime/Cache/admin/cae6941f5f1ba4edd3fe5576f096a7f5.php 第 119 行.
INFO: Run Behavior\ParseTemplateBehavior [ RunTime:0.027159s ]
INFO: [ view_parse ] --END-- [ RunTime:0.027222s ]
INFO: [ view_filter ] --START--
INFO: Run Behavior\WriteHtmlCacheBehavior [ RunTime:0.000173s ]
INFO: [ view_filter ] --END-- [ RunTime:0.000252s ]
INFO: [ app_end ] --START--
INFO: Run Behavior\ShowPageTraceBehavior [ RunTime:0.000684s ]
INFO: [ app_end ] --END-- [ RunTime:0.000742s ]

[ 2017-10-30T09:30:44+08:00 ] 127.0.0.1 /admin.php?c=positioncontent&a=add
INFO: [ app_init ] --START--
INFO: Run Behavior\BuildLiteBehavior [ RunTime:0.000029s ]
INFO: [ app_init ] --END-- [ RunTime:0.000449s ]
INFO: [ app_begin ] --START--
INFO: Run Behavior\ReadHtmlCacheBehavior [ RunTime:0.000534s ]
INFO: [ app_begin ] --END-- [ RunTime:0.000586s ]
INFO: [ view_parse ] --START--
INFO: [ template_filter ] --START--
INFO: Run Behavior\ContentReplaceBehavior [ RunTime:0.000061s ]
INFO: [ template_filter ] --END-- [ RunTime:0.000096s ]
SQL: SHOW COLUMNS FROM `cms_menu` [ RunTime:0.0007s ]
SQL: SELECT * FROM `cms_menu` WHERE `status` <> -1 AND `type` = 1  [ RunTime:0.0004s ]
NOTIC: [8] Undefined index: a /Library/WebServer/News/Application/Common/Common/function.php 第 41 行.
NOTIC: [8] Undefined index: a /Library/WebServer/News/Application/Common/Common/function.php 第 41 行.
NOTIC: [8] Undefined index: a /Library/WebServer/News/Application/Common/Common/function.php 第 41 行.
NOTIC: [8] Undefined index: a /Library/WebServer/News/Application/Common/Common/function.php 第 41 行.
NOTIC: [8] Undefined index: a /Library/WebServer/News/Application/Common/Common/function.php 第 41 行.
NOTIC: [8] Undefined index: a /Library/WebServer/News/Application/Common/Common/function.php 第 41 行.
NOTIC: [8] Undefined index: a /Library/WebServer/News/Application/Common/Common/function.php 第 41 行.
NOTIC: [8] Undefined index: a /Library/WebServer/News/Application/Common/Common/function.php 第 41 行.
NOTIC: [8] Undefined variable: positions /Library/WebServer/News/Application/Runtime/Cache/admin/cae6941f5f1ba4edd3fe5576f096a7f5.php 第 119 行.
INFO: Run Behavior\ParseTemplateBehavior [ RunTime:0.020151s ]
INFO: [ view_parse ] --END-- [ RunTime:0.020317s ]
INFO: [ view_filter ] --START--
INFO: Run Behavior\WriteHtmlCacheBehavior [ RunTime:0.000145s ]
INFO: [ view_filter ] --END-- [ RunTime:0.000168s ]
INFO: [ app_end ] --START--
INFO: Run Behavior\ShowPageTraceBehavior [ RunTime:0.000394s ]
INFO: [ app_end ] --END-- [ RunTime:0.000422s ]

[ 2017-10-30T09:45:04+08:00 ] 127.0.0.1 /admin.php?c=positioncontent&a=add
INFO: [ app_init ] --START--
INFO: Run Behavior\BuildLiteBehavior [ RunTime:0.000008s ]
INFO: [ app_init ] --END-- [ RunTime:0.000196s ]
INFO: [ app_begin ] --START--
INFO: Run Behavior\ReadHtmlCacheBehavior [ RunTime:0.000245s ]
INFO: [ app_begin ] --END-- [ RunTime:0.000274s ]
INFO: [ view_parse ] --START--
INFO: [ template_filter ] --START--
INFO: Run Behavior\ContentReplaceBehavior [ RunTime:0.000043s ]
INFO: [ template_filter ] --END-- [ RunTime:0.000094s ]
SQL: SHOW COLUMNS FROM `cms_menu` [ RunTime:0.0007s ]
SQL: SELECT * FROM `cms_menu` WHERE `status` <> -1 AND `type` = 1  [ RunTime:0.0004s ]
NOTIC: [8] Undefined index: a /Library/WebServer/News/Application/Common/Common/function.php 第 41 行.
NOTIC: [8] Undefined index: a /Library/WebServer/News/Application/Common/Common/function.php 第 41 行.
NOTIC: [8] Undefined index: a /Library/WebServer/News/Application/Common/Common/function.php 第 41 行.
NOTIC: [8] Undefined index: a /Library/WebServer/News/Application/Common/Common/function.php 第 41 行.
NOTIC: [8] Undefined index: a /Library/WebServer/News/Application/Common/Common/function.php 第 41 行.
NOTIC: [8] Undefined index: a /Library/WebServer/News/Application/Common/Common/function.php 第 41 行.
NOTIC: [8] Undefined index: a /Library/WebServer/News/Application/Common/Common/function.php 第 41 行.
NOTIC: [8] Undefined index: a /Library/WebServer/News/Application/Common/Common/function.php 第 41 行.
NOTIC: [8] Undefined variable: positions /Library/WebServer/News/Application/Runtime/Cache/admin/cae6941f5f1ba4edd3fe5576f096a7f5.php 第 119 行.
INFO: Run Behavior\ParseTemplateBehavior [ RunTime:0.015763s ]
INFO: [ view_parse ] --END-- [ RunTime:0.015789s ]
INFO: [ view_filter ] --START--
INFO: Run Behavior\WriteHtmlCacheBehavior [ RunTime:0.000142s ]
INFO: [ view_filter ] --END-- [ RunTime:0.000164s ]
INFO: [ app_end ] --START--
INFO: Run Behavior\ShowPageTraceBehavior [ RunTime:0.000294s ]
INFO: [ app_end ] --END-- [ RunTime:0.000320s ]

[ 2017-10-30T09:51:45+08:00 ] 127.0.0.1 /admin.php?c=positioncontent&a=add
INFO: [ app_init ] --START--
INFO: Run Behavior\BuildLiteBehavior [ RunTime:0.000028s ]
INFO: [ app_init ] --END-- [ RunTime:0.000459s ]
INFO: [ app_begin ] --START--
INFO: Run Behavior\ReadHtmlCacheBehavior [ RunTime:0.000395s ]
INFO: [ app_begin ] --END-- [ RunTime:0.000437s ]
INFO: [ view_parse ] --START--
INFO: [ template_filter ] --START--
INFO: Run Behavior\ContentReplaceBehavior [ RunTime:0.000062s ]
INFO: [ template_filter ] --END-- [ RunTime:0.000098s ]
SQL: SHOW COLUMNS FROM `cms_menu` [ RunTime:0.0007s ]
SQL: SELECT * FROM `cms_menu` WHERE `status` <> -1 AND `type` = 1  [ RunTime:0.0004s ]
NOTIC: [8] Undefined index: a /Library/WebServer/News/Application/Common/Common/function.php 第 41 行.
NOTIC: [8] Undefined index: a /Library/WebServer/News/Application/Common/Common/function.php 第 41 行.
NOTIC: [8] Undefined index: a /Library/WebServer/News/Application/Common/Common/function.php 第 41 行.
NOTIC: [8] Undefined index: a /Library/WebServer/News/Application/Common/Common/function.php 第 41 行.
NOTIC: [8] Undefined index: a /Library/WebServer/News/Application/Common/Common/function.php 第 41 行.
NOTIC: [8] Undefined index: a /Library/WebServer/News/Application/Common/Common/function.php 第 41 行.
NOTIC: [8] Undefined index: a /Library/WebServer/News/Application/Common/Common/function.php 第 41 行.
NOTIC: [8] Undefined index: a /Library/WebServer/News/Application/Common/Common/function.php 第 41 行.
NOTIC: [8] Undefined variable: positions /Library/WebServer/News/Application/Runtime/Cache/admin/cae6941f5f1ba4edd3fe5576f096a7f5.php 第 119 行.
INFO: Run Behavior\ParseTemplateBehavior [ RunTime:0.017724s ]
INFO: [ view_parse ] --END-- [ RunTime:0.017774s ]
INFO: [ view_filter ] --START--
INFO: Run Behavior\WriteHtmlCacheBehavior [ RunTime:0.000147s ]
INFO: [ view_filter ] --END-- [ RunTime:0.000170s ]
INFO: [ app_end ] --START--
INFO: Run Behavior\ShowPageTraceBehavior [ RunTime:0.000753s ]
INFO: [ app_end ] --END-- [ RunTime:0.000832s ]

[ 2017-10-30T09:55:51+08:00 ] 127.0.0.1 /admin.php?c=positioncontent&a=add
INFO: [ app_init ] --START--
INFO: Run Behavior\BuildLiteBehavior [ RunTime:0.000023s ]
INFO: [ app_init ] --END-- [ RunTime:0.000414s ]
INFO: [ app_begin ] --START--
INFO: Run Behavior\ReadHtmlCacheBehavior [ RunTime:0.000467s ]
INFO: [ app_begin ] --END-- [ RunTime:0.000510s ]
INFO: [ view_parse ] --START--
INFO: [ template_filter ] --START--
INFO: Run Behavior\ContentReplaceBehavior [ RunTime:0.000084s ]
INFO: [ template_filter ] --END-- [ RunTime:0.000171s ]
SQL: SHOW COLUMNS FROM `cms_menu` [ RunTime:0.0009s ]
SQL: SELECT * FROM `cms_menu` WHERE `status` <> -1 AND `type` = 1  [ RunTime:0.0006s ]
NOTIC: [8] Undefined index: a /Library/WebServer/News/Application/Common/Common/function.php 第 41 行.
NOTIC: [8] Undefined index: a /Library/WebServer/News/Application/Common/Common/function.php 第 41 行.
NOTIC: [8] Undefined index: a /Library/WebServer/News/Application/Common/Common/function.php 第 41 行.
NOTIC: [8] Undefined index: a /Library/WebServer/News/Application/Common/Common/function.php 第 41 行.
NOTIC: [8] Undefined index: a /Library/WebServer/News/Application/Common/Common/function.php 第 41 行.
NOTIC: [8] Undefined index: a /Library/WebServer/News/Application/Common/Common/function.php 第 41 行.
NOTIC: [8] Undefined index: a /Library/WebServer/News/Application/Common/Common/function.php 第 41 行.
NOTIC: [8] Undefined index: a /Library/WebServer/News/Application/Common/Common/function.php 第 41 行.
NOTIC: [8] Undefined variable: positions /Library/WebServer/News/Application/Runtime/Cache/admin/cae6941f5f1ba4edd3fe5576f096a7f5.php 第 119 行.
INFO: Run Behavior\ParseTemplateBehavior [ RunTime:0.025179s ]
INFO: [ view_parse ] --END-- [ RunTime:0.025250s ]
INFO: [ view_filter ] --START--
INFO: Run Behavior\WriteHtmlCacheBehavior [ RunTime:0.000223s ]
INFO: [ view_filter ] --END-- [ RunTime:0.000269s ]
INFO: [ app_end ] --START--
INFO: Run Behavior\ShowPageTraceBehavior [ RunTime:0.000731s ]
INFO: [ app_end ] --END-- [ RunTime:0.000785s ]

[ 2017-10-30T10:28:37+08:00 ] 127.0.0.1 /admin.php?c=positioncontent&a=add
INFO: [ app_init ] --START--
INFO: Run Behavior\BuildLiteBehavior [ RunTime:0.000008s ]
INFO: [ app_init ] --END-- [ RunTime:0.000198s ]
INFO: [ app_begin ] --START--
INFO: Run Behavior\ReadHtmlCacheBehavior [ RunTime:0.000272s ]
INFO: [ app_begin ] --END-- [ RunTime:0.000301s ]
INFO: [ view_parse ] --START--
INFO: [ template_filter ] --START--
INFO: Run Behavior\ContentReplaceBehavior [ RunTime:0.000030s ]
INFO: [ template_filter ] --END-- [ RunTime:0.000067s ]
SQL: SHOW COLUMNS FROM `cms_menu` [ RunTime:0.0006s ]
SQL: SELECT * FROM `cms_menu` WHERE `status` <> -1 AND `type` = 1  [ RunTime:0.0004s ]
NOTIC: [8] Undefined index: a /Library/WebServer/News/Application/Common/Common/function.php 第 41 行.
NOTIC: [8] Undefined index: a /Library/WebServer/News/Application/Common/Common/function.php 第 41 行.
NOTIC: [8] Undefined index: a /Library/WebServer/News/Application/Common/Common/function.php 第 41 行.
NOTIC: [8] Undefined index: a /Library/WebServer/News/Application/Common/Common/function.php 第 41 行.
NOTIC: [8] Undefined index: a /Library/WebServer/News/Application/Common/Common/function.php 第 41 行.
NOTIC: [8] Undefined index: a /Library/WebServer/News/Application/Common/Common/function.php 第 41 行.
NOTIC: [8] Undefined index: a /Library/WebServer/News/Application/Common/Common/function.php 第 41 行.
NOTIC: [8] Undefined index: a /Library/WebServer/News/Application/Common/Common/function.php 第 41 行.
NOTIC: [8] Undefined variable: positions /Library/WebServer/News/Application/Runtime/Cache/admin/cae6941f5f1ba4edd3fe5576f096a7f5.php 第 119 行.
INFO: Run Behavior\ParseTemplateBehavior [ RunTime:0.012423s ]
INFO: [ view_parse ] --END-- [ RunTime:0.012452s ]
INFO: [ view_filter ] --START--
INFO: Run Behavior\WriteHtmlCacheBehavior [ RunTime:0.000146s ]
INFO: [ view_filter ] --END-- [ RunTime:0.000170s ]
INFO: [ app_end ] --START--
INFO: Run Behavior\ShowPageTraceBehavior [ RunTime:0.000298s ]
INFO: [ app_end ] --END-- [ RunTime:0.000325s ]

[ 2017-10-30T10:41:06+08:00 ] 127.0.0.1 /admin.php?c=positioncontent&a=add
INFO: [ app_init ] --START--
INFO: Run Behavior\BuildLiteBehavior [ RunTime:0.000009s ]
INFO: [ app_init ] --END-- [ RunTime:0.000211s ]
INFO: [ app_begin ] --START--
INFO: Run Behavior\ReadHtmlCacheBehavior [ RunTime:0.000293s ]
INFO: [ app_begin ] --END-- [ RunTime:0.000322s ]
INFO: [ view_parse ] --START--
INFO: [ template_filter ] --START--
INFO: Run Behavior\ContentReplaceBehavior [ RunTime:0.000029s ]
INFO: [ template_filter ] --END-- [ RunTime:0.000061s ]
SQL: SHOW COLUMNS FROM `cms_menu` [ RunTime:0.0007s ]
SQL: SELECT * FROM `cms_menu` WHERE `status` <> -1 AND `type` = 1  [ RunTime:0.0004s ]
NOTIC: [8] Undefined index: a /Library/WebServer/News/Application/Common/Common/function.php 第 41 行.
NOTIC: [8] Undefined index: a /Library/WebServer/News/Application/Common/Common/function.php 第 41 行.
NOTIC: [8] Undefined index: a /Library/WebServer/News/Application/Common/Common/function.php 第 41 行.
NOTIC: [8] Undefined index: a /Library/WebServer/News/Application/Common/Common/function.php 第 41 行.
NOTIC: [8] Undefined index: a /Library/WebServer/News/Application/Common/Common/function.php 第 41 行.
NOTIC: [8] Undefined index: a /Library/WebServer/News/Application/Common/Common/function.php 第 41 行.
NOTIC: [8] Undefined index: a /Library/WebServer/News/Application/Common/Common/function.php 第 41 行.
NOTIC: [8] Undefined index: a /Library/WebServer/News/Application/Common/Common/function.php 第 41 行.
NOTIC: [8] Undefined variable: positions /Library/WebServer/News/Application/Runtime/Cache/admin/cae6941f5f1ba4edd3fe5576f096a7f5.php 第 119 行.
INFO: Run Behavior\ParseTemplateBehavior [ RunTime:0.013567s ]
INFO: [ view_parse ] --END-- [ RunTime:0.013594s ]
INFO: [ view_filter ] --START--
INFO: Run Behavior\WriteHtmlCacheBehavior [ RunTime:0.000169s ]
INFO: [ view_filter ] --END-- [ RunTime:0.000194s ]
INFO: [ app_end ] --START--
INFO: Run Behavior\ShowPageTraceBehavior [ RunTime:0.000353s ]
INFO: [ app_end ] --END-- [ RunTime:0.000389s ]

[ 2017-10-30T10:43:44+08:00 ] 127.0.0.1 /admin.php?c=positioncontent&a=add
INFO: [ app_init ] --START--
INFO: Run Behavior\BuildLiteBehavior [ RunTime:0.000036s ]
INFO: [ app_init ] --END-- [ RunTime:0.000388s ]
INFO: [ app_begin ] --START--
INFO: Run Behavior\ReadHtmlCacheBehavior [ RunTime:0.000633s ]
INFO: [ app_begin ] --END-- [ RunTime:0.000703s ]
INFO: [ view_parse ] --START--
INFO: [ template_filter ] --START--
INFO: Run Behavior\ContentReplaceBehavior [ RunTime:0.000038s ]
INFO: [ template_filter ] --END-- [ RunTime:0.000087s ]
SQL: SHOW COLUMNS FROM `cms_menu` [ RunTime:0.0006s ]
SQL: SELECT * FROM `cms_menu` WHERE `status` <> -1 AND `type` = 1  [ RunTime:0.0004s ]
NOTIC: [8] Undefined index: a /Library/WebServer/News/Application/Common/Common/function.php 第 41 行.
NOTIC: [8] Undefined index: a /Library/WebServer/News/Application/Common/Common/function.php 第 41 行.
NOTIC: [8] Undefined index: a /Library/WebServer/News/Application/Common/Common/function.php 第 41 行.
NOTIC: [8] Undefined index: a /Library/WebServer/News/Application/Common/Common/function.php 第 41 行.
NOTIC: [8] Undefined index: a /Library/WebServer/News/Application/Common/Common/function.php 第 41 行.
NOTIC: [8] Undefined index: a /Library/WebServer/News/Application/Common/Common/function.php 第 41 行.
NOTIC: [8] Undefined index: a /Library/WebServer/News/Application/Common/Common/function.php 第 41 行.
NOTIC: [8] Undefined index: a /Library/WebServer/News/Application/Common/Common/function.php 第 41 行.
NOTIC: [8] Undefined variable: positions /Library/WebServer/News/Application/Runtime/Cache/admin/cae6941f5f1ba4edd3fe5576f096a7f5.php 第 119 行.
INFO: Run Behavior\ParseTemplateBehavior [ RunTime:0.018061s ]
INFO: [ view_parse ] --END-- [ RunTime:0.018102s ]
INFO: [ view_filter ] --START--
INFO: Run Behavior\WriteHtmlCacheBehavior [ RunTime:0.000143s ]
INFO: [ view_filter ] --END-- [ RunTime:0.000167s ]
INFO: [ app_end ] --START--
INFO: Run Behavior\ShowPageTraceBehavior [ RunTime:0.000305s ]
INFO: [ app_end ] --END-- [ RunTime:0.000332s ]

[ 2017-10-30T10:46:40+08:00 ] 127.0.0.1 /admin.php?c=positioncontent&a=add
INFO: [ app_init ] --START--
INFO: Run Behavior\BuildLiteBehavior [ RunTime:0.000008s ]
INFO: [ app_init ] --END-- [ RunTime:0.000202s ]
INFO: [ app_begin ] --START--
INFO: Run Behavior\ReadHtmlCacheBehavior [ RunTime:0.000245s ]
INFO: [ app_begin ] --END-- [ RunTime:0.000274s ]
INFO: [ view_parse ] --START--
INFO: [ template_filter ] --START--
INFO: Run Behavior\ContentReplaceBehavior [ RunTime:0.000039s ]
INFO: [ template_filter ] --END-- [ RunTime:0.000087s ]
SQL: SHOW COLUMNS FROM `cms_menu` [ RunTime:0.0007s ]
SQL: SELECT * FROM `cms_menu` WHERE `status` <> -1 AND `type` = 1  [ RunTime:0.0004s ]
NOTIC: [8] Undefined index: a /Library/WebServer/News/Application/Common/Common/function.php 第 41 行.
NOTIC: [8] Undefined index: a /Library/WebServer/News/Application/Common/Common/function.php 第 41 行.
NOTIC: [8] Undefined index: a /Library/WebServer/News/Application/Common/Common/function.php 第 41 行.
NOTIC: [8] Undefined index: a /Library/WebServer/News/Application/Common/Common/function.php 第 41 行.
NOTIC: [8] Undefined index: a /Library/WebServer/News/Application/Common/Common/function.php 第 41 行.
NOTIC: [8] Undefined index: a /Library/WebServer/News/Application/Common/Common/function.php 第 41 行.
NOTIC: [8] Undefined index: a /Library/WebServer/News/Application/Common/Common/function.php 第 41 行.
NOTIC: [8] Undefined index: a /Library/WebServer/News/Application/Common/Common/function.php 第 41 行.
NOTIC: [8] Undefined variable: positions /Library/WebServer/News/Application/Runtime/Cache/admin/cae6941f5f1ba4edd3fe5576f096a7f5.php 第 119 行.
INFO: Run Behavior\ParseTemplateBehavior [ RunTime:0.013006s ]
INFO: [ view_parse ] --END-- [ RunTime:0.013032s ]
INFO: [ view_filter ] --START--
INFO: Run Behavior\WriteHtmlCacheBehavior [ RunTime:0.000139s ]
INFO: [ view_filter ] --END-- [ RunTime:0.000161s ]
INFO: [ app_end ] --START--
INFO: Run Behavior\ShowPageTraceBehavior [ RunTime:0.000280s ]
INFO: [ app_end ] --END-- [ RunTime:0.000368s ]

